<?xml version="1.0" encoding="UTF-8"?>
<TestRun id="6ed20513-7c18-4955-bd2a-6445f5bc9a73" name="Administrator@MSSQLSERVER42 2021-06-04 20:50:58" runUser="MSSQLSERVER42\Administrator" xmlns="http://microsoft.com/schemas/VisualStudio/TeamTest/2006">
  <TestRunConfiguration name="Local Test Run" id="bfca1e92-730a-4b5e-9ae2-5bdd31b89376">
    <Description>This is a default test run configuration for a local test run.</Description>
    <Deployment runDeploymentRoot="C:\Users\Administrator\Documents\Visual Studio 2008\Projects\projectUDT_app\TestResults\Administrator_MSSQLSERVER42 2021-06-04 20_50_58">
      <DeploymentItem filename="C:\Users\Administrator\Documents\Visual Studio 2008\Projects\projectUDT_app\projectUDT_app\bin\Debug\projectUDT_app.exe" />
    </Deployment>
    <TestTypeSpecific />
  </TestRunConfiguration>
  <ResultSummary outcome="Failed">
    <Counters total="1" executed="1" error="0" failed="1" timeout="0" aborted="0" inconclusive="0" passedButRunAborted="0" notRunnable="0" notExecuted="0" disconnected="0" warning="0" passed="0" completed="0" inProgress="0" pending="0" />
  </ResultSummary>
  <Times creation="2021-06-04T20:50:58.0300000+02:00" queuing="2021-06-04T20:50:58.3260000+02:00" start="2021-06-04T20:50:58.6470000+02:00" finish="2021-06-04T20:50:59.0390000+02:00" />
  <TestDefinitions>
    <UnitTest name="TestWhereCondition" storage="c:\users\administrator\documents\visual studio 2008\projects\projectudt_app\projektudt_test\bin\debug\projektudt_test.dll" id="4f5e67d5-c329-b7a6-d69e-291f12c80255">
      <Css projectStructure="" iteration="" />
      <Owners>
        <Owner name="" />
      </Owners>
      <Execution id="85d34bec-9a2c-42c9-9691-4ea455e29170" />
      <TestMethod codeBase="C:\Users\Administrator\Documents\Visual Studio 2008\Projects\projectUDT_app\projektUDT_test\bin\Debug\projektUDT_test.dll" adapterTypeName="Microsoft.VisualStudio.TestTools.TestTypes.Unit.UnitTestAdapter, Microsoft.VisualStudio.QualityTools.Tips.UnitTest.Adapter, Version=9.0.0.0, Culture=neutral, PublicKeyToken=b03f5f7f11d50a3a" className="projektUDT_test.ConsoleAppTest, projektUDT_test" name="TestWhereCondition" />
    </UnitTest>
  </TestDefinitions>
  <TestLists>
    <TestList name="Results Not in a List" id="8c84fa94-04c1-424b-9868-57a2d4851a1d" />
    <TestList name="All Loaded Results" id="19431567-8539-422a-85d7-44ee4e166bda" />
  </TestLists>
  <TestEntries>
    <TestEntry testId="4f5e67d5-c329-b7a6-d69e-291f12c80255" executionId="85d34bec-9a2c-42c9-9691-4ea455e29170" testListId="8c84fa94-04c1-424b-9868-57a2d4851a1d" />
  </TestEntries>
  <Results>
    <UnitTestResult executionId="85d34bec-9a2c-42c9-9691-4ea455e29170" testId="4f5e67d5-c329-b7a6-d69e-291f12c80255" testName="TestWhereCondition" computerName="MSSQLSERVER42" duration="00:00:00.0079459" startTime="2021-06-04T20:50:58.7190000+02:00" endTime="2021-06-04T20:50:58.8810000+02:00" testType="13cdc9d9-ddb5-4fa4-a97d-d965ccfc6d4b" outcome="Failed" testListId="8c84fa94-04c1-424b-9868-57a2d4851a1d">
      <Output>
        <StdOut>Menu FIGUREXX
    Wyswietl dane figur.
    Prosze podac wartosc:</StdOut>
        <ErrorInfo>
          <Message>Test method projektUDT_test.ConsoleAppTest.TestWhereCondition threw exception:  System.ArgumentException: Wprowadzono niepoprawne dane!.</Message>
          <StackTrace>    w projectUDT_app.Program.WhereCondition(String figura, String thing, String delimiter) w C:\Users\Administrator\Documents\Visual Studio 2008\Projects\projectUDT_app\projectUDT_app\Program.cs:wiersz 339
   w projektUDT_test.ConsoleAppTest.TestWhereCondition() w C:\Users\Administrator\Documents\Visual Studio 2008\Projects\projectUDT_app\projektUDT_test\ConsoleAppTest.cs:wiersz 88
</StackTrace>
        </ErrorInfo>
      </Output>
    </UnitTestResult>
  </Results>
</TestRun>