<?xml version="1.0" encoding="UTF-8"?>
<TestRun id="26369be6-b41b-40e6-9b79-fd661ff0a563" name="Administrator@MSSQLSERVER42 2021-06-04 20:44:01" runUser="MSSQLSERVER42\Administrator" xmlns="http://microsoft.com/schemas/VisualStudio/TeamTest/2006">
  <TestRunConfiguration name="Local Test Run" id="bfca1e92-730a-4b5e-9ae2-5bdd31b89376">
    <Description>This is a default test run configuration for a local test run.</Description>
    <Deployment runDeploymentRoot="C:\Users\Administrator\Documents\Visual Studio 2008\Projects\projectUDT_app\TestResults\Administrator_MSSQLSERVER42 2021-06-04 20_44_01">
      <DeploymentItem filename="C:\Users\Administrator\Documents\Visual Studio 2008\Projects\projectUDT_app\projectUDT_app\bin\Debug\projectUDT_app.exe" />
    </Deployment>
    <TestTypeSpecific />
  </TestRunConfiguration>
  <ResultSummary outcome="Completed">
    <Counters total="81" executed="81" passed="81" error="0" failed="0" timeout="0" aborted="0" inconclusive="0" passedButRunAborted="0" notRunnable="0" notExecuted="0" disconnected="0" warning="0" completed="0" inProgress="0" pending="0" />
  </ResultSummary>
  <Times creation="2021-06-04T20:44:01.0120000+02:00" queuing="2021-06-04T20:44:01.3020000+02:00" start="2021-06-04T20:44:01.4700000+02:00" finish="2021-06-04T20:44:02.6030000+02:00" />
  <TestDefinitions>
    <UnitTest name="TestTrapezType" storage="c:\users\administrator\documents\visual studio 2008\projects\projectudt_app\projektudt_test\bin\debug\projektudt_test.dll" id="571854a7-36fb-863d-84dc-39e1bc8b9210">
      <Css projectStructure="" iteration="" />
      <Owners>
        <Owner name="" />
      </Owners>
      <Execution id="1eee54b4-13a1-4488-a0e7-5ea17371894d" />
      <TestMethod codeBase="C:\Users\Administrator\Documents\Visual Studio 2008\Projects\projectUDT_app\projektUDT_test\bin\Debug\projektUDT_test.dll" adapterTypeName="Microsoft.VisualStudio.TestTools.TestTypes.Unit.UnitTestAdapter, Microsoft.VisualStudio.QualityTools.Tips.UnitTest.Adapter, Version=9.0.0.0, Culture=neutral, PublicKeyToken=b03f5f7f11d50a3a" className="projektUDT_test.FiguresTest, projektUDT_test" name="TestTrapezType" />
    </UnitTest>
    <UnitTest name="TestInsertRownoleglobokFailWrongArgumentsNumber" storage="c:\users\administrator\documents\visual studio 2008\projects\projectudt_app\projektudt_test\bin\debug\projektudt_test.dll" id="0813a515-3ebd-f4bb-9bb9-62500a0149a1">
      <Css projectStructure="" iteration="" />
      <Owners>
        <Owner name="" />
      </Owners>
      <Execution id="c2dba01b-9db6-4698-b66c-43de9019507f" />
      <TestMethod codeBase="C:\Users\Administrator\Documents\Visual Studio 2008\Projects\projectUDT_app\projektUDT_test\bin\Debug\projektUDT_test.dll" adapterTypeName="Microsoft.VisualStudio.TestTools.TestTypes.Unit.UnitTestAdapter, Microsoft.VisualStudio.QualityTools.Tips.UnitTest.Adapter, Version=9.0.0.0, Culture=neutral, PublicKeyToken=b03f5f7f11d50a3a" className="projektUDT_test.DBRownoleglobokTest, projektUDT_test" name="TestInsertRownoleglobokFailWrongArgumentsNumber" />
    </UnitTest>
    <UnitTest name="TestSelectKwadratInfo" storage="c:\users\administrator\documents\visual studio 2008\projects\projectudt_app\projektudt_test\bin\debug\projektudt_test.dll" id="28ce0bcc-d96c-f59b-673c-d39894547743">
      <Css projectStructure="" iteration="" />
      <Owners>
        <Owner name="" />
      </Owners>
      <Execution id="a01cd17a-be1d-42db-adea-598549af8ccb" />
      <TestMethod codeBase="C:\Users\Administrator\Documents\Visual Studio 2008\Projects\projectUDT_app\projektUDT_test\bin\Debug\projektUDT_test.dll" adapterTypeName="Microsoft.VisualStudio.TestTools.TestTypes.Unit.UnitTestAdapter, Microsoft.VisualStudio.QualityTools.Tips.UnitTest.Adapter, Version=9.0.0.0, Culture=neutral, PublicKeyToken=b03f5f7f11d50a3a" className="projektUDT_test.DBKwadratTest, projektUDT_test" name="TestSelectKwadratInfo" />
    </UnitTest>
    <UnitTest name="TestInsertPunktFailWrongData" storage="c:\users\administrator\documents\visual studio 2008\projects\projectudt_app\projektudt_test\bin\debug\projektudt_test.dll" id="ed7aea92-fb78-7480-8f5e-ffc022a352dd">
      <Css projectStructure="" iteration="" />
      <Owners>
        <Owner name="" />
      </Owners>
      <Execution id="168f6050-4229-49cf-8ea7-02c9183734d6" />
      <TestMethod codeBase="C:\Users\Administrator\Documents\Visual Studio 2008\Projects\projectUDT_app\projektUDT_test\bin\Debug\projektUDT_test.dll" adapterTypeName="Microsoft.VisualStudio.TestTools.TestTypes.Unit.UnitTestAdapter, Microsoft.VisualStudio.QualityTools.Tips.UnitTest.Adapter, Version=9.0.0.0, Culture=neutral, PublicKeyToken=b03f5f7f11d50a3a" className="projektUDT_test.DBPunktTest, projektUDT_test" name="TestInsertPunktFailWrongData" />
    </UnitTest>
    <UnitTest name="TestSelectProstaAreaCompute" storage="c:\users\administrator\documents\visual studio 2008\projects\projectudt_app\projektudt_test\bin\debug\projektudt_test.dll" id="38ccb642-e60a-164c-2de4-855f34cb4f7d">
      <Css projectStructure="" iteration="" />
      <Owners>
        <Owner name="" />
      </Owners>
      <Execution id="7464b2df-6b02-45af-94fc-c49b622bc09b" />
      <TestMethod codeBase="C:\Users\Administrator\Documents\Visual Studio 2008\Projects\projectUDT_app\projektUDT_test\bin\Debug\projektUDT_test.dll" adapterTypeName="Microsoft.VisualStudio.TestTools.TestTypes.Unit.UnitTestAdapter, Microsoft.VisualStudio.QualityTools.Tips.UnitTest.Adapter, Version=9.0.0.0, Culture=neutral, PublicKeyToken=b03f5f7f11d50a3a" className="projektUDT_test.DBProstaTest, projektUDT_test" name="TestSelectProstaAreaCompute" />
    </UnitTest>
    <UnitTest name="TestKwadratType" storage="c:\users\administrator\documents\visual studio 2008\projects\projectudt_app\projektudt_test\bin\debug\projektudt_test.dll" id="e6a54caf-9c84-2a08-7678-a59519ffb271">
      <Css projectStructure="" iteration="" />
      <Owners>
        <Owner name="" />
      </Owners>
      <Execution id="49f61b8f-38fe-4464-838e-bef0a1fa9453" />
      <TestMethod codeBase="C:\Users\Administrator\Documents\Visual Studio 2008\Projects\projectUDT_app\projektUDT_test\bin\Debug\projektUDT_test.dll" adapterTypeName="Microsoft.VisualStudio.TestTools.TestTypes.Unit.UnitTestAdapter, Microsoft.VisualStudio.QualityTools.Tips.UnitTest.Adapter, Version=9.0.0.0, Culture=neutral, PublicKeyToken=b03f5f7f11d50a3a" className="projektUDT_test.FiguresTest, projektUDT_test" name="TestKwadratType" />
    </UnitTest>
    <UnitTest name="TestDeleteProstokatEmpty" storage="c:\users\administrator\documents\visual studio 2008\projects\projectudt_app\projektudt_test\bin\debug\projektudt_test.dll" id="528a7332-e692-0518-53e3-12bc051966ba">
      <Css projectStructure="" iteration="" />
      <Owners>
        <Owner name="" />
      </Owners>
      <Execution id="a58c1786-973c-4399-8c56-0fb705ec6c1a" />
      <TestMethod codeBase="C:\Users\Administrator\Documents\Visual Studio 2008\Projects\projectUDT_app\projektUDT_test\bin\Debug\projektUDT_test.dll" adapterTypeName="Microsoft.VisualStudio.TestTools.TestTypes.Unit.UnitTestAdapter, Microsoft.VisualStudio.QualityTools.Tips.UnitTest.Adapter, Version=9.0.0.0, Culture=neutral, PublicKeyToken=b03f5f7f11d50a3a" className="projektUDT_test.DBProstokatTest, projektUDT_test" name="TestDeleteProstokatEmpty" />
    </UnitTest>
    <UnitTest name="TestInsertPunktFailWrongArgumentsNumber" storage="c:\users\administrator\documents\visual studio 2008\projects\projectudt_app\projektudt_test\bin\debug\projektudt_test.dll" id="5d05e37c-57df-a219-8b4d-4c6d5d01a8c1">
      <Css projectStructure="" iteration="" />
      <Owners>
        <Owner name="" />
      </Owners>
      <Execution id="85d44470-8a00-4f0a-9902-fa896cb0c3f3" />
      <TestMethod codeBase="C:\Users\Administrator\Documents\Visual Studio 2008\Projects\projectUDT_app\projektUDT_test\bin\Debug\projektUDT_test.dll" adapterTypeName="Microsoft.VisualStudio.TestTools.TestTypes.Unit.UnitTestAdapter, Microsoft.VisualStudio.QualityTools.Tips.UnitTest.Adapter, Version=9.0.0.0, Culture=neutral, PublicKeyToken=b03f5f7f11d50a3a" className="projektUDT_test.DBPunktTest, projektUDT_test" name="TestInsertPunktFailWrongArgumentsNumber" />
    </UnitTest>
    <UnitTest name="TestInsertKwadratFailWrongArgumentsNumber" storage="c:\users\administrator\documents\visual studio 2008\projects\projectudt_app\projektudt_test\bin\debug\projektudt_test.dll" id="c61b96ec-2b37-4537-2710-67c2ffc69fcf">
      <Css projectStructure="" iteration="" />
      <Owners>
        <Owner name="" />
      </Owners>
      <Execution id="bbef7a66-22f1-42ad-ad6b-69821a5dc2b2" />
      <TestMethod codeBase="C:\Users\Administrator\Documents\Visual Studio 2008\Projects\projectUDT_app\projektUDT_test\bin\Debug\projektUDT_test.dll" adapterTypeName="Microsoft.VisualStudio.TestTools.TestTypes.Unit.UnitTestAdapter, Microsoft.VisualStudio.QualityTools.Tips.UnitTest.Adapter, Version=9.0.0.0, Culture=neutral, PublicKeyToken=b03f5f7f11d50a3a" className="projektUDT_test.DBKwadratTest, projektUDT_test" name="TestInsertKwadratFailWrongArgumentsNumber" />
    </UnitTest>
    <UnitTest name="TestSelectPunktAreaCompute" storage="c:\users\administrator\documents\visual studio 2008\projects\projectudt_app\projektudt_test\bin\debug\projektudt_test.dll" id="9df9e8d4-89e3-8693-5393-45d41b262b3c">
      <Css projectStructure="" iteration="" />
      <Owners>
        <Owner name="" />
      </Owners>
      <Execution id="936b4d23-e193-498b-83d2-0a3cc6347ca2" />
      <TestMethod codeBase="C:\Users\Administrator\Documents\Visual Studio 2008\Projects\projectUDT_app\projektUDT_test\bin\Debug\projektUDT_test.dll" adapterTypeName="Microsoft.VisualStudio.TestTools.TestTypes.Unit.UnitTestAdapter, Microsoft.VisualStudio.QualityTools.Tips.UnitTest.Adapter, Version=9.0.0.0, Culture=neutral, PublicKeyToken=b03f5f7f11d50a3a" className="projektUDT_test.DBPunktTest, projektUDT_test" name="TestSelectPunktAreaCompute" />
    </UnitTest>
    <UnitTest name="TestSelectTrapezInfo" storage="c:\users\administrator\documents\visual studio 2008\projects\projectudt_app\projektudt_test\bin\debug\projektudt_test.dll" id="a93bf2b2-1d57-26ee-2580-ea3e179b5497">
      <Css projectStructure="" iteration="" />
      <Owners>
        <Owner name="" />
      </Owners>
      <Execution id="6a466336-bb16-4d23-b259-168cc9fcf329" />
      <TestMethod codeBase="C:\Users\Administrator\Documents\Visual Studio 2008\Projects\projectUDT_app\projektUDT_test\bin\Debug\projektUDT_test.dll" adapterTypeName="Microsoft.VisualStudio.TestTools.TestTypes.Unit.UnitTestAdapter, Microsoft.VisualStudio.QualityTools.Tips.UnitTest.Adapter, Version=9.0.0.0, Culture=neutral, PublicKeyToken=b03f5f7f11d50a3a" className="projektUDT_test.DBTrapezTest, projektUDT_test" name="TestSelectTrapezInfo" />
    </UnitTest>
    <UnitTest name="TestDeleteTrojkatSuccess" storage="c:\users\administrator\documents\visual studio 2008\projects\projectudt_app\projektudt_test\bin\debug\projektudt_test.dll" id="1969a1ec-11c6-383f-9b6e-99aab4ff6f03">
      <Css projectStructure="" iteration="" />
      <Owners>
        <Owner name="" />
      </Owners>
      <Execution id="aa7ce60f-4ef5-4d8b-9c19-da5702162a77" />
      <TestMethod codeBase="C:\Users\Administrator\Documents\Visual Studio 2008\Projects\projectUDT_app\projektUDT_test\bin\Debug\projektUDT_test.dll" adapterTypeName="Microsoft.VisualStudio.TestTools.TestTypes.Unit.UnitTestAdapter, Microsoft.VisualStudio.QualityTools.Tips.UnitTest.Adapter, Version=9.0.0.0, Culture=neutral, PublicKeyToken=b03f5f7f11d50a3a" className="projektUDT_test.DBTrojkatTest, projektUDT_test" name="TestDeleteTrojkatSuccess" />
    </UnitTest>
    <UnitTest name="TestInsertTrojkatFailValidator" storage="c:\users\administrator\documents\visual studio 2008\projects\projectudt_app\projektudt_test\bin\debug\projektudt_test.dll" id="333eb129-0b3d-9d37-de3e-de520fa29e3f">
      <Css projectStructure="" iteration="" />
      <Owners>
        <Owner name="" />
      </Owners>
      <Execution id="45299a1f-f252-4afb-b948-7b66275008f3" />
      <TestMethod codeBase="C:\Users\Administrator\Documents\Visual Studio 2008\Projects\projectUDT_app\projektUDT_test\bin\Debug\projektUDT_test.dll" adapterTypeName="Microsoft.VisualStudio.TestTools.TestTypes.Unit.UnitTestAdapter, Microsoft.VisualStudio.QualityTools.Tips.UnitTest.Adapter, Version=9.0.0.0, Culture=neutral, PublicKeyToken=b03f5f7f11d50a3a" className="projektUDT_test.DBTrojkatTest, projektUDT_test" name="TestInsertTrojkatFailValidator" />
    </UnitTest>
    <UnitTest name="TestSelectProstaLengthCompute" storage="c:\users\administrator\documents\visual studio 2008\projects\projectudt_app\projektudt_test\bin\debug\projektudt_test.dll" id="78b788d1-f3e5-f543-582f-d7779a99251b">
      <Css projectStructure="" iteration="" />
      <Owners>
        <Owner name="" />
      </Owners>
      <Execution id="9f5371c1-bf61-4ab9-8f82-54d90608a488" />
      <TestMethod codeBase="C:\Users\Administrator\Documents\Visual Studio 2008\Projects\projectUDT_app\projektUDT_test\bin\Debug\projektUDT_test.dll" adapterTypeName="Microsoft.VisualStudio.TestTools.TestTypes.Unit.UnitTestAdapter, Microsoft.VisualStudio.QualityTools.Tips.UnitTest.Adapter, Version=9.0.0.0, Culture=neutral, PublicKeyToken=b03f5f7f11d50a3a" className="projektUDT_test.DBProstaTest, projektUDT_test" name="TestSelectProstaLengthCompute" />
    </UnitTest>
    <UnitTest name="xxxxxxxxxxTestResolveFigureTypeSuccess" storage="c:\users\administrator\documents\visual studio 2008\projects\projectudt_app\projektudt_test\bin\debug\projektudt_test.dll" id="90052179-4292-26c5-0039-d7835d898863">
      <Css projectStructure="" iteration="" />
      <Owners>
        <Owner name="" />
      </Owners>
      <Execution id="66423155-a0ef-4d26-8f49-5040dc524f88" />
      <TestMethod codeBase="C:\Users\Administrator\Documents\Visual Studio 2008\Projects\projectUDT_app\projektUDT_test\bin\Debug\projektUDT_test.dll" adapterTypeName="Microsoft.VisualStudio.TestTools.TestTypes.Unit.UnitTestAdapter, Microsoft.VisualStudio.QualityTools.Tips.UnitTest.Adapter, Version=9.0.0.0, Culture=neutral, PublicKeyToken=b03f5f7f11d50a3a" className="projektUDT_test.ConsoleAppTest, projektUDT_test" name="xxxxxxxxxxTestResolveFigureTypeSuccess" />
    </UnitTest>
    <UnitTest name="TestSelectRownoleglobokInfo" storage="c:\users\administrator\documents\visual studio 2008\projects\projectudt_app\projektudt_test\bin\debug\projektudt_test.dll" id="b0744a28-648c-fdb8-8f7b-fa72f10159d2">
      <Css projectStructure="" iteration="" />
      <Owners>
        <Owner name="" />
      </Owners>
      <Execution id="2653a49a-7eb9-4b16-abd1-84d3328585fd" />
      <TestMethod codeBase="C:\Users\Administrator\Documents\Visual Studio 2008\Projects\projectUDT_app\projektUDT_test\bin\Debug\projektUDT_test.dll" adapterTypeName="Microsoft.VisualStudio.TestTools.TestTypes.Unit.UnitTestAdapter, Microsoft.VisualStudio.QualityTools.Tips.UnitTest.Adapter, Version=9.0.0.0, Culture=neutral, PublicKeyToken=b03f5f7f11d50a3a" className="projektUDT_test.DBRownoleglobokTest, projektUDT_test" name="TestSelectRownoleglobokInfo" />
    </UnitTest>
    <UnitTest name="TestDeleteRownoleglobokSuccess" storage="c:\users\administrator\documents\visual studio 2008\projects\projectudt_app\projektudt_test\bin\debug\projektudt_test.dll" id="ac1a924e-387f-08b8-d449-f3776a0f90ae">
      <Css projectStructure="" iteration="" />
      <Owners>
        <Owner name="" />
      </Owners>
      <Execution id="a2bd5483-cedf-47bf-851b-0fd59683a683" />
      <TestMethod codeBase="C:\Users\Administrator\Documents\Visual Studio 2008\Projects\projectUDT_app\projektUDT_test\bin\Debug\projektUDT_test.dll" adapterTypeName="Microsoft.VisualStudio.TestTools.TestTypes.Unit.UnitTestAdapter, Microsoft.VisualStudio.QualityTools.Tips.UnitTest.Adapter, Version=9.0.0.0, Culture=neutral, PublicKeyToken=b03f5f7f11d50a3a" className="projektUDT_test.DBRownoleglobokTest, projektUDT_test" name="TestDeleteRownoleglobokSuccess" />
    </UnitTest>
    <UnitTest name="TestProstaType" storage="c:\users\administrator\documents\visual studio 2008\projects\projectudt_app\projektudt_test\bin\debug\projektudt_test.dll" id="8fc690c1-c9c3-b073-e165-1b8fa5be9c16">
      <Css projectStructure="" iteration="" />
      <Owners>
        <Owner name="" />
      </Owners>
      <Execution id="841aecd6-3b4f-4b52-a0c5-8ccf1375e934" />
      <TestMethod codeBase="C:\Users\Administrator\Documents\Visual Studio 2008\Projects\projectUDT_app\projektUDT_test\bin\Debug\projektUDT_test.dll" adapterTypeName="Microsoft.VisualStudio.TestTools.TestTypes.Unit.UnitTestAdapter, Microsoft.VisualStudio.QualityTools.Tips.UnitTest.Adapter, Version=9.0.0.0, Culture=neutral, PublicKeyToken=b03f5f7f11d50a3a" className="projektUDT_test.FiguresTest, projektUDT_test" name="TestProstaType" />
    </UnitTest>
    <UnitTest name="TestSelectKwadratAreaCompute" storage="c:\users\administrator\documents\visual studio 2008\projects\projectudt_app\projektudt_test\bin\debug\projektudt_test.dll" id="9d064bba-9227-7b5c-52bf-525d865b4abc">
      <Css projectStructure="" iteration="" />
      <Owners>
        <Owner name="" />
      </Owners>
      <Execution id="e67cc3d4-7876-43e2-821e-952da91a50ed" />
      <TestMethod codeBase="C:\Users\Administrator\Documents\Visual Studio 2008\Projects\projectUDT_app\projektUDT_test\bin\Debug\projektUDT_test.dll" adapterTypeName="Microsoft.VisualStudio.TestTools.TestTypes.Unit.UnitTestAdapter, Microsoft.VisualStudio.QualityTools.Tips.UnitTest.Adapter, Version=9.0.0.0, Culture=neutral, PublicKeyToken=b03f5f7f11d50a3a" className="projektUDT_test.DBKwadratTest, projektUDT_test" name="TestSelectKwadratAreaCompute" />
    </UnitTest>
    <UnitTest name="TestSelectPunktLengthCompute" storage="c:\users\administrator\documents\visual studio 2008\projects\projectudt_app\projektudt_test\bin\debug\projektudt_test.dll" id="7f29ea62-211d-14d5-9ea4-1a810eee40e0">
      <Css projectStructure="" iteration="" />
      <Owners>
        <Owner name="" />
      </Owners>
      <Execution id="a90e2081-e85f-484f-afd6-7c7d5b9278ca" />
      <TestMethod codeBase="C:\Users\Administrator\Documents\Visual Studio 2008\Projects\projectUDT_app\projektUDT_test\bin\Debug\projektUDT_test.dll" adapterTypeName="Microsoft.VisualStudio.TestTools.TestTypes.Unit.UnitTestAdapter, Microsoft.VisualStudio.QualityTools.Tips.UnitTest.Adapter, Version=9.0.0.0, Culture=neutral, PublicKeyToken=b03f5f7f11d50a3a" className="projektUDT_test.DBPunktTest, projektUDT_test" name="TestSelectPunktLengthCompute" />
    </UnitTest>
    <UnitTest name="TestInsertTrapezFailWrongArgumentsNumber" storage="c:\users\administrator\documents\visual studio 2008\projects\projectudt_app\projektudt_test\bin\debug\projektudt_test.dll" id="156b1351-6c75-15cd-8c27-f501243014d9">
      <Css projectStructure="" iteration="" />
      <Owners>
        <Owner name="" />
      </Owners>
      <Execution id="c67bab62-492f-4d73-a1e9-0f9b53f021b7" />
      <TestMethod codeBase="C:\Users\Administrator\Documents\Visual Studio 2008\Projects\projectUDT_app\projektUDT_test\bin\Debug\projektUDT_test.dll" adapterTypeName="Microsoft.VisualStudio.TestTools.TestTypes.Unit.UnitTestAdapter, Microsoft.VisualStudio.QualityTools.Tips.UnitTest.Adapter, Version=9.0.0.0, Culture=neutral, PublicKeyToken=b03f5f7f11d50a3a" className="projektUDT_test.DBTrapezTest, projektUDT_test" name="TestInsertTrapezFailWrongArgumentsNumber" />
    </UnitTest>
    <UnitTest name="TestDeletePunktEmpty" storage="c:\users\administrator\documents\visual studio 2008\projects\projectudt_app\projektudt_test\bin\debug\projektudt_test.dll" id="cb3175f3-62a4-3574-ebe2-6fd28912f98f">
      <Css projectStructure="" iteration="" />
      <Owners>
        <Owner name="" />
      </Owners>
      <Execution id="28673da4-4fed-48ab-ad02-a20dbf7bac29" />
      <TestMethod codeBase="C:\Users\Administrator\Documents\Visual Studio 2008\Projects\projectUDT_app\projektUDT_test\bin\Debug\projektUDT_test.dll" adapterTypeName="Microsoft.VisualStudio.TestTools.TestTypes.Unit.UnitTestAdapter, Microsoft.VisualStudio.QualityTools.Tips.UnitTest.Adapter, Version=9.0.0.0, Culture=neutral, PublicKeyToken=b03f5f7f11d50a3a" className="projektUDT_test.DBPunktTest, projektUDT_test" name="TestDeletePunktEmpty" />
    </UnitTest>
    <UnitTest name="TestInsertPunktSuccess" storage="c:\users\administrator\documents\visual studio 2008\projects\projectudt_app\projektudt_test\bin\debug\projektudt_test.dll" id="7a73e62e-1009-e403-2336-e33c664a0c32">
      <Css projectStructure="" iteration="" />
      <Owners>
        <Owner name="" />
      </Owners>
      <Execution id="3995dd53-9e72-4913-8a6d-f614af83d0b4" />
      <TestMethod codeBase="C:\Users\Administrator\Documents\Visual Studio 2008\Projects\projectUDT_app\projektUDT_test\bin\Debug\projektUDT_test.dll" adapterTypeName="Microsoft.VisualStudio.TestTools.TestTypes.Unit.UnitTestAdapter, Microsoft.VisualStudio.QualityTools.Tips.UnitTest.Adapter, Version=9.0.0.0, Culture=neutral, PublicKeyToken=b03f5f7f11d50a3a" className="projektUDT_test.DBPunktTest, projektUDT_test" name="TestInsertPunktSuccess" />
    </UnitTest>
    <UnitTest name="TestDeleteRownoleglobokEmpty" storage="c:\users\administrator\documents\visual studio 2008\projects\projectudt_app\projektudt_test\bin\debug\projektudt_test.dll" id="20e5ce5e-412b-0412-3675-2c324a195017">
      <Css projectStructure="" iteration="" />
      <Owners>
        <Owner name="" />
      </Owners>
      <Execution id="45bd0e4c-a811-4a85-b2f0-b4204bc07ed2" />
      <TestMethod codeBase="C:\Users\Administrator\Documents\Visual Studio 2008\Projects\projectUDT_app\projektUDT_test\bin\Debug\projektUDT_test.dll" adapterTypeName="Microsoft.VisualStudio.TestTools.TestTypes.Unit.UnitTestAdapter, Microsoft.VisualStudio.QualityTools.Tips.UnitTest.Adapter, Version=9.0.0.0, Culture=neutral, PublicKeyToken=b03f5f7f11d50a3a" className="projektUDT_test.DBRownoleglobokTest, projektUDT_test" name="TestDeleteRownoleglobokEmpty" />
    </UnitTest>
    <UnitTest name="TestInsertRownoleglobokFailValidator" storage="c:\users\administrator\documents\visual studio 2008\projects\projectudt_app\projektudt_test\bin\debug\projektudt_test.dll" id="3b34309c-57d5-7452-250c-882a435e4730">
      <Css projectStructure="" iteration="" />
      <Owners>
        <Owner name="" />
      </Owners>
      <Execution id="87d4be24-1481-4db7-8b35-9a7e74b7c2c1" />
      <TestMethod codeBase="C:\Users\Administrator\Documents\Visual Studio 2008\Projects\projectUDT_app\projektUDT_test\bin\Debug\projektUDT_test.dll" adapterTypeName="Microsoft.VisualStudio.TestTools.TestTypes.Unit.UnitTestAdapter, Microsoft.VisualStudio.QualityTools.Tips.UnitTest.Adapter, Version=9.0.0.0, Culture=neutral, PublicKeyToken=b03f5f7f11d50a3a" className="projektUDT_test.DBRownoleglobokTest, projektUDT_test" name="TestInsertRownoleglobokFailValidator" />
    </UnitTest>
    <UnitTest name="TestDeleteProstaEmpty" storage="c:\users\administrator\documents\visual studio 2008\projects\projectudt_app\projektudt_test\bin\debug\projektudt_test.dll" id="23f6dded-c830-4d0c-83a3-c25c4f3d19cf">
      <Css projectStructure="" iteration="" />
      <Owners>
        <Owner name="" />
      </Owners>
      <Execution id="1298c3b2-d015-4a04-a93b-2bbdd60fc6eb" />
      <TestMethod codeBase="C:\Users\Administrator\Documents\Visual Studio 2008\Projects\projectUDT_app\projektUDT_test\bin\Debug\projektUDT_test.dll" adapterTypeName="Microsoft.VisualStudio.TestTools.TestTypes.Unit.UnitTestAdapter, Microsoft.VisualStudio.QualityTools.Tips.UnitTest.Adapter, Version=9.0.0.0, Culture=neutral, PublicKeyToken=b03f5f7f11d50a3a" className="projektUDT_test.DBProstaTest, projektUDT_test" name="TestDeleteProstaEmpty" />
    </UnitTest>
    <UnitTest name="TestDeletePunktSuccess" storage="c:\users\administrator\documents\visual studio 2008\projects\projectudt_app\projektudt_test\bin\debug\projektudt_test.dll" id="5bfa5d26-c774-d4de-7033-ad987e78bf1b">
      <Css projectStructure="" iteration="" />
      <Owners>
        <Owner name="" />
      </Owners>
      <Execution id="cde8c836-0466-471f-8e18-7f8ca106ce39" />
      <TestMethod codeBase="C:\Users\Administrator\Documents\Visual Studio 2008\Projects\projectUDT_app\projektUDT_test\bin\Debug\projektUDT_test.dll" adapterTypeName="Microsoft.VisualStudio.TestTools.TestTypes.Unit.UnitTestAdapter, Microsoft.VisualStudio.QualityTools.Tips.UnitTest.Adapter, Version=9.0.0.0, Culture=neutral, PublicKeyToken=b03f5f7f11d50a3a" className="projektUDT_test.DBPunktTest, projektUDT_test" name="TestDeletePunktSuccess" />
    </UnitTest>
    <UnitTest name="TestDeleteTrapezEmpty" storage="c:\users\administrator\documents\visual studio 2008\projects\projectudt_app\projektudt_test\bin\debug\projektudt_test.dll" id="9b23a4e0-0fd1-3992-387c-e4df1d33d5f0">
      <Css projectStructure="" iteration="" />
      <Owners>
        <Owner name="" />
      </Owners>
      <Execution id="1283247e-6187-4afb-abaa-0d4379a42abb" />
      <TestMethod codeBase="C:\Users\Administrator\Documents\Visual Studio 2008\Projects\projectUDT_app\projektUDT_test\bin\Debug\projektUDT_test.dll" adapterTypeName="Microsoft.VisualStudio.TestTools.TestTypes.Unit.UnitTestAdapter, Microsoft.VisualStudio.QualityTools.Tips.UnitTest.Adapter, Version=9.0.0.0, Culture=neutral, PublicKeyToken=b03f5f7f11d50a3a" className="projektUDT_test.DBTrapezTest, projektUDT_test" name="TestDeleteTrapezEmpty" />
    </UnitTest>
    <UnitTest name="TestInsertProstokatFailWrongData" storage="c:\users\administrator\documents\visual studio 2008\projects\projectudt_app\projektudt_test\bin\debug\projektudt_test.dll" id="7952b3e5-c5be-8ed6-f131-a576d351d8cb">
      <Css projectStructure="" iteration="" />
      <Owners>
        <Owner name="" />
      </Owners>
      <Execution id="214e6e8c-eb10-49ad-89a9-d69892fb7e00" />
      <TestMethod codeBase="C:\Users\Administrator\Documents\Visual Studio 2008\Projects\projectUDT_app\projektUDT_test\bin\Debug\projektUDT_test.dll" adapterTypeName="Microsoft.VisualStudio.TestTools.TestTypes.Unit.UnitTestAdapter, Microsoft.VisualStudio.QualityTools.Tips.UnitTest.Adapter, Version=9.0.0.0, Culture=neutral, PublicKeyToken=b03f5f7f11d50a3a" className="projektUDT_test.DBProstokatTest, projektUDT_test" name="TestInsertProstokatFailWrongData" />
    </UnitTest>
    <UnitTest name="TestDeleteProstaSuccess" storage="c:\users\administrator\documents\visual studio 2008\projects\projectudt_app\projektudt_test\bin\debug\projektudt_test.dll" id="a2fd893c-ac55-30ef-b198-332b82d0a0b2">
      <Css projectStructure="" iteration="" />
      <Owners>
        <Owner name="" />
      </Owners>
      <Execution id="35cc649e-d015-4de1-b7bf-f9597942a4cf" />
      <TestMethod codeBase="C:\Users\Administrator\Documents\Visual Studio 2008\Projects\projectUDT_app\projektUDT_test\bin\Debug\projektUDT_test.dll" adapterTypeName="Microsoft.VisualStudio.TestTools.TestTypes.Unit.UnitTestAdapter, Microsoft.VisualStudio.QualityTools.Tips.UnitTest.Adapter, Version=9.0.0.0, Culture=neutral, PublicKeyToken=b03f5f7f11d50a3a" className="projektUDT_test.DBProstaTest, projektUDT_test" name="TestDeleteProstaSuccess" />
    </UnitTest>
    <UnitTest name="TestInsertProstaSuccess" storage="c:\users\administrator\documents\visual studio 2008\projects\projectudt_app\projektudt_test\bin\debug\projektudt_test.dll" id="679a72f6-6f30-16cf-a81a-8bbb7e91987c">
      <Css projectStructure="" iteration="" />
      <Owners>
        <Owner name="" />
      </Owners>
      <Execution id="90531477-b79d-4a99-a4ce-855feb6f6423" />
      <TestMethod codeBase="C:\Users\Administrator\Documents\Visual Studio 2008\Projects\projectUDT_app\projektUDT_test\bin\Debug\projektUDT_test.dll" adapterTypeName="Microsoft.VisualStudio.TestTools.TestTypes.Unit.UnitTestAdapter, Microsoft.VisualStudio.QualityTools.Tips.UnitTest.Adapter, Version=9.0.0.0, Culture=neutral, PublicKeyToken=b03f5f7f11d50a3a" className="projektUDT_test.DBProstaTest, projektUDT_test" name="TestInsertProstaSuccess" />
    </UnitTest>
    <UnitTest name="TestInsertTrapezFailValidator" storage="c:\users\administrator\documents\visual studio 2008\projects\projectudt_app\projektudt_test\bin\debug\projektudt_test.dll" id="b448142e-7c66-1f66-dd23-74a91becdf80">
      <Css projectStructure="" iteration="" />
      <Owners>
        <Owner name="" />
      </Owners>
      <Execution id="72450059-e295-4ec1-88dc-46e209ea00c9" />
      <TestMethod codeBase="C:\Users\Administrator\Documents\Visual Studio 2008\Projects\projectUDT_app\projektUDT_test\bin\Debug\projektUDT_test.dll" adapterTypeName="Microsoft.VisualStudio.TestTools.TestTypes.Unit.UnitTestAdapter, Microsoft.VisualStudio.QualityTools.Tips.UnitTest.Adapter, Version=9.0.0.0, Culture=neutral, PublicKeyToken=b03f5f7f11d50a3a" className="projektUDT_test.DBTrapezTest, projektUDT_test" name="TestInsertTrapezFailValidator" />
    </UnitTest>
    <UnitTest name="TestInsertProstokatSuccess" storage="c:\users\administrator\documents\visual studio 2008\projects\projectudt_app\projektudt_test\bin\debug\projektudt_test.dll" id="2c4f2f3a-9265-b698-dec9-c59ec0a35fda">
      <Css projectStructure="" iteration="" />
      <Owners>
        <Owner name="" />
      </Owners>
      <Execution id="f9e1c643-2987-4c8c-86b5-d780f6d5e2bb" />
      <TestMethod codeBase="C:\Users\Administrator\Documents\Visual Studio 2008\Projects\projectUDT_app\projektUDT_test\bin\Debug\projektUDT_test.dll" adapterTypeName="Microsoft.VisualStudio.TestTools.TestTypes.Unit.UnitTestAdapter, Microsoft.VisualStudio.QualityTools.Tips.UnitTest.Adapter, Version=9.0.0.0, Culture=neutral, PublicKeyToken=b03f5f7f11d50a3a" className="projektUDT_test.DBProstokatTest, projektUDT_test" name="TestInsertProstokatSuccess" />
    </UnitTest>
    <UnitTest name="TestSelectProstaInfo" storage="c:\users\administrator\documents\visual studio 2008\projects\projectudt_app\projektudt_test\bin\debug\projektudt_test.dll" id="c3e3608c-c792-eb29-17af-36203c86819e">
      <Css projectStructure="" iteration="" />
      <Owners>
        <Owner name="" />
      </Owners>
      <Execution id="2fddae73-0a12-47cf-8527-149a9ddf4b8e" />
      <TestMethod codeBase="C:\Users\Administrator\Documents\Visual Studio 2008\Projects\projectUDT_app\projektUDT_test\bin\Debug\projektUDT_test.dll" adapterTypeName="Microsoft.VisualStudio.TestTools.TestTypes.Unit.UnitTestAdapter, Microsoft.VisualStudio.QualityTools.Tips.UnitTest.Adapter, Version=9.0.0.0, Culture=neutral, PublicKeyToken=b03f5f7f11d50a3a" className="projektUDT_test.DBProstaTest, projektUDT_test" name="TestSelectProstaInfo" />
    </UnitTest>
    <UnitTest name="TestInsertProstaFailWrongData" storage="c:\users\administrator\documents\visual studio 2008\projects\projectudt_app\projektudt_test\bin\debug\projektudt_test.dll" id="ef4b238d-6caf-7d9d-89ac-16da780fea6d">
      <Css projectStructure="" iteration="" />
      <Owners>
        <Owner name="" />
      </Owners>
      <Execution id="18d6585c-5e7b-4082-94a5-c64b4e728f2a" />
      <TestMethod codeBase="C:\Users\Administrator\Documents\Visual Studio 2008\Projects\projectUDT_app\projektUDT_test\bin\Debug\projektUDT_test.dll" adapterTypeName="Microsoft.VisualStudio.TestTools.TestTypes.Unit.UnitTestAdapter, Microsoft.VisualStudio.QualityTools.Tips.UnitTest.Adapter, Version=9.0.0.0, Culture=neutral, PublicKeyToken=b03f5f7f11d50a3a" className="projektUDT_test.DBProstaTest, projektUDT_test" name="TestInsertProstaFailWrongData" />
    </UnitTest>
    <UnitTest name="TestSelectKoloLengthCompute" storage="c:\users\administrator\documents\visual studio 2008\projects\projectudt_app\projektudt_test\bin\debug\projektudt_test.dll" id="89718daa-ced1-b364-0918-dff3cd0e239d">
      <Css projectStructure="" iteration="" />
      <Owners>
        <Owner name="" />
      </Owners>
      <Execution id="33bfbbb1-39af-4c70-b6db-4bf49ddbf2d0" />
      <TestMethod codeBase="C:\Users\Administrator\Documents\Visual Studio 2008\Projects\projectUDT_app\projektUDT_test\bin\Debug\projektUDT_test.dll" adapterTypeName="Microsoft.VisualStudio.TestTools.TestTypes.Unit.UnitTestAdapter, Microsoft.VisualStudio.QualityTools.Tips.UnitTest.Adapter, Version=9.0.0.0, Culture=neutral, PublicKeyToken=b03f5f7f11d50a3a" className="projektUDT_test.DBKoloTest, projektUDT_test" name="TestSelectKoloLengthCompute" />
    </UnitTest>
    <UnitTest name="TestDeleteProstokatSuccess" storage="c:\users\administrator\documents\visual studio 2008\projects\projectudt_app\projektudt_test\bin\debug\projektudt_test.dll" id="c3f0029e-c53c-a3a6-b9ae-3244ff789540">
      <Css projectStructure="" iteration="" />
      <Owners>
        <Owner name="" />
      </Owners>
      <Execution id="5fa5a6ce-e0b4-4392-a03f-af62723c012e" />
      <TestMethod codeBase="C:\Users\Administrator\Documents\Visual Studio 2008\Projects\projectUDT_app\projektUDT_test\bin\Debug\projektUDT_test.dll" adapterTypeName="Microsoft.VisualStudio.TestTools.TestTypes.Unit.UnitTestAdapter, Microsoft.VisualStudio.QualityTools.Tips.UnitTest.Adapter, Version=9.0.0.0, Culture=neutral, PublicKeyToken=b03f5f7f11d50a3a" className="projektUDT_test.DBProstokatTest, projektUDT_test" name="TestDeleteProstokatSuccess" />
    </UnitTest>
    <UnitTest name="TestDeleteKwadratEmpty" storage="c:\users\administrator\documents\visual studio 2008\projects\projectudt_app\projektudt_test\bin\debug\projektudt_test.dll" id="ec18d84e-ec3d-6351-012f-67d3cf3fd94f">
      <Css projectStructure="" iteration="" />
      <Owners>
        <Owner name="" />
      </Owners>
      <Execution id="20f77741-9b2c-40ab-923d-2363ff1db175" />
      <TestMethod codeBase="C:\Users\Administrator\Documents\Visual Studio 2008\Projects\projectUDT_app\projektUDT_test\bin\Debug\projektUDT_test.dll" adapterTypeName="Microsoft.VisualStudio.TestTools.TestTypes.Unit.UnitTestAdapter, Microsoft.VisualStudio.QualityTools.Tips.UnitTest.Adapter, Version=9.0.0.0, Culture=neutral, PublicKeyToken=b03f5f7f11d50a3a" className="projektUDT_test.DBKwadratTest, projektUDT_test" name="TestDeleteKwadratEmpty" />
    </UnitTest>
    <UnitTest name="TestInsertProstokatFailWrongArgumentsNumber" storage="c:\users\administrator\documents\visual studio 2008\projects\projectudt_app\projektudt_test\bin\debug\projektudt_test.dll" id="d09bd673-7783-8887-9261-45dcf465d5bf">
      <Css projectStructure="" iteration="" />
      <Owners>
        <Owner name="" />
      </Owners>
      <Execution id="37e0e2a0-c917-4965-8e60-c186778cf725" />
      <TestMethod codeBase="C:\Users\Administrator\Documents\Visual Studio 2008\Projects\projectUDT_app\projektUDT_test\bin\Debug\projektUDT_test.dll" adapterTypeName="Microsoft.VisualStudio.TestTools.TestTypes.Unit.UnitTestAdapter, Microsoft.VisualStudio.QualityTools.Tips.UnitTest.Adapter, Version=9.0.0.0, Culture=neutral, PublicKeyToken=b03f5f7f11d50a3a" className="projektUDT_test.DBProstokatTest, projektUDT_test" name="TestInsertProstokatFailWrongArgumentsNumber" />
    </UnitTest>
    <UnitTest name="TestInsertKwadratFailValidator" storage="c:\users\administrator\documents\visual studio 2008\projects\projectudt_app\projektudt_test\bin\debug\projektudt_test.dll" id="d4f1c64a-ccdd-07ce-2119-d3482135fa57">
      <Css projectStructure="" iteration="" />
      <Owners>
        <Owner name="" />
      </Owners>
      <Execution id="c345e647-d073-4aa2-ba66-bea7ae182300" />
      <TestMethod codeBase="C:\Users\Administrator\Documents\Visual Studio 2008\Projects\projectUDT_app\projektUDT_test\bin\Debug\projektUDT_test.dll" adapterTypeName="Microsoft.VisualStudio.TestTools.TestTypes.Unit.UnitTestAdapter, Microsoft.VisualStudio.QualityTools.Tips.UnitTest.Adapter, Version=9.0.0.0, Culture=neutral, PublicKeyToken=b03f5f7f11d50a3a" className="projektUDT_test.DBKwadratTest, projektUDT_test" name="TestInsertKwadratFailValidator" />
    </UnitTest>
    <UnitTest name="TestInsertKoloSuccess" storage="c:\users\administrator\documents\visual studio 2008\projects\projectudt_app\projektudt_test\bin\debug\projektudt_test.dll" id="1ec2bc70-7a65-50c2-95ae-5b627f109b04">
      <Css projectStructure="" iteration="" />
      <Owners>
        <Owner name="" />
      </Owners>
      <Execution id="3e146773-911a-4f5a-ba84-ab00ebda04c5" />
      <TestMethod codeBase="C:\Users\Administrator\Documents\Visual Studio 2008\Projects\projectUDT_app\projektUDT_test\bin\Debug\projektUDT_test.dll" adapterTypeName="Microsoft.VisualStudio.TestTools.TestTypes.Unit.UnitTestAdapter, Microsoft.VisualStudio.QualityTools.Tips.UnitTest.Adapter, Version=9.0.0.0, Culture=neutral, PublicKeyToken=b03f5f7f11d50a3a" className="projektUDT_test.DBKoloTest, projektUDT_test" name="TestInsertKoloSuccess" />
    </UnitTest>
    <UnitTest name="TestInsertProstokatFailValidator" storage="c:\users\administrator\documents\visual studio 2008\projects\projectudt_app\projektudt_test\bin\debug\projektudt_test.dll" id="ff93bc8e-a4e9-04de-d083-c3d55f578ad9">
      <Css projectStructure="" iteration="" />
      <Owners>
        <Owner name="" />
      </Owners>
      <Execution id="f9af1932-6482-469c-b7e3-d51f9a0ff249" />
      <TestMethod codeBase="C:\Users\Administrator\Documents\Visual Studio 2008\Projects\projectUDT_app\projektUDT_test\bin\Debug\projektUDT_test.dll" adapterTypeName="Microsoft.VisualStudio.TestTools.TestTypes.Unit.UnitTestAdapter, Microsoft.VisualStudio.QualityTools.Tips.UnitTest.Adapter, Version=9.0.0.0, Culture=neutral, PublicKeyToken=b03f5f7f11d50a3a" className="projektUDT_test.DBProstokatTest, projektUDT_test" name="TestInsertProstokatFailValidator" />
    </UnitTest>
    <UnitTest name="TestDeleteKoloEmpty" storage="c:\users\administrator\documents\visual studio 2008\projects\projectudt_app\projektudt_test\bin\debug\projektudt_test.dll" id="6b52ce5f-b05d-2fb6-3a22-7f0d206c197f">
      <Css projectStructure="" iteration="" />
      <Owners>
        <Owner name="" />
      </Owners>
      <Execution id="f4bf7f9a-67c2-4ce2-a4d4-f1454711cce8" />
      <TestMethod codeBase="C:\Users\Administrator\Documents\Visual Studio 2008\Projects\projectUDT_app\projektUDT_test\bin\Debug\projektUDT_test.dll" adapterTypeName="Microsoft.VisualStudio.TestTools.TestTypes.Unit.UnitTestAdapter, Microsoft.VisualStudio.QualityTools.Tips.UnitTest.Adapter, Version=9.0.0.0, Culture=neutral, PublicKeyToken=b03f5f7f11d50a3a" className="projektUDT_test.DBKoloTest, projektUDT_test" name="TestDeleteKoloEmpty" />
    </UnitTest>
    <UnitTest name="TestInsertRownoleglobokSuccess" storage="c:\users\administrator\documents\visual studio 2008\projects\projectudt_app\projektudt_test\bin\debug\projektudt_test.dll" id="1df4791d-2dc1-4b60-2894-c68ce5ed544e">
      <Css projectStructure="" iteration="" />
      <Owners>
        <Owner name="" />
      </Owners>
      <Execution id="d6766137-9126-45ee-b0ea-bfb5a7ccb8c3" />
      <TestMethod codeBase="C:\Users\Administrator\Documents\Visual Studio 2008\Projects\projectUDT_app\projektUDT_test\bin\Debug\projektUDT_test.dll" adapterTypeName="Microsoft.VisualStudio.TestTools.TestTypes.Unit.UnitTestAdapter, Microsoft.VisualStudio.QualityTools.Tips.UnitTest.Adapter, Version=9.0.0.0, Culture=neutral, PublicKeyToken=b03f5f7f11d50a3a" className="projektUDT_test.DBRownoleglobokTest, projektUDT_test" name="TestInsertRownoleglobokSuccess" />
    </UnitTest>
    <UnitTest name="TestSelectTrapezAreaCompute" storage="c:\users\administrator\documents\visual studio 2008\projects\projectudt_app\projektudt_test\bin\debug\projektudt_test.dll" id="faf64f4c-6717-0c72-22f6-b1812355dc11">
      <Css projectStructure="" iteration="" />
      <Owners>
        <Owner name="" />
      </Owners>
      <Execution id="d25cad8f-1dc4-4304-96ae-af8434f1dbb2" />
      <TestMethod codeBase="C:\Users\Administrator\Documents\Visual Studio 2008\Projects\projectUDT_app\projektUDT_test\bin\Debug\projektUDT_test.dll" adapterTypeName="Microsoft.VisualStudio.TestTools.TestTypes.Unit.UnitTestAdapter, Microsoft.VisualStudio.QualityTools.Tips.UnitTest.Adapter, Version=9.0.0.0, Culture=neutral, PublicKeyToken=b03f5f7f11d50a3a" className="projektUDT_test.DBTrapezTest, projektUDT_test" name="TestSelectTrapezAreaCompute" />
    </UnitTest>
    <UnitTest name="TestKoloType" storage="c:\users\administrator\documents\visual studio 2008\projects\projectudt_app\projektudt_test\bin\debug\projektudt_test.dll" id="7a6e6c6f-a642-6f4a-77f3-ce22472da4df">
      <Css projectStructure="" iteration="" />
      <Owners>
        <Owner name="" />
      </Owners>
      <Execution id="b4acf8e1-81ed-4785-8f07-312ed532464a" />
      <TestMethod codeBase="C:\Users\Administrator\Documents\Visual Studio 2008\Projects\projectUDT_app\projektUDT_test\bin\Debug\projektUDT_test.dll" adapterTypeName="Microsoft.VisualStudio.TestTools.TestTypes.Unit.UnitTestAdapter, Microsoft.VisualStudio.QualityTools.Tips.UnitTest.Adapter, Version=9.0.0.0, Culture=neutral, PublicKeyToken=b03f5f7f11d50a3a" className="projektUDT_test.FiguresTest, projektUDT_test" name="TestKoloType" />
    </UnitTest>
    <UnitTest name="TestSelectProstokatInfo" storage="c:\users\administrator\documents\visual studio 2008\projects\projectudt_app\projektudt_test\bin\debug\projektudt_test.dll" id="57aadacb-a3ac-11c0-4451-c0b5eaf9f8f3">
      <Css projectStructure="" iteration="" />
      <Owners>
        <Owner name="" />
      </Owners>
      <Execution id="a59cb08c-b8c0-4017-b358-a34abd46960c" />
      <TestMethod codeBase="C:\Users\Administrator\Documents\Visual Studio 2008\Projects\projectUDT_app\projektUDT_test\bin\Debug\projektUDT_test.dll" adapterTypeName="Microsoft.VisualStudio.TestTools.TestTypes.Unit.UnitTestAdapter, Microsoft.VisualStudio.QualityTools.Tips.UnitTest.Adapter, Version=9.0.0.0, Culture=neutral, PublicKeyToken=b03f5f7f11d50a3a" className="projektUDT_test.DBProstokatTest, projektUDT_test" name="TestSelectProstokatInfo" />
    </UnitTest>
    <UnitTest name="TestInsertKoloFailWrongArgumentsNumber" storage="c:\users\administrator\documents\visual studio 2008\projects\projectudt_app\projektudt_test\bin\debug\projektudt_test.dll" id="fd97f871-078b-d14d-25cf-d01d4ec12977">
      <Css projectStructure="" iteration="" />
      <Owners>
        <Owner name="" />
      </Owners>
      <Execution id="28774708-02cd-4947-a522-afdbcf52019f" />
      <TestMethod codeBase="C:\Users\Administrator\Documents\Visual Studio 2008\Projects\projectUDT_app\projektUDT_test\bin\Debug\projektUDT_test.dll" adapterTypeName="Microsoft.VisualStudio.TestTools.TestTypes.Unit.UnitTestAdapter, Microsoft.VisualStudio.QualityTools.Tips.UnitTest.Adapter, Version=9.0.0.0, Culture=neutral, PublicKeyToken=b03f5f7f11d50a3a" className="projektUDT_test.DBKoloTest, projektUDT_test" name="TestInsertKoloFailWrongArgumentsNumber" />
    </UnitTest>
    <UnitTest name="TestSelectPunktInfo" storage="c:\users\administrator\documents\visual studio 2008\projects\projectudt_app\projektudt_test\bin\debug\projektudt_test.dll" id="536cd68c-c085-b510-7f5d-73dadd7a91a6">
      <Css projectStructure="" iteration="" />
      <Owners>
        <Owner name="" />
      </Owners>
      <Execution id="f902a9de-f6db-4d16-b92f-d656953a305a" />
      <TestMethod codeBase="C:\Users\Administrator\Documents\Visual Studio 2008\Projects\projectUDT_app\projektUDT_test\bin\Debug\projektUDT_test.dll" adapterTypeName="Microsoft.VisualStudio.TestTools.TestTypes.Unit.UnitTestAdapter, Microsoft.VisualStudio.QualityTools.Tips.UnitTest.Adapter, Version=9.0.0.0, Culture=neutral, PublicKeyToken=b03f5f7f11d50a3a" className="projektUDT_test.DBPunktTest, projektUDT_test" name="TestSelectPunktInfo" />
    </UnitTest>
    <UnitTest name="TestInsertProstaFailWrongArgumentsNumber" storage="c:\users\administrator\documents\visual studio 2008\projects\projectudt_app\projektudt_test\bin\debug\projektudt_test.dll" id="15464a37-67d6-2057-a20c-6cffd2682675">
      <Css projectStructure="" iteration="" />
      <Owners>
        <Owner name="" />
      </Owners>
      <Execution id="ec883afe-2a7b-420d-9e26-0f17ac3cd917" />
      <TestMethod codeBase="C:\Users\Administrator\Documents\Visual Studio 2008\Projects\projectUDT_app\projektUDT_test\bin\Debug\projektUDT_test.dll" adapterTypeName="Microsoft.VisualStudio.TestTools.TestTypes.Unit.UnitTestAdapter, Microsoft.VisualStudio.QualityTools.Tips.UnitTest.Adapter, Version=9.0.0.0, Culture=neutral, PublicKeyToken=b03f5f7f11d50a3a" className="projektUDT_test.DBProstaTest, projektUDT_test" name="TestInsertProstaFailWrongArgumentsNumber" />
    </UnitTest>
    <UnitTest name="TestInsertRownoleglobokFailWrongData" storage="c:\users\administrator\documents\visual studio 2008\projects\projectudt_app\projektudt_test\bin\debug\projektudt_test.dll" id="5ec7b518-4fc2-5ad5-2ba6-59df81885483">
      <Css projectStructure="" iteration="" />
      <Owners>
        <Owner name="" />
      </Owners>
      <Execution id="ca559d08-7609-444c-83fd-d1e68573f69d" />
      <TestMethod codeBase="C:\Users\Administrator\Documents\Visual Studio 2008\Projects\projectUDT_app\projektUDT_test\bin\Debug\projektUDT_test.dll" adapterTypeName="Microsoft.VisualStudio.TestTools.TestTypes.Unit.UnitTestAdapter, Microsoft.VisualStudio.QualityTools.Tips.UnitTest.Adapter, Version=9.0.0.0, Culture=neutral, PublicKeyToken=b03f5f7f11d50a3a" className="projektUDT_test.DBRownoleglobokTest, projektUDT_test" name="TestInsertRownoleglobokFailWrongData" />
    </UnitTest>
    <UnitTest name="TestSelectRownoleglobokLengthCompute" storage="c:\users\administrator\documents\visual studio 2008\projects\projectudt_app\projektudt_test\bin\debug\projektudt_test.dll" id="999fd6fc-eb1a-a1f3-c87e-f9a5a05afffa">
      <Css projectStructure="" iteration="" />
      <Owners>
        <Owner name="" />
      </Owners>
      <Execution id="6dd7e4d6-8fac-4c87-a240-66b1dd048591" />
      <TestMethod codeBase="C:\Users\Administrator\Documents\Visual Studio 2008\Projects\projectUDT_app\projektUDT_test\bin\Debug\projektUDT_test.dll" adapterTypeName="Microsoft.VisualStudio.TestTools.TestTypes.Unit.UnitTestAdapter, Microsoft.VisualStudio.QualityTools.Tips.UnitTest.Adapter, Version=9.0.0.0, Culture=neutral, PublicKeyToken=b03f5f7f11d50a3a" className="projektUDT_test.DBRownoleglobokTest, projektUDT_test" name="TestSelectRownoleglobokLengthCompute" />
    </UnitTest>
    <UnitTest name="TestSelectProstokatLengthCompute" storage="c:\users\administrator\documents\visual studio 2008\projects\projectudt_app\projektudt_test\bin\debug\projektudt_test.dll" id="531770c7-1ed7-4ad9-fb2b-db49b19ba5d2">
      <Css projectStructure="" iteration="" />
      <Owners>
        <Owner name="" />
      </Owners>
      <Execution id="294deb35-d427-4ca2-949c-4c3cffdca0bd" />
      <TestMethod codeBase="C:\Users\Administrator\Documents\Visual Studio 2008\Projects\projectUDT_app\projektUDT_test\bin\Debug\projektUDT_test.dll" adapterTypeName="Microsoft.VisualStudio.TestTools.TestTypes.Unit.UnitTestAdapter, Microsoft.VisualStudio.QualityTools.Tips.UnitTest.Adapter, Version=9.0.0.0, Culture=neutral, PublicKeyToken=b03f5f7f11d50a3a" className="projektUDT_test.DBProstokatTest, projektUDT_test" name="TestSelectProstokatLengthCompute" />
    </UnitTest>
    <UnitTest name="TestInsertTrojkatSuccess" storage="c:\users\administrator\documents\visual studio 2008\projects\projectudt_app\projektudt_test\bin\debug\projektudt_test.dll" id="797bfa1f-2a62-e77f-1110-154f0aef2d7f">
      <Css projectStructure="" iteration="" />
      <Owners>
        <Owner name="" />
      </Owners>
      <Execution id="6bd0d868-3a0d-485b-88af-f25816ace010" />
      <TestMethod codeBase="C:\Users\Administrator\Documents\Visual Studio 2008\Projects\projectUDT_app\projektUDT_test\bin\Debug\projektUDT_test.dll" adapterTypeName="Microsoft.VisualStudio.TestTools.TestTypes.Unit.UnitTestAdapter, Microsoft.VisualStudio.QualityTools.Tips.UnitTest.Adapter, Version=9.0.0.0, Culture=neutral, PublicKeyToken=b03f5f7f11d50a3a" className="projektUDT_test.DBTrojkatTest, projektUDT_test" name="TestInsertTrojkatSuccess" />
    </UnitTest>
    <UnitTest name="TestTrojkatType" storage="c:\users\administrator\documents\visual studio 2008\projects\projectudt_app\projektudt_test\bin\debug\projektudt_test.dll" id="463943f8-dc58-8b95-a66b-9a434dde6ca7">
      <Css projectStructure="" iteration="" />
      <Owners>
        <Owner name="" />
      </Owners>
      <Execution id="2c86a367-af56-4711-b6d0-1ea53a3487b1" />
      <TestMethod codeBase="C:\Users\Administrator\Documents\Visual Studio 2008\Projects\projectUDT_app\projektUDT_test\bin\Debug\projektUDT_test.dll" adapterTypeName="Microsoft.VisualStudio.TestTools.TestTypes.Unit.UnitTestAdapter, Microsoft.VisualStudio.QualityTools.Tips.UnitTest.Adapter, Version=9.0.0.0, Culture=neutral, PublicKeyToken=b03f5f7f11d50a3a" className="projektUDT_test.FiguresTest, projektUDT_test" name="TestTrojkatType" />
    </UnitTest>
    <UnitTest name="TestDeleteKoloSuccess" storage="c:\users\administrator\documents\visual studio 2008\projects\projectudt_app\projektudt_test\bin\debug\projektudt_test.dll" id="ccec32d2-0874-7f4a-3cc7-18948b5e194b">
      <Css projectStructure="" iteration="" />
      <Owners>
        <Owner name="" />
      </Owners>
      <Execution id="6e7240c9-09a3-4dab-9f9a-3c4bc96657ee" />
      <TestMethod codeBase="C:\Users\Administrator\Documents\Visual Studio 2008\Projects\projectUDT_app\projektUDT_test\bin\Debug\projektUDT_test.dll" adapterTypeName="Microsoft.VisualStudio.TestTools.TestTypes.Unit.UnitTestAdapter, Microsoft.VisualStudio.QualityTools.Tips.UnitTest.Adapter, Version=9.0.0.0, Culture=neutral, PublicKeyToken=b03f5f7f11d50a3a" className="projektUDT_test.DBKoloTest, projektUDT_test" name="TestDeleteKoloSuccess" />
    </UnitTest>
    <UnitTest name="TestSelectKwadratLengthCompute" storage="c:\users\administrator\documents\visual studio 2008\projects\projectudt_app\projektudt_test\bin\debug\projektudt_test.dll" id="1acbd862-75d6-e304-b107-a6a8c0809408">
      <Css projectStructure="" iteration="" />
      <Owners>
        <Owner name="" />
      </Owners>
      <Execution id="0b3b72e2-3e90-4006-b05e-3dc78489b520" />
      <TestMethod codeBase="C:\Users\Administrator\Documents\Visual Studio 2008\Projects\projectUDT_app\projektUDT_test\bin\Debug\projektUDT_test.dll" adapterTypeName="Microsoft.VisualStudio.TestTools.TestTypes.Unit.UnitTestAdapter, Microsoft.VisualStudio.QualityTools.Tips.UnitTest.Adapter, Version=9.0.0.0, Culture=neutral, PublicKeyToken=b03f5f7f11d50a3a" className="projektUDT_test.DBKwadratTest, projektUDT_test" name="TestSelectKwadratLengthCompute" />
    </UnitTest>
    <UnitTest name="TestInsertProstaFailValidator" storage="c:\users\administrator\documents\visual studio 2008\projects\projectudt_app\projektudt_test\bin\debug\projektudt_test.dll" id="cdb3c195-1d00-e73c-1d5d-41027c8f9000">
      <Css projectStructure="" iteration="" />
      <Owners>
        <Owner name="" />
      </Owners>
      <Execution id="1d517167-4504-462f-a4ae-5517171d89aa" />
      <TestMethod codeBase="C:\Users\Administrator\Documents\Visual Studio 2008\Projects\projectUDT_app\projektUDT_test\bin\Debug\projektUDT_test.dll" adapterTypeName="Microsoft.VisualStudio.TestTools.TestTypes.Unit.UnitTestAdapter, Microsoft.VisualStudio.QualityTools.Tips.UnitTest.Adapter, Version=9.0.0.0, Culture=neutral, PublicKeyToken=b03f5f7f11d50a3a" className="projektUDT_test.DBProstaTest, projektUDT_test" name="TestInsertProstaFailValidator" />
    </UnitTest>
    <UnitTest name="TestExpection" storage="c:\users\administrator\documents\visual studio 2008\projects\projectudt_app\projektudt_test\bin\debug\projektudt_test.dll" id="0fab764c-75a8-407a-43ad-efea69145116">
      <Css projectStructure="" iteration="" />
      <Owners>
        <Owner name="" />
      </Owners>
      <Execution id="8cbbdc5f-1bbe-4d48-be3e-ac270a017781" />
      <TestMethod codeBase="C:\Users\Administrator\Documents\Visual Studio 2008\Projects\projectUDT_app\projektUDT_test\bin\Debug\projektUDT_test.dll" adapterTypeName="Microsoft.VisualStudio.TestTools.TestTypes.Unit.UnitTestAdapter, Microsoft.VisualStudio.QualityTools.Tips.UnitTest.Adapter, Version=9.0.0.0, Culture=neutral, PublicKeyToken=b03f5f7f11d50a3a" className="projektUDT_test.StopAppExpectionTest, projektUDT_test" name="TestExpection" />
    </UnitTest>
    <UnitTest name="TestSelectTrapezLengthCompute" storage="c:\users\administrator\documents\visual studio 2008\projects\projectudt_app\projektudt_test\bin\debug\projektudt_test.dll" id="6164a6e3-8647-4c0b-1f76-462247d42f0b">
      <Css projectStructure="" iteration="" />
      <Owners>
        <Owner name="" />
      </Owners>
      <Execution id="884b5332-38f3-4e47-980e-c65f47db0545" />
      <TestMethod codeBase="C:\Users\Administrator\Documents\Visual Studio 2008\Projects\projectUDT_app\projektUDT_test\bin\Debug\projektUDT_test.dll" adapterTypeName="Microsoft.VisualStudio.TestTools.TestTypes.Unit.UnitTestAdapter, Microsoft.VisualStudio.QualityTools.Tips.UnitTest.Adapter, Version=9.0.0.0, Culture=neutral, PublicKeyToken=b03f5f7f11d50a3a" className="projektUDT_test.DBTrapezTest, projektUDT_test" name="TestSelectTrapezLengthCompute" />
    </UnitTest>
    <UnitTest name="TestDeleteTrojkatEmpty" storage="c:\users\administrator\documents\visual studio 2008\projects\projectudt_app\projektudt_test\bin\debug\projektudt_test.dll" id="1aee9c95-504f-b8d9-431f-44fccaeeb976">
      <Css projectStructure="" iteration="" />
      <Owners>
        <Owner name="" />
      </Owners>
      <Execution id="b3d4c731-1094-4105-ba43-03b8dc62dcc3" />
      <TestMethod codeBase="C:\Users\Administrator\Documents\Visual Studio 2008\Projects\projectUDT_app\projektUDT_test\bin\Debug\projektUDT_test.dll" adapterTypeName="Microsoft.VisualStudio.TestTools.TestTypes.Unit.UnitTestAdapter, Microsoft.VisualStudio.QualityTools.Tips.UnitTest.Adapter, Version=9.0.0.0, Culture=neutral, PublicKeyToken=b03f5f7f11d50a3a" className="projektUDT_test.DBTrojkatTest, projektUDT_test" name="TestDeleteTrojkatEmpty" />
    </UnitTest>
    <UnitTest name="TestInsertTrapezSuccess" storage="c:\users\administrator\documents\visual studio 2008\projects\projectudt_app\projektudt_test\bin\debug\projektudt_test.dll" id="56cf5c65-a0ae-b8dc-b2c0-d81d7c60f19e">
      <Css projectStructure="" iteration="" />
      <Owners>
        <Owner name="" />
      </Owners>
      <Execution id="634154f4-15d3-42a8-baa8-c06a54ab8a42" />
      <TestMethod codeBase="C:\Users\Administrator\Documents\Visual Studio 2008\Projects\projectUDT_app\projektUDT_test\bin\Debug\projektUDT_test.dll" adapterTypeName="Microsoft.VisualStudio.TestTools.TestTypes.Unit.UnitTestAdapter, Microsoft.VisualStudio.QualityTools.Tips.UnitTest.Adapter, Version=9.0.0.0, Culture=neutral, PublicKeyToken=b03f5f7f11d50a3a" className="projektUDT_test.DBTrapezTest, projektUDT_test" name="TestInsertTrapezSuccess" />
    </UnitTest>
    <UnitTest name="TestInsertKwadratFailWrongData" storage="c:\users\administrator\documents\visual studio 2008\projects\projectudt_app\projektudt_test\bin\debug\projektudt_test.dll" id="6307ee8f-1847-c00e-f90f-c6f5c7fd658d">
      <Css projectStructure="" iteration="" />
      <Owners>
        <Owner name="" />
      </Owners>
      <Execution id="61183562-60e6-497e-9952-d7a121eaddf1" />
      <TestMethod codeBase="C:\Users\Administrator\Documents\Visual Studio 2008\Projects\projectUDT_app\projektUDT_test\bin\Debug\projektUDT_test.dll" adapterTypeName="Microsoft.VisualStudio.TestTools.TestTypes.Unit.UnitTestAdapter, Microsoft.VisualStudio.QualityTools.Tips.UnitTest.Adapter, Version=9.0.0.0, Culture=neutral, PublicKeyToken=b03f5f7f11d50a3a" className="projektUDT_test.DBKwadratTest, projektUDT_test" name="TestInsertKwadratFailWrongData" />
    </UnitTest>
    <UnitTest name="TestInsertTrojkatFailWrongArgumentsNumber" storage="c:\users\administrator\documents\visual studio 2008\projects\projectudt_app\projektudt_test\bin\debug\projektudt_test.dll" id="653617b9-2e7b-8fd4-3ff4-8b622fb2e7c6">
      <Css projectStructure="" iteration="" />
      <Owners>
        <Owner name="" />
      </Owners>
      <Execution id="84f59efd-083e-4742-8f58-8b7eae470617" />
      <TestMethod codeBase="C:\Users\Administrator\Documents\Visual Studio 2008\Projects\projectUDT_app\projektUDT_test\bin\Debug\projektUDT_test.dll" adapterTypeName="Microsoft.VisualStudio.TestTools.TestTypes.Unit.UnitTestAdapter, Microsoft.VisualStudio.QualityTools.Tips.UnitTest.Adapter, Version=9.0.0.0, Culture=neutral, PublicKeyToken=b03f5f7f11d50a3a" className="projektUDT_test.DBTrojkatTest, projektUDT_test" name="TestInsertTrojkatFailWrongArgumentsNumber" />
    </UnitTest>
    <UnitTest name="TestDeleteKwadratSuccess" storage="c:\users\administrator\documents\visual studio 2008\projects\projectudt_app\projektudt_test\bin\debug\projektudt_test.dll" id="7dd3deed-26fa-f3ca-d063-7cb7c326c390">
      <Css projectStructure="" iteration="" />
      <Owners>
        <Owner name="" />
      </Owners>
      <Execution id="166408cb-6774-482b-82e4-505540838f9a" />
      <TestMethod codeBase="C:\Users\Administrator\Documents\Visual Studio 2008\Projects\projectUDT_app\projektUDT_test\bin\Debug\projektUDT_test.dll" adapterTypeName="Microsoft.VisualStudio.TestTools.TestTypes.Unit.UnitTestAdapter, Microsoft.VisualStudio.QualityTools.Tips.UnitTest.Adapter, Version=9.0.0.0, Culture=neutral, PublicKeyToken=b03f5f7f11d50a3a" className="projektUDT_test.DBKwadratTest, projektUDT_test" name="TestDeleteKwadratSuccess" />
    </UnitTest>
    <UnitTest name="TestInsertKoloFailWrongData" storage="c:\users\administrator\documents\visual studio 2008\projects\projectudt_app\projektudt_test\bin\debug\projektudt_test.dll" id="f24fdeb3-0fc4-838d-cc54-f15114e2cff4">
      <Css projectStructure="" iteration="" />
      <Owners>
        <Owner name="" />
      </Owners>
      <Execution id="6313b7a5-2f75-4edf-b528-5773353b355a" />
      <TestMethod codeBase="C:\Users\Administrator\Documents\Visual Studio 2008\Projects\projectUDT_app\projektUDT_test\bin\Debug\projektUDT_test.dll" adapterTypeName="Microsoft.VisualStudio.TestTools.TestTypes.Unit.UnitTestAdapter, Microsoft.VisualStudio.QualityTools.Tips.UnitTest.Adapter, Version=9.0.0.0, Culture=neutral, PublicKeyToken=b03f5f7f11d50a3a" className="projektUDT_test.DBKoloTest, projektUDT_test" name="TestInsertKoloFailWrongData" />
    </UnitTest>
    <UnitTest name="TestSelectProstokatAreaCompute" storage="c:\users\administrator\documents\visual studio 2008\projects\projectudt_app\projektudt_test\bin\debug\projektudt_test.dll" id="a5cd231c-626c-6cc9-649b-017680a28730">
      <Css projectStructure="" iteration="" />
      <Owners>
        <Owner name="" />
      </Owners>
      <Execution id="2688b937-f11b-4ac5-852b-86e09922a1d9" />
      <TestMethod codeBase="C:\Users\Administrator\Documents\Visual Studio 2008\Projects\projectUDT_app\projektUDT_test\bin\Debug\projektUDT_test.dll" adapterTypeName="Microsoft.VisualStudio.TestTools.TestTypes.Unit.UnitTestAdapter, Microsoft.VisualStudio.QualityTools.Tips.UnitTest.Adapter, Version=9.0.0.0, Culture=neutral, PublicKeyToken=b03f5f7f11d50a3a" className="projektUDT_test.DBProstokatTest, projektUDT_test" name="TestSelectProstokatAreaCompute" />
    </UnitTest>
    <UnitTest name="TestSelectKoloInfo" storage="c:\users\administrator\documents\visual studio 2008\projects\projectudt_app\projektudt_test\bin\debug\projektudt_test.dll" id="7d748728-1f2e-f640-e5cf-6cd379d042ec">
      <Css projectStructure="" iteration="" />
      <Owners>
        <Owner name="" />
      </Owners>
      <Execution id="8edbbdf4-84b0-4a83-88df-aa6eaa746e1d" />
      <TestMethod codeBase="C:\Users\Administrator\Documents\Visual Studio 2008\Projects\projectUDT_app\projektUDT_test\bin\Debug\projektUDT_test.dll" adapterTypeName="Microsoft.VisualStudio.TestTools.TestTypes.Unit.UnitTestAdapter, Microsoft.VisualStudio.QualityTools.Tips.UnitTest.Adapter, Version=9.0.0.0, Culture=neutral, PublicKeyToken=b03f5f7f11d50a3a" className="projektUDT_test.DBKoloTest, projektUDT_test" name="TestSelectKoloInfo" />
    </UnitTest>
    <UnitTest name="TestInsertTrapezFailWrongData" storage="c:\users\administrator\documents\visual studio 2008\projects\projectudt_app\projektudt_test\bin\debug\projektudt_test.dll" id="a35798a2-aee6-5aba-8e42-078cbbd01558">
      <Css projectStructure="" iteration="" />
      <Owners>
        <Owner name="" />
      </Owners>
      <Execution id="efa94446-d1e6-4608-aa12-25604f772146" />
      <TestMethod codeBase="C:\Users\Administrator\Documents\Visual Studio 2008\Projects\projectUDT_app\projektUDT_test\bin\Debug\projektUDT_test.dll" adapterTypeName="Microsoft.VisualStudio.TestTools.TestTypes.Unit.UnitTestAdapter, Microsoft.VisualStudio.QualityTools.Tips.UnitTest.Adapter, Version=9.0.0.0, Culture=neutral, PublicKeyToken=b03f5f7f11d50a3a" className="projektUDT_test.DBTrapezTest, projektUDT_test" name="TestInsertTrapezFailWrongData" />
    </UnitTest>
    <UnitTest name="TestInsertTrojkatFailWrongData" storage="c:\users\administrator\documents\visual studio 2008\projects\projectudt_app\projektudt_test\bin\debug\projektudt_test.dll" id="96e4cf1a-1cdd-c24d-7680-36dea9c9df89">
      <Css projectStructure="" iteration="" />
      <Owners>
        <Owner name="" />
      </Owners>
      <Execution id="a1bc1cd0-ab9f-4f8c-bbf4-8b44f118c8fe" />
      <TestMethod codeBase="C:\Users\Administrator\Documents\Visual Studio 2008\Projects\projectUDT_app\projektUDT_test\bin\Debug\projektUDT_test.dll" adapterTypeName="Microsoft.VisualStudio.TestTools.TestTypes.Unit.UnitTestAdapter, Microsoft.VisualStudio.QualityTools.Tips.UnitTest.Adapter, Version=9.0.0.0, Culture=neutral, PublicKeyToken=b03f5f7f11d50a3a" className="projektUDT_test.DBTrojkatTest, projektUDT_test" name="TestInsertTrojkatFailWrongData" />
    </UnitTest>
    <UnitTest name="TestRownoleglobokType" storage="c:\users\administrator\documents\visual studio 2008\projects\projectudt_app\projektudt_test\bin\debug\projektudt_test.dll" id="6f251bb3-9fcf-31d0-6116-53b68f700ed1">
      <Css projectStructure="" iteration="" />
      <Owners>
        <Owner name="" />
      </Owners>
      <Execution id="a73503ff-c7d2-45aa-828c-9274cae391ff" />
      <TestMethod codeBase="C:\Users\Administrator\Documents\Visual Studio 2008\Projects\projectUDT_app\projektUDT_test\bin\Debug\projektUDT_test.dll" adapterTypeName="Microsoft.VisualStudio.TestTools.TestTypes.Unit.UnitTestAdapter, Microsoft.VisualStudio.QualityTools.Tips.UnitTest.Adapter, Version=9.0.0.0, Culture=neutral, PublicKeyToken=b03f5f7f11d50a3a" className="projektUDT_test.FiguresTest, projektUDT_test" name="TestRownoleglobokType" />
    </UnitTest>
    <UnitTest name="TestSelectTrojkatAreaCompute" storage="c:\users\administrator\documents\visual studio 2008\projects\projectudt_app\projektudt_test\bin\debug\projektudt_test.dll" id="4bd872e7-b72d-78d8-3d82-4785f819026b">
      <Css projectStructure="" iteration="" />
      <Owners>
        <Owner name="" />
      </Owners>
      <Execution id="08fe948f-8a21-47d0-9540-f8cfa811d133" />
      <TestMethod codeBase="C:\Users\Administrator\Documents\Visual Studio 2008\Projects\projectUDT_app\projektUDT_test\bin\Debug\projektUDT_test.dll" adapterTypeName="Microsoft.VisualStudio.TestTools.TestTypes.Unit.UnitTestAdapter, Microsoft.VisualStudio.QualityTools.Tips.UnitTest.Adapter, Version=9.0.0.0, Culture=neutral, PublicKeyToken=b03f5f7f11d50a3a" className="projektUDT_test.DBTrojkatTest, projektUDT_test" name="TestSelectTrojkatAreaCompute" />
    </UnitTest>
    <UnitTest name="TestSelectTrojkatLengthCompute" storage="c:\users\administrator\documents\visual studio 2008\projects\projectudt_app\projektudt_test\bin\debug\projektudt_test.dll" id="46484df8-917e-4249-844a-b14cd5048541">
      <Css projectStructure="" iteration="" />
      <Owners>
        <Owner name="" />
      </Owners>
      <Execution id="66d9c961-b596-4141-a4f9-c7bdf9bc1d25" />
      <TestMethod codeBase="C:\Users\Administrator\Documents\Visual Studio 2008\Projects\projectUDT_app\projektUDT_test\bin\Debug\projektUDT_test.dll" adapterTypeName="Microsoft.VisualStudio.TestTools.TestTypes.Unit.UnitTestAdapter, Microsoft.VisualStudio.QualityTools.Tips.UnitTest.Adapter, Version=9.0.0.0, Culture=neutral, PublicKeyToken=b03f5f7f11d50a3a" className="projektUDT_test.DBTrojkatTest, projektUDT_test" name="TestSelectTrojkatLengthCompute" />
    </UnitTest>
    <UnitTest name="TestInsertKoloFailValidator" storage="c:\users\administrator\documents\visual studio 2008\projects\projectudt_app\projektudt_test\bin\debug\projektudt_test.dll" id="f90e75f2-7719-8ed4-d1e2-b684bbc6ec2b">
      <Css projectStructure="" iteration="" />
      <Owners>
        <Owner name="" />
      </Owners>
      <Execution id="e6e290cc-1452-40cc-9d86-85596c8c125b" />
      <TestMethod codeBase="C:\Users\Administrator\Documents\Visual Studio 2008\Projects\projectUDT_app\projektUDT_test\bin\Debug\projektUDT_test.dll" adapterTypeName="Microsoft.VisualStudio.TestTools.TestTypes.Unit.UnitTestAdapter, Microsoft.VisualStudio.QualityTools.Tips.UnitTest.Adapter, Version=9.0.0.0, Culture=neutral, PublicKeyToken=b03f5f7f11d50a3a" className="projektUDT_test.DBKoloTest, projektUDT_test" name="TestInsertKoloFailValidator" />
    </UnitTest>
    <UnitTest name="TestDeleteTrapezSuccess" storage="c:\users\administrator\documents\visual studio 2008\projects\projectudt_app\projektudt_test\bin\debug\projektudt_test.dll" id="a31998fc-83ce-4acd-8027-0af56f66fff6">
      <Css projectStructure="" iteration="" />
      <Owners>
        <Owner name="" />
      </Owners>
      <Execution id="e889445e-f198-4222-ae16-ee541c6863ec" />
      <TestMethod codeBase="C:\Users\Administrator\Documents\Visual Studio 2008\Projects\projectUDT_app\projektUDT_test\bin\Debug\projektUDT_test.dll" adapterTypeName="Microsoft.VisualStudio.TestTools.TestTypes.Unit.UnitTestAdapter, Microsoft.VisualStudio.QualityTools.Tips.UnitTest.Adapter, Version=9.0.0.0, Culture=neutral, PublicKeyToken=b03f5f7f11d50a3a" className="projektUDT_test.DBTrapezTest, projektUDT_test" name="TestDeleteTrapezSuccess" />
    </UnitTest>
    <UnitTest name="TestPunktType" storage="c:\users\administrator\documents\visual studio 2008\projects\projectudt_app\projektudt_test\bin\debug\projektudt_test.dll" id="7b67ecb2-1b85-69b7-8dcb-87e73336d2fe">
      <Css projectStructure="" iteration="" />
      <Owners>
        <Owner name="" />
      </Owners>
      <Execution id="bfdbb2ce-ea0d-40cc-9842-008455ce513b" />
      <TestMethod codeBase="C:\Users\Administrator\Documents\Visual Studio 2008\Projects\projectUDT_app\projektUDT_test\bin\Debug\projektUDT_test.dll" adapterTypeName="Microsoft.VisualStudio.TestTools.TestTypes.Unit.UnitTestAdapter, Microsoft.VisualStudio.QualityTools.Tips.UnitTest.Adapter, Version=9.0.0.0, Culture=neutral, PublicKeyToken=b03f5f7f11d50a3a" className="projektUDT_test.FiguresTest, projektUDT_test" name="TestPunktType" />
    </UnitTest>
    <UnitTest name="TestSelectRownoleglobokAreaCompute" storage="c:\users\administrator\documents\visual studio 2008\projects\projectudt_app\projektudt_test\bin\debug\projektudt_test.dll" id="47dfee26-177b-4b52-80d0-b1a2d92d3267">
      <Css projectStructure="" iteration="" />
      <Owners>
        <Owner name="" />
      </Owners>
      <Execution id="93b78762-50f2-4d02-ab3d-34afa3b488a9" />
      <TestMethod codeBase="C:\Users\Administrator\Documents\Visual Studio 2008\Projects\projectUDT_app\projektUDT_test\bin\Debug\projektUDT_test.dll" adapterTypeName="Microsoft.VisualStudio.TestTools.TestTypes.Unit.UnitTestAdapter, Microsoft.VisualStudio.QualityTools.Tips.UnitTest.Adapter, Version=9.0.0.0, Culture=neutral, PublicKeyToken=b03f5f7f11d50a3a" className="projektUDT_test.DBRownoleglobokTest, projektUDT_test" name="TestSelectRownoleglobokAreaCompute" />
    </UnitTest>
    <UnitTest name="TestSelectTrojkatInfo" storage="c:\users\administrator\documents\visual studio 2008\projects\projectudt_app\projektudt_test\bin\debug\projektudt_test.dll" id="b0da2658-3efb-d9fa-bc2a-b6723415d976">
      <Css projectStructure="" iteration="" />
      <Owners>
        <Owner name="" />
      </Owners>
      <Execution id="36fca3b7-f1ed-445d-bce4-61ff6fca79ed" />
      <TestMethod codeBase="C:\Users\Administrator\Documents\Visual Studio 2008\Projects\projectUDT_app\projektUDT_test\bin\Debug\projektUDT_test.dll" adapterTypeName="Microsoft.VisualStudio.TestTools.TestTypes.Unit.UnitTestAdapter, Microsoft.VisualStudio.QualityTools.Tips.UnitTest.Adapter, Version=9.0.0.0, Culture=neutral, PublicKeyToken=b03f5f7f11d50a3a" className="projektUDT_test.DBTrojkatTest, projektUDT_test" name="TestSelectTrojkatInfo" />
    </UnitTest>
    <UnitTest name="TestProstokatType" storage="c:\users\administrator\documents\visual studio 2008\projects\projectudt_app\projektudt_test\bin\debug\projektudt_test.dll" id="2469e82d-cd73-2139-bab4-3aafbd982337">
      <Css projectStructure="" iteration="" />
      <Owners>
        <Owner name="" />
      </Owners>
      <Execution id="c2449738-ca1e-4cbc-8dc3-05512bfbe238" />
      <TestMethod codeBase="C:\Users\Administrator\Documents\Visual Studio 2008\Projects\projectUDT_app\projektUDT_test\bin\Debug\projektUDT_test.dll" adapterTypeName="Microsoft.VisualStudio.TestTools.TestTypes.Unit.UnitTestAdapter, Microsoft.VisualStudio.QualityTools.Tips.UnitTest.Adapter, Version=9.0.0.0, Culture=neutral, PublicKeyToken=b03f5f7f11d50a3a" className="projektUDT_test.FiguresTest, projektUDT_test" name="TestProstokatType" />
    </UnitTest>
    <UnitTest name="TestSelectKoloAreaCompute" storage="c:\users\administrator\documents\visual studio 2008\projects\projectudt_app\projektudt_test\bin\debug\projektudt_test.dll" id="670f68db-eba6-a5b9-e059-8fd35bb0910c">
      <Css projectStructure="" iteration="" />
      <Owners>
        <Owner name="" />
      </Owners>
      <Execution id="3db2db90-24f0-4077-a4d4-d08c64bc5f66" />
      <TestMethod codeBase="C:\Users\Administrator\Documents\Visual Studio 2008\Projects\projectUDT_app\projektUDT_test\bin\Debug\projektUDT_test.dll" adapterTypeName="Microsoft.VisualStudio.TestTools.TestTypes.Unit.UnitTestAdapter, Microsoft.VisualStudio.QualityTools.Tips.UnitTest.Adapter, Version=9.0.0.0, Culture=neutral, PublicKeyToken=b03f5f7f11d50a3a" className="projektUDT_test.DBKoloTest, projektUDT_test" name="TestSelectKoloAreaCompute" />
    </UnitTest>
    <UnitTest name="TestInsertKwadratSuccess" storage="c:\users\administrator\documents\visual studio 2008\projects\projectudt_app\projektudt_test\bin\debug\projektudt_test.dll" id="1e1a5f96-ef22-f23c-8b8d-0e21cb07bffe">
      <Css projectStructure="" iteration="" />
      <Owners>
        <Owner name="" />
      </Owners>
      <Execution id="0a4e50b9-e1a5-470e-8301-909fbfc0046b" />
      <TestMethod codeBase="C:\Users\Administrator\Documents\Visual Studio 2008\Projects\projectUDT_app\projektUDT_test\bin\Debug\projektUDT_test.dll" adapterTypeName="Microsoft.VisualStudio.TestTools.TestTypes.Unit.UnitTestAdapter, Microsoft.VisualStudio.QualityTools.Tips.UnitTest.Adapter, Version=9.0.0.0, Culture=neutral, PublicKeyToken=b03f5f7f11d50a3a" className="projektUDT_test.DBKwadratTest, projektUDT_test" name="TestInsertKwadratSuccess" />
    </UnitTest>
  </TestDefinitions>
  <TestLists>
    <TestList name="Results Not in a List" id="8c84fa94-04c1-424b-9868-57a2d4851a1d" />
    <TestList name="All Loaded Results" id="19431567-8539-422a-85d7-44ee4e166bda" />
  </TestLists>
  <TestEntries>
    <TestEntry testId="0813a515-3ebd-f4bb-9bb9-62500a0149a1" executionId="c2dba01b-9db6-4698-b66c-43de9019507f" testListId="8c84fa94-04c1-424b-9868-57a2d4851a1d" />
    <TestEntry testId="0fab764c-75a8-407a-43ad-efea69145116" executionId="8cbbdc5f-1bbe-4d48-be3e-ac270a017781" testListId="8c84fa94-04c1-424b-9868-57a2d4851a1d" />
    <TestEntry testId="15464a37-67d6-2057-a20c-6cffd2682675" executionId="ec883afe-2a7b-420d-9e26-0f17ac3cd917" testListId="8c84fa94-04c1-424b-9868-57a2d4851a1d" />
    <TestEntry testId="156b1351-6c75-15cd-8c27-f501243014d9" executionId="c67bab62-492f-4d73-a1e9-0f9b53f021b7" testListId="8c84fa94-04c1-424b-9868-57a2d4851a1d" />
    <TestEntry testId="1969a1ec-11c6-383f-9b6e-99aab4ff6f03" executionId="aa7ce60f-4ef5-4d8b-9c19-da5702162a77" testListId="8c84fa94-04c1-424b-9868-57a2d4851a1d" />
    <TestEntry testId="1acbd862-75d6-e304-b107-a6a8c0809408" executionId="0b3b72e2-3e90-4006-b05e-3dc78489b520" testListId="8c84fa94-04c1-424b-9868-57a2d4851a1d" />
    <TestEntry testId="1aee9c95-504f-b8d9-431f-44fccaeeb976" executionId="b3d4c731-1094-4105-ba43-03b8dc62dcc3" testListId="8c84fa94-04c1-424b-9868-57a2d4851a1d" />
    <TestEntry testId="1df4791d-2dc1-4b60-2894-c68ce5ed544e" executionId="d6766137-9126-45ee-b0ea-bfb5a7ccb8c3" testListId="8c84fa94-04c1-424b-9868-57a2d4851a1d" />
    <TestEntry testId="1e1a5f96-ef22-f23c-8b8d-0e21cb07bffe" executionId="0a4e50b9-e1a5-470e-8301-909fbfc0046b" testListId="8c84fa94-04c1-424b-9868-57a2d4851a1d" />
    <TestEntry testId="1ec2bc70-7a65-50c2-95ae-5b627f109b04" executionId="3e146773-911a-4f5a-ba84-ab00ebda04c5" testListId="8c84fa94-04c1-424b-9868-57a2d4851a1d" />
    <TestEntry testId="20e5ce5e-412b-0412-3675-2c324a195017" executionId="45bd0e4c-a811-4a85-b2f0-b4204bc07ed2" testListId="8c84fa94-04c1-424b-9868-57a2d4851a1d" />
    <TestEntry testId="23f6dded-c830-4d0c-83a3-c25c4f3d19cf" executionId="1298c3b2-d015-4a04-a93b-2bbdd60fc6eb" testListId="8c84fa94-04c1-424b-9868-57a2d4851a1d" />
    <TestEntry testId="2469e82d-cd73-2139-bab4-3aafbd982337" executionId="c2449738-ca1e-4cbc-8dc3-05512bfbe238" testListId="8c84fa94-04c1-424b-9868-57a2d4851a1d" />
    <TestEntry testId="28ce0bcc-d96c-f59b-673c-d39894547743" executionId="a01cd17a-be1d-42db-adea-598549af8ccb" testListId="8c84fa94-04c1-424b-9868-57a2d4851a1d" />
    <TestEntry testId="2c4f2f3a-9265-b698-dec9-c59ec0a35fda" executionId="f9e1c643-2987-4c8c-86b5-d780f6d5e2bb" testListId="8c84fa94-04c1-424b-9868-57a2d4851a1d" />
    <TestEntry testId="333eb129-0b3d-9d37-de3e-de520fa29e3f" executionId="45299a1f-f252-4afb-b948-7b66275008f3" testListId="8c84fa94-04c1-424b-9868-57a2d4851a1d" />
    <TestEntry testId="38ccb642-e60a-164c-2de4-855f34cb4f7d" executionId="7464b2df-6b02-45af-94fc-c49b622bc09b" testListId="8c84fa94-04c1-424b-9868-57a2d4851a1d" />
    <TestEntry testId="3b34309c-57d5-7452-250c-882a435e4730" executionId="87d4be24-1481-4db7-8b35-9a7e74b7c2c1" testListId="8c84fa94-04c1-424b-9868-57a2d4851a1d" />
    <TestEntry testId="463943f8-dc58-8b95-a66b-9a434dde6ca7" executionId="2c86a367-af56-4711-b6d0-1ea53a3487b1" testListId="8c84fa94-04c1-424b-9868-57a2d4851a1d" />
    <TestEntry testId="46484df8-917e-4249-844a-b14cd5048541" executionId="66d9c961-b596-4141-a4f9-c7bdf9bc1d25" testListId="8c84fa94-04c1-424b-9868-57a2d4851a1d" />
    <TestEntry testId="47dfee26-177b-4b52-80d0-b1a2d92d3267" executionId="93b78762-50f2-4d02-ab3d-34afa3b488a9" testListId="8c84fa94-04c1-424b-9868-57a2d4851a1d" />
    <TestEntry testId="4bd872e7-b72d-78d8-3d82-4785f819026b" executionId="08fe948f-8a21-47d0-9540-f8cfa811d133" testListId="8c84fa94-04c1-424b-9868-57a2d4851a1d" />
    <TestEntry testId="528a7332-e692-0518-53e3-12bc051966ba" executionId="a58c1786-973c-4399-8c56-0fb705ec6c1a" testListId="8c84fa94-04c1-424b-9868-57a2d4851a1d" />
    <TestEntry testId="531770c7-1ed7-4ad9-fb2b-db49b19ba5d2" executionId="294deb35-d427-4ca2-949c-4c3cffdca0bd" testListId="8c84fa94-04c1-424b-9868-57a2d4851a1d" />
    <TestEntry testId="536cd68c-c085-b510-7f5d-73dadd7a91a6" executionId="f902a9de-f6db-4d16-b92f-d656953a305a" testListId="8c84fa94-04c1-424b-9868-57a2d4851a1d" />
    <TestEntry testId="56cf5c65-a0ae-b8dc-b2c0-d81d7c60f19e" executionId="634154f4-15d3-42a8-baa8-c06a54ab8a42" testListId="8c84fa94-04c1-424b-9868-57a2d4851a1d" />
    <TestEntry testId="571854a7-36fb-863d-84dc-39e1bc8b9210" executionId="1eee54b4-13a1-4488-a0e7-5ea17371894d" testListId="8c84fa94-04c1-424b-9868-57a2d4851a1d" />
    <TestEntry testId="57aadacb-a3ac-11c0-4451-c0b5eaf9f8f3" executionId="a59cb08c-b8c0-4017-b358-a34abd46960c" testListId="8c84fa94-04c1-424b-9868-57a2d4851a1d" />
    <TestEntry testId="5bfa5d26-c774-d4de-7033-ad987e78bf1b" executionId="cde8c836-0466-471f-8e18-7f8ca106ce39" testListId="8c84fa94-04c1-424b-9868-57a2d4851a1d" />
    <TestEntry testId="5d05e37c-57df-a219-8b4d-4c6d5d01a8c1" executionId="85d44470-8a00-4f0a-9902-fa896cb0c3f3" testListId="8c84fa94-04c1-424b-9868-57a2d4851a1d" />
    <TestEntry testId="5ec7b518-4fc2-5ad5-2ba6-59df81885483" executionId="ca559d08-7609-444c-83fd-d1e68573f69d" testListId="8c84fa94-04c1-424b-9868-57a2d4851a1d" />
    <TestEntry testId="6164a6e3-8647-4c0b-1f76-462247d42f0b" executionId="884b5332-38f3-4e47-980e-c65f47db0545" testListId="8c84fa94-04c1-424b-9868-57a2d4851a1d" />
    <TestEntry testId="6307ee8f-1847-c00e-f90f-c6f5c7fd658d" executionId="61183562-60e6-497e-9952-d7a121eaddf1" testListId="8c84fa94-04c1-424b-9868-57a2d4851a1d" />
    <TestEntry testId="653617b9-2e7b-8fd4-3ff4-8b622fb2e7c6" executionId="84f59efd-083e-4742-8f58-8b7eae470617" testListId="8c84fa94-04c1-424b-9868-57a2d4851a1d" />
    <TestEntry testId="670f68db-eba6-a5b9-e059-8fd35bb0910c" executionId="3db2db90-24f0-4077-a4d4-d08c64bc5f66" testListId="8c84fa94-04c1-424b-9868-57a2d4851a1d" />
    <TestEntry testId="679a72f6-6f30-16cf-a81a-8bbb7e91987c" executionId="90531477-b79d-4a99-a4ce-855feb6f6423" testListId="8c84fa94-04c1-424b-9868-57a2d4851a1d" />
    <TestEntry testId="6b52ce5f-b05d-2fb6-3a22-7f0d206c197f" executionId="f4bf7f9a-67c2-4ce2-a4d4-f1454711cce8" testListId="8c84fa94-04c1-424b-9868-57a2d4851a1d" />
    <TestEntry testId="6f251bb3-9fcf-31d0-6116-53b68f700ed1" executionId="a73503ff-c7d2-45aa-828c-9274cae391ff" testListId="8c84fa94-04c1-424b-9868-57a2d4851a1d" />
    <TestEntry testId="78b788d1-f3e5-f543-582f-d7779a99251b" executionId="9f5371c1-bf61-4ab9-8f82-54d90608a488" testListId="8c84fa94-04c1-424b-9868-57a2d4851a1d" />
    <TestEntry testId="7952b3e5-c5be-8ed6-f131-a576d351d8cb" executionId="214e6e8c-eb10-49ad-89a9-d69892fb7e00" testListId="8c84fa94-04c1-424b-9868-57a2d4851a1d" />
    <TestEntry testId="797bfa1f-2a62-e77f-1110-154f0aef2d7f" executionId="6bd0d868-3a0d-485b-88af-f25816ace010" testListId="8c84fa94-04c1-424b-9868-57a2d4851a1d" />
    <TestEntry testId="7a6e6c6f-a642-6f4a-77f3-ce22472da4df" executionId="b4acf8e1-81ed-4785-8f07-312ed532464a" testListId="8c84fa94-04c1-424b-9868-57a2d4851a1d" />
    <TestEntry testId="7a73e62e-1009-e403-2336-e33c664a0c32" executionId="3995dd53-9e72-4913-8a6d-f614af83d0b4" testListId="8c84fa94-04c1-424b-9868-57a2d4851a1d" />
    <TestEntry testId="7b67ecb2-1b85-69b7-8dcb-87e73336d2fe" executionId="bfdbb2ce-ea0d-40cc-9842-008455ce513b" testListId="8c84fa94-04c1-424b-9868-57a2d4851a1d" />
    <TestEntry testId="7d748728-1f2e-f640-e5cf-6cd379d042ec" executionId="8edbbdf4-84b0-4a83-88df-aa6eaa746e1d" testListId="8c84fa94-04c1-424b-9868-57a2d4851a1d" />
    <TestEntry testId="7dd3deed-26fa-f3ca-d063-7cb7c326c390" executionId="166408cb-6774-482b-82e4-505540838f9a" testListId="8c84fa94-04c1-424b-9868-57a2d4851a1d" />
    <TestEntry testId="7f29ea62-211d-14d5-9ea4-1a810eee40e0" executionId="a90e2081-e85f-484f-afd6-7c7d5b9278ca" testListId="8c84fa94-04c1-424b-9868-57a2d4851a1d" />
    <TestEntry testId="89718daa-ced1-b364-0918-dff3cd0e239d" executionId="33bfbbb1-39af-4c70-b6db-4bf49ddbf2d0" testListId="8c84fa94-04c1-424b-9868-57a2d4851a1d" />
    <TestEntry testId="8fc690c1-c9c3-b073-e165-1b8fa5be9c16" executionId="841aecd6-3b4f-4b52-a0c5-8ccf1375e934" testListId="8c84fa94-04c1-424b-9868-57a2d4851a1d" />
    <TestEntry testId="90052179-4292-26c5-0039-d7835d898863" executionId="66423155-a0ef-4d26-8f49-5040dc524f88" testListId="8c84fa94-04c1-424b-9868-57a2d4851a1d" />
    <TestEntry testId="96e4cf1a-1cdd-c24d-7680-36dea9c9df89" executionId="a1bc1cd0-ab9f-4f8c-bbf4-8b44f118c8fe" testListId="8c84fa94-04c1-424b-9868-57a2d4851a1d" />
    <TestEntry testId="999fd6fc-eb1a-a1f3-c87e-f9a5a05afffa" executionId="6dd7e4d6-8fac-4c87-a240-66b1dd048591" testListId="8c84fa94-04c1-424b-9868-57a2d4851a1d" />
    <TestEntry testId="9b23a4e0-0fd1-3992-387c-e4df1d33d5f0" executionId="1283247e-6187-4afb-abaa-0d4379a42abb" testListId="8c84fa94-04c1-424b-9868-57a2d4851a1d" />
    <TestEntry testId="9d064bba-9227-7b5c-52bf-525d865b4abc" executionId="e67cc3d4-7876-43e2-821e-952da91a50ed" testListId="8c84fa94-04c1-424b-9868-57a2d4851a1d" />
    <TestEntry testId="9df9e8d4-89e3-8693-5393-45d41b262b3c" executionId="936b4d23-e193-498b-83d2-0a3cc6347ca2" testListId="8c84fa94-04c1-424b-9868-57a2d4851a1d" />
    <TestEntry testId="a2fd893c-ac55-30ef-b198-332b82d0a0b2" executionId="35cc649e-d015-4de1-b7bf-f9597942a4cf" testListId="8c84fa94-04c1-424b-9868-57a2d4851a1d" />
    <TestEntry testId="a31998fc-83ce-4acd-8027-0af56f66fff6" executionId="e889445e-f198-4222-ae16-ee541c6863ec" testListId="8c84fa94-04c1-424b-9868-57a2d4851a1d" />
    <TestEntry testId="a35798a2-aee6-5aba-8e42-078cbbd01558" executionId="efa94446-d1e6-4608-aa12-25604f772146" testListId="8c84fa94-04c1-424b-9868-57a2d4851a1d" />
    <TestEntry testId="a5cd231c-626c-6cc9-649b-017680a28730" executionId="2688b937-f11b-4ac5-852b-86e09922a1d9" testListId="8c84fa94-04c1-424b-9868-57a2d4851a1d" />
    <TestEntry testId="a93bf2b2-1d57-26ee-2580-ea3e179b5497" executionId="6a466336-bb16-4d23-b259-168cc9fcf329" testListId="8c84fa94-04c1-424b-9868-57a2d4851a1d" />
    <TestEntry testId="ac1a924e-387f-08b8-d449-f3776a0f90ae" executionId="a2bd5483-cedf-47bf-851b-0fd59683a683" testListId="8c84fa94-04c1-424b-9868-57a2d4851a1d" />
    <TestEntry testId="b0744a28-648c-fdb8-8f7b-fa72f10159d2" executionId="2653a49a-7eb9-4b16-abd1-84d3328585fd" testListId="8c84fa94-04c1-424b-9868-57a2d4851a1d" />
    <TestEntry testId="b0da2658-3efb-d9fa-bc2a-b6723415d976" executionId="36fca3b7-f1ed-445d-bce4-61ff6fca79ed" testListId="8c84fa94-04c1-424b-9868-57a2d4851a1d" />
    <TestEntry testId="b448142e-7c66-1f66-dd23-74a91becdf80" executionId="72450059-e295-4ec1-88dc-46e209ea00c9" testListId="8c84fa94-04c1-424b-9868-57a2d4851a1d" />
    <TestEntry testId="c3e3608c-c792-eb29-17af-36203c86819e" executionId="2fddae73-0a12-47cf-8527-149a9ddf4b8e" testListId="8c84fa94-04c1-424b-9868-57a2d4851a1d" />
    <TestEntry testId="c3f0029e-c53c-a3a6-b9ae-3244ff789540" executionId="5fa5a6ce-e0b4-4392-a03f-af62723c012e" testListId="8c84fa94-04c1-424b-9868-57a2d4851a1d" />
    <TestEntry testId="c61b96ec-2b37-4537-2710-67c2ffc69fcf" executionId="bbef7a66-22f1-42ad-ad6b-69821a5dc2b2" testListId="8c84fa94-04c1-424b-9868-57a2d4851a1d" />
    <TestEntry testId="cb3175f3-62a4-3574-ebe2-6fd28912f98f" executionId="28673da4-4fed-48ab-ad02-a20dbf7bac29" testListId="8c84fa94-04c1-424b-9868-57a2d4851a1d" />
    <TestEntry testId="ccec32d2-0874-7f4a-3cc7-18948b5e194b" executionId="6e7240c9-09a3-4dab-9f9a-3c4bc96657ee" testListId="8c84fa94-04c1-424b-9868-57a2d4851a1d" />
    <TestEntry testId="cdb3c195-1d00-e73c-1d5d-41027c8f9000" executionId="1d517167-4504-462f-a4ae-5517171d89aa" testListId="8c84fa94-04c1-424b-9868-57a2d4851a1d" />
    <TestEntry testId="d09bd673-7783-8887-9261-45dcf465d5bf" executionId="37e0e2a0-c917-4965-8e60-c186778cf725" testListId="8c84fa94-04c1-424b-9868-57a2d4851a1d" />
    <TestEntry testId="d4f1c64a-ccdd-07ce-2119-d3482135fa57" executionId="c345e647-d073-4aa2-ba66-bea7ae182300" testListId="8c84fa94-04c1-424b-9868-57a2d4851a1d" />
    <TestEntry testId="e6a54caf-9c84-2a08-7678-a59519ffb271" executionId="49f61b8f-38fe-4464-838e-bef0a1fa9453" testListId="8c84fa94-04c1-424b-9868-57a2d4851a1d" />
    <TestEntry testId="ec18d84e-ec3d-6351-012f-67d3cf3fd94f" executionId="20f77741-9b2c-40ab-923d-2363ff1db175" testListId="8c84fa94-04c1-424b-9868-57a2d4851a1d" />
    <TestEntry testId="ed7aea92-fb78-7480-8f5e-ffc022a352dd" executionId="168f6050-4229-49cf-8ea7-02c9183734d6" testListId="8c84fa94-04c1-424b-9868-57a2d4851a1d" />
    <TestEntry testId="ef4b238d-6caf-7d9d-89ac-16da780fea6d" executionId="18d6585c-5e7b-4082-94a5-c64b4e728f2a" testListId="8c84fa94-04c1-424b-9868-57a2d4851a1d" />
    <TestEntry testId="f24fdeb3-0fc4-838d-cc54-f15114e2cff4" executionId="6313b7a5-2f75-4edf-b528-5773353b355a" testListId="8c84fa94-04c1-424b-9868-57a2d4851a1d" />
    <TestEntry testId="f90e75f2-7719-8ed4-d1e2-b684bbc6ec2b" executionId="e6e290cc-1452-40cc-9d86-85596c8c125b" testListId="8c84fa94-04c1-424b-9868-57a2d4851a1d" />
    <TestEntry testId="faf64f4c-6717-0c72-22f6-b1812355dc11" executionId="d25cad8f-1dc4-4304-96ae-af8434f1dbb2" testListId="8c84fa94-04c1-424b-9868-57a2d4851a1d" />
    <TestEntry testId="fd97f871-078b-d14d-25cf-d01d4ec12977" executionId="28774708-02cd-4947-a522-afdbcf52019f" testListId="8c84fa94-04c1-424b-9868-57a2d4851a1d" />
    <TestEntry testId="ff93bc8e-a4e9-04de-d083-c3d55f578ad9" executionId="f9af1932-6482-469c-b7e3-d51f9a0ff249" testListId="8c84fa94-04c1-424b-9868-57a2d4851a1d" />
  </TestEntries>
  <Results>
    <UnitTestResult executionId="c2dba01b-9db6-4698-b66c-43de9019507f" testId="0813a515-3ebd-f4bb-9bb9-62500a0149a1" testName="TestInsertRownoleglobokFailWrongArgumentsNumber" computerName="MSSQLSERVER42" duration="00:00:00.0558652" startTime="2021-06-04T20:44:01.5160000+02:00" endTime="2021-06-04T20:44:01.7420000+02:00" testType="13cdc9d9-ddb5-4fa4-a97d-d965ccfc6d4b" outcome="Passed" testListId="8c84fa94-04c1-424b-9868-57a2d4851a1d">
      <Output>
      </Output>
    </UnitTestResult>
    <UnitTestResult executionId="8cbbdc5f-1bbe-4d48-be3e-ac270a017781" testId="0fab764c-75a8-407a-43ad-efea69145116" testName="TestExpection" computerName="MSSQLSERVER42" duration="00:00:00.0007565" startTime="2021-06-04T20:44:01.7460000+02:00" endTime="2021-06-04T20:44:01.7510000+02:00" testType="13cdc9d9-ddb5-4fa4-a97d-d965ccfc6d4b" outcome="Passed" testListId="8c84fa94-04c1-424b-9868-57a2d4851a1d">
      <Output>
      </Output>
    </UnitTestResult>
    <UnitTestResult executionId="ec883afe-2a7b-420d-9e26-0f17ac3cd917" testId="15464a37-67d6-2057-a20c-6cffd2682675" testName="TestInsertProstaFailWrongArgumentsNumber" computerName="MSSQLSERVER42" duration="00:00:00.0021883" startTime="2021-06-04T20:44:01.7520000+02:00" endTime="2021-06-04T20:44:01.7600000+02:00" testType="13cdc9d9-ddb5-4fa4-a97d-d965ccfc6d4b" outcome="Passed" testListId="8c84fa94-04c1-424b-9868-57a2d4851a1d">
      <Output>
      </Output>
    </UnitTestResult>
    <UnitTestResult executionId="c67bab62-492f-4d73-a1e9-0f9b53f021b7" testId="156b1351-6c75-15cd-8c27-f501243014d9" testName="TestInsertTrapezFailWrongArgumentsNumber" computerName="MSSQLSERVER42" duration="00:00:00.0016797" startTime="2021-06-04T20:44:01.7630000+02:00" endTime="2021-06-04T20:44:01.7670000+02:00" testType="13cdc9d9-ddb5-4fa4-a97d-d965ccfc6d4b" outcome="Passed" testListId="8c84fa94-04c1-424b-9868-57a2d4851a1d">
      <Output>
      </Output>
    </UnitTestResult>
    <UnitTestResult executionId="aa7ce60f-4ef5-4d8b-9c19-da5702162a77" testId="1969a1ec-11c6-383f-9b6e-99aab4ff6f03" testName="TestDeleteTrojkatSuccess" computerName="MSSQLSERVER42" duration="00:00:00.0038878" startTime="2021-06-04T20:44:01.7700000+02:00" endTime="2021-06-04T20:44:01.7760000+02:00" testType="13cdc9d9-ddb5-4fa4-a97d-d965ccfc6d4b" outcome="Passed" testListId="8c84fa94-04c1-424b-9868-57a2d4851a1d">
      <Output>
      </Output>
    </UnitTestResult>
    <UnitTestResult executionId="0b3b72e2-3e90-4006-b05e-3dc78489b520" testId="1acbd862-75d6-e304-b107-a6a8c0809408" testName="TestSelectKwadratLengthCompute" computerName="MSSQLSERVER42" duration="00:00:00.0031879" startTime="2021-06-04T20:44:01.7790000+02:00" endTime="2021-06-04T20:44:01.7850000+02:00" testType="13cdc9d9-ddb5-4fa4-a97d-d965ccfc6d4b" outcome="Passed" testListId="8c84fa94-04c1-424b-9868-57a2d4851a1d">
      <Output>
      </Output>
    </UnitTestResult>
    <UnitTestResult executionId="b3d4c731-1094-4105-ba43-03b8dc62dcc3" testId="1aee9c95-504f-b8d9-431f-44fccaeeb976" testName="TestDeleteTrojkatEmpty" computerName="MSSQLSERVER42" duration="00:00:00.0011829" startTime="2021-06-04T20:44:01.7870000+02:00" endTime="2021-06-04T20:44:01.7910000+02:00" testType="13cdc9d9-ddb5-4fa4-a97d-d965ccfc6d4b" outcome="Passed" testListId="8c84fa94-04c1-424b-9868-57a2d4851a1d">
      <Output>
      </Output>
    </UnitTestResult>
    <UnitTestResult executionId="d6766137-9126-45ee-b0ea-bfb5a7ccb8c3" testId="1df4791d-2dc1-4b60-2894-c68ce5ed544e" testName="TestInsertRownoleglobokSuccess" computerName="MSSQLSERVER42" duration="00:00:00.0013834" startTime="2021-06-04T20:44:01.7940000+02:00" endTime="2021-06-04T20:44:01.7970000+02:00" testType="13cdc9d9-ddb5-4fa4-a97d-d965ccfc6d4b" outcome="Passed" testListId="8c84fa94-04c1-424b-9868-57a2d4851a1d">
      <Output>
      </Output>
    </UnitTestResult>
    <UnitTestResult executionId="0a4e50b9-e1a5-470e-8301-909fbfc0046b" testId="1e1a5f96-ef22-f23c-8b8d-0e21cb07bffe" testName="TestInsertKwadratSuccess" computerName="MSSQLSERVER42" duration="00:00:00.0012779" startTime="2021-06-04T20:44:01.8000000+02:00" endTime="2021-06-04T20:44:01.8040000+02:00" testType="13cdc9d9-ddb5-4fa4-a97d-d965ccfc6d4b" outcome="Passed" testListId="8c84fa94-04c1-424b-9868-57a2d4851a1d">
      <Output>
      </Output>
    </UnitTestResult>
    <UnitTestResult executionId="3e146773-911a-4f5a-ba84-ab00ebda04c5" testId="1ec2bc70-7a65-50c2-95ae-5b627f109b04" testName="TestInsertKoloSuccess" computerName="MSSQLSERVER42" duration="00:00:00.0019397" startTime="2021-06-04T20:44:01.8070000+02:00" endTime="2021-06-04T20:44:01.8250000+02:00" testType="13cdc9d9-ddb5-4fa4-a97d-d965ccfc6d4b" outcome="Passed" testListId="8c84fa94-04c1-424b-9868-57a2d4851a1d">
      <Output>
      </Output>
    </UnitTestResult>
    <UnitTestResult executionId="45bd0e4c-a811-4a85-b2f0-b4204bc07ed2" testId="20e5ce5e-412b-0412-3675-2c324a195017" testName="TestDeleteRownoleglobokEmpty" computerName="MSSQLSERVER42" duration="00:00:00.0014840" startTime="2021-06-04T20:44:01.8280000+02:00" endTime="2021-06-04T20:44:01.8320000+02:00" testType="13cdc9d9-ddb5-4fa4-a97d-d965ccfc6d4b" outcome="Passed" testListId="8c84fa94-04c1-424b-9868-57a2d4851a1d">
      <Output>
      </Output>
    </UnitTestResult>
    <UnitTestResult executionId="1298c3b2-d015-4a04-a93b-2bbdd60fc6eb" testId="23f6dded-c830-4d0c-83a3-c25c4f3d19cf" testName="TestDeleteProstaEmpty" computerName="MSSQLSERVER42" duration="00:00:00.0043767" startTime="2021-06-04T20:44:01.8350000+02:00" endTime="2021-06-04T20:44:01.8490000+02:00" testType="13cdc9d9-ddb5-4fa4-a97d-d965ccfc6d4b" outcome="Passed" testListId="8c84fa94-04c1-424b-9868-57a2d4851a1d">
      <Output>
      </Output>
    </UnitTestResult>
    <UnitTestResult executionId="c2449738-ca1e-4cbc-8dc3-05512bfbe238" testId="2469e82d-cd73-2139-bab4-3aafbd982337" testName="TestProstokatType" computerName="MSSQLSERVER42" duration="00:00:00.0006326" startTime="2021-06-04T20:44:01.8530000+02:00" endTime="2021-06-04T20:44:01.8580000+02:00" testType="13cdc9d9-ddb5-4fa4-a97d-d965ccfc6d4b" outcome="Passed" testListId="8c84fa94-04c1-424b-9868-57a2d4851a1d">
      <Output>
      </Output>
    </UnitTestResult>
    <UnitTestResult executionId="a01cd17a-be1d-42db-adea-598549af8ccb" testId="28ce0bcc-d96c-f59b-673c-d39894547743" testName="TestSelectKwadratInfo" computerName="MSSQLSERVER42" duration="00:00:00.0036865" startTime="2021-06-04T20:44:01.8600000+02:00" endTime="2021-06-04T20:44:01.8660000+02:00" testType="13cdc9d9-ddb5-4fa4-a97d-d965ccfc6d4b" outcome="Passed" testListId="8c84fa94-04c1-424b-9868-57a2d4851a1d">
      <Output>
      </Output>
    </UnitTestResult>
    <UnitTestResult executionId="f9e1c643-2987-4c8c-86b5-d780f6d5e2bb" testId="2c4f2f3a-9265-b698-dec9-c59ec0a35fda" testName="TestInsertProstokatSuccess" computerName="MSSQLSERVER42" duration="00:00:00.0017028" startTime="2021-06-04T20:44:01.8690000+02:00" endTime="2021-06-04T20:44:01.8740000+02:00" testType="13cdc9d9-ddb5-4fa4-a97d-d965ccfc6d4b" outcome="Passed" testListId="8c84fa94-04c1-424b-9868-57a2d4851a1d">
      <Output>
      </Output>
    </UnitTestResult>
    <UnitTestResult executionId="45299a1f-f252-4afb-b948-7b66275008f3" testId="333eb129-0b3d-9d37-de3e-de520fa29e3f" testName="TestInsertTrojkatFailValidator" computerName="MSSQLSERVER42" duration="00:00:00.0017707" startTime="2021-06-04T20:44:01.8760000+02:00" endTime="2021-06-04T20:44:01.8810000+02:00" testType="13cdc9d9-ddb5-4fa4-a97d-d965ccfc6d4b" outcome="Passed" testListId="8c84fa94-04c1-424b-9868-57a2d4851a1d">
      <Output>
      </Output>
    </UnitTestResult>
    <UnitTestResult executionId="7464b2df-6b02-45af-94fc-c49b622bc09b" testId="38ccb642-e60a-164c-2de4-855f34cb4f7d" testName="TestSelectProstaAreaCompute" computerName="MSSQLSERVER42" duration="00:00:00.0026778" startTime="2021-06-04T20:44:01.8840000+02:00" endTime="2021-06-04T20:44:01.8890000+02:00" testType="13cdc9d9-ddb5-4fa4-a97d-d965ccfc6d4b" outcome="Passed" testListId="8c84fa94-04c1-424b-9868-57a2d4851a1d">
      <Output>
      </Output>
    </UnitTestResult>
    <UnitTestResult executionId="87d4be24-1481-4db7-8b35-9a7e74b7c2c1" testId="3b34309c-57d5-7452-250c-882a435e4730" testName="TestInsertRownoleglobokFailValidator" computerName="MSSQLSERVER42" duration="00:00:00.0015890" startTime="2021-06-04T20:44:01.8920000+02:00" endTime="2021-06-04T20:44:01.8960000+02:00" testType="13cdc9d9-ddb5-4fa4-a97d-d965ccfc6d4b" outcome="Passed" testListId="8c84fa94-04c1-424b-9868-57a2d4851a1d">
      <Output>
      </Output>
    </UnitTestResult>
    <UnitTestResult executionId="2c86a367-af56-4711-b6d0-1ea53a3487b1" testId="463943f8-dc58-8b95-a66b-9a434dde6ca7" testName="TestTrojkatType" computerName="MSSQLSERVER42" duration="00:00:00.0003421" startTime="2021-06-04T20:44:01.9410000+02:00" endTime="2021-06-04T20:44:01.9460000+02:00" testType="13cdc9d9-ddb5-4fa4-a97d-d965ccfc6d4b" outcome="Passed" testListId="8c84fa94-04c1-424b-9868-57a2d4851a1d">
      <Output>
      </Output>
    </UnitTestResult>
    <UnitTestResult executionId="66d9c961-b596-4141-a4f9-c7bdf9bc1d25" testId="46484df8-917e-4249-844a-b14cd5048541" testName="TestSelectTrojkatLengthCompute" computerName="MSSQLSERVER42" duration="00:00:00.0028721" startTime="2021-06-04T20:44:01.9470000+02:00" endTime="2021-06-04T20:44:01.9530000+02:00" testType="13cdc9d9-ddb5-4fa4-a97d-d965ccfc6d4b" outcome="Passed" testListId="8c84fa94-04c1-424b-9868-57a2d4851a1d">
      <Output>
      </Output>
    </UnitTestResult>
    <UnitTestResult executionId="93b78762-50f2-4d02-ab3d-34afa3b488a9" testId="47dfee26-177b-4b52-80d0-b1a2d92d3267" testName="TestSelectRownoleglobokAreaCompute" computerName="MSSQLSERVER42" duration="00:00:00.0022886" startTime="2021-06-04T20:44:01.9560000+02:00" endTime="2021-06-04T20:44:01.9610000+02:00" testType="13cdc9d9-ddb5-4fa4-a97d-d965ccfc6d4b" outcome="Passed" testListId="8c84fa94-04c1-424b-9868-57a2d4851a1d">
      <Output>
      </Output>
    </UnitTestResult>
    <UnitTestResult executionId="08fe948f-8a21-47d0-9540-f8cfa811d133" testId="4bd872e7-b72d-78d8-3d82-4785f819026b" testName="TestSelectTrojkatAreaCompute" computerName="MSSQLSERVER42" duration="00:00:00.0021844" startTime="2021-06-04T20:44:01.9630000+02:00" endTime="2021-06-04T20:44:01.9680000+02:00" testType="13cdc9d9-ddb5-4fa4-a97d-d965ccfc6d4b" outcome="Passed" testListId="8c84fa94-04c1-424b-9868-57a2d4851a1d">
      <Output>
      </Output>
    </UnitTestResult>
    <UnitTestResult executionId="a58c1786-973c-4399-8c56-0fb705ec6c1a" testId="528a7332-e692-0518-53e3-12bc051966ba" testName="TestDeleteProstokatEmpty" computerName="MSSQLSERVER42" duration="00:00:00.0015439" startTime="2021-06-04T20:44:01.9710000+02:00" endTime="2021-06-04T20:44:01.9750000+02:00" testType="13cdc9d9-ddb5-4fa4-a97d-d965ccfc6d4b" outcome="Passed" testListId="8c84fa94-04c1-424b-9868-57a2d4851a1d">
      <Output>
      </Output>
    </UnitTestResult>
    <UnitTestResult executionId="294deb35-d427-4ca2-949c-4c3cffdca0bd" testId="531770c7-1ed7-4ad9-fb2b-db49b19ba5d2" testName="TestSelectProstokatLengthCompute" computerName="MSSQLSERVER42" duration="00:00:00.0023854" startTime="2021-06-04T20:44:01.9780000+02:00" endTime="2021-06-04T20:44:01.9830000+02:00" testType="13cdc9d9-ddb5-4fa4-a97d-d965ccfc6d4b" outcome="Passed" testListId="8c84fa94-04c1-424b-9868-57a2d4851a1d">
      <Output>
      </Output>
    </UnitTestResult>
    <UnitTestResult executionId="f902a9de-f6db-4d16-b92f-d656953a305a" testId="536cd68c-c085-b510-7f5d-73dadd7a91a6" testName="TestSelectPunktInfo" computerName="MSSQLSERVER42" duration="00:00:00.0191005" startTime="2021-06-04T20:44:01.9860000+02:00" endTime="2021-06-04T20:44:02.0080000+02:00" testType="13cdc9d9-ddb5-4fa4-a97d-d965ccfc6d4b" outcome="Passed" testListId="8c84fa94-04c1-424b-9868-57a2d4851a1d">
      <Output>
      </Output>
    </UnitTestResult>
    <UnitTestResult executionId="634154f4-15d3-42a8-baa8-c06a54ab8a42" testId="56cf5c65-a0ae-b8dc-b2c0-d81d7c60f19e" testName="TestInsertTrapezSuccess" computerName="MSSQLSERVER42" duration="00:00:00.0020001" startTime="2021-06-04T20:44:02.0110000+02:00" endTime="2021-06-04T20:44:02.0160000+02:00" testType="13cdc9d9-ddb5-4fa4-a97d-d965ccfc6d4b" outcome="Passed" testListId="8c84fa94-04c1-424b-9868-57a2d4851a1d">
      <Output>
      </Output>
    </UnitTestResult>
    <UnitTestResult executionId="1eee54b4-13a1-4488-a0e7-5ea17371894d" testId="571854a7-36fb-863d-84dc-39e1bc8b9210" testName="TestTrapezType" computerName="MSSQLSERVER42" duration="00:00:00.0003280" startTime="2021-06-04T20:44:02.0180000+02:00" endTime="2021-06-04T20:44:02.0270000+02:00" testType="13cdc9d9-ddb5-4fa4-a97d-d965ccfc6d4b" outcome="Passed" testListId="8c84fa94-04c1-424b-9868-57a2d4851a1d">
      <Output>
      </Output>
    </UnitTestResult>
    <UnitTestResult executionId="a59cb08c-b8c0-4017-b358-a34abd46960c" testId="57aadacb-a3ac-11c0-4451-c0b5eaf9f8f3" testName="TestSelectProstokatInfo" computerName="MSSQLSERVER42" duration="00:00:00.0033268" startTime="2021-06-04T20:44:02.0290000+02:00" endTime="2021-06-04T20:44:02.0350000+02:00" testType="13cdc9d9-ddb5-4fa4-a97d-d965ccfc6d4b" outcome="Passed" testListId="8c84fa94-04c1-424b-9868-57a2d4851a1d">
      <Output>
      </Output>
    </UnitTestResult>
    <UnitTestResult executionId="cde8c836-0466-471f-8e18-7f8ca106ce39" testId="5bfa5d26-c774-d4de-7033-ad987e78bf1b" testName="TestDeletePunktSuccess" computerName="MSSQLSERVER42" duration="00:00:00.0025018" startTime="2021-06-04T20:44:02.0380000+02:00" endTime="2021-06-04T20:44:02.0430000+02:00" testType="13cdc9d9-ddb5-4fa4-a97d-d965ccfc6d4b" outcome="Passed" testListId="8c84fa94-04c1-424b-9868-57a2d4851a1d">
      <Output>
      </Output>
    </UnitTestResult>
    <UnitTestResult executionId="85d44470-8a00-4f0a-9902-fa896cb0c3f3" testId="5d05e37c-57df-a219-8b4d-4c6d5d01a8c1" testName="TestInsertPunktFailWrongArgumentsNumber" computerName="MSSQLSERVER42" duration="00:00:00.0017206" startTime="2021-06-04T20:44:02.0460000+02:00" endTime="2021-06-04T20:44:02.0500000+02:00" testType="13cdc9d9-ddb5-4fa4-a97d-d965ccfc6d4b" outcome="Passed" testListId="8c84fa94-04c1-424b-9868-57a2d4851a1d">
      <Output>
      </Output>
    </UnitTestResult>
    <UnitTestResult executionId="ca559d08-7609-444c-83fd-d1e68573f69d" testId="5ec7b518-4fc2-5ad5-2ba6-59df81885483" testName="TestInsertRownoleglobokFailWrongData" computerName="MSSQLSERVER42" duration="00:00:00.0017910" startTime="2021-06-04T20:44:02.0530000+02:00" endTime="2021-06-04T20:44:02.0580000+02:00" testType="13cdc9d9-ddb5-4fa4-a97d-d965ccfc6d4b" outcome="Passed" testListId="8c84fa94-04c1-424b-9868-57a2d4851a1d">
      <Output>
      </Output>
    </UnitTestResult>
    <UnitTestResult executionId="884b5332-38f3-4e47-980e-c65f47db0545" testId="6164a6e3-8647-4c0b-1f76-462247d42f0b" testName="TestSelectTrapezLengthCompute" computerName="MSSQLSERVER42" duration="00:00:00.0028594" startTime="2021-06-04T20:44:02.0600000+02:00" endTime="2021-06-04T20:44:02.0660000+02:00" testType="13cdc9d9-ddb5-4fa4-a97d-d965ccfc6d4b" outcome="Passed" testListId="8c84fa94-04c1-424b-9868-57a2d4851a1d">
      <Output>
      </Output>
    </UnitTestResult>
    <UnitTestResult executionId="61183562-60e6-497e-9952-d7a121eaddf1" testId="6307ee8f-1847-c00e-f90f-c6f5c7fd658d" testName="TestInsertKwadratFailWrongData" computerName="MSSQLSERVER42" duration="00:00:00.0019160" startTime="2021-06-04T20:44:02.0680000+02:00" endTime="2021-06-04T20:44:02.0730000+02:00" testType="13cdc9d9-ddb5-4fa4-a97d-d965ccfc6d4b" outcome="Passed" testListId="8c84fa94-04c1-424b-9868-57a2d4851a1d">
      <Output>
      </Output>
    </UnitTestResult>
    <UnitTestResult executionId="84f59efd-083e-4742-8f58-8b7eae470617" testId="653617b9-2e7b-8fd4-3ff4-8b622fb2e7c6" testName="TestInsertTrojkatFailWrongArgumentsNumber" computerName="MSSQLSERVER42" duration="00:00:00.0016154" startTime="2021-06-04T20:44:02.0760000+02:00" endTime="2021-06-04T20:44:02.0800000+02:00" testType="13cdc9d9-ddb5-4fa4-a97d-d965ccfc6d4b" outcome="Passed" testListId="8c84fa94-04c1-424b-9868-57a2d4851a1d">
      <Output>
      </Output>
    </UnitTestResult>
    <UnitTestResult executionId="3db2db90-24f0-4077-a4d4-d08c64bc5f66" testId="670f68db-eba6-a5b9-e059-8fd35bb0910c" testName="TestSelectKoloAreaCompute" computerName="MSSQLSERVER42" duration="00:00:00.0022457" startTime="2021-06-04T20:44:02.0830000+02:00" endTime="2021-06-04T20:44:02.0880000+02:00" testType="13cdc9d9-ddb5-4fa4-a97d-d965ccfc6d4b" outcome="Passed" testListId="8c84fa94-04c1-424b-9868-57a2d4851a1d">
      <Output>
      </Output>
    </UnitTestResult>
    <UnitTestResult executionId="90531477-b79d-4a99-a4ce-855feb6f6423" testId="679a72f6-6f30-16cf-a81a-8bbb7e91987c" testName="TestInsertProstaSuccess" computerName="MSSQLSERVER42" duration="00:00:00.0013218" startTime="2021-06-04T20:44:02.0900000+02:00" endTime="2021-06-04T20:44:02.0940000+02:00" testType="13cdc9d9-ddb5-4fa4-a97d-d965ccfc6d4b" outcome="Passed" testListId="8c84fa94-04c1-424b-9868-57a2d4851a1d">
      <Output>
      </Output>
    </UnitTestResult>
    <UnitTestResult executionId="f4bf7f9a-67c2-4ce2-a4d4-f1454711cce8" testId="6b52ce5f-b05d-2fb6-3a22-7f0d206c197f" testName="TestDeleteKoloEmpty" computerName="MSSQLSERVER42" duration="00:00:00.0014760" startTime="2021-06-04T20:44:02.0970000+02:00" endTime="2021-06-04T20:44:02.1010000+02:00" testType="13cdc9d9-ddb5-4fa4-a97d-d965ccfc6d4b" outcome="Passed" testListId="8c84fa94-04c1-424b-9868-57a2d4851a1d">
      <Output>
      </Output>
    </UnitTestResult>
    <UnitTestResult executionId="a73503ff-c7d2-45aa-828c-9274cae391ff" testId="6f251bb3-9fcf-31d0-6116-53b68f700ed1" testName="TestRownoleglobokType" computerName="MSSQLSERVER42" duration="00:00:00.0002383" startTime="2021-06-04T20:44:02.1040000+02:00" endTime="2021-06-04T20:44:02.1080000+02:00" testType="13cdc9d9-ddb5-4fa4-a97d-d965ccfc6d4b" outcome="Passed" testListId="8c84fa94-04c1-424b-9868-57a2d4851a1d">
      <Output>
      </Output>
    </UnitTestResult>
    <UnitTestResult executionId="9f5371c1-bf61-4ab9-8f82-54d90608a488" testId="78b788d1-f3e5-f543-582f-d7779a99251b" testName="TestSelectProstaLengthCompute" computerName="MSSQLSERVER42" duration="00:00:00.0029855" startTime="2021-06-04T20:44:02.1200000+02:00" endTime="2021-06-04T20:44:02.1260000+02:00" testType="13cdc9d9-ddb5-4fa4-a97d-d965ccfc6d4b" outcome="Passed" testListId="8c84fa94-04c1-424b-9868-57a2d4851a1d">
      <Output>
      </Output>
    </UnitTestResult>
    <UnitTestResult executionId="214e6e8c-eb10-49ad-89a9-d69892fb7e00" testId="7952b3e5-c5be-8ed6-f131-a576d351d8cb" testName="TestInsertProstokatFailWrongData" computerName="MSSQLSERVER42" duration="00:00:00.0018269" startTime="2021-06-04T20:44:02.1300000+02:00" endTime="2021-06-04T20:44:02.1340000+02:00" testType="13cdc9d9-ddb5-4fa4-a97d-d965ccfc6d4b" outcome="Passed" testListId="8c84fa94-04c1-424b-9868-57a2d4851a1d">
      <Output>
      </Output>
    </UnitTestResult>
    <UnitTestResult executionId="6bd0d868-3a0d-485b-88af-f25816ace010" testId="797bfa1f-2a62-e77f-1110-154f0aef2d7f" testName="TestInsertTrojkatSuccess" computerName="MSSQLSERVER42" duration="00:00:00.0014206" startTime="2021-06-04T20:44:02.1370000+02:00" endTime="2021-06-04T20:44:02.1410000+02:00" testType="13cdc9d9-ddb5-4fa4-a97d-d965ccfc6d4b" outcome="Passed" testListId="8c84fa94-04c1-424b-9868-57a2d4851a1d">
      <Output>
      </Output>
    </UnitTestResult>
    <UnitTestResult executionId="b4acf8e1-81ed-4785-8f07-312ed532464a" testId="7a6e6c6f-a642-6f4a-77f3-ce22472da4df" testName="TestKoloType" computerName="MSSQLSERVER42" duration="00:00:00.0002373" startTime="2021-06-04T20:44:02.1440000+02:00" endTime="2021-06-04T20:44:02.1480000+02:00" testType="13cdc9d9-ddb5-4fa4-a97d-d965ccfc6d4b" outcome="Passed" testListId="8c84fa94-04c1-424b-9868-57a2d4851a1d">
      <Output>
      </Output>
    </UnitTestResult>
    <UnitTestResult executionId="3995dd53-9e72-4913-8a6d-f614af83d0b4" testId="7a73e62e-1009-e403-2336-e33c664a0c32" testName="TestInsertPunktSuccess" computerName="MSSQLSERVER42" duration="00:00:00.0014784" startTime="2021-06-04T20:44:02.1500000+02:00" endTime="2021-06-04T20:44:02.1540000+02:00" testType="13cdc9d9-ddb5-4fa4-a97d-d965ccfc6d4b" outcome="Passed" testListId="8c84fa94-04c1-424b-9868-57a2d4851a1d">
      <Output>
      </Output>
    </UnitTestResult>
    <UnitTestResult executionId="bfdbb2ce-ea0d-40cc-9842-008455ce513b" testId="7b67ecb2-1b85-69b7-8dcb-87e73336d2fe" testName="TestPunktType" computerName="MSSQLSERVER42" duration="00:00:00.0002363" startTime="2021-06-04T20:44:02.1570000+02:00" endTime="2021-06-04T20:44:02.1610000+02:00" testType="13cdc9d9-ddb5-4fa4-a97d-d965ccfc6d4b" outcome="Passed" testListId="8c84fa94-04c1-424b-9868-57a2d4851a1d">
      <Output>
      </Output>
    </UnitTestResult>
    <UnitTestResult executionId="8edbbdf4-84b0-4a83-88df-aa6eaa746e1d" testId="7d748728-1f2e-f640-e5cf-6cd379d042ec" testName="TestSelectKoloInfo" computerName="MSSQLSERVER42" duration="00:00:00.0027562" startTime="2021-06-04T20:44:02.1630000+02:00" endTime="2021-06-04T20:44:02.1680000+02:00" testType="13cdc9d9-ddb5-4fa4-a97d-d965ccfc6d4b" outcome="Passed" testListId="8c84fa94-04c1-424b-9868-57a2d4851a1d">
      <Output>
      </Output>
    </UnitTestResult>
    <UnitTestResult executionId="166408cb-6774-482b-82e4-505540838f9a" testId="7dd3deed-26fa-f3ca-d063-7cb7c326c390" testName="TestDeleteKwadratSuccess" computerName="MSSQLSERVER42" duration="00:00:00.0025489" startTime="2021-06-04T20:44:02.1710000+02:00" endTime="2021-06-04T20:44:02.1770000+02:00" testType="13cdc9d9-ddb5-4fa4-a97d-d965ccfc6d4b" outcome="Passed" testListId="8c84fa94-04c1-424b-9868-57a2d4851a1d">
      <Output>
      </Output>
    </UnitTestResult>
    <UnitTestResult executionId="a90e2081-e85f-484f-afd6-7c7d5b9278ca" testId="7f29ea62-211d-14d5-9ea4-1a810eee40e0" testName="TestSelectPunktLengthCompute" computerName="MSSQLSERVER42" duration="00:00:00.0021688" startTime="2021-06-04T20:44:02.1790000+02:00" endTime="2021-06-04T20:44:02.1840000+02:00" testType="13cdc9d9-ddb5-4fa4-a97d-d965ccfc6d4b" outcome="Passed" testListId="8c84fa94-04c1-424b-9868-57a2d4851a1d">
      <Output>
      </Output>
    </UnitTestResult>
    <UnitTestResult executionId="33bfbbb1-39af-4c70-b6db-4bf49ddbf2d0" testId="89718daa-ced1-b364-0918-dff3cd0e239d" testName="TestSelectKoloLengthCompute" computerName="MSSQLSERVER42" duration="00:00:00.0023299" startTime="2021-06-04T20:44:02.1870000+02:00" endTime="2021-06-04T20:44:02.1920000+02:00" testType="13cdc9d9-ddb5-4fa4-a97d-d965ccfc6d4b" outcome="Passed" testListId="8c84fa94-04c1-424b-9868-57a2d4851a1d">
      <Output>
      </Output>
    </UnitTestResult>
    <UnitTestResult executionId="841aecd6-3b4f-4b52-a0c5-8ccf1375e934" testId="8fc690c1-c9c3-b073-e165-1b8fa5be9c16" testName="TestProstaType" computerName="MSSQLSERVER42" duration="00:00:00.0002369" startTime="2021-06-04T20:44:02.1950000+02:00" endTime="2021-06-04T20:44:02.1990000+02:00" testType="13cdc9d9-ddb5-4fa4-a97d-d965ccfc6d4b" outcome="Passed" testListId="8c84fa94-04c1-424b-9868-57a2d4851a1d">
      <Output>
      </Output>
    </UnitTestResult>
    <UnitTestResult executionId="66423155-a0ef-4d26-8f49-5040dc524f88" testId="90052179-4292-26c5-0039-d7835d898863" testName="xxxxxxxxxxTestResolveFigureTypeSuccess" computerName="MSSQLSERVER42" duration="00:00:00.0008619" startTime="2021-06-04T20:44:02.2000000+02:00" endTime="2021-06-04T20:44:02.2050000+02:00" testType="13cdc9d9-ddb5-4fa4-a97d-d965ccfc6d4b" outcome="Passed" testListId="8c84fa94-04c1-424b-9868-57a2d4851a1d">
      <Output>
      </Output>
    </UnitTestResult>
    <UnitTestResult executionId="a1bc1cd0-ab9f-4f8c-bbf4-8b44f118c8fe" testId="96e4cf1a-1cdd-c24d-7680-36dea9c9df89" testName="TestInsertTrojkatFailWrongData" computerName="MSSQLSERVER42" duration="00:00:00.0021277" startTime="2021-06-04T20:44:02.2070000+02:00" endTime="2021-06-04T20:44:02.2130000+02:00" testType="13cdc9d9-ddb5-4fa4-a97d-d965ccfc6d4b" outcome="Passed" testListId="8c84fa94-04c1-424b-9868-57a2d4851a1d">
      <Output>
      </Output>
    </UnitTestResult>
    <UnitTestResult executionId="6dd7e4d6-8fac-4c87-a240-66b1dd048591" testId="999fd6fc-eb1a-a1f3-c87e-f9a5a05afffa" testName="TestSelectRownoleglobokLengthCompute" computerName="MSSQLSERVER42" duration="00:00:00.0024644" startTime="2021-06-04T20:44:02.2140000+02:00" endTime="2021-06-04T20:44:02.2210000+02:00" testType="13cdc9d9-ddb5-4fa4-a97d-d965ccfc6d4b" outcome="Passed" testListId="8c84fa94-04c1-424b-9868-57a2d4851a1d">
      <Output>
      </Output>
    </UnitTestResult>
    <UnitTestResult executionId="1283247e-6187-4afb-abaa-0d4379a42abb" testId="9b23a4e0-0fd1-3992-387c-e4df1d33d5f0" testName="TestDeleteTrapezEmpty" computerName="MSSQLSERVER42" duration="00:00:00.0014802" startTime="2021-06-04T20:44:02.2220000+02:00" endTime="2021-06-04T20:44:02.2280000+02:00" testType="13cdc9d9-ddb5-4fa4-a97d-d965ccfc6d4b" outcome="Passed" testListId="8c84fa94-04c1-424b-9868-57a2d4851a1d">
      <Output>
      </Output>
    </UnitTestResult>
    <UnitTestResult executionId="e67cc3d4-7876-43e2-821e-952da91a50ed" testId="9d064bba-9227-7b5c-52bf-525d865b4abc" testName="TestSelectKwadratAreaCompute" computerName="MSSQLSERVER42" duration="00:00:00.0040449" startTime="2021-06-04T20:44:02.2290000+02:00" endTime="2021-06-04T20:44:02.2410000+02:00" testType="13cdc9d9-ddb5-4fa4-a97d-d965ccfc6d4b" outcome="Passed" testListId="8c84fa94-04c1-424b-9868-57a2d4851a1d">
      <Output>
      </Output>
    </UnitTestResult>
    <UnitTestResult executionId="936b4d23-e193-498b-83d2-0a3cc6347ca2" testId="9df9e8d4-89e3-8693-5393-45d41b262b3c" testName="TestSelectPunktAreaCompute" computerName="MSSQLSERVER42" duration="00:00:00.0022514" startTime="2021-06-04T20:44:02.2420000+02:00" endTime="2021-06-04T20:44:02.2490000+02:00" testType="13cdc9d9-ddb5-4fa4-a97d-d965ccfc6d4b" outcome="Passed" testListId="8c84fa94-04c1-424b-9868-57a2d4851a1d">
      <Output>
      </Output>
    </UnitTestResult>
    <UnitTestResult executionId="35cc649e-d015-4de1-b7bf-f9597942a4cf" testId="a2fd893c-ac55-30ef-b198-332b82d0a0b2" testName="TestDeleteProstaSuccess" computerName="MSSQLSERVER42" duration="00:00:00.0024758" startTime="2021-06-04T20:44:02.2500000+02:00" endTime="2021-06-04T20:44:02.2570000+02:00" testType="13cdc9d9-ddb5-4fa4-a97d-d965ccfc6d4b" outcome="Passed" testListId="8c84fa94-04c1-424b-9868-57a2d4851a1d">
      <Output>
      </Output>
    </UnitTestResult>
    <UnitTestResult executionId="e889445e-f198-4222-ae16-ee541c6863ec" testId="a31998fc-83ce-4acd-8027-0af56f66fff6" testName="TestDeleteTrapezSuccess" computerName="MSSQLSERVER42" duration="00:00:00.0022648" startTime="2021-06-04T20:44:02.2580000+02:00" endTime="2021-06-04T20:44:02.2650000+02:00" testType="13cdc9d9-ddb5-4fa4-a97d-d965ccfc6d4b" outcome="Passed" testListId="8c84fa94-04c1-424b-9868-57a2d4851a1d">
      <Output>
      </Output>
    </UnitTestResult>
    <UnitTestResult executionId="efa94446-d1e6-4608-aa12-25604f772146" testId="a35798a2-aee6-5aba-8e42-078cbbd01558" testName="TestInsertTrapezFailWrongData" computerName="MSSQLSERVER42" duration="00:00:00.0018570" startTime="2021-06-04T20:44:02.2670000+02:00" endTime="2021-06-04T20:44:02.2730000+02:00" testType="13cdc9d9-ddb5-4fa4-a97d-d965ccfc6d4b" outcome="Passed" testListId="8c84fa94-04c1-424b-9868-57a2d4851a1d">
      <Output>
      </Output>
    </UnitTestResult>
    <UnitTestResult executionId="2688b937-f11b-4ac5-852b-86e09922a1d9" testId="a5cd231c-626c-6cc9-649b-017680a28730" testName="TestSelectProstokatAreaCompute" computerName="MSSQLSERVER42" duration="00:00:00.0025283" startTime="2021-06-04T20:44:02.2750000+02:00" endTime="2021-06-04T20:44:02.2810000+02:00" testType="13cdc9d9-ddb5-4fa4-a97d-d965ccfc6d4b" outcome="Passed" testListId="8c84fa94-04c1-424b-9868-57a2d4851a1d">
      <Output>
      </Output>
    </UnitTestResult>
    <UnitTestResult executionId="6a466336-bb16-4d23-b259-168cc9fcf329" testId="a93bf2b2-1d57-26ee-2580-ea3e179b5497" testName="TestSelectTrapezInfo" computerName="MSSQLSERVER42" duration="00:00:00.0027949" startTime="2021-06-04T20:44:02.2830000+02:00" endTime="2021-06-04T20:44:02.2930000+02:00" testType="13cdc9d9-ddb5-4fa4-a97d-d965ccfc6d4b" outcome="Passed" testListId="8c84fa94-04c1-424b-9868-57a2d4851a1d">
      <Output>
      </Output>
    </UnitTestResult>
    <UnitTestResult executionId="a2bd5483-cedf-47bf-851b-0fd59683a683" testId="ac1a924e-387f-08b8-d449-f3776a0f90ae" testName="TestDeleteRownoleglobokSuccess" computerName="MSSQLSERVER42" duration="00:00:00.0024294" startTime="2021-06-04T20:44:02.2940000+02:00" endTime="2021-06-04T20:44:02.3010000+02:00" testType="13cdc9d9-ddb5-4fa4-a97d-d965ccfc6d4b" outcome="Passed" testListId="8c84fa94-04c1-424b-9868-57a2d4851a1d">
      <Output>
      </Output>
    </UnitTestResult>
    <UnitTestResult executionId="2653a49a-7eb9-4b16-abd1-84d3328585fd" testId="b0744a28-648c-fdb8-8f7b-fa72f10159d2" testName="TestSelectRownoleglobokInfo" computerName="MSSQLSERVER42" duration="00:00:00.0027293" startTime="2021-06-04T20:44:02.3030000+02:00" endTime="2021-06-04T20:44:02.3090000+02:00" testType="13cdc9d9-ddb5-4fa4-a97d-d965ccfc6d4b" outcome="Passed" testListId="8c84fa94-04c1-424b-9868-57a2d4851a1d">
      <Output>
      </Output>
    </UnitTestResult>
    <UnitTestResult executionId="36fca3b7-f1ed-445d-bce4-61ff6fca79ed" testId="b0da2658-3efb-d9fa-bc2a-b6723415d976" testName="TestSelectTrojkatInfo" computerName="MSSQLSERVER42" duration="00:00:00.0028813" startTime="2021-06-04T20:44:02.3110000+02:00" endTime="2021-06-04T20:44:02.3190000+02:00" testType="13cdc9d9-ddb5-4fa4-a97d-d965ccfc6d4b" outcome="Passed" testListId="8c84fa94-04c1-424b-9868-57a2d4851a1d">
      <Output>
      </Output>
    </UnitTestResult>
    <UnitTestResult executionId="72450059-e295-4ec1-88dc-46e209ea00c9" testId="b448142e-7c66-1f66-dd23-74a91becdf80" testName="TestInsertTrapezFailValidator" computerName="MSSQLSERVER42" duration="00:00:00.0018153" startTime="2021-06-04T20:44:02.3200000+02:00" endTime="2021-06-04T20:44:02.3260000+02:00" testType="13cdc9d9-ddb5-4fa4-a97d-d965ccfc6d4b" outcome="Passed" testListId="8c84fa94-04c1-424b-9868-57a2d4851a1d">
      <Output>
      </Output>
    </UnitTestResult>
    <UnitTestResult executionId="2fddae73-0a12-47cf-8527-149a9ddf4b8e" testId="c3e3608c-c792-eb29-17af-36203c86819e" testName="TestSelectProstaInfo" computerName="MSSQLSERVER42" duration="00:00:00.0030392" startTime="2021-06-04T20:44:02.3270000+02:00" endTime="2021-06-04T20:44:02.3340000+02:00" testType="13cdc9d9-ddb5-4fa4-a97d-d965ccfc6d4b" outcome="Passed" testListId="8c84fa94-04c1-424b-9868-57a2d4851a1d">
      <Output>
      </Output>
    </UnitTestResult>
    <UnitTestResult executionId="5fa5a6ce-e0b4-4392-a03f-af62723c012e" testId="c3f0029e-c53c-a3a6-b9ae-3244ff789540" testName="TestDeleteProstokatSuccess" computerName="MSSQLSERVER42" duration="00:00:00.0025411" startTime="2021-06-04T20:44:02.3360000+02:00" endTime="2021-06-04T20:44:02.3430000+02:00" testType="13cdc9d9-ddb5-4fa4-a97d-d965ccfc6d4b" outcome="Passed" testListId="8c84fa94-04c1-424b-9868-57a2d4851a1d">
      <Output>
      </Output>
    </UnitTestResult>
    <UnitTestResult executionId="bbef7a66-22f1-42ad-ad6b-69821a5dc2b2" testId="c61b96ec-2b37-4537-2710-67c2ffc69fcf" testName="TestInsertKwadratFailWrongArgumentsNumber" computerName="MSSQLSERVER42" duration="00:00:00.0016790" startTime="2021-06-04T20:44:02.3440000+02:00" endTime="2021-06-04T20:44:02.3500000+02:00" testType="13cdc9d9-ddb5-4fa4-a97d-d965ccfc6d4b" outcome="Passed" testListId="8c84fa94-04c1-424b-9868-57a2d4851a1d">
      <Output>
      </Output>
    </UnitTestResult>
    <UnitTestResult executionId="28673da4-4fed-48ab-ad02-a20dbf7bac29" testId="cb3175f3-62a4-3574-ebe2-6fd28912f98f" testName="TestDeletePunktEmpty" computerName="MSSQLSERVER42" duration="00:00:00.0015070" startTime="2021-06-04T20:44:02.3510000+02:00" endTime="2021-06-04T20:44:02.3570000+02:00" testType="13cdc9d9-ddb5-4fa4-a97d-d965ccfc6d4b" outcome="Passed" testListId="8c84fa94-04c1-424b-9868-57a2d4851a1d">
      <Output>
      </Output>
    </UnitTestResult>
    <UnitTestResult executionId="6e7240c9-09a3-4dab-9f9a-3c4bc96657ee" testId="ccec32d2-0874-7f4a-3cc7-18948b5e194b" testName="TestDeleteKoloSuccess" computerName="MSSQLSERVER42" duration="00:00:00.0024843" startTime="2021-06-04T20:44:02.3580000+02:00" endTime="2021-06-04T20:44:02.3650000+02:00" testType="13cdc9d9-ddb5-4fa4-a97d-d965ccfc6d4b" outcome="Passed" testListId="8c84fa94-04c1-424b-9868-57a2d4851a1d">
      <Output>
      </Output>
    </UnitTestResult>
    <UnitTestResult executionId="1d517167-4504-462f-a4ae-5517171d89aa" testId="cdb3c195-1d00-e73c-1d5d-41027c8f9000" testName="TestInsertProstaFailValidator" computerName="MSSQLSERVER42" duration="00:00:00.0017151" startTime="2021-06-04T20:44:02.3670000+02:00" endTime="2021-06-04T20:44:02.3730000+02:00" testType="13cdc9d9-ddb5-4fa4-a97d-d965ccfc6d4b" outcome="Passed" testListId="8c84fa94-04c1-424b-9868-57a2d4851a1d">
      <Output>
      </Output>
    </UnitTestResult>
    <UnitTestResult executionId="37e0e2a0-c917-4965-8e60-c186778cf725" testId="d09bd673-7783-8887-9261-45dcf465d5bf" testName="TestInsertProstokatFailWrongArgumentsNumber" computerName="MSSQLSERVER42" duration="00:00:00.0016149" startTime="2021-06-04T20:44:02.3740000+02:00" endTime="2021-06-04T20:44:02.3800000+02:00" testType="13cdc9d9-ddb5-4fa4-a97d-d965ccfc6d4b" outcome="Passed" testListId="8c84fa94-04c1-424b-9868-57a2d4851a1d">
      <Output>
      </Output>
    </UnitTestResult>
    <UnitTestResult executionId="c345e647-d073-4aa2-ba66-bea7ae182300" testId="d4f1c64a-ccdd-07ce-2119-d3482135fa57" testName="TestInsertKwadratFailValidator" computerName="MSSQLSERVER42" duration="00:00:00.0016214" startTime="2021-06-04T20:44:02.3810000+02:00" endTime="2021-06-04T20:44:02.3870000+02:00" testType="13cdc9d9-ddb5-4fa4-a97d-d965ccfc6d4b" outcome="Passed" testListId="8c84fa94-04c1-424b-9868-57a2d4851a1d">
      <Output>
      </Output>
    </UnitTestResult>
    <UnitTestResult executionId="49f61b8f-38fe-4464-838e-bef0a1fa9453" testId="e6a54caf-9c84-2a08-7678-a59519ffb271" testName="TestKwadratType" computerName="MSSQLSERVER42" duration="00:00:00.0002753" startTime="2021-06-04T20:44:02.3890000+02:00" endTime="2021-06-04T20:44:02.3940000+02:00" testType="13cdc9d9-ddb5-4fa4-a97d-d965ccfc6d4b" outcome="Passed" testListId="8c84fa94-04c1-424b-9868-57a2d4851a1d">
      <Output>
      </Output>
    </UnitTestResult>
    <UnitTestResult executionId="20f77741-9b2c-40ab-923d-2363ff1db175" testId="ec18d84e-ec3d-6351-012f-67d3cf3fd94f" testName="TestDeleteKwadratEmpty" computerName="MSSQLSERVER42" duration="00:00:00.0015941" startTime="2021-06-04T20:44:02.3960000+02:00" endTime="2021-06-04T20:44:02.4010000+02:00" testType="13cdc9d9-ddb5-4fa4-a97d-d965ccfc6d4b" outcome="Passed" testListId="8c84fa94-04c1-424b-9868-57a2d4851a1d">
      <Output>
      </Output>
    </UnitTestResult>
    <UnitTestResult executionId="168f6050-4229-49cf-8ea7-02c9183734d6" testId="ed7aea92-fb78-7480-8f5e-ffc022a352dd" testName="TestInsertPunktFailWrongData" computerName="MSSQLSERVER42" duration="00:00:00.0018572" startTime="2021-06-04T20:44:02.4030000+02:00" endTime="2021-06-04T20:44:02.4090000+02:00" testType="13cdc9d9-ddb5-4fa4-a97d-d965ccfc6d4b" outcome="Passed" testListId="8c84fa94-04c1-424b-9868-57a2d4851a1d">
      <Output>
      </Output>
    </UnitTestResult>
    <UnitTestResult executionId="18d6585c-5e7b-4082-94a5-c64b4e728f2a" testId="ef4b238d-6caf-7d9d-89ac-16da780fea6d" testName="TestInsertProstaFailWrongData" computerName="MSSQLSERVER42" duration="00:00:00.0017546" startTime="2021-06-04T20:44:02.4100000+02:00" endTime="2021-06-04T20:44:02.4160000+02:00" testType="13cdc9d9-ddb5-4fa4-a97d-d965ccfc6d4b" outcome="Passed" testListId="8c84fa94-04c1-424b-9868-57a2d4851a1d">
      <Output>
      </Output>
    </UnitTestResult>
    <UnitTestResult executionId="6313b7a5-2f75-4edf-b528-5773353b355a" testId="f24fdeb3-0fc4-838d-cc54-f15114e2cff4" testName="TestInsertKoloFailWrongData" computerName="MSSQLSERVER42" duration="00:00:00.0017372" startTime="2021-06-04T20:44:02.4180000+02:00" endTime="2021-06-04T20:44:02.4230000+02:00" testType="13cdc9d9-ddb5-4fa4-a97d-d965ccfc6d4b" outcome="Passed" testListId="8c84fa94-04c1-424b-9868-57a2d4851a1d">
      <Output>
      </Output>
    </UnitTestResult>
    <UnitTestResult executionId="e6e290cc-1452-40cc-9d86-85596c8c125b" testId="f90e75f2-7719-8ed4-d1e2-b684bbc6ec2b" testName="TestInsertKoloFailValidator" computerName="MSSQLSERVER42" duration="00:00:00.0016394" startTime="2021-06-04T20:44:02.4250000+02:00" endTime="2021-06-04T20:44:02.4300000+02:00" testType="13cdc9d9-ddb5-4fa4-a97d-d965ccfc6d4b" outcome="Passed" testListId="8c84fa94-04c1-424b-9868-57a2d4851a1d">
      <Output>
      </Output>
    </UnitTestResult>
    <UnitTestResult executionId="d25cad8f-1dc4-4304-96ae-af8434f1dbb2" testId="faf64f4c-6717-0c72-22f6-b1812355dc11" testName="TestSelectTrapezAreaCompute" computerName="MSSQLSERVER42" duration="00:00:00.0024211" startTime="2021-06-04T20:44:02.4320000+02:00" endTime="2021-06-04T20:44:02.4390000+02:00" testType="13cdc9d9-ddb5-4fa4-a97d-d965ccfc6d4b" outcome="Passed" testListId="8c84fa94-04c1-424b-9868-57a2d4851a1d">
      <Output>
      </Output>
    </UnitTestResult>
    <UnitTestResult executionId="28774708-02cd-4947-a522-afdbcf52019f" testId="fd97f871-078b-d14d-25cf-d01d4ec12977" testName="TestInsertKoloFailWrongArgumentsNumber" computerName="MSSQLSERVER42" duration="00:00:00.0016618" startTime="2021-06-04T20:44:02.4400000+02:00" endTime="2021-06-04T20:44:02.4460000+02:00" testType="13cdc9d9-ddb5-4fa4-a97d-d965ccfc6d4b" outcome="Passed" testListId="8c84fa94-04c1-424b-9868-57a2d4851a1d">
      <Output>
      </Output>
    </UnitTestResult>
    <UnitTestResult executionId="f9af1932-6482-469c-b7e3-d51f9a0ff249" testId="ff93bc8e-a4e9-04de-d083-c3d55f578ad9" testName="TestInsertProstokatFailValidator" computerName="MSSQLSERVER42" duration="00:00:00.0015728" startTime="2021-06-04T20:44:02.4470000+02:00" endTime="2021-06-04T20:44:02.4530000+02:00" testType="13cdc9d9-ddb5-4fa4-a97d-d965ccfc6d4b" outcome="Passed" testListId="8c84fa94-04c1-424b-9868-57a2d4851a1d">
      <Output>
      </Output>
    </UnitTestResult>
  </Results>
</TestRun>