<?xml version="1.0" encoding="UTF-8"?>
<TestRun id="307270dd-90a3-49de-a8e4-91ca37eaa5e4" name="Administrator@MSSQLSERVER42 2021-06-06 02:15:29" runUser="MSSQLSERVER42\Administrator" xmlns="http://microsoft.com/schemas/VisualStudio/TeamTest/2006">
  <TestRunConfiguration name="Local Test Run" id="bfca1e92-730a-4b5e-9ae2-5bdd31b89376">
    <Description>This is a default test run configuration for a local test run.</Description>
    <Deployment runDeploymentRoot="C:\Users\Administrator\Documents\Visual Studio 2008\Projects\projectUDT_app\TestResults\Administrator_MSSQLSERVER42 2021-06-06 02_15_29">
      <DeploymentItem filename="C:\Users\Administrator\Documents\Visual Studio 2008\Projects\projectUDT_app\projectUDT_app\bin\Debug\projectUDT_app.exe" />
    </Deployment>
    <TestTypeSpecific />
  </TestRunConfiguration>
  <ResultSummary outcome="Completed">
    <Counters total="84" executed="84" passed="84" error="0" failed="0" timeout="0" aborted="0" inconclusive="0" passedButRunAborted="0" notRunnable="0" notExecuted="0" disconnected="0" warning="0" completed="0" inProgress="0" pending="0" />
  </ResultSummary>
  <Times creation="2021-06-06T02:15:29.4662862+02:00" queuing="2021-06-06T02:15:32.5702862+02:00" start="2021-06-06T02:15:32.9002862+02:00" finish="2021-06-06T02:15:36.4702862+02:00" />
  <TestDefinitions>
    <UnitTest name="TestTrapezType" storage="c:\users\administrator\documents\visual studio 2008\projects\projectudt_app\projektudt_test\bin\debug\projektudt_test.dll" id="571854a7-36fb-863d-84dc-39e1bc8b9210">
      <Css projectStructure="" iteration="" />
      <Owners>
        <Owner name="" />
      </Owners>
      <Execution id="5b81d4c4-63bf-4b34-bfc4-16fe73f889b4" />
      <TestMethod codeBase="C:\Users\Administrator\Documents\Visual Studio 2008\Projects\projectUDT_app\projektUDT_test\bin\Debug\projektUDT_test.dll" adapterTypeName="Microsoft.VisualStudio.TestTools.TestTypes.Unit.UnitTestAdapter, Microsoft.VisualStudio.QualityTools.Tips.UnitTest.Adapter, Version=9.0.0.0, Culture=neutral, PublicKeyToken=b03f5f7f11d50a3a" className="projektUDT_test.FiguresTest, projektUDT_test" name="TestTrapezType" />
    </UnitTest>
    <UnitTest name="TestInsertRownoleglobokFailWrongArgumentsNumber" storage="c:\users\administrator\documents\visual studio 2008\projects\projectudt_app\projektudt_test\bin\debug\projektudt_test.dll" id="0813a515-3ebd-f4bb-9bb9-62500a0149a1">
      <Css projectStructure="" iteration="" />
      <Owners>
        <Owner name="" />
      </Owners>
      <Execution id="617cdcfa-0d32-4352-b2e5-26a7b372672e" />
      <TestMethod codeBase="C:\Users\Administrator\Documents\Visual Studio 2008\Projects\projectUDT_app\projektUDT_test\bin\Debug\projektUDT_test.dll" adapterTypeName="Microsoft.VisualStudio.TestTools.TestTypes.Unit.UnitTestAdapter, Microsoft.VisualStudio.QualityTools.Tips.UnitTest.Adapter, Version=9.0.0.0, Culture=neutral, PublicKeyToken=b03f5f7f11d50a3a" className="projektUDT_test.DBRownoleglobokTest, projektUDT_test" name="TestInsertRownoleglobokFailWrongArgumentsNumber" />
    </UnitTest>
    <UnitTest name="TestSelectKwadratInfo" storage="c:\users\administrator\documents\visual studio 2008\projects\projectudt_app\projektudt_test\bin\debug\projektudt_test.dll" id="28ce0bcc-d96c-f59b-673c-d39894547743">
      <Css projectStructure="" iteration="" />
      <Owners>
        <Owner name="" />
      </Owners>
      <Execution id="5f8bb235-0fff-4d80-8c16-3bec86ae7156" />
      <TestMethod codeBase="C:\Users\Administrator\Documents\Visual Studio 2008\Projects\projectUDT_app\projektUDT_test\bin\Debug\projektUDT_test.dll" adapterTypeName="Microsoft.VisualStudio.TestTools.TestTypes.Unit.UnitTestAdapter, Microsoft.VisualStudio.QualityTools.Tips.UnitTest.Adapter, Version=9.0.0.0, Culture=neutral, PublicKeyToken=b03f5f7f11d50a3a" className="projektUDT_test.DBKwadratTest, projektUDT_test" name="TestSelectKwadratInfo" />
    </UnitTest>
    <UnitTest name="TestInsertPunktFailWrongData" storage="c:\users\administrator\documents\visual studio 2008\projects\projectudt_app\projektudt_test\bin\debug\projektudt_test.dll" id="ed7aea92-fb78-7480-8f5e-ffc022a352dd">
      <Css projectStructure="" iteration="" />
      <Owners>
        <Owner name="" />
      </Owners>
      <Execution id="6fbdb9c1-feb7-4b98-a891-07169617524a" />
      <TestMethod codeBase="C:\Users\Administrator\Documents\Visual Studio 2008\Projects\projectUDT_app\projektUDT_test\bin\Debug\projektUDT_test.dll" adapterTypeName="Microsoft.VisualStudio.TestTools.TestTypes.Unit.UnitTestAdapter, Microsoft.VisualStudio.QualityTools.Tips.UnitTest.Adapter, Version=9.0.0.0, Culture=neutral, PublicKeyToken=b03f5f7f11d50a3a" className="projektUDT_test.DBPunktTest, projektUDT_test" name="TestInsertPunktFailWrongData" />
    </UnitTest>
    <UnitTest name="TestSelectProstaAreaCompute" storage="c:\users\administrator\documents\visual studio 2008\projects\projectudt_app\projektudt_test\bin\debug\projektudt_test.dll" id="38ccb642-e60a-164c-2de4-855f34cb4f7d">
      <Css projectStructure="" iteration="" />
      <Owners>
        <Owner name="" />
      </Owners>
      <Execution id="e62986e0-87b8-46f9-8161-35211b4afafd" />
      <TestMethod codeBase="C:\Users\Administrator\Documents\Visual Studio 2008\Projects\projectUDT_app\projektUDT_test\bin\Debug\projektUDT_test.dll" adapterTypeName="Microsoft.VisualStudio.TestTools.TestTypes.Unit.UnitTestAdapter, Microsoft.VisualStudio.QualityTools.Tips.UnitTest.Adapter, Version=9.0.0.0, Culture=neutral, PublicKeyToken=b03f5f7f11d50a3a" className="projektUDT_test.DBProstaTest, projektUDT_test" name="TestSelectProstaAreaCompute" />
    </UnitTest>
    <UnitTest name="TestKwadratType" storage="c:\users\administrator\documents\visual studio 2008\projects\projectudt_app\projektudt_test\bin\debug\projektudt_test.dll" id="e6a54caf-9c84-2a08-7678-a59519ffb271">
      <Css projectStructure="" iteration="" />
      <Owners>
        <Owner name="" />
      </Owners>
      <Execution id="364bcabc-f1fd-461f-bba0-b9cdf1b9763f" />
      <TestMethod codeBase="C:\Users\Administrator\Documents\Visual Studio 2008\Projects\projectUDT_app\projektUDT_test\bin\Debug\projektUDT_test.dll" adapterTypeName="Microsoft.VisualStudio.TestTools.TestTypes.Unit.UnitTestAdapter, Microsoft.VisualStudio.QualityTools.Tips.UnitTest.Adapter, Version=9.0.0.0, Culture=neutral, PublicKeyToken=b03f5f7f11d50a3a" className="projektUDT_test.FiguresTest, projektUDT_test" name="TestKwadratType" />
    </UnitTest>
    <UnitTest name="TestDeleteProstokatEmpty" storage="c:\users\administrator\documents\visual studio 2008\projects\projectudt_app\projektudt_test\bin\debug\projektudt_test.dll" id="528a7332-e692-0518-53e3-12bc051966ba">
      <Css projectStructure="" iteration="" />
      <Owners>
        <Owner name="" />
      </Owners>
      <Execution id="52852347-5377-4fec-a468-ac7de1608efd" />
      <TestMethod codeBase="C:\Users\Administrator\Documents\Visual Studio 2008\Projects\projectUDT_app\projektUDT_test\bin\Debug\projektUDT_test.dll" adapterTypeName="Microsoft.VisualStudio.TestTools.TestTypes.Unit.UnitTestAdapter, Microsoft.VisualStudio.QualityTools.Tips.UnitTest.Adapter, Version=9.0.0.0, Culture=neutral, PublicKeyToken=b03f5f7f11d50a3a" className="projektUDT_test.DBProstokatTest, projektUDT_test" name="TestDeleteProstokatEmpty" />
    </UnitTest>
    <UnitTest name="TestInsertPunktFailWrongArgumentsNumber" storage="c:\users\administrator\documents\visual studio 2008\projects\projectudt_app\projektudt_test\bin\debug\projektudt_test.dll" id="5d05e37c-57df-a219-8b4d-4c6d5d01a8c1">
      <Css projectStructure="" iteration="" />
      <Owners>
        <Owner name="" />
      </Owners>
      <Execution id="2c2faa2f-14db-46b1-87fb-a43201d495ee" />
      <TestMethod codeBase="C:\Users\Administrator\Documents\Visual Studio 2008\Projects\projectUDT_app\projektUDT_test\bin\Debug\projektUDT_test.dll" adapterTypeName="Microsoft.VisualStudio.TestTools.TestTypes.Unit.UnitTestAdapter, Microsoft.VisualStudio.QualityTools.Tips.UnitTest.Adapter, Version=9.0.0.0, Culture=neutral, PublicKeyToken=b03f5f7f11d50a3a" className="projektUDT_test.DBPunktTest, projektUDT_test" name="TestInsertPunktFailWrongArgumentsNumber" />
    </UnitTest>
    <UnitTest name="TestInsertKwadratFailWrongArgumentsNumber" storage="c:\users\administrator\documents\visual studio 2008\projects\projectudt_app\projektudt_test\bin\debug\projektudt_test.dll" id="c61b96ec-2b37-4537-2710-67c2ffc69fcf">
      <Css projectStructure="" iteration="" />
      <Owners>
        <Owner name="" />
      </Owners>
      <Execution id="adf33432-6d03-460f-9a03-8898f2d22f99" />
      <TestMethod codeBase="C:\Users\Administrator\Documents\Visual Studio 2008\Projects\projectUDT_app\projektUDT_test\bin\Debug\projektUDT_test.dll" adapterTypeName="Microsoft.VisualStudio.TestTools.TestTypes.Unit.UnitTestAdapter, Microsoft.VisualStudio.QualityTools.Tips.UnitTest.Adapter, Version=9.0.0.0, Culture=neutral, PublicKeyToken=b03f5f7f11d50a3a" className="projektUDT_test.DBKwadratTest, projektUDT_test" name="TestInsertKwadratFailWrongArgumentsNumber" />
    </UnitTest>
    <UnitTest name="TestSelectPunktAreaCompute" storage="c:\users\administrator\documents\visual studio 2008\projects\projectudt_app\projektudt_test\bin\debug\projektudt_test.dll" id="9df9e8d4-89e3-8693-5393-45d41b262b3c">
      <Css projectStructure="" iteration="" />
      <Owners>
        <Owner name="" />
      </Owners>
      <Execution id="53955f96-da18-4ca2-83bb-1cd012004b7c" />
      <TestMethod codeBase="C:\Users\Administrator\Documents\Visual Studio 2008\Projects\projectUDT_app\projektUDT_test\bin\Debug\projektUDT_test.dll" adapterTypeName="Microsoft.VisualStudio.TestTools.TestTypes.Unit.UnitTestAdapter, Microsoft.VisualStudio.QualityTools.Tips.UnitTest.Adapter, Version=9.0.0.0, Culture=neutral, PublicKeyToken=b03f5f7f11d50a3a" className="projektUDT_test.DBPunktTest, projektUDT_test" name="TestSelectPunktAreaCompute" />
    </UnitTest>
    <UnitTest name="TestSelectTrapezInfo" storage="c:\users\administrator\documents\visual studio 2008\projects\projectudt_app\projektudt_test\bin\debug\projektudt_test.dll" id="a93bf2b2-1d57-26ee-2580-ea3e179b5497">
      <Css projectStructure="" iteration="" />
      <Owners>
        <Owner name="" />
      </Owners>
      <Execution id="dfe83850-599d-4bcd-9dd8-bfe4b7cdb97c" />
      <TestMethod codeBase="C:\Users\Administrator\Documents\Visual Studio 2008\Projects\projectUDT_app\projektUDT_test\bin\Debug\projektUDT_test.dll" adapterTypeName="Microsoft.VisualStudio.TestTools.TestTypes.Unit.UnitTestAdapter, Microsoft.VisualStudio.QualityTools.Tips.UnitTest.Adapter, Version=9.0.0.0, Culture=neutral, PublicKeyToken=b03f5f7f11d50a3a" className="projektUDT_test.DBTrapezTest, projektUDT_test" name="TestSelectTrapezInfo" />
    </UnitTest>
    <UnitTest name="TestDeleteTrojkatSuccess" storage="c:\users\administrator\documents\visual studio 2008\projects\projectudt_app\projektudt_test\bin\debug\projektudt_test.dll" id="1969a1ec-11c6-383f-9b6e-99aab4ff6f03">
      <Css projectStructure="" iteration="" />
      <Owners>
        <Owner name="" />
      </Owners>
      <Execution id="513c4315-f035-450e-b8fd-78baa1376a0f" />
      <TestMethod codeBase="C:\Users\Administrator\Documents\Visual Studio 2008\Projects\projectUDT_app\projektUDT_test\bin\Debug\projektUDT_test.dll" adapterTypeName="Microsoft.VisualStudio.TestTools.TestTypes.Unit.UnitTestAdapter, Microsoft.VisualStudio.QualityTools.Tips.UnitTest.Adapter, Version=9.0.0.0, Culture=neutral, PublicKeyToken=b03f5f7f11d50a3a" className="projektUDT_test.DBTrojkatTest, projektUDT_test" name="TestDeleteTrojkatSuccess" />
    </UnitTest>
    <UnitTest name="TestInsertTrojkatFailValidator" storage="c:\users\administrator\documents\visual studio 2008\projects\projectudt_app\projektudt_test\bin\debug\projektudt_test.dll" id="333eb129-0b3d-9d37-de3e-de520fa29e3f">
      <Css projectStructure="" iteration="" />
      <Owners>
        <Owner name="" />
      </Owners>
      <Execution id="d51a5a26-3188-40e0-b08c-05024698f2c2" />
      <TestMethod codeBase="C:\Users\Administrator\Documents\Visual Studio 2008\Projects\projectUDT_app\projektUDT_test\bin\Debug\projektUDT_test.dll" adapterTypeName="Microsoft.VisualStudio.TestTools.TestTypes.Unit.UnitTestAdapter, Microsoft.VisualStudio.QualityTools.Tips.UnitTest.Adapter, Version=9.0.0.0, Culture=neutral, PublicKeyToken=b03f5f7f11d50a3a" className="projektUDT_test.DBTrojkatTest, projektUDT_test" name="TestInsertTrojkatFailValidator" />
    </UnitTest>
    <UnitTest name="TestSelectProstaLengthCompute" storage="c:\users\administrator\documents\visual studio 2008\projects\projectudt_app\projektudt_test\bin\debug\projektudt_test.dll" id="78b788d1-f3e5-f543-582f-d7779a99251b">
      <Css projectStructure="" iteration="" />
      <Owners>
        <Owner name="" />
      </Owners>
      <Execution id="1ef8d350-4333-46c7-bf6c-e64b1d02b486" />
      <TestMethod codeBase="C:\Users\Administrator\Documents\Visual Studio 2008\Projects\projectUDT_app\projektUDT_test\bin\Debug\projektUDT_test.dll" adapterTypeName="Microsoft.VisualStudio.TestTools.TestTypes.Unit.UnitTestAdapter, Microsoft.VisualStudio.QualityTools.Tips.UnitTest.Adapter, Version=9.0.0.0, Culture=neutral, PublicKeyToken=b03f5f7f11d50a3a" className="projektUDT_test.DBProstaTest, projektUDT_test" name="TestSelectProstaLengthCompute" />
    </UnitTest>
    <UnitTest name="TestInsertPunktSuccess" storage="c:\users\administrator\documents\visual studio 2008\projects\projectudt_app\projektudt_test\bin\debug\projektudt_test.dll" id="7a73e62e-1009-e403-2336-e33c664a0c32">
      <Css projectStructure="" iteration="" />
      <Owners>
        <Owner name="" />
      </Owners>
      <Execution id="48eebd07-2cf8-4508-b39c-3bdd8f8881ab" />
      <TestMethod codeBase="C:\Users\Administrator\Documents\Visual Studio 2008\Projects\projectUDT_app\projektUDT_test\bin\Debug\projektUDT_test.dll" adapterTypeName="Microsoft.VisualStudio.TestTools.TestTypes.Unit.UnitTestAdapter, Microsoft.VisualStudio.QualityTools.Tips.UnitTest.Adapter, Version=9.0.0.0, Culture=neutral, PublicKeyToken=b03f5f7f11d50a3a" className="projektUDT_test.DBPunktTest, projektUDT_test" name="TestInsertPunktSuccess" />
    </UnitTest>
    <UnitTest name="TestSelectRownoleglobokInfo" storage="c:\users\administrator\documents\visual studio 2008\projects\projectudt_app\projektudt_test\bin\debug\projektudt_test.dll" id="b0744a28-648c-fdb8-8f7b-fa72f10159d2">
      <Css projectStructure="" iteration="" />
      <Owners>
        <Owner name="" />
      </Owners>
      <Execution id="57ddceea-a635-4461-b601-50586b23e907" />
      <TestMethod codeBase="C:\Users\Administrator\Documents\Visual Studio 2008\Projects\projectUDT_app\projektUDT_test\bin\Debug\projektUDT_test.dll" adapterTypeName="Microsoft.VisualStudio.TestTools.TestTypes.Unit.UnitTestAdapter, Microsoft.VisualStudio.QualityTools.Tips.UnitTest.Adapter, Version=9.0.0.0, Culture=neutral, PublicKeyToken=b03f5f7f11d50a3a" className="projektUDT_test.DBRownoleglobokTest, projektUDT_test" name="TestSelectRownoleglobokInfo" />
    </UnitTest>
    <UnitTest name="TestDeleteRownoleglobokSuccess" storage="c:\users\administrator\documents\visual studio 2008\projects\projectudt_app\projektudt_test\bin\debug\projektudt_test.dll" id="ac1a924e-387f-08b8-d449-f3776a0f90ae">
      <Css projectStructure="" iteration="" />
      <Owners>
        <Owner name="" />
      </Owners>
      <Execution id="01ac6f55-0890-41dc-8861-559e7535d159" />
      <TestMethod codeBase="C:\Users\Administrator\Documents\Visual Studio 2008\Projects\projectUDT_app\projektUDT_test\bin\Debug\projektUDT_test.dll" adapterTypeName="Microsoft.VisualStudio.TestTools.TestTypes.Unit.UnitTestAdapter, Microsoft.VisualStudio.QualityTools.Tips.UnitTest.Adapter, Version=9.0.0.0, Culture=neutral, PublicKeyToken=b03f5f7f11d50a3a" className="projektUDT_test.DBRownoleglobokTest, projektUDT_test" name="TestDeleteRownoleglobokSuccess" />
    </UnitTest>
    <UnitTest name="TestProstaType" storage="c:\users\administrator\documents\visual studio 2008\projects\projectudt_app\projektudt_test\bin\debug\projektudt_test.dll" id="8fc690c1-c9c3-b073-e165-1b8fa5be9c16">
      <Css projectStructure="" iteration="" />
      <Owners>
        <Owner name="" />
      </Owners>
      <Execution id="fc7bf7bd-d87e-4682-81b7-95d64ae4d746" />
      <TestMethod codeBase="C:\Users\Administrator\Documents\Visual Studio 2008\Projects\projectUDT_app\projektUDT_test\bin\Debug\projektUDT_test.dll" adapterTypeName="Microsoft.VisualStudio.TestTools.TestTypes.Unit.UnitTestAdapter, Microsoft.VisualStudio.QualityTools.Tips.UnitTest.Adapter, Version=9.0.0.0, Culture=neutral, PublicKeyToken=b03f5f7f11d50a3a" className="projektUDT_test.FiguresTest, projektUDT_test" name="TestProstaType" />
    </UnitTest>
    <UnitTest name="TestSelectKwadratAreaCompute" storage="c:\users\administrator\documents\visual studio 2008\projects\projectudt_app\projektudt_test\bin\debug\projektudt_test.dll" id="9d064bba-9227-7b5c-52bf-525d865b4abc">
      <Css projectStructure="" iteration="" />
      <Owners>
        <Owner name="" />
      </Owners>
      <Execution id="27e8318f-97a2-4df0-b8cf-4b5fc4e89b9e" />
      <TestMethod codeBase="C:\Users\Administrator\Documents\Visual Studio 2008\Projects\projectUDT_app\projektUDT_test\bin\Debug\projektUDT_test.dll" adapterTypeName="Microsoft.VisualStudio.TestTools.TestTypes.Unit.UnitTestAdapter, Microsoft.VisualStudio.QualityTools.Tips.UnitTest.Adapter, Version=9.0.0.0, Culture=neutral, PublicKeyToken=b03f5f7f11d50a3a" className="projektUDT_test.DBKwadratTest, projektUDT_test" name="TestSelectKwadratAreaCompute" />
    </UnitTest>
    <UnitTest name="TestSelectPunktLengthCompute" storage="c:\users\administrator\documents\visual studio 2008\projects\projectudt_app\projektudt_test\bin\debug\projektudt_test.dll" id="7f29ea62-211d-14d5-9ea4-1a810eee40e0">
      <Css projectStructure="" iteration="" />
      <Owners>
        <Owner name="" />
      </Owners>
      <Execution id="bfa7efd4-3751-445e-b496-98d1c1719ce2" />
      <TestMethod codeBase="C:\Users\Administrator\Documents\Visual Studio 2008\Projects\projectUDT_app\projektUDT_test\bin\Debug\projektUDT_test.dll" adapterTypeName="Microsoft.VisualStudio.TestTools.TestTypes.Unit.UnitTestAdapter, Microsoft.VisualStudio.QualityTools.Tips.UnitTest.Adapter, Version=9.0.0.0, Culture=neutral, PublicKeyToken=b03f5f7f11d50a3a" className="projektUDT_test.DBPunktTest, projektUDT_test" name="TestSelectPunktLengthCompute" />
    </UnitTest>
    <UnitTest name="TestInsertTrapezFailWrongArgumentsNumber" storage="c:\users\administrator\documents\visual studio 2008\projects\projectudt_app\projektudt_test\bin\debug\projektudt_test.dll" id="156b1351-6c75-15cd-8c27-f501243014d9">
      <Css projectStructure="" iteration="" />
      <Owners>
        <Owner name="" />
      </Owners>
      <Execution id="df9376ae-19a4-49d3-99e4-cd7552842b48" />
      <TestMethod codeBase="C:\Users\Administrator\Documents\Visual Studio 2008\Projects\projectUDT_app\projektUDT_test\bin\Debug\projektUDT_test.dll" adapterTypeName="Microsoft.VisualStudio.TestTools.TestTypes.Unit.UnitTestAdapter, Microsoft.VisualStudio.QualityTools.Tips.UnitTest.Adapter, Version=9.0.0.0, Culture=neutral, PublicKeyToken=b03f5f7f11d50a3a" className="projektUDT_test.DBTrapezTest, projektUDT_test" name="TestInsertTrapezFailWrongArgumentsNumber" />
    </UnitTest>
    <UnitTest name="TestDeletePunktEmpty" storage="c:\users\administrator\documents\visual studio 2008\projects\projectudt_app\projektudt_test\bin\debug\projektudt_test.dll" id="cb3175f3-62a4-3574-ebe2-6fd28912f98f">
      <Css projectStructure="" iteration="" />
      <Owners>
        <Owner name="" />
      </Owners>
      <Execution id="9408c79d-050b-4460-9067-e7355d42d8e5" />
      <TestMethod codeBase="C:\Users\Administrator\Documents\Visual Studio 2008\Projects\projectUDT_app\projektUDT_test\bin\Debug\projektUDT_test.dll" adapterTypeName="Microsoft.VisualStudio.TestTools.TestTypes.Unit.UnitTestAdapter, Microsoft.VisualStudio.QualityTools.Tips.UnitTest.Adapter, Version=9.0.0.0, Culture=neutral, PublicKeyToken=b03f5f7f11d50a3a" className="projektUDT_test.DBPunktTest, projektUDT_test" name="TestDeletePunktEmpty" />
    </UnitTest>
    <UnitTest name="TestDeleteRownoleglobokEmpty" storage="c:\users\administrator\documents\visual studio 2008\projects\projectudt_app\projektudt_test\bin\debug\projektudt_test.dll" id="20e5ce5e-412b-0412-3675-2c324a195017">
      <Css projectStructure="" iteration="" />
      <Owners>
        <Owner name="" />
      </Owners>
      <Execution id="680d6e49-e347-4315-a185-990697ecd571" />
      <TestMethod codeBase="C:\Users\Administrator\Documents\Visual Studio 2008\Projects\projectUDT_app\projektUDT_test\bin\Debug\projektUDT_test.dll" adapterTypeName="Microsoft.VisualStudio.TestTools.TestTypes.Unit.UnitTestAdapter, Microsoft.VisualStudio.QualityTools.Tips.UnitTest.Adapter, Version=9.0.0.0, Culture=neutral, PublicKeyToken=b03f5f7f11d50a3a" className="projektUDT_test.DBRownoleglobokTest, projektUDT_test" name="TestDeleteRownoleglobokEmpty" />
    </UnitTest>
    <UnitTest name="TestInsertRownoleglobokFailValidator" storage="c:\users\administrator\documents\visual studio 2008\projects\projectudt_app\projektudt_test\bin\debug\projektudt_test.dll" id="3b34309c-57d5-7452-250c-882a435e4730">
      <Css projectStructure="" iteration="" />
      <Owners>
        <Owner name="" />
      </Owners>
      <Execution id="a0471be9-11bb-4b6b-9899-20547fbd507b" />
      <TestMethod codeBase="C:\Users\Administrator\Documents\Visual Studio 2008\Projects\projectUDT_app\projektUDT_test\bin\Debug\projektUDT_test.dll" adapterTypeName="Microsoft.VisualStudio.TestTools.TestTypes.Unit.UnitTestAdapter, Microsoft.VisualStudio.QualityTools.Tips.UnitTest.Adapter, Version=9.0.0.0, Culture=neutral, PublicKeyToken=b03f5f7f11d50a3a" className="projektUDT_test.DBRownoleglobokTest, projektUDT_test" name="TestInsertRownoleglobokFailValidator" />
    </UnitTest>
    <UnitTest name="TestDeleteProstaEmpty" storage="c:\users\administrator\documents\visual studio 2008\projects\projectudt_app\projektudt_test\bin\debug\projektudt_test.dll" id="23f6dded-c830-4d0c-83a3-c25c4f3d19cf">
      <Css projectStructure="" iteration="" />
      <Owners>
        <Owner name="" />
      </Owners>
      <Execution id="2e466aa7-9ebb-4087-89b7-eb2dc6cd4ac4" />
      <TestMethod codeBase="C:\Users\Administrator\Documents\Visual Studio 2008\Projects\projectUDT_app\projektUDT_test\bin\Debug\projektUDT_test.dll" adapterTypeName="Microsoft.VisualStudio.TestTools.TestTypes.Unit.UnitTestAdapter, Microsoft.VisualStudio.QualityTools.Tips.UnitTest.Adapter, Version=9.0.0.0, Culture=neutral, PublicKeyToken=b03f5f7f11d50a3a" className="projektUDT_test.DBProstaTest, projektUDT_test" name="TestDeleteProstaEmpty" />
    </UnitTest>
    <UnitTest name="TestDeletePunktSuccess" storage="c:\users\administrator\documents\visual studio 2008\projects\projectudt_app\projektudt_test\bin\debug\projektudt_test.dll" id="5bfa5d26-c774-d4de-7033-ad987e78bf1b">
      <Css projectStructure="" iteration="" />
      <Owners>
        <Owner name="" />
      </Owners>
      <Execution id="2e9efb77-9bff-439c-b0a8-a0a6e96e48df" />
      <TestMethod codeBase="C:\Users\Administrator\Documents\Visual Studio 2008\Projects\projectUDT_app\projektUDT_test\bin\Debug\projektUDT_test.dll" adapterTypeName="Microsoft.VisualStudio.TestTools.TestTypes.Unit.UnitTestAdapter, Microsoft.VisualStudio.QualityTools.Tips.UnitTest.Adapter, Version=9.0.0.0, Culture=neutral, PublicKeyToken=b03f5f7f11d50a3a" className="projektUDT_test.DBPunktTest, projektUDT_test" name="TestDeletePunktSuccess" />
    </UnitTest>
    <UnitTest name="TestDeleteTrapezEmpty" storage="c:\users\administrator\documents\visual studio 2008\projects\projectudt_app\projektudt_test\bin\debug\projektudt_test.dll" id="9b23a4e0-0fd1-3992-387c-e4df1d33d5f0">
      <Css projectStructure="" iteration="" />
      <Owners>
        <Owner name="" />
      </Owners>
      <Execution id="fd760d6c-7e45-4cee-8159-906db4ead258" />
      <TestMethod codeBase="C:\Users\Administrator\Documents\Visual Studio 2008\Projects\projectUDT_app\projektUDT_test\bin\Debug\projektUDT_test.dll" adapterTypeName="Microsoft.VisualStudio.TestTools.TestTypes.Unit.UnitTestAdapter, Microsoft.VisualStudio.QualityTools.Tips.UnitTest.Adapter, Version=9.0.0.0, Culture=neutral, PublicKeyToken=b03f5f7f11d50a3a" className="projektUDT_test.DBTrapezTest, projektUDT_test" name="TestDeleteTrapezEmpty" />
    </UnitTest>
    <UnitTest name="TestInsertProstokatFailWrongData" storage="c:\users\administrator\documents\visual studio 2008\projects\projectudt_app\projektudt_test\bin\debug\projektudt_test.dll" id="7952b3e5-c5be-8ed6-f131-a576d351d8cb">
      <Css projectStructure="" iteration="" />
      <Owners>
        <Owner name="" />
      </Owners>
      <Execution id="203504ba-9d4d-4ecc-900a-d36ab1293e16" />
      <TestMethod codeBase="C:\Users\Administrator\Documents\Visual Studio 2008\Projects\projectUDT_app\projektUDT_test\bin\Debug\projektUDT_test.dll" adapterTypeName="Microsoft.VisualStudio.TestTools.TestTypes.Unit.UnitTestAdapter, Microsoft.VisualStudio.QualityTools.Tips.UnitTest.Adapter, Version=9.0.0.0, Culture=neutral, PublicKeyToken=b03f5f7f11d50a3a" className="projektUDT_test.DBProstokatTest, projektUDT_test" name="TestInsertProstokatFailWrongData" />
    </UnitTest>
    <UnitTest name="TestDeleteProstaSuccess" storage="c:\users\administrator\documents\visual studio 2008\projects\projectudt_app\projektudt_test\bin\debug\projektudt_test.dll" id="a2fd893c-ac55-30ef-b198-332b82d0a0b2">
      <Css projectStructure="" iteration="" />
      <Owners>
        <Owner name="" />
      </Owners>
      <Execution id="3f3dc7db-942d-4b45-9a3a-e1d0dc886401" />
      <TestMethod codeBase="C:\Users\Administrator\Documents\Visual Studio 2008\Projects\projectUDT_app\projektUDT_test\bin\Debug\projektUDT_test.dll" adapterTypeName="Microsoft.VisualStudio.TestTools.TestTypes.Unit.UnitTestAdapter, Microsoft.VisualStudio.QualityTools.Tips.UnitTest.Adapter, Version=9.0.0.0, Culture=neutral, PublicKeyToken=b03f5f7f11d50a3a" className="projektUDT_test.DBProstaTest, projektUDT_test" name="TestDeleteProstaSuccess" />
    </UnitTest>
    <UnitTest name="TestInsertProstaSuccess" storage="c:\users\administrator\documents\visual studio 2008\projects\projectudt_app\projektudt_test\bin\debug\projektudt_test.dll" id="679a72f6-6f30-16cf-a81a-8bbb7e91987c">
      <Css projectStructure="" iteration="" />
      <Owners>
        <Owner name="" />
      </Owners>
      <Execution id="4a198d0c-2409-45fc-bf39-81103d3d635c" />
      <TestMethod codeBase="C:\Users\Administrator\Documents\Visual Studio 2008\Projects\projectUDT_app\projektUDT_test\bin\Debug\projektUDT_test.dll" adapterTypeName="Microsoft.VisualStudio.TestTools.TestTypes.Unit.UnitTestAdapter, Microsoft.VisualStudio.QualityTools.Tips.UnitTest.Adapter, Version=9.0.0.0, Culture=neutral, PublicKeyToken=b03f5f7f11d50a3a" className="projektUDT_test.DBProstaTest, projektUDT_test" name="TestInsertProstaSuccess" />
    </UnitTest>
    <UnitTest name="TestInsertTrapezFailValidator" storage="c:\users\administrator\documents\visual studio 2008\projects\projectudt_app\projektudt_test\bin\debug\projektudt_test.dll" id="b448142e-7c66-1f66-dd23-74a91becdf80">
      <Css projectStructure="" iteration="" />
      <Owners>
        <Owner name="" />
      </Owners>
      <Execution id="811a6acf-f9e8-4276-858d-0f9e108e5a18" />
      <TestMethod codeBase="C:\Users\Administrator\Documents\Visual Studio 2008\Projects\projectUDT_app\projektUDT_test\bin\Debug\projektUDT_test.dll" adapterTypeName="Microsoft.VisualStudio.TestTools.TestTypes.Unit.UnitTestAdapter, Microsoft.VisualStudio.QualityTools.Tips.UnitTest.Adapter, Version=9.0.0.0, Culture=neutral, PublicKeyToken=b03f5f7f11d50a3a" className="projektUDT_test.DBTrapezTest, projektUDT_test" name="TestInsertTrapezFailValidator" />
    </UnitTest>
    <UnitTest name="TestInsertProstokatSuccess" storage="c:\users\administrator\documents\visual studio 2008\projects\projectudt_app\projektudt_test\bin\debug\projektudt_test.dll" id="2c4f2f3a-9265-b698-dec9-c59ec0a35fda">
      <Css projectStructure="" iteration="" />
      <Owners>
        <Owner name="" />
      </Owners>
      <Execution id="d71d9225-24dd-4c9f-bedf-6dde99331d6c" />
      <TestMethod codeBase="C:\Users\Administrator\Documents\Visual Studio 2008\Projects\projectUDT_app\projektUDT_test\bin\Debug\projektUDT_test.dll" adapterTypeName="Microsoft.VisualStudio.TestTools.TestTypes.Unit.UnitTestAdapter, Microsoft.VisualStudio.QualityTools.Tips.UnitTest.Adapter, Version=9.0.0.0, Culture=neutral, PublicKeyToken=b03f5f7f11d50a3a" className="projektUDT_test.DBProstokatTest, projektUDT_test" name="TestInsertProstokatSuccess" />
    </UnitTest>
    <UnitTest name="TestResolveFigureTypeSuccess" storage="c:\users\administrator\documents\visual studio 2008\projects\projectudt_app\projektudt_test\bin\debug\projektudt_test.dll" id="e2b37c3d-4891-831c-a9f1-b26fba751221">
      <Css projectStructure="" iteration="" />
      <Owners>
        <Owner name="" />
      </Owners>
      <Execution id="60595b81-93c5-46b1-ac0f-2da3284f74e5" />
      <TestMethod codeBase="C:\Users\Administrator\Documents\Visual Studio 2008\Projects\projectUDT_app\projektUDT_test\bin\Debug\projektUDT_test.dll" adapterTypeName="Microsoft.VisualStudio.TestTools.TestTypes.Unit.UnitTestAdapter, Microsoft.VisualStudio.QualityTools.Tips.UnitTest.Adapter, Version=9.0.0.0, Culture=neutral, PublicKeyToken=b03f5f7f11d50a3a" className="projektUDT_test.ConsoleAppTest, projektUDT_test" name="TestResolveFigureTypeSuccess" />
    </UnitTest>
    <UnitTest name="TestSelectProstaInfo" storage="c:\users\administrator\documents\visual studio 2008\projects\projectudt_app\projektudt_test\bin\debug\projektudt_test.dll" id="c3e3608c-c792-eb29-17af-36203c86819e">
      <Css projectStructure="" iteration="" />
      <Owners>
        <Owner name="" />
      </Owners>
      <Execution id="0de29823-2de4-4dfa-bd34-269629db8093" />
      <TestMethod codeBase="C:\Users\Administrator\Documents\Visual Studio 2008\Projects\projectUDT_app\projektUDT_test\bin\Debug\projektUDT_test.dll" adapterTypeName="Microsoft.VisualStudio.TestTools.TestTypes.Unit.UnitTestAdapter, Microsoft.VisualStudio.QualityTools.Tips.UnitTest.Adapter, Version=9.0.0.0, Culture=neutral, PublicKeyToken=b03f5f7f11d50a3a" className="projektUDT_test.DBProstaTest, projektUDT_test" name="TestSelectProstaInfo" />
    </UnitTest>
    <UnitTest name="TestInsertProstaFailWrongData" storage="c:\users\administrator\documents\visual studio 2008\projects\projectudt_app\projektudt_test\bin\debug\projektudt_test.dll" id="ef4b238d-6caf-7d9d-89ac-16da780fea6d">
      <Css projectStructure="" iteration="" />
      <Owners>
        <Owner name="" />
      </Owners>
      <Execution id="85d3543c-1635-4416-a19b-f7bf6d482ece" />
      <TestMethod codeBase="C:\Users\Administrator\Documents\Visual Studio 2008\Projects\projectUDT_app\projektUDT_test\bin\Debug\projektUDT_test.dll" adapterTypeName="Microsoft.VisualStudio.TestTools.TestTypes.Unit.UnitTestAdapter, Microsoft.VisualStudio.QualityTools.Tips.UnitTest.Adapter, Version=9.0.0.0, Culture=neutral, PublicKeyToken=b03f5f7f11d50a3a" className="projektUDT_test.DBProstaTest, projektUDT_test" name="TestInsertProstaFailWrongData" />
    </UnitTest>
    <UnitTest name="TestSelectKoloLengthCompute" storage="c:\users\administrator\documents\visual studio 2008\projects\projectudt_app\projektudt_test\bin\debug\projektudt_test.dll" id="89718daa-ced1-b364-0918-dff3cd0e239d">
      <Css projectStructure="" iteration="" />
      <Owners>
        <Owner name="" />
      </Owners>
      <Execution id="f507b1b7-dcec-4e74-9813-7f707ae1cb03" />
      <TestMethod codeBase="C:\Users\Administrator\Documents\Visual Studio 2008\Projects\projectUDT_app\projektUDT_test\bin\Debug\projektUDT_test.dll" adapterTypeName="Microsoft.VisualStudio.TestTools.TestTypes.Unit.UnitTestAdapter, Microsoft.VisualStudio.QualityTools.Tips.UnitTest.Adapter, Version=9.0.0.0, Culture=neutral, PublicKeyToken=b03f5f7f11d50a3a" className="projektUDT_test.DBKoloTest, projektUDT_test" name="TestSelectKoloLengthCompute" />
    </UnitTest>
    <UnitTest name="TestDeleteProstokatSuccess" storage="c:\users\administrator\documents\visual studio 2008\projects\projectudt_app\projektudt_test\bin\debug\projektudt_test.dll" id="c3f0029e-c53c-a3a6-b9ae-3244ff789540">
      <Css projectStructure="" iteration="" />
      <Owners>
        <Owner name="" />
      </Owners>
      <Execution id="9f237824-dd7b-4d79-a7cd-d4a06aa253f4" />
      <TestMethod codeBase="C:\Users\Administrator\Documents\Visual Studio 2008\Projects\projectUDT_app\projektUDT_test\bin\Debug\projektUDT_test.dll" adapterTypeName="Microsoft.VisualStudio.TestTools.TestTypes.Unit.UnitTestAdapter, Microsoft.VisualStudio.QualityTools.Tips.UnitTest.Adapter, Version=9.0.0.0, Culture=neutral, PublicKeyToken=b03f5f7f11d50a3a" className="projektUDT_test.DBProstokatTest, projektUDT_test" name="TestDeleteProstokatSuccess" />
    </UnitTest>
    <UnitTest name="TestDeleteKwadratEmpty" storage="c:\users\administrator\documents\visual studio 2008\projects\projectudt_app\projektudt_test\bin\debug\projektudt_test.dll" id="ec18d84e-ec3d-6351-012f-67d3cf3fd94f">
      <Css projectStructure="" iteration="" />
      <Owners>
        <Owner name="" />
      </Owners>
      <Execution id="7658b11c-abe9-4ec0-a548-755d4ee6d716" />
      <TestMethod codeBase="C:\Users\Administrator\Documents\Visual Studio 2008\Projects\projectUDT_app\projektUDT_test\bin\Debug\projektUDT_test.dll" adapterTypeName="Microsoft.VisualStudio.TestTools.TestTypes.Unit.UnitTestAdapter, Microsoft.VisualStudio.QualityTools.Tips.UnitTest.Adapter, Version=9.0.0.0, Culture=neutral, PublicKeyToken=b03f5f7f11d50a3a" className="projektUDT_test.DBKwadratTest, projektUDT_test" name="TestDeleteKwadratEmpty" />
    </UnitTest>
    <UnitTest name="TestInsertProstokatFailWrongArgumentsNumber" storage="c:\users\administrator\documents\visual studio 2008\projects\projectudt_app\projektudt_test\bin\debug\projektudt_test.dll" id="d09bd673-7783-8887-9261-45dcf465d5bf">
      <Css projectStructure="" iteration="" />
      <Owners>
        <Owner name="" />
      </Owners>
      <Execution id="a0249d4b-62aa-4f37-8c19-762a6f0c5fee" />
      <TestMethod codeBase="C:\Users\Administrator\Documents\Visual Studio 2008\Projects\projectUDT_app\projektUDT_test\bin\Debug\projektUDT_test.dll" adapterTypeName="Microsoft.VisualStudio.TestTools.TestTypes.Unit.UnitTestAdapter, Microsoft.VisualStudio.QualityTools.Tips.UnitTest.Adapter, Version=9.0.0.0, Culture=neutral, PublicKeyToken=b03f5f7f11d50a3a" className="projektUDT_test.DBProstokatTest, projektUDT_test" name="TestInsertProstokatFailWrongArgumentsNumber" />
    </UnitTest>
    <UnitTest name="TestInsertKwadratFailValidator" storage="c:\users\administrator\documents\visual studio 2008\projects\projectudt_app\projektudt_test\bin\debug\projektudt_test.dll" id="d4f1c64a-ccdd-07ce-2119-d3482135fa57">
      <Css projectStructure="" iteration="" />
      <Owners>
        <Owner name="" />
      </Owners>
      <Execution id="a8b887da-5c03-4a45-8fb2-70b180760625" />
      <TestMethod codeBase="C:\Users\Administrator\Documents\Visual Studio 2008\Projects\projectUDT_app\projektUDT_test\bin\Debug\projektUDT_test.dll" adapterTypeName="Microsoft.VisualStudio.TestTools.TestTypes.Unit.UnitTestAdapter, Microsoft.VisualStudio.QualityTools.Tips.UnitTest.Adapter, Version=9.0.0.0, Culture=neutral, PublicKeyToken=b03f5f7f11d50a3a" className="projektUDT_test.DBKwadratTest, projektUDT_test" name="TestInsertKwadratFailValidator" />
    </UnitTest>
    <UnitTest name="TestInsertKoloSuccess" storage="c:\users\administrator\documents\visual studio 2008\projects\projectudt_app\projektudt_test\bin\debug\projektudt_test.dll" id="1ec2bc70-7a65-50c2-95ae-5b627f109b04">
      <Css projectStructure="" iteration="" />
      <Owners>
        <Owner name="" />
      </Owners>
      <Execution id="0d6781f7-5408-4f6f-a3ff-1a1ae146be58" />
      <TestMethod codeBase="C:\Users\Administrator\Documents\Visual Studio 2008\Projects\projectUDT_app\projektUDT_test\bin\Debug\projektUDT_test.dll" adapterTypeName="Microsoft.VisualStudio.TestTools.TestTypes.Unit.UnitTestAdapter, Microsoft.VisualStudio.QualityTools.Tips.UnitTest.Adapter, Version=9.0.0.0, Culture=neutral, PublicKeyToken=b03f5f7f11d50a3a" className="projektUDT_test.DBKoloTest, projektUDT_test" name="TestInsertKoloSuccess" />
    </UnitTest>
    <UnitTest name="TestInsertProstokatFailValidator" storage="c:\users\administrator\documents\visual studio 2008\projects\projectudt_app\projektudt_test\bin\debug\projektudt_test.dll" id="ff93bc8e-a4e9-04de-d083-c3d55f578ad9">
      <Css projectStructure="" iteration="" />
      <Owners>
        <Owner name="" />
      </Owners>
      <Execution id="26e2803e-d7a9-4dd4-a005-1d01659ff08f" />
      <TestMethod codeBase="C:\Users\Administrator\Documents\Visual Studio 2008\Projects\projectUDT_app\projektUDT_test\bin\Debug\projektUDT_test.dll" adapterTypeName="Microsoft.VisualStudio.TestTools.TestTypes.Unit.UnitTestAdapter, Microsoft.VisualStudio.QualityTools.Tips.UnitTest.Adapter, Version=9.0.0.0, Culture=neutral, PublicKeyToken=b03f5f7f11d50a3a" className="projektUDT_test.DBProstokatTest, projektUDT_test" name="TestInsertProstokatFailValidator" />
    </UnitTest>
    <UnitTest name="TestDeleteKoloEmpty" storage="c:\users\administrator\documents\visual studio 2008\projects\projectudt_app\projektudt_test\bin\debug\projektudt_test.dll" id="6b52ce5f-b05d-2fb6-3a22-7f0d206c197f">
      <Css projectStructure="" iteration="" />
      <Owners>
        <Owner name="" />
      </Owners>
      <Execution id="7d093e31-36fe-4cca-a35f-30475cf72bd8" />
      <TestMethod codeBase="C:\Users\Administrator\Documents\Visual Studio 2008\Projects\projectUDT_app\projektUDT_test\bin\Debug\projektUDT_test.dll" adapterTypeName="Microsoft.VisualStudio.TestTools.TestTypes.Unit.UnitTestAdapter, Microsoft.VisualStudio.QualityTools.Tips.UnitTest.Adapter, Version=9.0.0.0, Culture=neutral, PublicKeyToken=b03f5f7f11d50a3a" className="projektUDT_test.DBKoloTest, projektUDT_test" name="TestDeleteKoloEmpty" />
    </UnitTest>
    <UnitTest name="TestInsertRownoleglobokSuccess" storage="c:\users\administrator\documents\visual studio 2008\projects\projectudt_app\projektudt_test\bin\debug\projektudt_test.dll" id="1df4791d-2dc1-4b60-2894-c68ce5ed544e">
      <Css projectStructure="" iteration="" />
      <Owners>
        <Owner name="" />
      </Owners>
      <Execution id="292abf25-192c-46da-9c6e-6406b59a5fe1" />
      <TestMethod codeBase="C:\Users\Administrator\Documents\Visual Studio 2008\Projects\projectUDT_app\projektUDT_test\bin\Debug\projektUDT_test.dll" adapterTypeName="Microsoft.VisualStudio.TestTools.TestTypes.Unit.UnitTestAdapter, Microsoft.VisualStudio.QualityTools.Tips.UnitTest.Adapter, Version=9.0.0.0, Culture=neutral, PublicKeyToken=b03f5f7f11d50a3a" className="projektUDT_test.DBRownoleglobokTest, projektUDT_test" name="TestInsertRownoleglobokSuccess" />
    </UnitTest>
    <UnitTest name="TestSelectTrapezAreaCompute" storage="c:\users\administrator\documents\visual studio 2008\projects\projectudt_app\projektudt_test\bin\debug\projektudt_test.dll" id="faf64f4c-6717-0c72-22f6-b1812355dc11">
      <Css projectStructure="" iteration="" />
      <Owners>
        <Owner name="" />
      </Owners>
      <Execution id="40518b50-863f-406d-96de-984edfb3a8a6" />
      <TestMethod codeBase="C:\Users\Administrator\Documents\Visual Studio 2008\Projects\projectUDT_app\projektUDT_test\bin\Debug\projektUDT_test.dll" adapterTypeName="Microsoft.VisualStudio.TestTools.TestTypes.Unit.UnitTestAdapter, Microsoft.VisualStudio.QualityTools.Tips.UnitTest.Adapter, Version=9.0.0.0, Culture=neutral, PublicKeyToken=b03f5f7f11d50a3a" className="projektUDT_test.DBTrapezTest, projektUDT_test" name="TestSelectTrapezAreaCompute" />
    </UnitTest>
    <UnitTest name="TestResolveFigureTypeFailType" storage="c:\users\administrator\documents\visual studio 2008\projects\projectudt_app\projektudt_test\bin\debug\projektudt_test.dll" id="c05fe70d-91a3-cee1-2301-2eea6767a1c7">
      <Css projectStructure="" iteration="" />
      <Owners>
        <Owner name="" />
      </Owners>
      <Execution id="d5f67173-c0aa-4c3a-9e71-8989ae0ac3eb" />
      <TestMethod codeBase="C:\Users\Administrator\Documents\Visual Studio 2008\Projects\projectUDT_app\projektUDT_test\bin\Debug\projektUDT_test.dll" adapterTypeName="Microsoft.VisualStudio.TestTools.TestTypes.Unit.UnitTestAdapter, Microsoft.VisualStudio.QualityTools.Tips.UnitTest.Adapter, Version=9.0.0.0, Culture=neutral, PublicKeyToken=b03f5f7f11d50a3a" className="projektUDT_test.ConsoleAppTest, projektUDT_test" name="TestResolveFigureTypeFailType" />
    </UnitTest>
    <UnitTest name="TestKoloType" storage="c:\users\administrator\documents\visual studio 2008\projects\projectudt_app\projektudt_test\bin\debug\projektudt_test.dll" id="7a6e6c6f-a642-6f4a-77f3-ce22472da4df">
      <Css projectStructure="" iteration="" />
      <Owners>
        <Owner name="" />
      </Owners>
      <Execution id="5f0d98fa-aadf-4e2d-8e18-ca11448b1a19" />
      <TestMethod codeBase="C:\Users\Administrator\Documents\Visual Studio 2008\Projects\projectUDT_app\projektUDT_test\bin\Debug\projektUDT_test.dll" adapterTypeName="Microsoft.VisualStudio.TestTools.TestTypes.Unit.UnitTestAdapter, Microsoft.VisualStudio.QualityTools.Tips.UnitTest.Adapter, Version=9.0.0.0, Culture=neutral, PublicKeyToken=b03f5f7f11d50a3a" className="projektUDT_test.FiguresTest, projektUDT_test" name="TestKoloType" />
    </UnitTest>
    <UnitTest name="TestSelectProstokatInfo" storage="c:\users\administrator\documents\visual studio 2008\projects\projectudt_app\projektudt_test\bin\debug\projektudt_test.dll" id="57aadacb-a3ac-11c0-4451-c0b5eaf9f8f3">
      <Css projectStructure="" iteration="" />
      <Owners>
        <Owner name="" />
      </Owners>
      <Execution id="ee57dd49-5276-454f-8bb2-7bff85b77fdd" />
      <TestMethod codeBase="C:\Users\Administrator\Documents\Visual Studio 2008\Projects\projectUDT_app\projektUDT_test\bin\Debug\projektUDT_test.dll" adapterTypeName="Microsoft.VisualStudio.TestTools.TestTypes.Unit.UnitTestAdapter, Microsoft.VisualStudio.QualityTools.Tips.UnitTest.Adapter, Version=9.0.0.0, Culture=neutral, PublicKeyToken=b03f5f7f11d50a3a" className="projektUDT_test.DBProstokatTest, projektUDT_test" name="TestSelectProstokatInfo" />
    </UnitTest>
    <UnitTest name="TestInsertKoloFailWrongArgumentsNumber" storage="c:\users\administrator\documents\visual studio 2008\projects\projectudt_app\projektudt_test\bin\debug\projektudt_test.dll" id="fd97f871-078b-d14d-25cf-d01d4ec12977">
      <Css projectStructure="" iteration="" />
      <Owners>
        <Owner name="" />
      </Owners>
      <Execution id="f20f4102-1005-4658-bf4f-5427d652787e" />
      <TestMethod codeBase="C:\Users\Administrator\Documents\Visual Studio 2008\Projects\projectUDT_app\projektUDT_test\bin\Debug\projektUDT_test.dll" adapterTypeName="Microsoft.VisualStudio.TestTools.TestTypes.Unit.UnitTestAdapter, Microsoft.VisualStudio.QualityTools.Tips.UnitTest.Adapter, Version=9.0.0.0, Culture=neutral, PublicKeyToken=b03f5f7f11d50a3a" className="projektUDT_test.DBKoloTest, projektUDT_test" name="TestInsertKoloFailWrongArgumentsNumber" />
    </UnitTest>
    <UnitTest name="TestSelectPunktInfo" storage="c:\users\administrator\documents\visual studio 2008\projects\projectudt_app\projektudt_test\bin\debug\projektudt_test.dll" id="536cd68c-c085-b510-7f5d-73dadd7a91a6">
      <Css projectStructure="" iteration="" />
      <Owners>
        <Owner name="" />
      </Owners>
      <Execution id="14a384d2-9cdf-4c18-ac9b-b4b0106e9b9b" />
      <TestMethod codeBase="C:\Users\Administrator\Documents\Visual Studio 2008\Projects\projectUDT_app\projektUDT_test\bin\Debug\projektUDT_test.dll" adapterTypeName="Microsoft.VisualStudio.TestTools.TestTypes.Unit.UnitTestAdapter, Microsoft.VisualStudio.QualityTools.Tips.UnitTest.Adapter, Version=9.0.0.0, Culture=neutral, PublicKeyToken=b03f5f7f11d50a3a" className="projektUDT_test.DBPunktTest, projektUDT_test" name="TestSelectPunktInfo" />
    </UnitTest>
    <UnitTest name="TestInsertProstaFailWrongArgumentsNumber" storage="c:\users\administrator\documents\visual studio 2008\projects\projectudt_app\projektudt_test\bin\debug\projektudt_test.dll" id="15464a37-67d6-2057-a20c-6cffd2682675">
      <Css projectStructure="" iteration="" />
      <Owners>
        <Owner name="" />
      </Owners>
      <Execution id="d8d5cce8-fdef-4014-a6db-b0a03d3564a5" />
      <TestMethod codeBase="C:\Users\Administrator\Documents\Visual Studio 2008\Projects\projectUDT_app\projektUDT_test\bin\Debug\projektUDT_test.dll" adapterTypeName="Microsoft.VisualStudio.TestTools.TestTypes.Unit.UnitTestAdapter, Microsoft.VisualStudio.QualityTools.Tips.UnitTest.Adapter, Version=9.0.0.0, Culture=neutral, PublicKeyToken=b03f5f7f11d50a3a" className="projektUDT_test.DBProstaTest, projektUDT_test" name="TestInsertProstaFailWrongArgumentsNumber" />
    </UnitTest>
    <UnitTest name="TestInsertRownoleglobokFailWrongData" storage="c:\users\administrator\documents\visual studio 2008\projects\projectudt_app\projektudt_test\bin\debug\projektudt_test.dll" id="5ec7b518-4fc2-5ad5-2ba6-59df81885483">
      <Css projectStructure="" iteration="" />
      <Owners>
        <Owner name="" />
      </Owners>
      <Execution id="0e544f77-f895-41cd-81ce-ea842510b47d" />
      <TestMethod codeBase="C:\Users\Administrator\Documents\Visual Studio 2008\Projects\projectUDT_app\projektUDT_test\bin\Debug\projektUDT_test.dll" adapterTypeName="Microsoft.VisualStudio.TestTools.TestTypes.Unit.UnitTestAdapter, Microsoft.VisualStudio.QualityTools.Tips.UnitTest.Adapter, Version=9.0.0.0, Culture=neutral, PublicKeyToken=b03f5f7f11d50a3a" className="projektUDT_test.DBRownoleglobokTest, projektUDT_test" name="TestInsertRownoleglobokFailWrongData" />
    </UnitTest>
    <UnitTest name="TestSelectRownoleglobokLengthCompute" storage="c:\users\administrator\documents\visual studio 2008\projects\projectudt_app\projektudt_test\bin\debug\projektudt_test.dll" id="999fd6fc-eb1a-a1f3-c87e-f9a5a05afffa">
      <Css projectStructure="" iteration="" />
      <Owners>
        <Owner name="" />
      </Owners>
      <Execution id="ced6f4e2-7682-4386-8ab1-3483f97aec13" />
      <TestMethod codeBase="C:\Users\Administrator\Documents\Visual Studio 2008\Projects\projectUDT_app\projektUDT_test\bin\Debug\projektUDT_test.dll" adapterTypeName="Microsoft.VisualStudio.TestTools.TestTypes.Unit.UnitTestAdapter, Microsoft.VisualStudio.QualityTools.Tips.UnitTest.Adapter, Version=9.0.0.0, Culture=neutral, PublicKeyToken=b03f5f7f11d50a3a" className="projektUDT_test.DBRownoleglobokTest, projektUDT_test" name="TestSelectRownoleglobokLengthCompute" />
    </UnitTest>
    <UnitTest name="TestSelectProstokatLengthCompute" storage="c:\users\administrator\documents\visual studio 2008\projects\projectudt_app\projektudt_test\bin\debug\projektudt_test.dll" id="531770c7-1ed7-4ad9-fb2b-db49b19ba5d2">
      <Css projectStructure="" iteration="" />
      <Owners>
        <Owner name="" />
      </Owners>
      <Execution id="e2894fe3-332f-41f1-8149-a73f38db7511" />
      <TestMethod codeBase="C:\Users\Administrator\Documents\Visual Studio 2008\Projects\projectUDT_app\projektUDT_test\bin\Debug\projektUDT_test.dll" adapterTypeName="Microsoft.VisualStudio.TestTools.TestTypes.Unit.UnitTestAdapter, Microsoft.VisualStudio.QualityTools.Tips.UnitTest.Adapter, Version=9.0.0.0, Culture=neutral, PublicKeyToken=b03f5f7f11d50a3a" className="projektUDT_test.DBProstokatTest, projektUDT_test" name="TestSelectProstokatLengthCompute" />
    </UnitTest>
    <UnitTest name="TestDeleteTrojkatEmpty" storage="c:\users\administrator\documents\visual studio 2008\projects\projectudt_app\projektudt_test\bin\debug\projektudt_test.dll" id="1aee9c95-504f-b8d9-431f-44fccaeeb976">
      <Css projectStructure="" iteration="" />
      <Owners>
        <Owner name="" />
      </Owners>
      <Execution id="bbda4dd0-48b2-42f2-8c17-c4fa84e42bc5" />
      <TestMethod codeBase="C:\Users\Administrator\Documents\Visual Studio 2008\Projects\projectUDT_app\projektUDT_test\bin\Debug\projektUDT_test.dll" adapterTypeName="Microsoft.VisualStudio.TestTools.TestTypes.Unit.UnitTestAdapter, Microsoft.VisualStudio.QualityTools.Tips.UnitTest.Adapter, Version=9.0.0.0, Culture=neutral, PublicKeyToken=b03f5f7f11d50a3a" className="projektUDT_test.DBTrojkatTest, projektUDT_test" name="TestDeleteTrojkatEmpty" />
    </UnitTest>
    <UnitTest name="TestInsertTrojkatSuccess" storage="c:\users\administrator\documents\visual studio 2008\projects\projectudt_app\projektudt_test\bin\debug\projektudt_test.dll" id="797bfa1f-2a62-e77f-1110-154f0aef2d7f">
      <Css projectStructure="" iteration="" />
      <Owners>
        <Owner name="" />
      </Owners>
      <Execution id="5f5109f2-a65d-4f2c-a3a7-7ca1558132bd" />
      <TestMethod codeBase="C:\Users\Administrator\Documents\Visual Studio 2008\Projects\projectUDT_app\projektUDT_test\bin\Debug\projektUDT_test.dll" adapterTypeName="Microsoft.VisualStudio.TestTools.TestTypes.Unit.UnitTestAdapter, Microsoft.VisualStudio.QualityTools.Tips.UnitTest.Adapter, Version=9.0.0.0, Culture=neutral, PublicKeyToken=b03f5f7f11d50a3a" className="projektUDT_test.DBTrojkatTest, projektUDT_test" name="TestInsertTrojkatSuccess" />
    </UnitTest>
    <UnitTest name="TestTrojkatType" storage="c:\users\administrator\documents\visual studio 2008\projects\projectudt_app\projektudt_test\bin\debug\projektudt_test.dll" id="463943f8-dc58-8b95-a66b-9a434dde6ca7">
      <Css projectStructure="" iteration="" />
      <Owners>
        <Owner name="" />
      </Owners>
      <Execution id="bfc287dd-128a-4dbe-bdf0-0b6f10828aff" />
      <TestMethod codeBase="C:\Users\Administrator\Documents\Visual Studio 2008\Projects\projectUDT_app\projektUDT_test\bin\Debug\projektUDT_test.dll" adapterTypeName="Microsoft.VisualStudio.TestTools.TestTypes.Unit.UnitTestAdapter, Microsoft.VisualStudio.QualityTools.Tips.UnitTest.Adapter, Version=9.0.0.0, Culture=neutral, PublicKeyToken=b03f5f7f11d50a3a" className="projektUDT_test.FiguresTest, projektUDT_test" name="TestTrojkatType" />
    </UnitTest>
    <UnitTest name="TestDeleteKoloSuccess" storage="c:\users\administrator\documents\visual studio 2008\projects\projectudt_app\projektudt_test\bin\debug\projektudt_test.dll" id="ccec32d2-0874-7f4a-3cc7-18948b5e194b">
      <Css projectStructure="" iteration="" />
      <Owners>
        <Owner name="" />
      </Owners>
      <Execution id="95821756-c623-4f37-a327-f974f4c971ac" />
      <TestMethod codeBase="C:\Users\Administrator\Documents\Visual Studio 2008\Projects\projectUDT_app\projektUDT_test\bin\Debug\projektUDT_test.dll" adapterTypeName="Microsoft.VisualStudio.TestTools.TestTypes.Unit.UnitTestAdapter, Microsoft.VisualStudio.QualityTools.Tips.UnitTest.Adapter, Version=9.0.0.0, Culture=neutral, PublicKeyToken=b03f5f7f11d50a3a" className="projektUDT_test.DBKoloTest, projektUDT_test" name="TestDeleteKoloSuccess" />
    </UnitTest>
    <UnitTest name="TestSelectKwadratLengthCompute" storage="c:\users\administrator\documents\visual studio 2008\projects\projectudt_app\projektudt_test\bin\debug\projektudt_test.dll" id="1acbd862-75d6-e304-b107-a6a8c0809408">
      <Css projectStructure="" iteration="" />
      <Owners>
        <Owner name="" />
      </Owners>
      <Execution id="52489e9e-15ea-46cf-8db6-122e8db635b5" />
      <TestMethod codeBase="C:\Users\Administrator\Documents\Visual Studio 2008\Projects\projectUDT_app\projektUDT_test\bin\Debug\projektUDT_test.dll" adapterTypeName="Microsoft.VisualStudio.TestTools.TestTypes.Unit.UnitTestAdapter, Microsoft.VisualStudio.QualityTools.Tips.UnitTest.Adapter, Version=9.0.0.0, Culture=neutral, PublicKeyToken=b03f5f7f11d50a3a" className="projektUDT_test.DBKwadratTest, projektUDT_test" name="TestSelectKwadratLengthCompute" />
    </UnitTest>
    <UnitTest name="TestInsertProstaFailValidator" storage="c:\users\administrator\documents\visual studio 2008\projects\projectudt_app\projektudt_test\bin\debug\projektudt_test.dll" id="cdb3c195-1d00-e73c-1d5d-41027c8f9000">
      <Css projectStructure="" iteration="" />
      <Owners>
        <Owner name="" />
      </Owners>
      <Execution id="cdbbbbf3-c7fd-45d8-83d9-ec31687ab237" />
      <TestMethod codeBase="C:\Users\Administrator\Documents\Visual Studio 2008\Projects\projectUDT_app\projektUDT_test\bin\Debug\projektUDT_test.dll" adapterTypeName="Microsoft.VisualStudio.TestTools.TestTypes.Unit.UnitTestAdapter, Microsoft.VisualStudio.QualityTools.Tips.UnitTest.Adapter, Version=9.0.0.0, Culture=neutral, PublicKeyToken=b03f5f7f11d50a3a" className="projektUDT_test.DBProstaTest, projektUDT_test" name="TestInsertProstaFailValidator" />
    </UnitTest>
    <UnitTest name="TestExpection" storage="c:\users\administrator\documents\visual studio 2008\projects\projectudt_app\projektudt_test\bin\debug\projektudt_test.dll" id="0fab764c-75a8-407a-43ad-efea69145116">
      <Css projectStructure="" iteration="" />
      <Owners>
        <Owner name="" />
      </Owners>
      <Execution id="a61b3d7d-b6ed-46a0-ac84-dded733aa31d" />
      <TestMethod codeBase="C:\Users\Administrator\Documents\Visual Studio 2008\Projects\projectUDT_app\projektUDT_test\bin\Debug\projektUDT_test.dll" adapterTypeName="Microsoft.VisualStudio.TestTools.TestTypes.Unit.UnitTestAdapter, Microsoft.VisualStudio.QualityTools.Tips.UnitTest.Adapter, Version=9.0.0.0, Culture=neutral, PublicKeyToken=b03f5f7f11d50a3a" className="projektUDT_test.StopAppExpectionTest, projektUDT_test" name="TestExpection" />
    </UnitTest>
    <UnitTest name="TestSelectTrapezLengthCompute" storage="c:\users\administrator\documents\visual studio 2008\projects\projectudt_app\projektudt_test\bin\debug\projektudt_test.dll" id="6164a6e3-8647-4c0b-1f76-462247d42f0b">
      <Css projectStructure="" iteration="" />
      <Owners>
        <Owner name="" />
      </Owners>
      <Execution id="ed9eada5-4e79-4744-ba65-dd08696f7478" />
      <TestMethod codeBase="C:\Users\Administrator\Documents\Visual Studio 2008\Projects\projectUDT_app\projektUDT_test\bin\Debug\projektUDT_test.dll" adapterTypeName="Microsoft.VisualStudio.TestTools.TestTypes.Unit.UnitTestAdapter, Microsoft.VisualStudio.QualityTools.Tips.UnitTest.Adapter, Version=9.0.0.0, Culture=neutral, PublicKeyToken=b03f5f7f11d50a3a" className="projektUDT_test.DBTrapezTest, projektUDT_test" name="TestSelectTrapezLengthCompute" />
    </UnitTest>
    <UnitTest name="TestResolveFigureTypeFailOption" storage="c:\users\administrator\documents\visual studio 2008\projects\projectudt_app\projektudt_test\bin\debug\projektudt_test.dll" id="06d94c91-100c-acc9-9c47-b1414def064b">
      <Css projectStructure="" iteration="" />
      <Owners>
        <Owner name="" />
      </Owners>
      <Execution id="38dbcaef-79c5-4767-8a00-8a025dc71b19" />
      <TestMethod codeBase="C:\Users\Administrator\Documents\Visual Studio 2008\Projects\projectUDT_app\projektUDT_test\bin\Debug\projektUDT_test.dll" adapterTypeName="Microsoft.VisualStudio.TestTools.TestTypes.Unit.UnitTestAdapter, Microsoft.VisualStudio.QualityTools.Tips.UnitTest.Adapter, Version=9.0.0.0, Culture=neutral, PublicKeyToken=b03f5f7f11d50a3a" className="projektUDT_test.ConsoleAppTest, projektUDT_test" name="TestResolveFigureTypeFailOption" />
    </UnitTest>
    <UnitTest name="TestInsertTrapezSuccess" storage="c:\users\administrator\documents\visual studio 2008\projects\projectudt_app\projektudt_test\bin\debug\projektudt_test.dll" id="56cf5c65-a0ae-b8dc-b2c0-d81d7c60f19e">
      <Css projectStructure="" iteration="" />
      <Owners>
        <Owner name="" />
      </Owners>
      <Execution id="4982d843-ff4f-40f9-bf53-2db2ae8ef7f9" />
      <TestMethod codeBase="C:\Users\Administrator\Documents\Visual Studio 2008\Projects\projectUDT_app\projektUDT_test\bin\Debug\projektUDT_test.dll" adapterTypeName="Microsoft.VisualStudio.TestTools.TestTypes.Unit.UnitTestAdapter, Microsoft.VisualStudio.QualityTools.Tips.UnitTest.Adapter, Version=9.0.0.0, Culture=neutral, PublicKeyToken=b03f5f7f11d50a3a" className="projektUDT_test.DBTrapezTest, projektUDT_test" name="TestInsertTrapezSuccess" />
    </UnitTest>
    <UnitTest name="TestInsertKwadratFailWrongData" storage="c:\users\administrator\documents\visual studio 2008\projects\projectudt_app\projektudt_test\bin\debug\projektudt_test.dll" id="6307ee8f-1847-c00e-f90f-c6f5c7fd658d">
      <Css projectStructure="" iteration="" />
      <Owners>
        <Owner name="" />
      </Owners>
      <Execution id="89116e3e-edcc-4de7-9e67-23b682fc8a33" />
      <TestMethod codeBase="C:\Users\Administrator\Documents\Visual Studio 2008\Projects\projectUDT_app\projektUDT_test\bin\Debug\projektUDT_test.dll" adapterTypeName="Microsoft.VisualStudio.TestTools.TestTypes.Unit.UnitTestAdapter, Microsoft.VisualStudio.QualityTools.Tips.UnitTest.Adapter, Version=9.0.0.0, Culture=neutral, PublicKeyToken=b03f5f7f11d50a3a" className="projektUDT_test.DBKwadratTest, projektUDT_test" name="TestInsertKwadratFailWrongData" />
    </UnitTest>
    <UnitTest name="TestInsertTrojkatFailWrongArgumentsNumber" storage="c:\users\administrator\documents\visual studio 2008\projects\projectudt_app\projektudt_test\bin\debug\projektudt_test.dll" id="653617b9-2e7b-8fd4-3ff4-8b622fb2e7c6">
      <Css projectStructure="" iteration="" />
      <Owners>
        <Owner name="" />
      </Owners>
      <Execution id="ec49ffc8-9b10-4cc6-9f66-a572354c7b5d" />
      <TestMethod codeBase="C:\Users\Administrator\Documents\Visual Studio 2008\Projects\projectUDT_app\projektUDT_test\bin\Debug\projektUDT_test.dll" adapterTypeName="Microsoft.VisualStudio.TestTools.TestTypes.Unit.UnitTestAdapter, Microsoft.VisualStudio.QualityTools.Tips.UnitTest.Adapter, Version=9.0.0.0, Culture=neutral, PublicKeyToken=b03f5f7f11d50a3a" className="projektUDT_test.DBTrojkatTest, projektUDT_test" name="TestInsertTrojkatFailWrongArgumentsNumber" />
    </UnitTest>
    <UnitTest name="TestDeleteKwadratSuccess" storage="c:\users\administrator\documents\visual studio 2008\projects\projectudt_app\projektudt_test\bin\debug\projektudt_test.dll" id="7dd3deed-26fa-f3ca-d063-7cb7c326c390">
      <Css projectStructure="" iteration="" />
      <Owners>
        <Owner name="" />
      </Owners>
      <Execution id="6a65933e-b5a9-4fdd-993e-d714262fdbce" />
      <TestMethod codeBase="C:\Users\Administrator\Documents\Visual Studio 2008\Projects\projectUDT_app\projektUDT_test\bin\Debug\projektUDT_test.dll" adapterTypeName="Microsoft.VisualStudio.TestTools.TestTypes.Unit.UnitTestAdapter, Microsoft.VisualStudio.QualityTools.Tips.UnitTest.Adapter, Version=9.0.0.0, Culture=neutral, PublicKeyToken=b03f5f7f11d50a3a" className="projektUDT_test.DBKwadratTest, projektUDT_test" name="TestDeleteKwadratSuccess" />
    </UnitTest>
    <UnitTest name="TestInsertKoloFailWrongData" storage="c:\users\administrator\documents\visual studio 2008\projects\projectudt_app\projektudt_test\bin\debug\projektudt_test.dll" id="f24fdeb3-0fc4-838d-cc54-f15114e2cff4">
      <Css projectStructure="" iteration="" />
      <Owners>
        <Owner name="" />
      </Owners>
      <Execution id="34ad3c7a-99a8-4906-ae9a-58b2238b8107" />
      <TestMethod codeBase="C:\Users\Administrator\Documents\Visual Studio 2008\Projects\projectUDT_app\projektUDT_test\bin\Debug\projektUDT_test.dll" adapterTypeName="Microsoft.VisualStudio.TestTools.TestTypes.Unit.UnitTestAdapter, Microsoft.VisualStudio.QualityTools.Tips.UnitTest.Adapter, Version=9.0.0.0, Culture=neutral, PublicKeyToken=b03f5f7f11d50a3a" className="projektUDT_test.DBKoloTest, projektUDT_test" name="TestInsertKoloFailWrongData" />
    </UnitTest>
    <UnitTest name="TestSelectProstokatAreaCompute" storage="c:\users\administrator\documents\visual studio 2008\projects\projectudt_app\projektudt_test\bin\debug\projektudt_test.dll" id="a5cd231c-626c-6cc9-649b-017680a28730">
      <Css projectStructure="" iteration="" />
      <Owners>
        <Owner name="" />
      </Owners>
      <Execution id="5260b158-b003-4134-8931-ae13fdadda15" />
      <TestMethod codeBase="C:\Users\Administrator\Documents\Visual Studio 2008\Projects\projectUDT_app\projektUDT_test\bin\Debug\projektUDT_test.dll" adapterTypeName="Microsoft.VisualStudio.TestTools.TestTypes.Unit.UnitTestAdapter, Microsoft.VisualStudio.QualityTools.Tips.UnitTest.Adapter, Version=9.0.0.0, Culture=neutral, PublicKeyToken=b03f5f7f11d50a3a" className="projektUDT_test.DBProstokatTest, projektUDT_test" name="TestSelectProstokatAreaCompute" />
    </UnitTest>
    <UnitTest name="TestSelectKoloInfo" storage="c:\users\administrator\documents\visual studio 2008\projects\projectudt_app\projektudt_test\bin\debug\projektudt_test.dll" id="7d748728-1f2e-f640-e5cf-6cd379d042ec">
      <Css projectStructure="" iteration="" />
      <Owners>
        <Owner name="" />
      </Owners>
      <Execution id="8c53117b-b82e-45b0-a207-2dc983a7802a" />
      <TestMethod codeBase="C:\Users\Administrator\Documents\Visual Studio 2008\Projects\projectUDT_app\projektUDT_test\bin\Debug\projektUDT_test.dll" adapterTypeName="Microsoft.VisualStudio.TestTools.TestTypes.Unit.UnitTestAdapter, Microsoft.VisualStudio.QualityTools.Tips.UnitTest.Adapter, Version=9.0.0.0, Culture=neutral, PublicKeyToken=b03f5f7f11d50a3a" className="projektUDT_test.DBKoloTest, projektUDT_test" name="TestSelectKoloInfo" />
    </UnitTest>
    <UnitTest name="TestInsertTrapezFailWrongData" storage="c:\users\administrator\documents\visual studio 2008\projects\projectudt_app\projektudt_test\bin\debug\projektudt_test.dll" id="a35798a2-aee6-5aba-8e42-078cbbd01558">
      <Css projectStructure="" iteration="" />
      <Owners>
        <Owner name="" />
      </Owners>
      <Execution id="f37b8400-db3e-4df2-ae88-cbc5a7e7a4cd" />
      <TestMethod codeBase="C:\Users\Administrator\Documents\Visual Studio 2008\Projects\projectUDT_app\projektUDT_test\bin\Debug\projektUDT_test.dll" adapterTypeName="Microsoft.VisualStudio.TestTools.TestTypes.Unit.UnitTestAdapter, Microsoft.VisualStudio.QualityTools.Tips.UnitTest.Adapter, Version=9.0.0.0, Culture=neutral, PublicKeyToken=b03f5f7f11d50a3a" className="projektUDT_test.DBTrapezTest, projektUDT_test" name="TestInsertTrapezFailWrongData" />
    </UnitTest>
    <UnitTest name="TestInsertTrojkatFailWrongData" storage="c:\users\administrator\documents\visual studio 2008\projects\projectudt_app\projektudt_test\bin\debug\projektudt_test.dll" id="96e4cf1a-1cdd-c24d-7680-36dea9c9df89">
      <Css projectStructure="" iteration="" />
      <Owners>
        <Owner name="" />
      </Owners>
      <Execution id="2a50ac8e-c362-49e0-a940-1e064f658c4d" />
      <TestMethod codeBase="C:\Users\Administrator\Documents\Visual Studio 2008\Projects\projectUDT_app\projektUDT_test\bin\Debug\projektUDT_test.dll" adapterTypeName="Microsoft.VisualStudio.TestTools.TestTypes.Unit.UnitTestAdapter, Microsoft.VisualStudio.QualityTools.Tips.UnitTest.Adapter, Version=9.0.0.0, Culture=neutral, PublicKeyToken=b03f5f7f11d50a3a" className="projektUDT_test.DBTrojkatTest, projektUDT_test" name="TestInsertTrojkatFailWrongData" />
    </UnitTest>
    <UnitTest name="TestRownoleglobokType" storage="c:\users\administrator\documents\visual studio 2008\projects\projectudt_app\projektudt_test\bin\debug\projektudt_test.dll" id="6f251bb3-9fcf-31d0-6116-53b68f700ed1">
      <Css projectStructure="" iteration="" />
      <Owners>
        <Owner name="" />
      </Owners>
      <Execution id="939c8ad6-f185-4483-b690-189cc35775f0" />
      <TestMethod codeBase="C:\Users\Administrator\Documents\Visual Studio 2008\Projects\projectUDT_app\projektUDT_test\bin\Debug\projektUDT_test.dll" adapterTypeName="Microsoft.VisualStudio.TestTools.TestTypes.Unit.UnitTestAdapter, Microsoft.VisualStudio.QualityTools.Tips.UnitTest.Adapter, Version=9.0.0.0, Culture=neutral, PublicKeyToken=b03f5f7f11d50a3a" className="projektUDT_test.FiguresTest, projektUDT_test" name="TestRownoleglobokType" />
    </UnitTest>
    <UnitTest name="TestSelectTrojkatAreaCompute" storage="c:\users\administrator\documents\visual studio 2008\projects\projectudt_app\projektudt_test\bin\debug\projektudt_test.dll" id="4bd872e7-b72d-78d8-3d82-4785f819026b">
      <Css projectStructure="" iteration="" />
      <Owners>
        <Owner name="" />
      </Owners>
      <Execution id="e958bdce-5cd6-4f2a-b8f0-843716bdf09c" />
      <TestMethod codeBase="C:\Users\Administrator\Documents\Visual Studio 2008\Projects\projectUDT_app\projektUDT_test\bin\Debug\projektUDT_test.dll" adapterTypeName="Microsoft.VisualStudio.TestTools.TestTypes.Unit.UnitTestAdapter, Microsoft.VisualStudio.QualityTools.Tips.UnitTest.Adapter, Version=9.0.0.0, Culture=neutral, PublicKeyToken=b03f5f7f11d50a3a" className="projektUDT_test.DBTrojkatTest, projektUDT_test" name="TestSelectTrojkatAreaCompute" />
    </UnitTest>
    <UnitTest name="TestSelectTrojkatLengthCompute" storage="c:\users\administrator\documents\visual studio 2008\projects\projectudt_app\projektudt_test\bin\debug\projektudt_test.dll" id="46484df8-917e-4249-844a-b14cd5048541">
      <Css projectStructure="" iteration="" />
      <Owners>
        <Owner name="" />
      </Owners>
      <Execution id="65d42c2b-a29d-429f-b98e-eafc3ffe9005" />
      <TestMethod codeBase="C:\Users\Administrator\Documents\Visual Studio 2008\Projects\projectUDT_app\projektUDT_test\bin\Debug\projektUDT_test.dll" adapterTypeName="Microsoft.VisualStudio.TestTools.TestTypes.Unit.UnitTestAdapter, Microsoft.VisualStudio.QualityTools.Tips.UnitTest.Adapter, Version=9.0.0.0, Culture=neutral, PublicKeyToken=b03f5f7f11d50a3a" className="projektUDT_test.DBTrojkatTest, projektUDT_test" name="TestSelectTrojkatLengthCompute" />
    </UnitTest>
    <UnitTest name="TestInsertKoloFailValidator" storage="c:\users\administrator\documents\visual studio 2008\projects\projectudt_app\projektudt_test\bin\debug\projektudt_test.dll" id="f90e75f2-7719-8ed4-d1e2-b684bbc6ec2b">
      <Css projectStructure="" iteration="" />
      <Owners>
        <Owner name="" />
      </Owners>
      <Execution id="9abefa5b-9a8e-48a9-838b-71f033b0c7d2" />
      <TestMethod codeBase="C:\Users\Administrator\Documents\Visual Studio 2008\Projects\projectUDT_app\projektUDT_test\bin\Debug\projektUDT_test.dll" adapterTypeName="Microsoft.VisualStudio.TestTools.TestTypes.Unit.UnitTestAdapter, Microsoft.VisualStudio.QualityTools.Tips.UnitTest.Adapter, Version=9.0.0.0, Culture=neutral, PublicKeyToken=b03f5f7f11d50a3a" className="projektUDT_test.DBKoloTest, projektUDT_test" name="TestInsertKoloFailValidator" />
    </UnitTest>
    <UnitTest name="TestDeleteTrapezSuccess" storage="c:\users\administrator\documents\visual studio 2008\projects\projectudt_app\projektudt_test\bin\debug\projektudt_test.dll" id="a31998fc-83ce-4acd-8027-0af56f66fff6">
      <Css projectStructure="" iteration="" />
      <Owners>
        <Owner name="" />
      </Owners>
      <Execution id="71b3d692-bf4c-4265-bbff-4233065e4744" />
      <TestMethod codeBase="C:\Users\Administrator\Documents\Visual Studio 2008\Projects\projectUDT_app\projektUDT_test\bin\Debug\projektUDT_test.dll" adapterTypeName="Microsoft.VisualStudio.TestTools.TestTypes.Unit.UnitTestAdapter, Microsoft.VisualStudio.QualityTools.Tips.UnitTest.Adapter, Version=9.0.0.0, Culture=neutral, PublicKeyToken=b03f5f7f11d50a3a" className="projektUDT_test.DBTrapezTest, projektUDT_test" name="TestDeleteTrapezSuccess" />
    </UnitTest>
    <UnitTest name="TestPunktType" storage="c:\users\administrator\documents\visual studio 2008\projects\projectudt_app\projektudt_test\bin\debug\projektudt_test.dll" id="7b67ecb2-1b85-69b7-8dcb-87e73336d2fe">
      <Css projectStructure="" iteration="" />
      <Owners>
        <Owner name="" />
      </Owners>
      <Execution id="3bcce215-48c3-4439-be2f-4cf0ac7e3267" />
      <TestMethod codeBase="C:\Users\Administrator\Documents\Visual Studio 2008\Projects\projectUDT_app\projektUDT_test\bin\Debug\projektUDT_test.dll" adapterTypeName="Microsoft.VisualStudio.TestTools.TestTypes.Unit.UnitTestAdapter, Microsoft.VisualStudio.QualityTools.Tips.UnitTest.Adapter, Version=9.0.0.0, Culture=neutral, PublicKeyToken=b03f5f7f11d50a3a" className="projektUDT_test.FiguresTest, projektUDT_test" name="TestPunktType" />
    </UnitTest>
    <UnitTest name="TestSelectRownoleglobokAreaCompute" storage="c:\users\administrator\documents\visual studio 2008\projects\projectudt_app\projektudt_test\bin\debug\projektudt_test.dll" id="47dfee26-177b-4b52-80d0-b1a2d92d3267">
      <Css projectStructure="" iteration="" />
      <Owners>
        <Owner name="" />
      </Owners>
      <Execution id="d7ccead5-4d29-43d7-8f43-d0552eec2d2d" />
      <TestMethod codeBase="C:\Users\Administrator\Documents\Visual Studio 2008\Projects\projectUDT_app\projektUDT_test\bin\Debug\projektUDT_test.dll" adapterTypeName="Microsoft.VisualStudio.TestTools.TestTypes.Unit.UnitTestAdapter, Microsoft.VisualStudio.QualityTools.Tips.UnitTest.Adapter, Version=9.0.0.0, Culture=neutral, PublicKeyToken=b03f5f7f11d50a3a" className="projektUDT_test.DBRownoleglobokTest, projektUDT_test" name="TestSelectRownoleglobokAreaCompute" />
    </UnitTest>
    <UnitTest name="TestSelectTrojkatInfo" storage="c:\users\administrator\documents\visual studio 2008\projects\projectudt_app\projektudt_test\bin\debug\projektudt_test.dll" id="b0da2658-3efb-d9fa-bc2a-b6723415d976">
      <Css projectStructure="" iteration="" />
      <Owners>
        <Owner name="" />
      </Owners>
      <Execution id="eb78d378-e7b0-4f30-8648-0c029ec40d2c" />
      <TestMethod codeBase="C:\Users\Administrator\Documents\Visual Studio 2008\Projects\projectUDT_app\projektUDT_test\bin\Debug\projektUDT_test.dll" adapterTypeName="Microsoft.VisualStudio.TestTools.TestTypes.Unit.UnitTestAdapter, Microsoft.VisualStudio.QualityTools.Tips.UnitTest.Adapter, Version=9.0.0.0, Culture=neutral, PublicKeyToken=b03f5f7f11d50a3a" className="projektUDT_test.DBTrojkatTest, projektUDT_test" name="TestSelectTrojkatInfo" />
    </UnitTest>
    <UnitTest name="TestWhereConditionFail" storage="c:\users\administrator\documents\visual studio 2008\projects\projectudt_app\projektudt_test\bin\debug\projektudt_test.dll" id="675bd83c-7a29-bd6c-950f-397c12cba5a1">
      <Css projectStructure="" iteration="" />
      <Owners>
        <Owner name="" />
      </Owners>
      <Execution id="67794a8b-d2c3-466f-9b5a-4aa05711180e" />
      <TestMethod codeBase="C:\Users\Administrator\Documents\Visual Studio 2008\Projects\projectUDT_app\projektUDT_test\bin\Debug\projektUDT_test.dll" adapterTypeName="Microsoft.VisualStudio.TestTools.TestTypes.Unit.UnitTestAdapter, Microsoft.VisualStudio.QualityTools.Tips.UnitTest.Adapter, Version=9.0.0.0, Culture=neutral, PublicKeyToken=b03f5f7f11d50a3a" className="projektUDT_test.ConsoleAppTest, projektUDT_test" name="TestWhereConditionFail" />
    </UnitTest>
    <UnitTest name="TestProstokatType" storage="c:\users\administrator\documents\visual studio 2008\projects\projectudt_app\projektudt_test\bin\debug\projektudt_test.dll" id="2469e82d-cd73-2139-bab4-3aafbd982337">
      <Css projectStructure="" iteration="" />
      <Owners>
        <Owner name="" />
      </Owners>
      <Execution id="aae5ebde-1f37-4dcc-9fdc-3233e70f8582" />
      <TestMethod codeBase="C:\Users\Administrator\Documents\Visual Studio 2008\Projects\projectUDT_app\projektUDT_test\bin\Debug\projektUDT_test.dll" adapterTypeName="Microsoft.VisualStudio.TestTools.TestTypes.Unit.UnitTestAdapter, Microsoft.VisualStudio.QualityTools.Tips.UnitTest.Adapter, Version=9.0.0.0, Culture=neutral, PublicKeyToken=b03f5f7f11d50a3a" className="projektUDT_test.FiguresTest, projektUDT_test" name="TestProstokatType" />
    </UnitTest>
    <UnitTest name="TestSelectKoloAreaCompute" storage="c:\users\administrator\documents\visual studio 2008\projects\projectudt_app\projektudt_test\bin\debug\projektudt_test.dll" id="670f68db-eba6-a5b9-e059-8fd35bb0910c">
      <Css projectStructure="" iteration="" />
      <Owners>
        <Owner name="" />
      </Owners>
      <Execution id="3ddf029f-a075-469f-8e41-c795c7f916a9" />
      <TestMethod codeBase="C:\Users\Administrator\Documents\Visual Studio 2008\Projects\projectUDT_app\projektUDT_test\bin\Debug\projektUDT_test.dll" adapterTypeName="Microsoft.VisualStudio.TestTools.TestTypes.Unit.UnitTestAdapter, Microsoft.VisualStudio.QualityTools.Tips.UnitTest.Adapter, Version=9.0.0.0, Culture=neutral, PublicKeyToken=b03f5f7f11d50a3a" className="projektUDT_test.DBKoloTest, projektUDT_test" name="TestSelectKoloAreaCompute" />
    </UnitTest>
    <UnitTest name="TestInsertKwadratSuccess" storage="c:\users\administrator\documents\visual studio 2008\projects\projectudt_app\projektudt_test\bin\debug\projektudt_test.dll" id="1e1a5f96-ef22-f23c-8b8d-0e21cb07bffe">
      <Css projectStructure="" iteration="" />
      <Owners>
        <Owner name="" />
      </Owners>
      <Execution id="a0ce8a64-d388-4a15-8558-c548eab6affa" />
      <TestMethod codeBase="C:\Users\Administrator\Documents\Visual Studio 2008\Projects\projectUDT_app\projektUDT_test\bin\Debug\projektUDT_test.dll" adapterTypeName="Microsoft.VisualStudio.TestTools.TestTypes.Unit.UnitTestAdapter, Microsoft.VisualStudio.QualityTools.Tips.UnitTest.Adapter, Version=9.0.0.0, Culture=neutral, PublicKeyToken=b03f5f7f11d50a3a" className="projektUDT_test.DBKwadratTest, projektUDT_test" name="TestInsertKwadratSuccess" />
    </UnitTest>
  </TestDefinitions>
  <TestLists>
    <TestList name="Results Not in a List" id="8c84fa94-04c1-424b-9868-57a2d4851a1d" />
    <TestList name="All Loaded Results" id="19431567-8539-422a-85d7-44ee4e166bda" />
  </TestLists>
  <TestEntries>
    <TestEntry testId="06d94c91-100c-acc9-9c47-b1414def064b" executionId="38dbcaef-79c5-4767-8a00-8a025dc71b19" testListId="8c84fa94-04c1-424b-9868-57a2d4851a1d" />
    <TestEntry testId="0813a515-3ebd-f4bb-9bb9-62500a0149a1" executionId="617cdcfa-0d32-4352-b2e5-26a7b372672e" testListId="8c84fa94-04c1-424b-9868-57a2d4851a1d" />
    <TestEntry testId="0fab764c-75a8-407a-43ad-efea69145116" executionId="a61b3d7d-b6ed-46a0-ac84-dded733aa31d" testListId="8c84fa94-04c1-424b-9868-57a2d4851a1d" />
    <TestEntry testId="15464a37-67d6-2057-a20c-6cffd2682675" executionId="d8d5cce8-fdef-4014-a6db-b0a03d3564a5" testListId="8c84fa94-04c1-424b-9868-57a2d4851a1d" />
    <TestEntry testId="156b1351-6c75-15cd-8c27-f501243014d9" executionId="df9376ae-19a4-49d3-99e4-cd7552842b48" testListId="8c84fa94-04c1-424b-9868-57a2d4851a1d" />
    <TestEntry testId="1969a1ec-11c6-383f-9b6e-99aab4ff6f03" executionId="513c4315-f035-450e-b8fd-78baa1376a0f" testListId="8c84fa94-04c1-424b-9868-57a2d4851a1d" />
    <TestEntry testId="1acbd862-75d6-e304-b107-a6a8c0809408" executionId="52489e9e-15ea-46cf-8db6-122e8db635b5" testListId="8c84fa94-04c1-424b-9868-57a2d4851a1d" />
    <TestEntry testId="1aee9c95-504f-b8d9-431f-44fccaeeb976" executionId="bbda4dd0-48b2-42f2-8c17-c4fa84e42bc5" testListId="8c84fa94-04c1-424b-9868-57a2d4851a1d" />
    <TestEntry testId="1df4791d-2dc1-4b60-2894-c68ce5ed544e" executionId="292abf25-192c-46da-9c6e-6406b59a5fe1" testListId="8c84fa94-04c1-424b-9868-57a2d4851a1d" />
    <TestEntry testId="1e1a5f96-ef22-f23c-8b8d-0e21cb07bffe" executionId="a0ce8a64-d388-4a15-8558-c548eab6affa" testListId="8c84fa94-04c1-424b-9868-57a2d4851a1d" />
    <TestEntry testId="1ec2bc70-7a65-50c2-95ae-5b627f109b04" executionId="0d6781f7-5408-4f6f-a3ff-1a1ae146be58" testListId="8c84fa94-04c1-424b-9868-57a2d4851a1d" />
    <TestEntry testId="20e5ce5e-412b-0412-3675-2c324a195017" executionId="680d6e49-e347-4315-a185-990697ecd571" testListId="8c84fa94-04c1-424b-9868-57a2d4851a1d" />
    <TestEntry testId="23f6dded-c830-4d0c-83a3-c25c4f3d19cf" executionId="2e466aa7-9ebb-4087-89b7-eb2dc6cd4ac4" testListId="8c84fa94-04c1-424b-9868-57a2d4851a1d" />
    <TestEntry testId="2469e82d-cd73-2139-bab4-3aafbd982337" executionId="aae5ebde-1f37-4dcc-9fdc-3233e70f8582" testListId="8c84fa94-04c1-424b-9868-57a2d4851a1d" />
    <TestEntry testId="28ce0bcc-d96c-f59b-673c-d39894547743" executionId="5f8bb235-0fff-4d80-8c16-3bec86ae7156" testListId="8c84fa94-04c1-424b-9868-57a2d4851a1d" />
    <TestEntry testId="2c4f2f3a-9265-b698-dec9-c59ec0a35fda" executionId="d71d9225-24dd-4c9f-bedf-6dde99331d6c" testListId="8c84fa94-04c1-424b-9868-57a2d4851a1d" />
    <TestEntry testId="333eb129-0b3d-9d37-de3e-de520fa29e3f" executionId="d51a5a26-3188-40e0-b08c-05024698f2c2" testListId="8c84fa94-04c1-424b-9868-57a2d4851a1d" />
    <TestEntry testId="38ccb642-e60a-164c-2de4-855f34cb4f7d" executionId="e62986e0-87b8-46f9-8161-35211b4afafd" testListId="8c84fa94-04c1-424b-9868-57a2d4851a1d" />
    <TestEntry testId="3b34309c-57d5-7452-250c-882a435e4730" executionId="a0471be9-11bb-4b6b-9899-20547fbd507b" testListId="8c84fa94-04c1-424b-9868-57a2d4851a1d" />
    <TestEntry testId="463943f8-dc58-8b95-a66b-9a434dde6ca7" executionId="bfc287dd-128a-4dbe-bdf0-0b6f10828aff" testListId="8c84fa94-04c1-424b-9868-57a2d4851a1d" />
    <TestEntry testId="46484df8-917e-4249-844a-b14cd5048541" executionId="65d42c2b-a29d-429f-b98e-eafc3ffe9005" testListId="8c84fa94-04c1-424b-9868-57a2d4851a1d" />
    <TestEntry testId="47dfee26-177b-4b52-80d0-b1a2d92d3267" executionId="d7ccead5-4d29-43d7-8f43-d0552eec2d2d" testListId="8c84fa94-04c1-424b-9868-57a2d4851a1d" />
    <TestEntry testId="4bd872e7-b72d-78d8-3d82-4785f819026b" executionId="e958bdce-5cd6-4f2a-b8f0-843716bdf09c" testListId="8c84fa94-04c1-424b-9868-57a2d4851a1d" />
    <TestEntry testId="528a7332-e692-0518-53e3-12bc051966ba" executionId="52852347-5377-4fec-a468-ac7de1608efd" testListId="8c84fa94-04c1-424b-9868-57a2d4851a1d" />
    <TestEntry testId="531770c7-1ed7-4ad9-fb2b-db49b19ba5d2" executionId="e2894fe3-332f-41f1-8149-a73f38db7511" testListId="8c84fa94-04c1-424b-9868-57a2d4851a1d" />
    <TestEntry testId="536cd68c-c085-b510-7f5d-73dadd7a91a6" executionId="14a384d2-9cdf-4c18-ac9b-b4b0106e9b9b" testListId="8c84fa94-04c1-424b-9868-57a2d4851a1d" />
    <TestEntry testId="56cf5c65-a0ae-b8dc-b2c0-d81d7c60f19e" executionId="4982d843-ff4f-40f9-bf53-2db2ae8ef7f9" testListId="8c84fa94-04c1-424b-9868-57a2d4851a1d" />
    <TestEntry testId="571854a7-36fb-863d-84dc-39e1bc8b9210" executionId="5b81d4c4-63bf-4b34-bfc4-16fe73f889b4" testListId="8c84fa94-04c1-424b-9868-57a2d4851a1d" />
    <TestEntry testId="57aadacb-a3ac-11c0-4451-c0b5eaf9f8f3" executionId="ee57dd49-5276-454f-8bb2-7bff85b77fdd" testListId="8c84fa94-04c1-424b-9868-57a2d4851a1d" />
    <TestEntry testId="5bfa5d26-c774-d4de-7033-ad987e78bf1b" executionId="2e9efb77-9bff-439c-b0a8-a0a6e96e48df" testListId="8c84fa94-04c1-424b-9868-57a2d4851a1d" />
    <TestEntry testId="5d05e37c-57df-a219-8b4d-4c6d5d01a8c1" executionId="2c2faa2f-14db-46b1-87fb-a43201d495ee" testListId="8c84fa94-04c1-424b-9868-57a2d4851a1d" />
    <TestEntry testId="5ec7b518-4fc2-5ad5-2ba6-59df81885483" executionId="0e544f77-f895-41cd-81ce-ea842510b47d" testListId="8c84fa94-04c1-424b-9868-57a2d4851a1d" />
    <TestEntry testId="6164a6e3-8647-4c0b-1f76-462247d42f0b" executionId="ed9eada5-4e79-4744-ba65-dd08696f7478" testListId="8c84fa94-04c1-424b-9868-57a2d4851a1d" />
    <TestEntry testId="6307ee8f-1847-c00e-f90f-c6f5c7fd658d" executionId="89116e3e-edcc-4de7-9e67-23b682fc8a33" testListId="8c84fa94-04c1-424b-9868-57a2d4851a1d" />
    <TestEntry testId="653617b9-2e7b-8fd4-3ff4-8b622fb2e7c6" executionId="ec49ffc8-9b10-4cc6-9f66-a572354c7b5d" testListId="8c84fa94-04c1-424b-9868-57a2d4851a1d" />
    <TestEntry testId="670f68db-eba6-a5b9-e059-8fd35bb0910c" executionId="3ddf029f-a075-469f-8e41-c795c7f916a9" testListId="8c84fa94-04c1-424b-9868-57a2d4851a1d" />
    <TestEntry testId="675bd83c-7a29-bd6c-950f-397c12cba5a1" executionId="67794a8b-d2c3-466f-9b5a-4aa05711180e" testListId="8c84fa94-04c1-424b-9868-57a2d4851a1d" />
    <TestEntry testId="679a72f6-6f30-16cf-a81a-8bbb7e91987c" executionId="4a198d0c-2409-45fc-bf39-81103d3d635c" testListId="8c84fa94-04c1-424b-9868-57a2d4851a1d" />
    <TestEntry testId="6b52ce5f-b05d-2fb6-3a22-7f0d206c197f" executionId="7d093e31-36fe-4cca-a35f-30475cf72bd8" testListId="8c84fa94-04c1-424b-9868-57a2d4851a1d" />
    <TestEntry testId="6f251bb3-9fcf-31d0-6116-53b68f700ed1" executionId="939c8ad6-f185-4483-b690-189cc35775f0" testListId="8c84fa94-04c1-424b-9868-57a2d4851a1d" />
    <TestEntry testId="78b788d1-f3e5-f543-582f-d7779a99251b" executionId="1ef8d350-4333-46c7-bf6c-e64b1d02b486" testListId="8c84fa94-04c1-424b-9868-57a2d4851a1d" />
    <TestEntry testId="7952b3e5-c5be-8ed6-f131-a576d351d8cb" executionId="203504ba-9d4d-4ecc-900a-d36ab1293e16" testListId="8c84fa94-04c1-424b-9868-57a2d4851a1d" />
    <TestEntry testId="797bfa1f-2a62-e77f-1110-154f0aef2d7f" executionId="5f5109f2-a65d-4f2c-a3a7-7ca1558132bd" testListId="8c84fa94-04c1-424b-9868-57a2d4851a1d" />
    <TestEntry testId="7a6e6c6f-a642-6f4a-77f3-ce22472da4df" executionId="5f0d98fa-aadf-4e2d-8e18-ca11448b1a19" testListId="8c84fa94-04c1-424b-9868-57a2d4851a1d" />
    <TestEntry testId="7a73e62e-1009-e403-2336-e33c664a0c32" executionId="48eebd07-2cf8-4508-b39c-3bdd8f8881ab" testListId="8c84fa94-04c1-424b-9868-57a2d4851a1d" />
    <TestEntry testId="7b67ecb2-1b85-69b7-8dcb-87e73336d2fe" executionId="3bcce215-48c3-4439-be2f-4cf0ac7e3267" testListId="8c84fa94-04c1-424b-9868-57a2d4851a1d" />
    <TestEntry testId="7d748728-1f2e-f640-e5cf-6cd379d042ec" executionId="8c53117b-b82e-45b0-a207-2dc983a7802a" testListId="8c84fa94-04c1-424b-9868-57a2d4851a1d" />
    <TestEntry testId="7dd3deed-26fa-f3ca-d063-7cb7c326c390" executionId="6a65933e-b5a9-4fdd-993e-d714262fdbce" testListId="8c84fa94-04c1-424b-9868-57a2d4851a1d" />
    <TestEntry testId="7f29ea62-211d-14d5-9ea4-1a810eee40e0" executionId="bfa7efd4-3751-445e-b496-98d1c1719ce2" testListId="8c84fa94-04c1-424b-9868-57a2d4851a1d" />
    <TestEntry testId="89718daa-ced1-b364-0918-dff3cd0e239d" executionId="f507b1b7-dcec-4e74-9813-7f707ae1cb03" testListId="8c84fa94-04c1-424b-9868-57a2d4851a1d" />
    <TestEntry testId="8fc690c1-c9c3-b073-e165-1b8fa5be9c16" executionId="fc7bf7bd-d87e-4682-81b7-95d64ae4d746" testListId="8c84fa94-04c1-424b-9868-57a2d4851a1d" />
    <TestEntry testId="96e4cf1a-1cdd-c24d-7680-36dea9c9df89" executionId="2a50ac8e-c362-49e0-a940-1e064f658c4d" testListId="8c84fa94-04c1-424b-9868-57a2d4851a1d" />
    <TestEntry testId="999fd6fc-eb1a-a1f3-c87e-f9a5a05afffa" executionId="ced6f4e2-7682-4386-8ab1-3483f97aec13" testListId="8c84fa94-04c1-424b-9868-57a2d4851a1d" />
    <TestEntry testId="9b23a4e0-0fd1-3992-387c-e4df1d33d5f0" executionId="fd760d6c-7e45-4cee-8159-906db4ead258" testListId="8c84fa94-04c1-424b-9868-57a2d4851a1d" />
    <TestEntry testId="9d064bba-9227-7b5c-52bf-525d865b4abc" executionId="27e8318f-97a2-4df0-b8cf-4b5fc4e89b9e" testListId="8c84fa94-04c1-424b-9868-57a2d4851a1d" />
    <TestEntry testId="9df9e8d4-89e3-8693-5393-45d41b262b3c" executionId="53955f96-da18-4ca2-83bb-1cd012004b7c" testListId="8c84fa94-04c1-424b-9868-57a2d4851a1d" />
    <TestEntry testId="a2fd893c-ac55-30ef-b198-332b82d0a0b2" executionId="3f3dc7db-942d-4b45-9a3a-e1d0dc886401" testListId="8c84fa94-04c1-424b-9868-57a2d4851a1d" />
    <TestEntry testId="a31998fc-83ce-4acd-8027-0af56f66fff6" executionId="71b3d692-bf4c-4265-bbff-4233065e4744" testListId="8c84fa94-04c1-424b-9868-57a2d4851a1d" />
    <TestEntry testId="a35798a2-aee6-5aba-8e42-078cbbd01558" executionId="f37b8400-db3e-4df2-ae88-cbc5a7e7a4cd" testListId="8c84fa94-04c1-424b-9868-57a2d4851a1d" />
    <TestEntry testId="a5cd231c-626c-6cc9-649b-017680a28730" executionId="5260b158-b003-4134-8931-ae13fdadda15" testListId="8c84fa94-04c1-424b-9868-57a2d4851a1d" />
    <TestEntry testId="a93bf2b2-1d57-26ee-2580-ea3e179b5497" executionId="dfe83850-599d-4bcd-9dd8-bfe4b7cdb97c" testListId="8c84fa94-04c1-424b-9868-57a2d4851a1d" />
    <TestEntry testId="ac1a924e-387f-08b8-d449-f3776a0f90ae" executionId="01ac6f55-0890-41dc-8861-559e7535d159" testListId="8c84fa94-04c1-424b-9868-57a2d4851a1d" />
    <TestEntry testId="b0744a28-648c-fdb8-8f7b-fa72f10159d2" executionId="57ddceea-a635-4461-b601-50586b23e907" testListId="8c84fa94-04c1-424b-9868-57a2d4851a1d" />
    <TestEntry testId="b0da2658-3efb-d9fa-bc2a-b6723415d976" executionId="eb78d378-e7b0-4f30-8648-0c029ec40d2c" testListId="8c84fa94-04c1-424b-9868-57a2d4851a1d" />
    <TestEntry testId="b448142e-7c66-1f66-dd23-74a91becdf80" executionId="811a6acf-f9e8-4276-858d-0f9e108e5a18" testListId="8c84fa94-04c1-424b-9868-57a2d4851a1d" />
    <TestEntry testId="c05fe70d-91a3-cee1-2301-2eea6767a1c7" executionId="d5f67173-c0aa-4c3a-9e71-8989ae0ac3eb" testListId="8c84fa94-04c1-424b-9868-57a2d4851a1d" />
    <TestEntry testId="c3e3608c-c792-eb29-17af-36203c86819e" executionId="0de29823-2de4-4dfa-bd34-269629db8093" testListId="8c84fa94-04c1-424b-9868-57a2d4851a1d" />
    <TestEntry testId="c3f0029e-c53c-a3a6-b9ae-3244ff789540" executionId="9f237824-dd7b-4d79-a7cd-d4a06aa253f4" testListId="8c84fa94-04c1-424b-9868-57a2d4851a1d" />
    <TestEntry testId="c61b96ec-2b37-4537-2710-67c2ffc69fcf" executionId="adf33432-6d03-460f-9a03-8898f2d22f99" testListId="8c84fa94-04c1-424b-9868-57a2d4851a1d" />
    <TestEntry testId="cb3175f3-62a4-3574-ebe2-6fd28912f98f" executionId="9408c79d-050b-4460-9067-e7355d42d8e5" testListId="8c84fa94-04c1-424b-9868-57a2d4851a1d" />
    <TestEntry testId="ccec32d2-0874-7f4a-3cc7-18948b5e194b" executionId="95821756-c623-4f37-a327-f974f4c971ac" testListId="8c84fa94-04c1-424b-9868-57a2d4851a1d" />
    <TestEntry testId="cdb3c195-1d00-e73c-1d5d-41027c8f9000" executionId="cdbbbbf3-c7fd-45d8-83d9-ec31687ab237" testListId="8c84fa94-04c1-424b-9868-57a2d4851a1d" />
    <TestEntry testId="d09bd673-7783-8887-9261-45dcf465d5bf" executionId="a0249d4b-62aa-4f37-8c19-762a6f0c5fee" testListId="8c84fa94-04c1-424b-9868-57a2d4851a1d" />
    <TestEntry testId="d4f1c64a-ccdd-07ce-2119-d3482135fa57" executionId="a8b887da-5c03-4a45-8fb2-70b180760625" testListId="8c84fa94-04c1-424b-9868-57a2d4851a1d" />
    <TestEntry testId="e2b37c3d-4891-831c-a9f1-b26fba751221" executionId="60595b81-93c5-46b1-ac0f-2da3284f74e5" testListId="8c84fa94-04c1-424b-9868-57a2d4851a1d" />
    <TestEntry testId="e6a54caf-9c84-2a08-7678-a59519ffb271" executionId="364bcabc-f1fd-461f-bba0-b9cdf1b9763f" testListId="8c84fa94-04c1-424b-9868-57a2d4851a1d" />
    <TestEntry testId="ec18d84e-ec3d-6351-012f-67d3cf3fd94f" executionId="7658b11c-abe9-4ec0-a548-755d4ee6d716" testListId="8c84fa94-04c1-424b-9868-57a2d4851a1d" />
    <TestEntry testId="ed7aea92-fb78-7480-8f5e-ffc022a352dd" executionId="6fbdb9c1-feb7-4b98-a891-07169617524a" testListId="8c84fa94-04c1-424b-9868-57a2d4851a1d" />
    <TestEntry testId="ef4b238d-6caf-7d9d-89ac-16da780fea6d" executionId="85d3543c-1635-4416-a19b-f7bf6d482ece" testListId="8c84fa94-04c1-424b-9868-57a2d4851a1d" />
    <TestEntry testId="f24fdeb3-0fc4-838d-cc54-f15114e2cff4" executionId="34ad3c7a-99a8-4906-ae9a-58b2238b8107" testListId="8c84fa94-04c1-424b-9868-57a2d4851a1d" />
    <TestEntry testId="f90e75f2-7719-8ed4-d1e2-b684bbc6ec2b" executionId="9abefa5b-9a8e-48a9-838b-71f033b0c7d2" testListId="8c84fa94-04c1-424b-9868-57a2d4851a1d" />
    <TestEntry testId="faf64f4c-6717-0c72-22f6-b1812355dc11" executionId="40518b50-863f-406d-96de-984edfb3a8a6" testListId="8c84fa94-04c1-424b-9868-57a2d4851a1d" />
    <TestEntry testId="fd97f871-078b-d14d-25cf-d01d4ec12977" executionId="f20f4102-1005-4658-bf4f-5427d652787e" testListId="8c84fa94-04c1-424b-9868-57a2d4851a1d" />
    <TestEntry testId="ff93bc8e-a4e9-04de-d083-c3d55f578ad9" executionId="26e2803e-d7a9-4dd4-a005-1d01659ff08f" testListId="8c84fa94-04c1-424b-9868-57a2d4851a1d" />
  </TestEntries>
  <Results>
    <UnitTestResult executionId="38dbcaef-79c5-4767-8a00-8a025dc71b19" testId="06d94c91-100c-acc9-9c47-b1414def064b" testName="TestResolveFigureTypeFailOption" computerName="MSSQLSERVER42" duration="00:00:00.3981329" startTime="2021-06-06T02:15:32.9602862+02:00" endTime="2021-06-06T02:15:33.6592862+02:00" testType="13cdc9d9-ddb5-4fa4-a97d-d965ccfc6d4b" outcome="Passed" testListId="8c84fa94-04c1-424b-9868-57a2d4851a1d">
      <Output>
      </Output>
    </UnitTestResult>
    <UnitTestResult executionId="617cdcfa-0d32-4352-b2e5-26a7b372672e" testId="0813a515-3ebd-f4bb-9bb9-62500a0149a1" testName="TestInsertRownoleglobokFailWrongArgumentsNumber" computerName="MSSQLSERVER42" duration="00:00:00.1222943" startTime="2021-06-06T02:15:33.6642862+02:00" endTime="2021-06-06T02:15:33.7932862+02:00" testType="13cdc9d9-ddb5-4fa4-a97d-d965ccfc6d4b" outcome="Passed" testListId="8c84fa94-04c1-424b-9868-57a2d4851a1d">
      <Output>
      </Output>
    </UnitTestResult>
    <UnitTestResult executionId="a61b3d7d-b6ed-46a0-ac84-dded733aa31d" testId="0fab764c-75a8-407a-43ad-efea69145116" testName="TestExpection" computerName="MSSQLSERVER42" duration="00:00:00.0007179" startTime="2021-06-06T02:15:33.7962862+02:00" endTime="2021-06-06T02:15:33.8022862+02:00" testType="13cdc9d9-ddb5-4fa4-a97d-d965ccfc6d4b" outcome="Passed" testListId="8c84fa94-04c1-424b-9868-57a2d4851a1d">
      <Output>
      </Output>
    </UnitTestResult>
    <UnitTestResult executionId="d8d5cce8-fdef-4014-a6db-b0a03d3564a5" testId="15464a37-67d6-2057-a20c-6cffd2682675" testName="TestInsertProstaFailWrongArgumentsNumber" computerName="MSSQLSERVER42" duration="00:00:00.0077013" startTime="2021-06-06T02:15:33.8032862+02:00" endTime="2021-06-06T02:15:33.8132862+02:00" testType="13cdc9d9-ddb5-4fa4-a97d-d965ccfc6d4b" outcome="Passed" testListId="8c84fa94-04c1-424b-9868-57a2d4851a1d">
      <Output>
      </Output>
    </UnitTestResult>
    <UnitTestResult executionId="df9376ae-19a4-49d3-99e4-cd7552842b48" testId="156b1351-6c75-15cd-8c27-f501243014d9" testName="TestInsertTrapezFailWrongArgumentsNumber" computerName="MSSQLSERVER42" duration="00:00:00.0074051" startTime="2021-06-06T02:15:33.8152862+02:00" endTime="2021-06-06T02:15:33.8262862+02:00" testType="13cdc9d9-ddb5-4fa4-a97d-d965ccfc6d4b" outcome="Passed" testListId="8c84fa94-04c1-424b-9868-57a2d4851a1d">
      <Output>
      </Output>
    </UnitTestResult>
    <UnitTestResult executionId="513c4315-f035-450e-b8fd-78baa1376a0f" testId="1969a1ec-11c6-383f-9b6e-99aab4ff6f03" testName="TestDeleteTrojkatSuccess" computerName="MSSQLSERVER42" duration="00:00:00.0200197" startTime="2021-06-06T02:15:33.8282862+02:00" endTime="2021-06-06T02:15:33.8512862+02:00" testType="13cdc9d9-ddb5-4fa4-a97d-d965ccfc6d4b" outcome="Passed" testListId="8c84fa94-04c1-424b-9868-57a2d4851a1d">
      <Output>
      </Output>
    </UnitTestResult>
    <UnitTestResult executionId="52489e9e-15ea-46cf-8db6-122e8db635b5" testId="1acbd862-75d6-e304-b107-a6a8c0809408" testName="TestSelectKwadratLengthCompute" computerName="MSSQLSERVER42" duration="00:00:00.0204333" startTime="2021-06-06T02:15:33.8542862+02:00" endTime="2021-06-06T02:15:33.8782862+02:00" testType="13cdc9d9-ddb5-4fa4-a97d-d965ccfc6d4b" outcome="Passed" testListId="8c84fa94-04c1-424b-9868-57a2d4851a1d">
      <Output>
      </Output>
    </UnitTestResult>
    <UnitTestResult executionId="bbda4dd0-48b2-42f2-8c17-c4fa84e42bc5" testId="1aee9c95-504f-b8d9-431f-44fccaeeb976" testName="TestDeleteTrojkatEmpty" computerName="MSSQLSERVER42" duration="00:00:00.0013400" startTime="2021-06-06T02:15:33.8812862+02:00" endTime="2021-06-06T02:15:33.8852862+02:00" testType="13cdc9d9-ddb5-4fa4-a97d-d965ccfc6d4b" outcome="Passed" testListId="8c84fa94-04c1-424b-9868-57a2d4851a1d">
      <Output>
      </Output>
    </UnitTestResult>
    <UnitTestResult executionId="292abf25-192c-46da-9c6e-6406b59a5fe1" testId="1df4791d-2dc1-4b60-2894-c68ce5ed544e" testName="TestInsertRownoleglobokSuccess" computerName="MSSQLSERVER42" duration="00:00:00.0065295" startTime="2021-06-06T02:15:33.8872862+02:00" endTime="2021-06-06T02:15:33.8962862+02:00" testType="13cdc9d9-ddb5-4fa4-a97d-d965ccfc6d4b" outcome="Passed" testListId="8c84fa94-04c1-424b-9868-57a2d4851a1d">
      <Output>
      </Output>
    </UnitTestResult>
    <UnitTestResult executionId="a0ce8a64-d388-4a15-8558-c548eab6affa" testId="1e1a5f96-ef22-f23c-8b8d-0e21cb07bffe" testName="TestInsertKwadratSuccess" computerName="MSSQLSERVER42" duration="00:00:00.0020311" startTime="2021-06-06T02:15:33.9122862+02:00" endTime="2021-06-06T02:15:33.9172862+02:00" testType="13cdc9d9-ddb5-4fa4-a97d-d965ccfc6d4b" outcome="Passed" testListId="8c84fa94-04c1-424b-9868-57a2d4851a1d">
      <Output>
      </Output>
    </UnitTestResult>
    <UnitTestResult executionId="0d6781f7-5408-4f6f-a3ff-1a1ae146be58" testId="1ec2bc70-7a65-50c2-95ae-5b627f109b04" testName="TestInsertKoloSuccess" computerName="MSSQLSERVER42" duration="00:00:00.0099442" startTime="2021-06-06T02:15:33.9192862+02:00" endTime="2021-06-06T02:15:33.9322862+02:00" testType="13cdc9d9-ddb5-4fa4-a97d-d965ccfc6d4b" outcome="Passed" testListId="8c84fa94-04c1-424b-9868-57a2d4851a1d">
      <Output>
      </Output>
    </UnitTestResult>
    <UnitTestResult executionId="680d6e49-e347-4315-a185-990697ecd571" testId="20e5ce5e-412b-0412-3675-2c324a195017" testName="TestDeleteRownoleglobokEmpty" computerName="MSSQLSERVER42" duration="00:00:00.0025418" startTime="2021-06-06T02:15:33.9352862+02:00" endTime="2021-06-06T02:15:33.9412862+02:00" testType="13cdc9d9-ddb5-4fa4-a97d-d965ccfc6d4b" outcome="Passed" testListId="8c84fa94-04c1-424b-9868-57a2d4851a1d">
      <Output>
      </Output>
    </UnitTestResult>
    <UnitTestResult executionId="2e466aa7-9ebb-4087-89b7-eb2dc6cd4ac4" testId="23f6dded-c830-4d0c-83a3-c25c4f3d19cf" testName="TestDeleteProstaEmpty" computerName="MSSQLSERVER42" duration="00:00:00.0023440" startTime="2021-06-06T02:15:33.9432862+02:00" endTime="2021-06-06T02:15:33.9482862+02:00" testType="13cdc9d9-ddb5-4fa4-a97d-d965ccfc6d4b" outcome="Passed" testListId="8c84fa94-04c1-424b-9868-57a2d4851a1d">
      <Output>
      </Output>
    </UnitTestResult>
    <UnitTestResult executionId="aae5ebde-1f37-4dcc-9fdc-3233e70f8582" testId="2469e82d-cd73-2139-bab4-3aafbd982337" testName="TestProstokatType" computerName="MSSQLSERVER42" duration="00:00:00.0004969" startTime="2021-06-06T02:15:33.9512862+02:00" endTime="2021-06-06T02:15:33.9552862+02:00" testType="13cdc9d9-ddb5-4fa4-a97d-d965ccfc6d4b" outcome="Passed" testListId="8c84fa94-04c1-424b-9868-57a2d4851a1d">
      <Output>
      </Output>
    </UnitTestResult>
    <UnitTestResult executionId="5f8bb235-0fff-4d80-8c16-3bec86ae7156" testId="28ce0bcc-d96c-f59b-673c-d39894547743" testName="TestSelectKwadratInfo" computerName="MSSQLSERVER42" duration="00:00:00.0078836" startTime="2021-06-06T02:15:33.9562862+02:00" endTime="2021-06-06T02:15:33.9672862+02:00" testType="13cdc9d9-ddb5-4fa4-a97d-d965ccfc6d4b" outcome="Passed" testListId="8c84fa94-04c1-424b-9868-57a2d4851a1d">
      <Output>
      </Output>
    </UnitTestResult>
    <UnitTestResult executionId="d71d9225-24dd-4c9f-bedf-6dde99331d6c" testId="2c4f2f3a-9265-b698-dec9-c59ec0a35fda" testName="TestInsertProstokatSuccess" computerName="MSSQLSERVER42" duration="00:00:00.0128030" startTime="2021-06-06T02:15:33.9692862+02:00" endTime="2021-06-06T02:15:33.9852862+02:00" testType="13cdc9d9-ddb5-4fa4-a97d-d965ccfc6d4b" outcome="Passed" testListId="8c84fa94-04c1-424b-9868-57a2d4851a1d">
      <Output>
      </Output>
    </UnitTestResult>
    <UnitTestResult executionId="d51a5a26-3188-40e0-b08c-05024698f2c2" testId="333eb129-0b3d-9d37-de3e-de520fa29e3f" testName="TestInsertTrojkatFailValidator" computerName="MSSQLSERVER42" duration="00:00:00.0017971" startTime="2021-06-06T02:15:33.9872862+02:00" endTime="2021-06-06T02:15:33.9922862+02:00" testType="13cdc9d9-ddb5-4fa4-a97d-d965ccfc6d4b" outcome="Passed" testListId="8c84fa94-04c1-424b-9868-57a2d4851a1d">
      <Output>
      </Output>
    </UnitTestResult>
    <UnitTestResult executionId="e62986e0-87b8-46f9-8161-35211b4afafd" testId="38ccb642-e60a-164c-2de4-855f34cb4f7d" testName="TestSelectProstaAreaCompute" computerName="MSSQLSERVER42" duration="00:00:00.0074774" startTime="2021-06-06T02:15:33.9942862+02:00" endTime="2021-06-06T02:15:34.0042862+02:00" testType="13cdc9d9-ddb5-4fa4-a97d-d965ccfc6d4b" outcome="Passed" testListId="8c84fa94-04c1-424b-9868-57a2d4851a1d">
      <Output>
      </Output>
    </UnitTestResult>
    <UnitTestResult executionId="a0471be9-11bb-4b6b-9899-20547fbd507b" testId="3b34309c-57d5-7452-250c-882a435e4730" testName="TestInsertRownoleglobokFailValidator" computerName="MSSQLSERVER42" duration="00:00:00.0017168" startTime="2021-06-06T02:15:34.0072862+02:00" endTime="2021-06-06T02:15:34.0112862+02:00" testType="13cdc9d9-ddb5-4fa4-a97d-d965ccfc6d4b" outcome="Passed" testListId="8c84fa94-04c1-424b-9868-57a2d4851a1d">
      <Output>
      </Output>
    </UnitTestResult>
    <UnitTestResult executionId="bfc287dd-128a-4dbe-bdf0-0b6f10828aff" testId="463943f8-dc58-8b95-a66b-9a434dde6ca7" testName="TestTrojkatType" computerName="MSSQLSERVER42" duration="00:00:00.0002438" startTime="2021-06-06T02:15:34.0132862+02:00" endTime="2021-06-06T02:15:34.0182862+02:00" testType="13cdc9d9-ddb5-4fa4-a97d-d965ccfc6d4b" outcome="Passed" testListId="8c84fa94-04c1-424b-9868-57a2d4851a1d">
      <Output>
      </Output>
    </UnitTestResult>
    <UnitTestResult executionId="65d42c2b-a29d-429f-b98e-eafc3ffe9005" testId="46484df8-917e-4249-844a-b14cd5048541" testName="TestSelectTrojkatLengthCompute" computerName="MSSQLSERVER42" duration="00:00:00.0052375" startTime="2021-06-06T02:15:34.0192862+02:00" endTime="2021-06-06T02:15:34.0262862+02:00" testType="13cdc9d9-ddb5-4fa4-a97d-d965ccfc6d4b" outcome="Passed" testListId="8c84fa94-04c1-424b-9868-57a2d4851a1d">
      <Output>
      </Output>
    </UnitTestResult>
    <UnitTestResult executionId="d7ccead5-4d29-43d7-8f43-d0552eec2d2d" testId="47dfee26-177b-4b52-80d0-b1a2d92d3267" testName="TestSelectRownoleglobokAreaCompute" computerName="MSSQLSERVER42" duration="00:00:00.0053158" startTime="2021-06-06T02:15:34.0292862+02:00" endTime="2021-06-06T02:15:34.0372862+02:00" testType="13cdc9d9-ddb5-4fa4-a97d-d965ccfc6d4b" outcome="Passed" testListId="8c84fa94-04c1-424b-9868-57a2d4851a1d">
      <Output>
      </Output>
    </UnitTestResult>
    <UnitTestResult executionId="e958bdce-5cd6-4f2a-b8f0-843716bdf09c" testId="4bd872e7-b72d-78d8-3d82-4785f819026b" testName="TestSelectTrojkatAreaCompute" computerName="MSSQLSERVER42" duration="00:00:00.0041112" startTime="2021-06-06T02:15:34.0392862+02:00" endTime="2021-06-06T02:15:34.0462862+02:00" testType="13cdc9d9-ddb5-4fa4-a97d-d965ccfc6d4b" outcome="Passed" testListId="8c84fa94-04c1-424b-9868-57a2d4851a1d">
      <Output>
      </Output>
    </UnitTestResult>
    <UnitTestResult executionId="52852347-5377-4fec-a468-ac7de1608efd" testId="528a7332-e692-0518-53e3-12bc051966ba" testName="TestDeleteProstokatEmpty" computerName="MSSQLSERVER42" duration="00:00:00.0023111" startTime="2021-06-06T02:15:34.0482862+02:00" endTime="2021-06-06T02:15:34.0532862+02:00" testType="13cdc9d9-ddb5-4fa4-a97d-d965ccfc6d4b" outcome="Passed" testListId="8c84fa94-04c1-424b-9868-57a2d4851a1d">
      <Output>
      </Output>
    </UnitTestResult>
    <UnitTestResult executionId="e2894fe3-332f-41f1-8149-a73f38db7511" testId="531770c7-1ed7-4ad9-fb2b-db49b19ba5d2" testName="TestSelectProstokatLengthCompute" computerName="MSSQLSERVER42" duration="00:00:00.0051721" startTime="2021-06-06T02:15:34.0552862+02:00" endTime="2021-06-06T02:15:34.0632862+02:00" testType="13cdc9d9-ddb5-4fa4-a97d-d965ccfc6d4b" outcome="Passed" testListId="8c84fa94-04c1-424b-9868-57a2d4851a1d">
      <Output>
      </Output>
    </UnitTestResult>
    <UnitTestResult executionId="14a384d2-9cdf-4c18-ac9b-b4b0106e9b9b" testId="536cd68c-c085-b510-7f5d-73dadd7a91a6" testName="TestSelectPunktInfo" computerName="MSSQLSERVER42" duration="00:00:00.0127491" startTime="2021-06-06T02:15:34.0672862+02:00" endTime="2021-06-06T02:15:34.0842862+02:00" testType="13cdc9d9-ddb5-4fa4-a97d-d965ccfc6d4b" outcome="Passed" testListId="8c84fa94-04c1-424b-9868-57a2d4851a1d">
      <Output>
      </Output>
    </UnitTestResult>
    <UnitTestResult executionId="4982d843-ff4f-40f9-bf53-2db2ae8ef7f9" testId="56cf5c65-a0ae-b8dc-b2c0-d81d7c60f19e" testName="TestInsertTrapezSuccess" computerName="MSSQLSERVER42" duration="00:00:00.0118972" startTime="2021-06-06T02:15:34.0892862+02:00" endTime="2021-06-06T02:15:34.1052862+02:00" testType="13cdc9d9-ddb5-4fa4-a97d-d965ccfc6d4b" outcome="Passed" testListId="8c84fa94-04c1-424b-9868-57a2d4851a1d">
      <Output>
      </Output>
    </UnitTestResult>
    <UnitTestResult executionId="5b81d4c4-63bf-4b34-bfc4-16fe73f889b4" testId="571854a7-36fb-863d-84dc-39e1bc8b9210" testName="TestTrapezType" computerName="MSSQLSERVER42" duration="00:00:00.0004094" startTime="2021-06-06T02:15:34.1102862+02:00" endTime="2021-06-06T02:15:34.1182862+02:00" testType="13cdc9d9-ddb5-4fa4-a97d-d965ccfc6d4b" outcome="Passed" testListId="8c84fa94-04c1-424b-9868-57a2d4851a1d">
      <Output>
      </Output>
    </UnitTestResult>
    <UnitTestResult executionId="ee57dd49-5276-454f-8bb2-7bff85b77fdd" testId="57aadacb-a3ac-11c0-4451-c0b5eaf9f8f3" testName="TestSelectProstokatInfo" computerName="MSSQLSERVER42" duration="00:00:00.0094500" startTime="2021-06-06T02:15:34.1202862+02:00" endTime="2021-06-06T02:15:34.1342862+02:00" testType="13cdc9d9-ddb5-4fa4-a97d-d965ccfc6d4b" outcome="Passed" testListId="8c84fa94-04c1-424b-9868-57a2d4851a1d">
      <Output>
      </Output>
    </UnitTestResult>
    <UnitTestResult executionId="2e9efb77-9bff-439c-b0a8-a0a6e96e48df" testId="5bfa5d26-c774-d4de-7033-ad987e78bf1b" testName="TestDeletePunktSuccess" computerName="MSSQLSERVER42" duration="00:00:00.0043241" startTime="2021-06-06T02:15:34.1382862+02:00" endTime="2021-06-06T02:15:34.1472862+02:00" testType="13cdc9d9-ddb5-4fa4-a97d-d965ccfc6d4b" outcome="Passed" testListId="8c84fa94-04c1-424b-9868-57a2d4851a1d">
      <Output>
      </Output>
    </UnitTestResult>
    <UnitTestResult executionId="2c2faa2f-14db-46b1-87fb-a43201d495ee" testId="5d05e37c-57df-a219-8b4d-4c6d5d01a8c1" testName="TestInsertPunktFailWrongArgumentsNumber" computerName="MSSQLSERVER42" duration="00:00:00.0033635" startTime="2021-06-06T02:15:34.1522862+02:00" endTime="2021-06-06T02:15:34.1602862+02:00" testType="13cdc9d9-ddb5-4fa4-a97d-d965ccfc6d4b" outcome="Passed" testListId="8c84fa94-04c1-424b-9868-57a2d4851a1d">
      <Output>
      </Output>
    </UnitTestResult>
    <UnitTestResult executionId="0e544f77-f895-41cd-81ce-ea842510b47d" testId="5ec7b518-4fc2-5ad5-2ba6-59df81885483" testName="TestInsertRownoleglobokFailWrongData" computerName="MSSQLSERVER42" duration="00:00:00.0049814" startTime="2021-06-06T02:15:34.1652862+02:00" endTime="2021-06-06T02:15:34.1752862+02:00" testType="13cdc9d9-ddb5-4fa4-a97d-d965ccfc6d4b" outcome="Passed" testListId="8c84fa94-04c1-424b-9868-57a2d4851a1d">
      <Output>
      </Output>
    </UnitTestResult>
    <UnitTestResult executionId="ed9eada5-4e79-4744-ba65-dd08696f7478" testId="6164a6e3-8647-4c0b-1f76-462247d42f0b" testName="TestSelectTrapezLengthCompute" computerName="MSSQLSERVER42" duration="00:00:00.0125360" startTime="2021-06-06T02:15:34.1952862+02:00" endTime="2021-06-06T02:15:34.2242862+02:00" testType="13cdc9d9-ddb5-4fa4-a97d-d965ccfc6d4b" outcome="Passed" testListId="8c84fa94-04c1-424b-9868-57a2d4851a1d">
      <Output>
      </Output>
    </UnitTestResult>
    <UnitTestResult executionId="89116e3e-edcc-4de7-9e67-23b682fc8a33" testId="6307ee8f-1847-c00e-f90f-c6f5c7fd658d" testName="TestInsertKwadratFailWrongData" computerName="MSSQLSERVER42" duration="00:00:00.0036483" startTime="2021-06-06T02:15:34.2302862+02:00" endTime="2021-06-06T02:15:34.2392862+02:00" testType="13cdc9d9-ddb5-4fa4-a97d-d965ccfc6d4b" outcome="Passed" testListId="8c84fa94-04c1-424b-9868-57a2d4851a1d">
      <Output>
      </Output>
    </UnitTestResult>
    <UnitTestResult executionId="ec49ffc8-9b10-4cc6-9f66-a572354c7b5d" testId="653617b9-2e7b-8fd4-3ff4-8b622fb2e7c6" testName="TestInsertTrojkatFailWrongArgumentsNumber" computerName="MSSQLSERVER42" duration="00:00:00.0031376" startTime="2021-06-06T02:15:34.2432862+02:00" endTime="2021-06-06T02:15:34.2512862+02:00" testType="13cdc9d9-ddb5-4fa4-a97d-d965ccfc6d4b" outcome="Passed" testListId="8c84fa94-04c1-424b-9868-57a2d4851a1d">
      <Output>
      </Output>
    </UnitTestResult>
    <UnitTestResult executionId="3ddf029f-a075-469f-8e41-c795c7f916a9" testId="670f68db-eba6-a5b9-e059-8fd35bb0910c" testName="TestSelectKoloAreaCompute" computerName="MSSQLSERVER42" duration="00:00:00.0093854" startTime="2021-06-06T02:15:34.2552862+02:00" endTime="2021-06-06T02:15:34.2702862+02:00" testType="13cdc9d9-ddb5-4fa4-a97d-d965ccfc6d4b" outcome="Passed" testListId="8c84fa94-04c1-424b-9868-57a2d4851a1d">
      <Output>
      </Output>
    </UnitTestResult>
    <UnitTestResult executionId="67794a8b-d2c3-466f-9b5a-4aa05711180e" testId="675bd83c-7a29-bd6c-950f-397c12cba5a1" testName="TestWhereConditionFail" computerName="MSSQLSERVER42" duration="00:00:00.0021585" startTime="2021-06-06T02:15:34.2752862+02:00" endTime="2021-06-06T02:15:34.2852862+02:00" testType="13cdc9d9-ddb5-4fa4-a97d-d965ccfc6d4b" outcome="Passed" testListId="8c84fa94-04c1-424b-9868-57a2d4851a1d">
      <Output>
        <StdOut>Menu FIGUREXX
    Wyswietl dane figur.
    Prosze podac wartosc:</StdOut>
      </Output>
    </UnitTestResult>
    <UnitTestResult executionId="4a198d0c-2409-45fc-bf39-81103d3d635c" testId="679a72f6-6f30-16cf-a81a-8bbb7e91987c" testName="TestInsertProstaSuccess" computerName="MSSQLSERVER42" duration="00:00:00.0037608" startTime="2021-06-06T02:15:34.2872862+02:00" endTime="2021-06-06T02:15:34.2962862+02:00" testType="13cdc9d9-ddb5-4fa4-a97d-d965ccfc6d4b" outcome="Passed" testListId="8c84fa94-04c1-424b-9868-57a2d4851a1d">
      <Output>
      </Output>
    </UnitTestResult>
    <UnitTestResult executionId="7d093e31-36fe-4cca-a35f-30475cf72bd8" testId="6b52ce5f-b05d-2fb6-3a22-7f0d206c197f" testName="TestDeleteKoloEmpty" computerName="MSSQLSERVER42" duration="00:00:00.0053858" startTime="2021-06-06T02:15:34.3032862+02:00" endTime="2021-06-06T02:15:34.3152862+02:00" testType="13cdc9d9-ddb5-4fa4-a97d-d965ccfc6d4b" outcome="Passed" testListId="8c84fa94-04c1-424b-9868-57a2d4851a1d">
      <Output>
      </Output>
    </UnitTestResult>
    <UnitTestResult executionId="939c8ad6-f185-4483-b690-189cc35775f0" testId="6f251bb3-9fcf-31d0-6116-53b68f700ed1" testName="TestRownoleglobokType" computerName="MSSQLSERVER42" duration="00:00:00.0007211" startTime="2021-06-06T02:15:34.3222862+02:00" endTime="2021-06-06T02:15:34.3352862+02:00" testType="13cdc9d9-ddb5-4fa4-a97d-d965ccfc6d4b" outcome="Passed" testListId="8c84fa94-04c1-424b-9868-57a2d4851a1d">
      <Output>
      </Output>
    </UnitTestResult>
    <UnitTestResult executionId="1ef8d350-4333-46c7-bf6c-e64b1d02b486" testId="78b788d1-f3e5-f543-582f-d7779a99251b" testName="TestSelectProstaLengthCompute" computerName="MSSQLSERVER42" duration="00:00:00.0118040" startTime="2021-06-06T02:15:34.3382862+02:00" endTime="2021-06-06T02:15:34.3572862+02:00" testType="13cdc9d9-ddb5-4fa4-a97d-d965ccfc6d4b" outcome="Passed" testListId="8c84fa94-04c1-424b-9868-57a2d4851a1d">
      <Output>
      </Output>
    </UnitTestResult>
    <UnitTestResult executionId="203504ba-9d4d-4ecc-900a-d36ab1293e16" testId="7952b3e5-c5be-8ed6-f131-a576d351d8cb" testName="TestInsertProstokatFailWrongData" computerName="MSSQLSERVER42" duration="00:00:00.0055421" startTime="2021-06-06T02:15:34.3642862+02:00" endTime="2021-06-06T02:15:34.3772862+02:00" testType="13cdc9d9-ddb5-4fa4-a97d-d965ccfc6d4b" outcome="Passed" testListId="8c84fa94-04c1-424b-9868-57a2d4851a1d">
      <Output>
      </Output>
    </UnitTestResult>
    <UnitTestResult executionId="5f5109f2-a65d-4f2c-a3a7-7ca1558132bd" testId="797bfa1f-2a62-e77f-1110-154f0aef2d7f" testName="TestInsertTrojkatSuccess" computerName="MSSQLSERVER42" duration="00:00:00.0037627" startTime="2021-06-06T02:15:34.3832862+02:00" endTime="2021-06-06T02:15:34.3942862+02:00" testType="13cdc9d9-ddb5-4fa4-a97d-d965ccfc6d4b" outcome="Passed" testListId="8c84fa94-04c1-424b-9868-57a2d4851a1d">
      <Output>
      </Output>
    </UnitTestResult>
    <UnitTestResult executionId="5f0d98fa-aadf-4e2d-8e18-ca11448b1a19" testId="7a6e6c6f-a642-6f4a-77f3-ce22472da4df" testName="TestKoloType" computerName="MSSQLSERVER42" duration="00:00:00.0005136" startTime="2021-06-06T02:15:34.4172862+02:00" endTime="2021-06-06T02:15:34.4262862+02:00" testType="13cdc9d9-ddb5-4fa4-a97d-d965ccfc6d4b" outcome="Passed" testListId="8c84fa94-04c1-424b-9868-57a2d4851a1d">
      <Output>
      </Output>
    </UnitTestResult>
    <UnitTestResult executionId="48eebd07-2cf8-4508-b39c-3bdd8f8881ab" testId="7a73e62e-1009-e403-2336-e33c664a0c32" testName="TestInsertPunktSuccess" computerName="MSSQLSERVER42" duration="00:00:00.0032402" startTime="2021-06-06T02:15:34.4282862+02:00" endTime="2021-06-06T02:15:34.4362862+02:00" testType="13cdc9d9-ddb5-4fa4-a97d-d965ccfc6d4b" outcome="Passed" testListId="8c84fa94-04c1-424b-9868-57a2d4851a1d">
      <Output>
      </Output>
    </UnitTestResult>
    <UnitTestResult executionId="3bcce215-48c3-4439-be2f-4cf0ac7e3267" testId="7b67ecb2-1b85-69b7-8dcb-87e73336d2fe" testName="TestPunktType" computerName="MSSQLSERVER42" duration="00:00:00.0005064" startTime="2021-06-06T02:15:34.4412862+02:00" endTime="2021-06-06T02:15:34.4492862+02:00" testType="13cdc9d9-ddb5-4fa4-a97d-d965ccfc6d4b" outcome="Passed" testListId="8c84fa94-04c1-424b-9868-57a2d4851a1d">
      <Output>
      </Output>
    </UnitTestResult>
    <UnitTestResult executionId="8c53117b-b82e-45b0-a207-2dc983a7802a" testId="7d748728-1f2e-f640-e5cf-6cd379d042ec" testName="TestSelectKoloInfo" computerName="MSSQLSERVER42" duration="00:00:00.0154577" startTime="2021-06-06T02:15:34.4512862+02:00" endTime="2021-06-06T02:15:34.4712862+02:00" testType="13cdc9d9-ddb5-4fa4-a97d-d965ccfc6d4b" outcome="Passed" testListId="8c84fa94-04c1-424b-9868-57a2d4851a1d">
      <Output>
      </Output>
    </UnitTestResult>
    <UnitTestResult executionId="6a65933e-b5a9-4fdd-993e-d714262fdbce" testId="7dd3deed-26fa-f3ca-d063-7cb7c326c390" testName="TestDeleteKwadratSuccess" computerName="MSSQLSERVER42" duration="00:00:00.0046816" startTime="2021-06-06T02:15:34.4772862+02:00" endTime="2021-06-06T02:15:34.4862862+02:00" testType="13cdc9d9-ddb5-4fa4-a97d-d965ccfc6d4b" outcome="Passed" testListId="8c84fa94-04c1-424b-9868-57a2d4851a1d">
      <Output>
      </Output>
    </UnitTestResult>
    <UnitTestResult executionId="bfa7efd4-3751-445e-b496-98d1c1719ce2" testId="7f29ea62-211d-14d5-9ea4-1a810eee40e0" testName="TestSelectPunktLengthCompute" computerName="MSSQLSERVER42" duration="00:00:00.0070353" startTime="2021-06-06T02:15:34.4912862+02:00" endTime="2021-06-06T02:15:34.5032862+02:00" testType="13cdc9d9-ddb5-4fa4-a97d-d965ccfc6d4b" outcome="Passed" testListId="8c84fa94-04c1-424b-9868-57a2d4851a1d">
      <Output>
      </Output>
    </UnitTestResult>
    <UnitTestResult executionId="f507b1b7-dcec-4e74-9813-7f707ae1cb03" testId="89718daa-ced1-b364-0918-dff3cd0e239d" testName="TestSelectKoloLengthCompute" computerName="MSSQLSERVER42" duration="00:00:00.0082785" startTime="2021-06-06T02:15:34.5082862+02:00" endTime="2021-06-06T02:15:34.5212862+02:00" testType="13cdc9d9-ddb5-4fa4-a97d-d965ccfc6d4b" outcome="Passed" testListId="8c84fa94-04c1-424b-9868-57a2d4851a1d">
      <Output>
      </Output>
    </UnitTestResult>
    <UnitTestResult executionId="fc7bf7bd-d87e-4682-81b7-95d64ae4d746" testId="8fc690c1-c9c3-b073-e165-1b8fa5be9c16" testName="TestProstaType" computerName="MSSQLSERVER42" duration="00:00:00.0004291" startTime="2021-06-06T02:15:34.5262862+02:00" endTime="2021-06-06T02:15:34.5342862+02:00" testType="13cdc9d9-ddb5-4fa4-a97d-d965ccfc6d4b" outcome="Passed" testListId="8c84fa94-04c1-424b-9868-57a2d4851a1d">
      <Output>
      </Output>
    </UnitTestResult>
    <UnitTestResult executionId="2a50ac8e-c362-49e0-a940-1e064f658c4d" testId="96e4cf1a-1cdd-c24d-7680-36dea9c9df89" testName="TestInsertTrojkatFailWrongData" computerName="MSSQLSERVER42" duration="00:00:00.0034611" startTime="2021-06-06T02:15:34.5352862+02:00" endTime="2021-06-06T02:15:34.5432862+02:00" testType="13cdc9d9-ddb5-4fa4-a97d-d965ccfc6d4b" outcome="Passed" testListId="8c84fa94-04c1-424b-9868-57a2d4851a1d">
      <Output>
      </Output>
    </UnitTestResult>
    <UnitTestResult executionId="ced6f4e2-7682-4386-8ab1-3483f97aec13" testId="999fd6fc-eb1a-a1f3-c87e-f9a5a05afffa" testName="TestSelectRownoleglobokLengthCompute" computerName="MSSQLSERVER42" duration="00:00:00.0089652" startTime="2021-06-06T02:15:34.5512862+02:00" endTime="2021-06-06T02:15:34.5652862+02:00" testType="13cdc9d9-ddb5-4fa4-a97d-d965ccfc6d4b" outcome="Passed" testListId="8c84fa94-04c1-424b-9868-57a2d4851a1d">
      <Output>
      </Output>
    </UnitTestResult>
    <UnitTestResult executionId="fd760d6c-7e45-4cee-8159-906db4ead258" testId="9b23a4e0-0fd1-3992-387c-e4df1d33d5f0" testName="TestDeleteTrapezEmpty" computerName="MSSQLSERVER42" duration="00:00:00.0021535" startTime="2021-06-06T02:15:34.5682862+02:00" endTime="2021-06-06T02:15:34.5722862+02:00" testType="13cdc9d9-ddb5-4fa4-a97d-d965ccfc6d4b" outcome="Passed" testListId="8c84fa94-04c1-424b-9868-57a2d4851a1d">
      <Output>
      </Output>
    </UnitTestResult>
    <UnitTestResult executionId="27e8318f-97a2-4df0-b8cf-4b5fc4e89b9e" testId="9d064bba-9227-7b5c-52bf-525d865b4abc" testName="TestSelectKwadratAreaCompute" computerName="MSSQLSERVER42" duration="00:00:00.0042010" startTime="2021-06-06T02:15:34.5752862+02:00" endTime="2021-06-06T02:15:34.5812862+02:00" testType="13cdc9d9-ddb5-4fa4-a97d-d965ccfc6d4b" outcome="Passed" testListId="8c84fa94-04c1-424b-9868-57a2d4851a1d">
      <Output>
      </Output>
    </UnitTestResult>
    <UnitTestResult executionId="53955f96-da18-4ca2-83bb-1cd012004b7c" testId="9df9e8d4-89e3-8693-5393-45d41b262b3c" testName="TestSelectPunktAreaCompute" computerName="MSSQLSERVER42" duration="00:00:00.0041541" startTime="2021-06-06T02:15:34.5842862+02:00" endTime="2021-06-06T02:15:34.5912862+02:00" testType="13cdc9d9-ddb5-4fa4-a97d-d965ccfc6d4b" outcome="Passed" testListId="8c84fa94-04c1-424b-9868-57a2d4851a1d">
      <Output>
      </Output>
    </UnitTestResult>
    <UnitTestResult executionId="3f3dc7db-942d-4b45-9a3a-e1d0dc886401" testId="a2fd893c-ac55-30ef-b198-332b82d0a0b2" testName="TestDeleteProstaSuccess" computerName="MSSQLSERVER42" duration="00:00:00.0022534" startTime="2021-06-06T02:15:34.5932862+02:00" endTime="2021-06-06T02:15:34.5982862+02:00" testType="13cdc9d9-ddb5-4fa4-a97d-d965ccfc6d4b" outcome="Passed" testListId="8c84fa94-04c1-424b-9868-57a2d4851a1d">
      <Output>
      </Output>
    </UnitTestResult>
    <UnitTestResult executionId="71b3d692-bf4c-4265-bbff-4233065e4744" testId="a31998fc-83ce-4acd-8027-0af56f66fff6" testName="TestDeleteTrapezSuccess" computerName="MSSQLSERVER42" duration="00:00:00.0021252" startTime="2021-06-06T02:15:34.6002862+02:00" endTime="2021-06-06T02:15:34.6042862+02:00" testType="13cdc9d9-ddb5-4fa4-a97d-d965ccfc6d4b" outcome="Passed" testListId="8c84fa94-04c1-424b-9868-57a2d4851a1d">
      <Output>
      </Output>
    </UnitTestResult>
    <UnitTestResult executionId="f37b8400-db3e-4df2-ae88-cbc5a7e7a4cd" testId="a35798a2-aee6-5aba-8e42-078cbbd01558" testName="TestInsertTrapezFailWrongData" computerName="MSSQLSERVER42" duration="00:00:00.0019137" startTime="2021-06-06T02:15:34.6072862+02:00" endTime="2021-06-06T02:15:34.6112862+02:00" testType="13cdc9d9-ddb5-4fa4-a97d-d965ccfc6d4b" outcome="Passed" testListId="8c84fa94-04c1-424b-9868-57a2d4851a1d">
      <Output>
      </Output>
    </UnitTestResult>
    <UnitTestResult executionId="5260b158-b003-4134-8931-ae13fdadda15" testId="a5cd231c-626c-6cc9-649b-017680a28730" testName="TestSelectProstokatAreaCompute" computerName="MSSQLSERVER42" duration="00:00:00.0044873" startTime="2021-06-06T02:15:34.6142862+02:00" endTime="2021-06-06T02:15:34.6212862+02:00" testType="13cdc9d9-ddb5-4fa4-a97d-d965ccfc6d4b" outcome="Passed" testListId="8c84fa94-04c1-424b-9868-57a2d4851a1d">
      <Output>
      </Output>
    </UnitTestResult>
    <UnitTestResult executionId="dfe83850-599d-4bcd-9dd8-bfe4b7cdb97c" testId="a93bf2b2-1d57-26ee-2580-ea3e179b5497" testName="TestSelectTrapezInfo" computerName="MSSQLSERVER42" duration="00:00:00.0050088" startTime="2021-06-06T02:15:34.6232862+02:00" endTime="2021-06-06T02:15:34.6312862+02:00" testType="13cdc9d9-ddb5-4fa4-a97d-d965ccfc6d4b" outcome="Passed" testListId="8c84fa94-04c1-424b-9868-57a2d4851a1d">
      <Output>
      </Output>
    </UnitTestResult>
    <UnitTestResult executionId="01ac6f55-0890-41dc-8861-559e7535d159" testId="ac1a924e-387f-08b8-d449-f3776a0f90ae" testName="TestDeleteRownoleglobokSuccess" computerName="MSSQLSERVER42" duration="00:00:00.0025405" startTime="2021-06-06T02:15:34.6332862+02:00" endTime="2021-06-06T02:15:34.6392862+02:00" testType="13cdc9d9-ddb5-4fa4-a97d-d965ccfc6d4b" outcome="Passed" testListId="8c84fa94-04c1-424b-9868-57a2d4851a1d">
      <Output>
      </Output>
    </UnitTestResult>
    <UnitTestResult executionId="57ddceea-a635-4461-b601-50586b23e907" testId="b0744a28-648c-fdb8-8f7b-fa72f10159d2" testName="TestSelectRownoleglobokInfo" computerName="MSSQLSERVER42" duration="00:00:00.0053080" startTime="2021-06-06T02:15:34.6412862+02:00" endTime="2021-06-06T02:15:34.6492862+02:00" testType="13cdc9d9-ddb5-4fa4-a97d-d965ccfc6d4b" outcome="Passed" testListId="8c84fa94-04c1-424b-9868-57a2d4851a1d">
      <Output>
      </Output>
    </UnitTestResult>
    <UnitTestResult executionId="eb78d378-e7b0-4f30-8648-0c029ec40d2c" testId="b0da2658-3efb-d9fa-bc2a-b6723415d976" testName="TestSelectTrojkatInfo" computerName="MSSQLSERVER42" duration="00:00:00.0056929" startTime="2021-06-06T02:15:34.6522862+02:00" endTime="2021-06-06T02:15:34.6602862+02:00" testType="13cdc9d9-ddb5-4fa4-a97d-d965ccfc6d4b" outcome="Passed" testListId="8c84fa94-04c1-424b-9868-57a2d4851a1d">
      <Output>
      </Output>
    </UnitTestResult>
    <UnitTestResult executionId="811a6acf-f9e8-4276-858d-0f9e108e5a18" testId="b448142e-7c66-1f66-dd23-74a91becdf80" testName="TestInsertTrapezFailValidator" computerName="MSSQLSERVER42" duration="00:00:00.0026456" startTime="2021-06-06T02:15:34.6632862+02:00" endTime="2021-06-06T02:15:34.6682862+02:00" testType="13cdc9d9-ddb5-4fa4-a97d-d965ccfc6d4b" outcome="Passed" testListId="8c84fa94-04c1-424b-9868-57a2d4851a1d">
      <Output>
      </Output>
    </UnitTestResult>
    <UnitTestResult executionId="d5f67173-c0aa-4c3a-9e71-8989ae0ac3eb" testId="c05fe70d-91a3-cee1-2301-2eea6767a1c7" testName="TestResolveFigureTypeFailType" computerName="MSSQLSERVER42" duration="00:00:00.0010182" startTime="2021-06-06T02:15:34.6712862+02:00" endTime="2021-06-06T02:15:34.6762862+02:00" testType="13cdc9d9-ddb5-4fa4-a97d-d965ccfc6d4b" outcome="Passed" testListId="8c84fa94-04c1-424b-9868-57a2d4851a1d">
      <Output>
      </Output>
    </UnitTestResult>
    <UnitTestResult executionId="0de29823-2de4-4dfa-bd34-269629db8093" testId="c3e3608c-c792-eb29-17af-36203c86819e" testName="TestSelectProstaInfo" computerName="MSSQLSERVER42" duration="00:00:00.0055280" startTime="2021-06-06T02:15:34.6772862+02:00" endTime="2021-06-06T02:15:34.6852862+02:00" testType="13cdc9d9-ddb5-4fa4-a97d-d965ccfc6d4b" outcome="Passed" testListId="8c84fa94-04c1-424b-9868-57a2d4851a1d">
      <Output>
      </Output>
    </UnitTestResult>
    <UnitTestResult executionId="9f237824-dd7b-4d79-a7cd-d4a06aa253f4" testId="c3f0029e-c53c-a3a6-b9ae-3244ff789540" testName="TestDeleteProstokatSuccess" computerName="MSSQLSERVER42" duration="00:00:00.0031268" startTime="2021-06-06T02:15:34.6882862+02:00" endTime="2021-06-06T02:15:34.7022862+02:00" testType="13cdc9d9-ddb5-4fa4-a97d-d965ccfc6d4b" outcome="Passed" testListId="8c84fa94-04c1-424b-9868-57a2d4851a1d">
      <Output>
      </Output>
    </UnitTestResult>
    <UnitTestResult executionId="adf33432-6d03-460f-9a03-8898f2d22f99" testId="c61b96ec-2b37-4537-2710-67c2ffc69fcf" testName="TestInsertKwadratFailWrongArgumentsNumber" computerName="MSSQLSERVER42" duration="00:00:00.0016905" startTime="2021-06-06T02:15:34.7052862+02:00" endTime="2021-06-06T02:15:34.7102862+02:00" testType="13cdc9d9-ddb5-4fa4-a97d-d965ccfc6d4b" outcome="Passed" testListId="8c84fa94-04c1-424b-9868-57a2d4851a1d">
      <Output>
      </Output>
    </UnitTestResult>
    <UnitTestResult executionId="9408c79d-050b-4460-9067-e7355d42d8e5" testId="cb3175f3-62a4-3574-ebe2-6fd28912f98f" testName="TestDeletePunktEmpty" computerName="MSSQLSERVER42" duration="00:00:00.0015053" startTime="2021-06-06T02:15:34.7122862+02:00" endTime="2021-06-06T02:15:34.7162862+02:00" testType="13cdc9d9-ddb5-4fa4-a97d-d965ccfc6d4b" outcome="Passed" testListId="8c84fa94-04c1-424b-9868-57a2d4851a1d">
      <Output>
      </Output>
    </UnitTestResult>
    <UnitTestResult executionId="95821756-c623-4f37-a327-f974f4c971ac" testId="ccec32d2-0874-7f4a-3cc7-18948b5e194b" testName="TestDeleteKoloSuccess" computerName="MSSQLSERVER42" duration="00:00:00.0024385" startTime="2021-06-06T02:15:34.7192862+02:00" endTime="2021-06-06T02:15:34.7272862+02:00" testType="13cdc9d9-ddb5-4fa4-a97d-d965ccfc6d4b" outcome="Passed" testListId="8c84fa94-04c1-424b-9868-57a2d4851a1d">
      <Output>
      </Output>
    </UnitTestResult>
    <UnitTestResult executionId="cdbbbbf3-c7fd-45d8-83d9-ec31687ab237" testId="cdb3c195-1d00-e73c-1d5d-41027c8f9000" testName="TestInsertProstaFailValidator" computerName="MSSQLSERVER42" duration="00:00:00.0016895" startTime="2021-06-06T02:15:34.7302862+02:00" endTime="2021-06-06T02:15:34.7342862+02:00" testType="13cdc9d9-ddb5-4fa4-a97d-d965ccfc6d4b" outcome="Passed" testListId="8c84fa94-04c1-424b-9868-57a2d4851a1d">
      <Output>
      </Output>
    </UnitTestResult>
    <UnitTestResult executionId="a0249d4b-62aa-4f37-8c19-762a6f0c5fee" testId="d09bd673-7783-8887-9261-45dcf465d5bf" testName="TestInsertProstokatFailWrongArgumentsNumber" computerName="MSSQLSERVER42" duration="00:00:00.0017014" startTime="2021-06-06T02:15:34.7362862+02:00" endTime="2021-06-06T02:15:34.7412862+02:00" testType="13cdc9d9-ddb5-4fa4-a97d-d965ccfc6d4b" outcome="Passed" testListId="8c84fa94-04c1-424b-9868-57a2d4851a1d">
      <Output>
      </Output>
    </UnitTestResult>
    <UnitTestResult executionId="a8b887da-5c03-4a45-8fb2-70b180760625" testId="d4f1c64a-ccdd-07ce-2119-d3482135fa57" testName="TestInsertKwadratFailValidator" computerName="MSSQLSERVER42" duration="00:00:00.0017206" startTime="2021-06-06T02:15:34.7432862+02:00" endTime="2021-06-06T02:15:34.7472862+02:00" testType="13cdc9d9-ddb5-4fa4-a97d-d965ccfc6d4b" outcome="Passed" testListId="8c84fa94-04c1-424b-9868-57a2d4851a1d">
      <Output>
      </Output>
    </UnitTestResult>
    <UnitTestResult executionId="60595b81-93c5-46b1-ac0f-2da3284f74e5" testId="e2b37c3d-4891-831c-a9f1-b26fba751221" testName="TestResolveFigureTypeSuccess" computerName="MSSQLSERVER42" duration="00:00:00.0002454" startTime="2021-06-06T02:15:34.7502862+02:00" endTime="2021-06-06T02:15:34.7542862+02:00" testType="13cdc9d9-ddb5-4fa4-a97d-d965ccfc6d4b" outcome="Passed" testListId="8c84fa94-04c1-424b-9868-57a2d4851a1d">
      <Output>
      </Output>
    </UnitTestResult>
    <UnitTestResult executionId="364bcabc-f1fd-461f-bba0-b9cdf1b9763f" testId="e6a54caf-9c84-2a08-7678-a59519ffb271" testName="TestKwadratType" computerName="MSSQLSERVER42" duration="00:00:00.0002643" startTime="2021-06-06T02:15:34.7552862+02:00" endTime="2021-06-06T02:15:34.7592862+02:00" testType="13cdc9d9-ddb5-4fa4-a97d-d965ccfc6d4b" outcome="Passed" testListId="8c84fa94-04c1-424b-9868-57a2d4851a1d">
      <Output>
      </Output>
    </UnitTestResult>
    <UnitTestResult executionId="7658b11c-abe9-4ec0-a548-755d4ee6d716" testId="ec18d84e-ec3d-6351-012f-67d3cf3fd94f" testName="TestDeleteKwadratEmpty" computerName="MSSQLSERVER42" duration="00:00:00.0016926" startTime="2021-06-06T02:15:34.7602862+02:00" endTime="2021-06-06T02:15:34.7652862+02:00" testType="13cdc9d9-ddb5-4fa4-a97d-d965ccfc6d4b" outcome="Passed" testListId="8c84fa94-04c1-424b-9868-57a2d4851a1d">
      <Output>
      </Output>
    </UnitTestResult>
    <UnitTestResult executionId="6fbdb9c1-feb7-4b98-a891-07169617524a" testId="ed7aea92-fb78-7480-8f5e-ffc022a352dd" testName="TestInsertPunktFailWrongData" computerName="MSSQLSERVER42" duration="00:00:00.0021186" startTime="2021-06-06T02:15:34.7672862+02:00" endTime="2021-06-06T02:15:34.7722862+02:00" testType="13cdc9d9-ddb5-4fa4-a97d-d965ccfc6d4b" outcome="Passed" testListId="8c84fa94-04c1-424b-9868-57a2d4851a1d">
      <Output>
      </Output>
    </UnitTestResult>
    <UnitTestResult executionId="85d3543c-1635-4416-a19b-f7bf6d482ece" testId="ef4b238d-6caf-7d9d-89ac-16da780fea6d" testName="TestInsertProstaFailWrongData" computerName="MSSQLSERVER42" duration="00:00:00.0018394" startTime="2021-06-06T02:15:34.7742862+02:00" endTime="2021-06-06T02:15:34.7792862+02:00" testType="13cdc9d9-ddb5-4fa4-a97d-d965ccfc6d4b" outcome="Passed" testListId="8c84fa94-04c1-424b-9868-57a2d4851a1d">
      <Output>
      </Output>
    </UnitTestResult>
    <UnitTestResult executionId="34ad3c7a-99a8-4906-ae9a-58b2238b8107" testId="f24fdeb3-0fc4-838d-cc54-f15114e2cff4" testName="TestInsertKoloFailWrongData" computerName="MSSQLSERVER42" duration="00:00:00.0017153" startTime="2021-06-06T02:15:34.7812862+02:00" endTime="2021-06-06T02:15:34.7862862+02:00" testType="13cdc9d9-ddb5-4fa4-a97d-d965ccfc6d4b" outcome="Passed" testListId="8c84fa94-04c1-424b-9868-57a2d4851a1d">
      <Output>
      </Output>
    </UnitTestResult>
    <UnitTestResult executionId="9abefa5b-9a8e-48a9-838b-71f033b0c7d2" testId="f90e75f2-7719-8ed4-d1e2-b684bbc6ec2b" testName="TestInsertKoloFailValidator" computerName="MSSQLSERVER42" duration="00:00:00.0017169" startTime="2021-06-06T02:15:34.7882862+02:00" endTime="2021-06-06T02:15:34.7922862+02:00" testType="13cdc9d9-ddb5-4fa4-a97d-d965ccfc6d4b" outcome="Passed" testListId="8c84fa94-04c1-424b-9868-57a2d4851a1d">
      <Output>
      </Output>
    </UnitTestResult>
    <UnitTestResult executionId="40518b50-863f-406d-96de-984edfb3a8a6" testId="faf64f4c-6717-0c72-22f6-b1812355dc11" testName="TestSelectTrapezAreaCompute" computerName="MSSQLSERVER42" duration="00:00:00.0045513" startTime="2021-06-06T02:15:34.7952862+02:00" endTime="2021-06-06T02:15:34.8022862+02:00" testType="13cdc9d9-ddb5-4fa4-a97d-d965ccfc6d4b" outcome="Passed" testListId="8c84fa94-04c1-424b-9868-57a2d4851a1d">
      <Output>
      </Output>
    </UnitTestResult>
    <UnitTestResult executionId="f20f4102-1005-4658-bf4f-5427d652787e" testId="fd97f871-078b-d14d-25cf-d01d4ec12977" testName="TestInsertKoloFailWrongArgumentsNumber" computerName="MSSQLSERVER42" duration="00:00:00.0018067" startTime="2021-06-06T02:15:34.8052862+02:00" endTime="2021-06-06T02:15:34.8092862+02:00" testType="13cdc9d9-ddb5-4fa4-a97d-d965ccfc6d4b" outcome="Passed" testListId="8c84fa94-04c1-424b-9868-57a2d4851a1d">
      <Output>
      </Output>
    </UnitTestResult>
    <UnitTestResult executionId="26e2803e-d7a9-4dd4-a005-1d01659ff08f" testId="ff93bc8e-a4e9-04de-d083-c3d55f578ad9" testName="TestInsertProstokatFailValidator" computerName="MSSQLSERVER42" duration="00:00:00.0015523" startTime="2021-06-06T02:15:34.8122862+02:00" endTime="2021-06-06T02:15:34.8162862+02:00" testType="13cdc9d9-ddb5-4fa4-a97d-d965ccfc6d4b" outcome="Passed" testListId="8c84fa94-04c1-424b-9868-57a2d4851a1d">
      <Output>
      </Output>
    </UnitTestResult>
  </Results>
</TestRun>