<?xml version="1.0" encoding="UTF-8"?>
<TestRun id="84df7c48-081c-45dc-9e4a-3775d57c6b0e" name="Administrator@MSSQLSERVER42 2021-06-04 20:16:06" runUser="MSSQLSERVER42\Administrator" xmlns="http://microsoft.com/schemas/VisualStudio/TeamTest/2006">
  <TestRunConfiguration name="Local Test Run" id="bfca1e92-730a-4b5e-9ae2-5bdd31b89376">
    <Description>This is a default test run configuration for a local test run.</Description>
    <Deployment runDeploymentRoot="C:\Users\Administrator\Documents\Visual Studio 2008\Projects\projectUDT_app\TestResults\Administrator_MSSQLSERVER42 2021-06-04 20_16_06">
      <DeploymentItem filename="C:\Users\Administrator\Documents\Visual Studio 2008\Projects\projectUDT_app\projectUDT_app\bin\Debug\projectUDT_app.exe" />
    </Deployment>
    <TestTypeSpecific />
  </TestRunConfiguration>
  <ResultSummary outcome="Completed">
    <Counters total="81" executed="81" passed="81" error="0" failed="0" timeout="0" aborted="0" inconclusive="0" passedButRunAborted="0" notRunnable="0" notExecuted="0" disconnected="0" warning="0" completed="0" inProgress="0" pending="0" />
  </ResultSummary>
  <Times creation="2021-06-04T20:16:06.2310000+02:00" queuing="2021-06-04T20:16:06.7410000+02:00" start="2021-06-04T20:16:06.9400000+02:00" finish="2021-06-04T20:16:08.1100000+02:00" />
  <TestDefinitions>
    <UnitTest name="TestTrapezType" storage="c:\users\administrator\documents\visual studio 2008\projects\projectudt_app\projektudt_test\bin\debug\projektudt_test.dll" id="571854a7-36fb-863d-84dc-39e1bc8b9210">
      <Css projectStructure="" iteration="" />
      <Owners>
        <Owner name="" />
      </Owners>
      <Execution id="73e6bdbd-c208-43f5-bad0-d642492eaabd" />
      <TestMethod codeBase="C:\Users\Administrator\Documents\Visual Studio 2008\Projects\projectUDT_app\projektUDT_test\bin\Debug\projektUDT_test.dll" adapterTypeName="Microsoft.VisualStudio.TestTools.TestTypes.Unit.UnitTestAdapter, Microsoft.VisualStudio.QualityTools.Tips.UnitTest.Adapter, Version=9.0.0.0, Culture=neutral, PublicKeyToken=b03f5f7f11d50a3a" className="projektUDT_test.FiguresTest, projektUDT_test" name="TestTrapezType" />
    </UnitTest>
    <UnitTest name="TestInsertRownoleglobokFailWrongArgumentsNumber" storage="c:\users\administrator\documents\visual studio 2008\projects\projectudt_app\projektudt_test\bin\debug\projektudt_test.dll" id="0813a515-3ebd-f4bb-9bb9-62500a0149a1">
      <Css projectStructure="" iteration="" />
      <Owners>
        <Owner name="" />
      </Owners>
      <Execution id="684fa3a1-99ee-4c2a-bf91-c34ee2f91c79" />
      <TestMethod codeBase="C:\Users\Administrator\Documents\Visual Studio 2008\Projects\projectUDT_app\projektUDT_test\bin\Debug\projektUDT_test.dll" adapterTypeName="Microsoft.VisualStudio.TestTools.TestTypes.Unit.UnitTestAdapter, Microsoft.VisualStudio.QualityTools.Tips.UnitTest.Adapter, Version=9.0.0.0, Culture=neutral, PublicKeyToken=b03f5f7f11d50a3a" className="projektUDT_test.DBRownoleglobokTest, projektUDT_test" name="TestInsertRownoleglobokFailWrongArgumentsNumber" />
    </UnitTest>
    <UnitTest name="TestSelectKwadratInfo" storage="c:\users\administrator\documents\visual studio 2008\projects\projectudt_app\projektudt_test\bin\debug\projektudt_test.dll" id="28ce0bcc-d96c-f59b-673c-d39894547743">
      <Css projectStructure="" iteration="" />
      <Owners>
        <Owner name="" />
      </Owners>
      <Execution id="12a8095b-29f4-42a7-be72-359bddc5ebab" />
      <TestMethod codeBase="C:\Users\Administrator\Documents\Visual Studio 2008\Projects\projectUDT_app\projektUDT_test\bin\Debug\projektUDT_test.dll" adapterTypeName="Microsoft.VisualStudio.TestTools.TestTypes.Unit.UnitTestAdapter, Microsoft.VisualStudio.QualityTools.Tips.UnitTest.Adapter, Version=9.0.0.0, Culture=neutral, PublicKeyToken=b03f5f7f11d50a3a" className="projektUDT_test.DBKwadratTest, projektUDT_test" name="TestSelectKwadratInfo" />
    </UnitTest>
    <UnitTest name="TestInsertPunktFailWrongData" storage="c:\users\administrator\documents\visual studio 2008\projects\projectudt_app\projektudt_test\bin\debug\projektudt_test.dll" id="ed7aea92-fb78-7480-8f5e-ffc022a352dd">
      <Css projectStructure="" iteration="" />
      <Owners>
        <Owner name="" />
      </Owners>
      <Execution id="b183ab5b-f464-479a-bc4c-8402564382d4" />
      <TestMethod codeBase="C:\Users\Administrator\Documents\Visual Studio 2008\Projects\projectUDT_app\projektUDT_test\bin\Debug\projektUDT_test.dll" adapterTypeName="Microsoft.VisualStudio.TestTools.TestTypes.Unit.UnitTestAdapter, Microsoft.VisualStudio.QualityTools.Tips.UnitTest.Adapter, Version=9.0.0.0, Culture=neutral, PublicKeyToken=b03f5f7f11d50a3a" className="projektUDT_test.DBPunktTest, projektUDT_test" name="TestInsertPunktFailWrongData" />
    </UnitTest>
    <UnitTest name="TestSelectProstaAreaCompute" storage="c:\users\administrator\documents\visual studio 2008\projects\projectudt_app\projektudt_test\bin\debug\projektudt_test.dll" id="38ccb642-e60a-164c-2de4-855f34cb4f7d">
      <Css projectStructure="" iteration="" />
      <Owners>
        <Owner name="" />
      </Owners>
      <Execution id="8685137b-61bc-4f21-a09c-02394c49a354" />
      <TestMethod codeBase="C:\Users\Administrator\Documents\Visual Studio 2008\Projects\projectUDT_app\projektUDT_test\bin\Debug\projektUDT_test.dll" adapterTypeName="Microsoft.VisualStudio.TestTools.TestTypes.Unit.UnitTestAdapter, Microsoft.VisualStudio.QualityTools.Tips.UnitTest.Adapter, Version=9.0.0.0, Culture=neutral, PublicKeyToken=b03f5f7f11d50a3a" className="projektUDT_test.DBProstaTest, projektUDT_test" name="TestSelectProstaAreaCompute" />
    </UnitTest>
    <UnitTest name="TestKwadratType" storage="c:\users\administrator\documents\visual studio 2008\projects\projectudt_app\projektudt_test\bin\debug\projektudt_test.dll" id="e6a54caf-9c84-2a08-7678-a59519ffb271">
      <Css projectStructure="" iteration="" />
      <Owners>
        <Owner name="" />
      </Owners>
      <Execution id="d4979331-04fa-4b41-968c-2482cba20d06" />
      <TestMethod codeBase="C:\Users\Administrator\Documents\Visual Studio 2008\Projects\projectUDT_app\projektUDT_test\bin\Debug\projektUDT_test.dll" adapterTypeName="Microsoft.VisualStudio.TestTools.TestTypes.Unit.UnitTestAdapter, Microsoft.VisualStudio.QualityTools.Tips.UnitTest.Adapter, Version=9.0.0.0, Culture=neutral, PublicKeyToken=b03f5f7f11d50a3a" className="projektUDT_test.FiguresTest, projektUDT_test" name="TestKwadratType" />
    </UnitTest>
    <UnitTest name="TestSelectKoloAreaCompute" storage="c:\users\administrator\documents\visual studio 2008\projects\projectudt_app\projektudt_test\bin\debug\projektudt_test.dll" id="670f68db-eba6-a5b9-e059-8fd35bb0910c">
      <Css projectStructure="" iteration="" />
      <Owners>
        <Owner name="" />
      </Owners>
      <Execution id="7bd35482-c7b7-4dad-a3e5-6713f47683de" />
      <TestMethod codeBase="C:\Users\Administrator\Documents\Visual Studio 2008\Projects\projectUDT_app\projektUDT_test\bin\Debug\projektUDT_test.dll" adapterTypeName="Microsoft.VisualStudio.TestTools.TestTypes.Unit.UnitTestAdapter, Microsoft.VisualStudio.QualityTools.Tips.UnitTest.Adapter, Version=9.0.0.0, Culture=neutral, PublicKeyToken=b03f5f7f11d50a3a" className="projektUDT_test.DBKoloTest, projektUDT_test" name="TestSelectKoloAreaCompute" />
    </UnitTest>
    <UnitTest name="TestDeleteProstokatEmpty" storage="c:\users\administrator\documents\visual studio 2008\projects\projectudt_app\projektudt_test\bin\debug\projektudt_test.dll" id="528a7332-e692-0518-53e3-12bc051966ba">
      <Css projectStructure="" iteration="" />
      <Owners>
        <Owner name="" />
      </Owners>
      <Execution id="78b77fcc-f14b-430d-8563-e0280f9f7a20" />
      <TestMethod codeBase="C:\Users\Administrator\Documents\Visual Studio 2008\Projects\projectUDT_app\projektUDT_test\bin\Debug\projektUDT_test.dll" adapterTypeName="Microsoft.VisualStudio.TestTools.TestTypes.Unit.UnitTestAdapter, Microsoft.VisualStudio.QualityTools.Tips.UnitTest.Adapter, Version=9.0.0.0, Culture=neutral, PublicKeyToken=b03f5f7f11d50a3a" className="projektUDT_test.DBProstokatTest, projektUDT_test" name="TestDeleteProstokatEmpty" />
    </UnitTest>
    <UnitTest name="TestInsertPunktFailWrongArgumentsNumber" storage="c:\users\administrator\documents\visual studio 2008\projects\projectudt_app\projektudt_test\bin\debug\projektudt_test.dll" id="5d05e37c-57df-a219-8b4d-4c6d5d01a8c1">
      <Css projectStructure="" iteration="" />
      <Owners>
        <Owner name="" />
      </Owners>
      <Execution id="51017a06-b64d-4635-9b44-d9326484e251" />
      <TestMethod codeBase="C:\Users\Administrator\Documents\Visual Studio 2008\Projects\projectUDT_app\projektUDT_test\bin\Debug\projektUDT_test.dll" adapterTypeName="Microsoft.VisualStudio.TestTools.TestTypes.Unit.UnitTestAdapter, Microsoft.VisualStudio.QualityTools.Tips.UnitTest.Adapter, Version=9.0.0.0, Culture=neutral, PublicKeyToken=b03f5f7f11d50a3a" className="projektUDT_test.DBPunktTest, projektUDT_test" name="TestInsertPunktFailWrongArgumentsNumber" />
    </UnitTest>
    <UnitTest name="TestInsertKwadratFailWrongArgumentsNumber" storage="c:\users\administrator\documents\visual studio 2008\projects\projectudt_app\projektudt_test\bin\debug\projektudt_test.dll" id="c61b96ec-2b37-4537-2710-67c2ffc69fcf">
      <Css projectStructure="" iteration="" />
      <Owners>
        <Owner name="" />
      </Owners>
      <Execution id="4100fd7f-a56c-47a2-b8e2-c784ee4a6b94" />
      <TestMethod codeBase="C:\Users\Administrator\Documents\Visual Studio 2008\Projects\projectUDT_app\projektUDT_test\bin\Debug\projektUDT_test.dll" adapterTypeName="Microsoft.VisualStudio.TestTools.TestTypes.Unit.UnitTestAdapter, Microsoft.VisualStudio.QualityTools.Tips.UnitTest.Adapter, Version=9.0.0.0, Culture=neutral, PublicKeyToken=b03f5f7f11d50a3a" className="projektUDT_test.DBKwadratTest, projektUDT_test" name="TestInsertKwadratFailWrongArgumentsNumber" />
    </UnitTest>
    <UnitTest name="TestSelectPunktAreaCompute" storage="c:\users\administrator\documents\visual studio 2008\projects\projectudt_app\projektudt_test\bin\debug\projektudt_test.dll" id="9df9e8d4-89e3-8693-5393-45d41b262b3c">
      <Css projectStructure="" iteration="" />
      <Owners>
        <Owner name="" />
      </Owners>
      <Execution id="9e642349-4db6-48c3-ae5a-2d670ee7c4b6" />
      <TestMethod codeBase="C:\Users\Administrator\Documents\Visual Studio 2008\Projects\projectUDT_app\projektUDT_test\bin\Debug\projektUDT_test.dll" adapterTypeName="Microsoft.VisualStudio.TestTools.TestTypes.Unit.UnitTestAdapter, Microsoft.VisualStudio.QualityTools.Tips.UnitTest.Adapter, Version=9.0.0.0, Culture=neutral, PublicKeyToken=b03f5f7f11d50a3a" className="projektUDT_test.DBPunktTest, projektUDT_test" name="TestSelectPunktAreaCompute" />
    </UnitTest>
    <UnitTest name="TestSelectTrapezInfo" storage="c:\users\administrator\documents\visual studio 2008\projects\projectudt_app\projektudt_test\bin\debug\projektudt_test.dll" id="a93bf2b2-1d57-26ee-2580-ea3e179b5497">
      <Css projectStructure="" iteration="" />
      <Owners>
        <Owner name="" />
      </Owners>
      <Execution id="48cb8853-fa44-4379-8719-f33883d8ea63" />
      <TestMethod codeBase="C:\Users\Administrator\Documents\Visual Studio 2008\Projects\projectUDT_app\projektUDT_test\bin\Debug\projektUDT_test.dll" adapterTypeName="Microsoft.VisualStudio.TestTools.TestTypes.Unit.UnitTestAdapter, Microsoft.VisualStudio.QualityTools.Tips.UnitTest.Adapter, Version=9.0.0.0, Culture=neutral, PublicKeyToken=b03f5f7f11d50a3a" className="projektUDT_test.DBTrapezTest, projektUDT_test" name="TestSelectTrapezInfo" />
    </UnitTest>
    <UnitTest name="TestDeleteTrojkatSuccess" storage="c:\users\administrator\documents\visual studio 2008\projects\projectudt_app\projektudt_test\bin\debug\projektudt_test.dll" id="1969a1ec-11c6-383f-9b6e-99aab4ff6f03">
      <Css projectStructure="" iteration="" />
      <Owners>
        <Owner name="" />
      </Owners>
      <Execution id="bf224287-37c9-4009-a7d4-57fc672476f8" />
      <TestMethod codeBase="C:\Users\Administrator\Documents\Visual Studio 2008\Projects\projectUDT_app\projektUDT_test\bin\Debug\projektUDT_test.dll" adapterTypeName="Microsoft.VisualStudio.TestTools.TestTypes.Unit.UnitTestAdapter, Microsoft.VisualStudio.QualityTools.Tips.UnitTest.Adapter, Version=9.0.0.0, Culture=neutral, PublicKeyToken=b03f5f7f11d50a3a" className="projektUDT_test.DBTrojkatTest, projektUDT_test" name="TestDeleteTrojkatSuccess" />
    </UnitTest>
    <UnitTest name="TestInsertTrojkatFailValidator" storage="c:\users\administrator\documents\visual studio 2008\projects\projectudt_app\projektudt_test\bin\debug\projektudt_test.dll" id="333eb129-0b3d-9d37-de3e-de520fa29e3f">
      <Css projectStructure="" iteration="" />
      <Owners>
        <Owner name="" />
      </Owners>
      <Execution id="2d7e88f9-3fe7-4451-b92f-04cb1921e14b" />
      <TestMethod codeBase="C:\Users\Administrator\Documents\Visual Studio 2008\Projects\projectUDT_app\projektUDT_test\bin\Debug\projektUDT_test.dll" adapterTypeName="Microsoft.VisualStudio.TestTools.TestTypes.Unit.UnitTestAdapter, Microsoft.VisualStudio.QualityTools.Tips.UnitTest.Adapter, Version=9.0.0.0, Culture=neutral, PublicKeyToken=b03f5f7f11d50a3a" className="projektUDT_test.DBTrojkatTest, projektUDT_test" name="TestInsertTrojkatFailValidator" />
    </UnitTest>
    <UnitTest name="TestSelectProstaLengthCompute" storage="c:\users\administrator\documents\visual studio 2008\projects\projectudt_app\projektudt_test\bin\debug\projektudt_test.dll" id="78b788d1-f3e5-f543-582f-d7779a99251b">
      <Css projectStructure="" iteration="" />
      <Owners>
        <Owner name="" />
      </Owners>
      <Execution id="eb6232d6-b04e-44c4-b468-22d45b5939d2" />
      <TestMethod codeBase="C:\Users\Administrator\Documents\Visual Studio 2008\Projects\projectUDT_app\projektUDT_test\bin\Debug\projektUDT_test.dll" adapterTypeName="Microsoft.VisualStudio.TestTools.TestTypes.Unit.UnitTestAdapter, Microsoft.VisualStudio.QualityTools.Tips.UnitTest.Adapter, Version=9.0.0.0, Culture=neutral, PublicKeyToken=b03f5f7f11d50a3a" className="projektUDT_test.DBProstaTest, projektUDT_test" name="TestSelectProstaLengthCompute" />
    </UnitTest>
    <UnitTest name="TestInsertPunktSuccess" storage="c:\users\administrator\documents\visual studio 2008\projects\projectudt_app\projektudt_test\bin\debug\projektudt_test.dll" id="7a73e62e-1009-e403-2336-e33c664a0c32">
      <Css projectStructure="" iteration="" />
      <Owners>
        <Owner name="" />
      </Owners>
      <Execution id="3b39401d-dd4a-4f1b-a957-0f8e0e4a578f" />
      <TestMethod codeBase="C:\Users\Administrator\Documents\Visual Studio 2008\Projects\projectUDT_app\projektUDT_test\bin\Debug\projektUDT_test.dll" adapterTypeName="Microsoft.VisualStudio.TestTools.TestTypes.Unit.UnitTestAdapter, Microsoft.VisualStudio.QualityTools.Tips.UnitTest.Adapter, Version=9.0.0.0, Culture=neutral, PublicKeyToken=b03f5f7f11d50a3a" className="projektUDT_test.DBPunktTest, projektUDT_test" name="TestInsertPunktSuccess" />
    </UnitTest>
    <UnitTest name="TestSelectRownoleglobokInfo" storage="c:\users\administrator\documents\visual studio 2008\projects\projectudt_app\projektudt_test\bin\debug\projektudt_test.dll" id="b0744a28-648c-fdb8-8f7b-fa72f10159d2">
      <Css projectStructure="" iteration="" />
      <Owners>
        <Owner name="" />
      </Owners>
      <Execution id="32db3352-8ac5-4759-bb02-a5a5da870ae0" />
      <TestMethod codeBase="C:\Users\Administrator\Documents\Visual Studio 2008\Projects\projectUDT_app\projektUDT_test\bin\Debug\projektUDT_test.dll" adapterTypeName="Microsoft.VisualStudio.TestTools.TestTypes.Unit.UnitTestAdapter, Microsoft.VisualStudio.QualityTools.Tips.UnitTest.Adapter, Version=9.0.0.0, Culture=neutral, PublicKeyToken=b03f5f7f11d50a3a" className="projektUDT_test.DBRownoleglobokTest, projektUDT_test" name="TestSelectRownoleglobokInfo" />
    </UnitTest>
    <UnitTest name="TestDeleteRownoleglobokSuccess" storage="c:\users\administrator\documents\visual studio 2008\projects\projectudt_app\projektudt_test\bin\debug\projektudt_test.dll" id="ac1a924e-387f-08b8-d449-f3776a0f90ae">
      <Css projectStructure="" iteration="" />
      <Owners>
        <Owner name="" />
      </Owners>
      <Execution id="1ce8f975-a89d-4298-a60a-8788475eb87a" />
      <TestMethod codeBase="C:\Users\Administrator\Documents\Visual Studio 2008\Projects\projectUDT_app\projektUDT_test\bin\Debug\projektUDT_test.dll" adapterTypeName="Microsoft.VisualStudio.TestTools.TestTypes.Unit.UnitTestAdapter, Microsoft.VisualStudio.QualityTools.Tips.UnitTest.Adapter, Version=9.0.0.0, Culture=neutral, PublicKeyToken=b03f5f7f11d50a3a" className="projektUDT_test.DBRownoleglobokTest, projektUDT_test" name="TestDeleteRownoleglobokSuccess" />
    </UnitTest>
    <UnitTest name="TestProstaType" storage="c:\users\administrator\documents\visual studio 2008\projects\projectudt_app\projektudt_test\bin\debug\projektudt_test.dll" id="8fc690c1-c9c3-b073-e165-1b8fa5be9c16">
      <Css projectStructure="" iteration="" />
      <Owners>
        <Owner name="" />
      </Owners>
      <Execution id="e8d719d9-819a-4671-ad16-371c73da9432" />
      <TestMethod codeBase="C:\Users\Administrator\Documents\Visual Studio 2008\Projects\projectUDT_app\projektUDT_test\bin\Debug\projektUDT_test.dll" adapterTypeName="Microsoft.VisualStudio.TestTools.TestTypes.Unit.UnitTestAdapter, Microsoft.VisualStudio.QualityTools.Tips.UnitTest.Adapter, Version=9.0.0.0, Culture=neutral, PublicKeyToken=b03f5f7f11d50a3a" className="projektUDT_test.FiguresTest, projektUDT_test" name="TestProstaType" />
    </UnitTest>
    <UnitTest name="TestSelectKwadratAreaCompute" storage="c:\users\administrator\documents\visual studio 2008\projects\projectudt_app\projektudt_test\bin\debug\projektudt_test.dll" id="9d064bba-9227-7b5c-52bf-525d865b4abc">
      <Css projectStructure="" iteration="" />
      <Owners>
        <Owner name="" />
      </Owners>
      <Execution id="bf2f946b-06de-4237-a79f-f89016ec1cf3" />
      <TestMethod codeBase="C:\Users\Administrator\Documents\Visual Studio 2008\Projects\projectUDT_app\projektUDT_test\bin\Debug\projektUDT_test.dll" adapterTypeName="Microsoft.VisualStudio.TestTools.TestTypes.Unit.UnitTestAdapter, Microsoft.VisualStudio.QualityTools.Tips.UnitTest.Adapter, Version=9.0.0.0, Culture=neutral, PublicKeyToken=b03f5f7f11d50a3a" className="projektUDT_test.DBKwadratTest, projektUDT_test" name="TestSelectKwadratAreaCompute" />
    </UnitTest>
    <UnitTest name="TestSelectPunktLengthCompute" storage="c:\users\administrator\documents\visual studio 2008\projects\projectudt_app\projektudt_test\bin\debug\projektudt_test.dll" id="7f29ea62-211d-14d5-9ea4-1a810eee40e0">
      <Css projectStructure="" iteration="" />
      <Owners>
        <Owner name="" />
      </Owners>
      <Execution id="0738ea14-6c51-447a-bb18-5de6f186b911" />
      <TestMethod codeBase="C:\Users\Administrator\Documents\Visual Studio 2008\Projects\projectUDT_app\projektUDT_test\bin\Debug\projektUDT_test.dll" adapterTypeName="Microsoft.VisualStudio.TestTools.TestTypes.Unit.UnitTestAdapter, Microsoft.VisualStudio.QualityTools.Tips.UnitTest.Adapter, Version=9.0.0.0, Culture=neutral, PublicKeyToken=b03f5f7f11d50a3a" className="projektUDT_test.DBPunktTest, projektUDT_test" name="TestSelectPunktLengthCompute" />
    </UnitTest>
    <UnitTest name="TestInsertTrapezFailWrongArgumentsNumber" storage="c:\users\administrator\documents\visual studio 2008\projects\projectudt_app\projektudt_test\bin\debug\projektudt_test.dll" id="156b1351-6c75-15cd-8c27-f501243014d9">
      <Css projectStructure="" iteration="" />
      <Owners>
        <Owner name="" />
      </Owners>
      <Execution id="3f42e12f-d4b7-44c3-b40c-de762b9a998a" />
      <TestMethod codeBase="C:\Users\Administrator\Documents\Visual Studio 2008\Projects\projectUDT_app\projektUDT_test\bin\Debug\projektUDT_test.dll" adapterTypeName="Microsoft.VisualStudio.TestTools.TestTypes.Unit.UnitTestAdapter, Microsoft.VisualStudio.QualityTools.Tips.UnitTest.Adapter, Version=9.0.0.0, Culture=neutral, PublicKeyToken=b03f5f7f11d50a3a" className="projektUDT_test.DBTrapezTest, projektUDT_test" name="TestInsertTrapezFailWrongArgumentsNumber" />
    </UnitTest>
    <UnitTest name="TestDeletePunktEmpty" storage="c:\users\administrator\documents\visual studio 2008\projects\projectudt_app\projektudt_test\bin\debug\projektudt_test.dll" id="cb3175f3-62a4-3574-ebe2-6fd28912f98f">
      <Css projectStructure="" iteration="" />
      <Owners>
        <Owner name="" />
      </Owners>
      <Execution id="89be05a5-e8f1-4a9c-bb1d-0803a3be9ff6" />
      <TestMethod codeBase="C:\Users\Administrator\Documents\Visual Studio 2008\Projects\projectUDT_app\projektUDT_test\bin\Debug\projektUDT_test.dll" adapterTypeName="Microsoft.VisualStudio.TestTools.TestTypes.Unit.UnitTestAdapter, Microsoft.VisualStudio.QualityTools.Tips.UnitTest.Adapter, Version=9.0.0.0, Culture=neutral, PublicKeyToken=b03f5f7f11d50a3a" className="projektUDT_test.DBPunktTest, projektUDT_test" name="TestDeletePunktEmpty" />
    </UnitTest>
    <UnitTest name="TestDeleteRownoleglobokEmpty" storage="c:\users\administrator\documents\visual studio 2008\projects\projectudt_app\projektudt_test\bin\debug\projektudt_test.dll" id="20e5ce5e-412b-0412-3675-2c324a195017">
      <Css projectStructure="" iteration="" />
      <Owners>
        <Owner name="" />
      </Owners>
      <Execution id="de4e98b3-dabf-4a94-adea-025ce7fa9da2" />
      <TestMethod codeBase="C:\Users\Administrator\Documents\Visual Studio 2008\Projects\projectUDT_app\projektUDT_test\bin\Debug\projektUDT_test.dll" adapterTypeName="Microsoft.VisualStudio.TestTools.TestTypes.Unit.UnitTestAdapter, Microsoft.VisualStudio.QualityTools.Tips.UnitTest.Adapter, Version=9.0.0.0, Culture=neutral, PublicKeyToken=b03f5f7f11d50a3a" className="projektUDT_test.DBRownoleglobokTest, projektUDT_test" name="TestDeleteRownoleglobokEmpty" />
    </UnitTest>
    <UnitTest name="TestInsertRownoleglobokFailValidator" storage="c:\users\administrator\documents\visual studio 2008\projects\projectudt_app\projektudt_test\bin\debug\projektudt_test.dll" id="3b34309c-57d5-7452-250c-882a435e4730">
      <Css projectStructure="" iteration="" />
      <Owners>
        <Owner name="" />
      </Owners>
      <Execution id="14cb43c1-83cd-441d-99f0-7b2e2ee1abbb" />
      <TestMethod codeBase="C:\Users\Administrator\Documents\Visual Studio 2008\Projects\projectUDT_app\projektUDT_test\bin\Debug\projektUDT_test.dll" adapterTypeName="Microsoft.VisualStudio.TestTools.TestTypes.Unit.UnitTestAdapter, Microsoft.VisualStudio.QualityTools.Tips.UnitTest.Adapter, Version=9.0.0.0, Culture=neutral, PublicKeyToken=b03f5f7f11d50a3a" className="projektUDT_test.DBRownoleglobokTest, projektUDT_test" name="TestInsertRownoleglobokFailValidator" />
    </UnitTest>
    <UnitTest name="TestDeleteProstaEmpty" storage="c:\users\administrator\documents\visual studio 2008\projects\projectudt_app\projektudt_test\bin\debug\projektudt_test.dll" id="23f6dded-c830-4d0c-83a3-c25c4f3d19cf">
      <Css projectStructure="" iteration="" />
      <Owners>
        <Owner name="" />
      </Owners>
      <Execution id="8e80a8cb-e0ff-4d19-ac18-b1aee4613810" />
      <TestMethod codeBase="C:\Users\Administrator\Documents\Visual Studio 2008\Projects\projectUDT_app\projektUDT_test\bin\Debug\projektUDT_test.dll" adapterTypeName="Microsoft.VisualStudio.TestTools.TestTypes.Unit.UnitTestAdapter, Microsoft.VisualStudio.QualityTools.Tips.UnitTest.Adapter, Version=9.0.0.0, Culture=neutral, PublicKeyToken=b03f5f7f11d50a3a" className="projektUDT_test.DBProstaTest, projektUDT_test" name="TestDeleteProstaEmpty" />
    </UnitTest>
    <UnitTest name="TestDeletePunktSuccess" storage="c:\users\administrator\documents\visual studio 2008\projects\projectudt_app\projektudt_test\bin\debug\projektudt_test.dll" id="5bfa5d26-c774-d4de-7033-ad987e78bf1b">
      <Css projectStructure="" iteration="" />
      <Owners>
        <Owner name="" />
      </Owners>
      <Execution id="2e42176d-b337-4326-8e2b-70aa2c88de03" />
      <TestMethod codeBase="C:\Users\Administrator\Documents\Visual Studio 2008\Projects\projectUDT_app\projektUDT_test\bin\Debug\projektUDT_test.dll" adapterTypeName="Microsoft.VisualStudio.TestTools.TestTypes.Unit.UnitTestAdapter, Microsoft.VisualStudio.QualityTools.Tips.UnitTest.Adapter, Version=9.0.0.0, Culture=neutral, PublicKeyToken=b03f5f7f11d50a3a" className="projektUDT_test.DBPunktTest, projektUDT_test" name="TestDeletePunktSuccess" />
    </UnitTest>
    <UnitTest name="TestDeleteTrapezEmpty" storage="c:\users\administrator\documents\visual studio 2008\projects\projectudt_app\projektudt_test\bin\debug\projektudt_test.dll" id="9b23a4e0-0fd1-3992-387c-e4df1d33d5f0">
      <Css projectStructure="" iteration="" />
      <Owners>
        <Owner name="" />
      </Owners>
      <Execution id="224512c1-126a-4481-b187-cf4b8dd0d80f" />
      <TestMethod codeBase="C:\Users\Administrator\Documents\Visual Studio 2008\Projects\projectUDT_app\projektUDT_test\bin\Debug\projektUDT_test.dll" adapterTypeName="Microsoft.VisualStudio.TestTools.TestTypes.Unit.UnitTestAdapter, Microsoft.VisualStudio.QualityTools.Tips.UnitTest.Adapter, Version=9.0.0.0, Culture=neutral, PublicKeyToken=b03f5f7f11d50a3a" className="projektUDT_test.DBTrapezTest, projektUDT_test" name="TestDeleteTrapezEmpty" />
    </UnitTest>
    <UnitTest name="TestInsertProstokatFailWrongData" storage="c:\users\administrator\documents\visual studio 2008\projects\projectudt_app\projektudt_test\bin\debug\projektudt_test.dll" id="7952b3e5-c5be-8ed6-f131-a576d351d8cb">
      <Css projectStructure="" iteration="" />
      <Owners>
        <Owner name="" />
      </Owners>
      <Execution id="634e65b0-c785-43f4-8fd9-c1d093be6920" />
      <TestMethod codeBase="C:\Users\Administrator\Documents\Visual Studio 2008\Projects\projectUDT_app\projektUDT_test\bin\Debug\projektUDT_test.dll" adapterTypeName="Microsoft.VisualStudio.TestTools.TestTypes.Unit.UnitTestAdapter, Microsoft.VisualStudio.QualityTools.Tips.UnitTest.Adapter, Version=9.0.0.0, Culture=neutral, PublicKeyToken=b03f5f7f11d50a3a" className="projektUDT_test.DBProstokatTest, projektUDT_test" name="TestInsertProstokatFailWrongData" />
    </UnitTest>
    <UnitTest name="TestDeleteProstaSuccess" storage="c:\users\administrator\documents\visual studio 2008\projects\projectudt_app\projektudt_test\bin\debug\projektudt_test.dll" id="a2fd893c-ac55-30ef-b198-332b82d0a0b2">
      <Css projectStructure="" iteration="" />
      <Owners>
        <Owner name="" />
      </Owners>
      <Execution id="b646c5b2-2c1c-4d52-99be-5ea36f76b9de" />
      <TestMethod codeBase="C:\Users\Administrator\Documents\Visual Studio 2008\Projects\projectUDT_app\projektUDT_test\bin\Debug\projektUDT_test.dll" adapterTypeName="Microsoft.VisualStudio.TestTools.TestTypes.Unit.UnitTestAdapter, Microsoft.VisualStudio.QualityTools.Tips.UnitTest.Adapter, Version=9.0.0.0, Culture=neutral, PublicKeyToken=b03f5f7f11d50a3a" className="projektUDT_test.DBProstaTest, projektUDT_test" name="TestDeleteProstaSuccess" />
    </UnitTest>
    <UnitTest name="TestInsertProstaSuccess" storage="c:\users\administrator\documents\visual studio 2008\projects\projectudt_app\projektudt_test\bin\debug\projektudt_test.dll" id="679a72f6-6f30-16cf-a81a-8bbb7e91987c">
      <Css projectStructure="" iteration="" />
      <Owners>
        <Owner name="" />
      </Owners>
      <Execution id="da68365f-8ca3-4bd1-8f08-cbe8e181e639" />
      <TestMethod codeBase="C:\Users\Administrator\Documents\Visual Studio 2008\Projects\projectUDT_app\projektUDT_test\bin\Debug\projektUDT_test.dll" adapterTypeName="Microsoft.VisualStudio.TestTools.TestTypes.Unit.UnitTestAdapter, Microsoft.VisualStudio.QualityTools.Tips.UnitTest.Adapter, Version=9.0.0.0, Culture=neutral, PublicKeyToken=b03f5f7f11d50a3a" className="projektUDT_test.DBProstaTest, projektUDT_test" name="TestInsertProstaSuccess" />
    </UnitTest>
    <UnitTest name="TestInsertTrapezFailValidator" storage="c:\users\administrator\documents\visual studio 2008\projects\projectudt_app\projektudt_test\bin\debug\projektudt_test.dll" id="b448142e-7c66-1f66-dd23-74a91becdf80">
      <Css projectStructure="" iteration="" />
      <Owners>
        <Owner name="" />
      </Owners>
      <Execution id="95d3da50-17bf-411d-a858-c93c08187beb" />
      <TestMethod codeBase="C:\Users\Administrator\Documents\Visual Studio 2008\Projects\projectUDT_app\projektUDT_test\bin\Debug\projektUDT_test.dll" adapterTypeName="Microsoft.VisualStudio.TestTools.TestTypes.Unit.UnitTestAdapter, Microsoft.VisualStudio.QualityTools.Tips.UnitTest.Adapter, Version=9.0.0.0, Culture=neutral, PublicKeyToken=b03f5f7f11d50a3a" className="projektUDT_test.DBTrapezTest, projektUDT_test" name="TestInsertTrapezFailValidator" />
    </UnitTest>
    <UnitTest name="TestInsertProstokatSuccess" storage="c:\users\administrator\documents\visual studio 2008\projects\projectudt_app\projektudt_test\bin\debug\projektudt_test.dll" id="2c4f2f3a-9265-b698-dec9-c59ec0a35fda">
      <Css projectStructure="" iteration="" />
      <Owners>
        <Owner name="" />
      </Owners>
      <Execution id="f3d1bd22-2bed-41ee-84eb-b6e0fbc6962e" />
      <TestMethod codeBase="C:\Users\Administrator\Documents\Visual Studio 2008\Projects\projectUDT_app\projektUDT_test\bin\Debug\projektUDT_test.dll" adapterTypeName="Microsoft.VisualStudio.TestTools.TestTypes.Unit.UnitTestAdapter, Microsoft.VisualStudio.QualityTools.Tips.UnitTest.Adapter, Version=9.0.0.0, Culture=neutral, PublicKeyToken=b03f5f7f11d50a3a" className="projektUDT_test.DBProstokatTest, projektUDT_test" name="TestInsertProstokatSuccess" />
    </UnitTest>
    <UnitTest name="TestSelectProstaInfo" storage="c:\users\administrator\documents\visual studio 2008\projects\projectudt_app\projektudt_test\bin\debug\projektudt_test.dll" id="c3e3608c-c792-eb29-17af-36203c86819e">
      <Css projectStructure="" iteration="" />
      <Owners>
        <Owner name="" />
      </Owners>
      <Execution id="a8006a1e-4347-4960-84f3-e69a4c9f71f4" />
      <TestMethod codeBase="C:\Users\Administrator\Documents\Visual Studio 2008\Projects\projectUDT_app\projektUDT_test\bin\Debug\projektUDT_test.dll" adapterTypeName="Microsoft.VisualStudio.TestTools.TestTypes.Unit.UnitTestAdapter, Microsoft.VisualStudio.QualityTools.Tips.UnitTest.Adapter, Version=9.0.0.0, Culture=neutral, PublicKeyToken=b03f5f7f11d50a3a" className="projektUDT_test.DBProstaTest, projektUDT_test" name="TestSelectProstaInfo" />
    </UnitTest>
    <UnitTest name="TestInsertProstaFailWrongData" storage="c:\users\administrator\documents\visual studio 2008\projects\projectudt_app\projektudt_test\bin\debug\projektudt_test.dll" id="ef4b238d-6caf-7d9d-89ac-16da780fea6d">
      <Css projectStructure="" iteration="" />
      <Owners>
        <Owner name="" />
      </Owners>
      <Execution id="923c8632-3705-47a9-a907-4bfdb721dd89" />
      <TestMethod codeBase="C:\Users\Administrator\Documents\Visual Studio 2008\Projects\projectUDT_app\projektUDT_test\bin\Debug\projektUDT_test.dll" adapterTypeName="Microsoft.VisualStudio.TestTools.TestTypes.Unit.UnitTestAdapter, Microsoft.VisualStudio.QualityTools.Tips.UnitTest.Adapter, Version=9.0.0.0, Culture=neutral, PublicKeyToken=b03f5f7f11d50a3a" className="projektUDT_test.DBProstaTest, projektUDT_test" name="TestInsertProstaFailWrongData" />
    </UnitTest>
    <UnitTest name="TestSelectKoloLengthCompute" storage="c:\users\administrator\documents\visual studio 2008\projects\projectudt_app\projektudt_test\bin\debug\projektudt_test.dll" id="89718daa-ced1-b364-0918-dff3cd0e239d">
      <Css projectStructure="" iteration="" />
      <Owners>
        <Owner name="" />
      </Owners>
      <Execution id="61668012-1ea3-413e-9d78-1860548979b7" />
      <TestMethod codeBase="C:\Users\Administrator\Documents\Visual Studio 2008\Projects\projectUDT_app\projektUDT_test\bin\Debug\projektUDT_test.dll" adapterTypeName="Microsoft.VisualStudio.TestTools.TestTypes.Unit.UnitTestAdapter, Microsoft.VisualStudio.QualityTools.Tips.UnitTest.Adapter, Version=9.0.0.0, Culture=neutral, PublicKeyToken=b03f5f7f11d50a3a" className="projektUDT_test.DBKoloTest, projektUDT_test" name="TestSelectKoloLengthCompute" />
    </UnitTest>
    <UnitTest name="TestDeleteProstokatSuccess" storage="c:\users\administrator\documents\visual studio 2008\projects\projectudt_app\projektudt_test\bin\debug\projektudt_test.dll" id="c3f0029e-c53c-a3a6-b9ae-3244ff789540">
      <Css projectStructure="" iteration="" />
      <Owners>
        <Owner name="" />
      </Owners>
      <Execution id="11a357ce-33f4-4b3d-a70d-238f8a2b8832" />
      <TestMethod codeBase="C:\Users\Administrator\Documents\Visual Studio 2008\Projects\projectUDT_app\projektUDT_test\bin\Debug\projektUDT_test.dll" adapterTypeName="Microsoft.VisualStudio.TestTools.TestTypes.Unit.UnitTestAdapter, Microsoft.VisualStudio.QualityTools.Tips.UnitTest.Adapter, Version=9.0.0.0, Culture=neutral, PublicKeyToken=b03f5f7f11d50a3a" className="projektUDT_test.DBProstokatTest, projektUDT_test" name="TestDeleteProstokatSuccess" />
    </UnitTest>
    <UnitTest name="TestDeleteKwadratEmpty" storage="c:\users\administrator\documents\visual studio 2008\projects\projectudt_app\projektudt_test\bin\debug\projektudt_test.dll" id="ec18d84e-ec3d-6351-012f-67d3cf3fd94f">
      <Css projectStructure="" iteration="" />
      <Owners>
        <Owner name="" />
      </Owners>
      <Execution id="790f969d-6064-4e7a-91e3-0bee2c9ee11e" />
      <TestMethod codeBase="C:\Users\Administrator\Documents\Visual Studio 2008\Projects\projectUDT_app\projektUDT_test\bin\Debug\projektUDT_test.dll" adapterTypeName="Microsoft.VisualStudio.TestTools.TestTypes.Unit.UnitTestAdapter, Microsoft.VisualStudio.QualityTools.Tips.UnitTest.Adapter, Version=9.0.0.0, Culture=neutral, PublicKeyToken=b03f5f7f11d50a3a" className="projektUDT_test.DBKwadratTest, projektUDT_test" name="TestDeleteKwadratEmpty" />
    </UnitTest>
    <UnitTest name="TestInsertProstokatFailWrongArgumentsNumber" storage="c:\users\administrator\documents\visual studio 2008\projects\projectudt_app\projektudt_test\bin\debug\projektudt_test.dll" id="d09bd673-7783-8887-9261-45dcf465d5bf">
      <Css projectStructure="" iteration="" />
      <Owners>
        <Owner name="" />
      </Owners>
      <Execution id="2001662a-ba25-4523-827d-a336029e4faa" />
      <TestMethod codeBase="C:\Users\Administrator\Documents\Visual Studio 2008\Projects\projectUDT_app\projektUDT_test\bin\Debug\projektUDT_test.dll" adapterTypeName="Microsoft.VisualStudio.TestTools.TestTypes.Unit.UnitTestAdapter, Microsoft.VisualStudio.QualityTools.Tips.UnitTest.Adapter, Version=9.0.0.0, Culture=neutral, PublicKeyToken=b03f5f7f11d50a3a" className="projektUDT_test.DBProstokatTest, projektUDT_test" name="TestInsertProstokatFailWrongArgumentsNumber" />
    </UnitTest>
    <UnitTest name="TestInsertKwadratFailValidator" storage="c:\users\administrator\documents\visual studio 2008\projects\projectudt_app\projektudt_test\bin\debug\projektudt_test.dll" id="d4f1c64a-ccdd-07ce-2119-d3482135fa57">
      <Css projectStructure="" iteration="" />
      <Owners>
        <Owner name="" />
      </Owners>
      <Execution id="2001810c-4c36-466b-a6b2-19665bd81ec1" />
      <TestMethod codeBase="C:\Users\Administrator\Documents\Visual Studio 2008\Projects\projectUDT_app\projektUDT_test\bin\Debug\projektUDT_test.dll" adapterTypeName="Microsoft.VisualStudio.TestTools.TestTypes.Unit.UnitTestAdapter, Microsoft.VisualStudio.QualityTools.Tips.UnitTest.Adapter, Version=9.0.0.0, Culture=neutral, PublicKeyToken=b03f5f7f11d50a3a" className="projektUDT_test.DBKwadratTest, projektUDT_test" name="TestInsertKwadratFailValidator" />
    </UnitTest>
    <UnitTest name="TestInsertKoloSuccess" storage="c:\users\administrator\documents\visual studio 2008\projects\projectudt_app\projektudt_test\bin\debug\projektudt_test.dll" id="1ec2bc70-7a65-50c2-95ae-5b627f109b04">
      <Css projectStructure="" iteration="" />
      <Owners>
        <Owner name="" />
      </Owners>
      <Execution id="c9d2f6de-01cb-46c2-a76e-df8bb49b9e20" />
      <TestMethod codeBase="C:\Users\Administrator\Documents\Visual Studio 2008\Projects\projectUDT_app\projektUDT_test\bin\Debug\projektUDT_test.dll" adapterTypeName="Microsoft.VisualStudio.TestTools.TestTypes.Unit.UnitTestAdapter, Microsoft.VisualStudio.QualityTools.Tips.UnitTest.Adapter, Version=9.0.0.0, Culture=neutral, PublicKeyToken=b03f5f7f11d50a3a" className="projektUDT_test.DBKoloTest, projektUDT_test" name="TestInsertKoloSuccess" />
    </UnitTest>
    <UnitTest name="TestInsertProstokatFailValidator" storage="c:\users\administrator\documents\visual studio 2008\projects\projectudt_app\projektudt_test\bin\debug\projektudt_test.dll" id="ff93bc8e-a4e9-04de-d083-c3d55f578ad9">
      <Css projectStructure="" iteration="" />
      <Owners>
        <Owner name="" />
      </Owners>
      <Execution id="a2e1a26b-5693-4506-a3c3-ecf2cd4f2cd4" />
      <TestMethod codeBase="C:\Users\Administrator\Documents\Visual Studio 2008\Projects\projectUDT_app\projektUDT_test\bin\Debug\projektUDT_test.dll" adapterTypeName="Microsoft.VisualStudio.TestTools.TestTypes.Unit.UnitTestAdapter, Microsoft.VisualStudio.QualityTools.Tips.UnitTest.Adapter, Version=9.0.0.0, Culture=neutral, PublicKeyToken=b03f5f7f11d50a3a" className="projektUDT_test.DBProstokatTest, projektUDT_test" name="TestInsertProstokatFailValidator" />
    </UnitTest>
    <UnitTest name="TestDeleteKoloEmpty" storage="c:\users\administrator\documents\visual studio 2008\projects\projectudt_app\projektudt_test\bin\debug\projektudt_test.dll" id="6b52ce5f-b05d-2fb6-3a22-7f0d206c197f">
      <Css projectStructure="" iteration="" />
      <Owners>
        <Owner name="" />
      </Owners>
      <Execution id="a8558b04-d2eb-4d48-b4e7-d051ef35389f" />
      <TestMethod codeBase="C:\Users\Administrator\Documents\Visual Studio 2008\Projects\projectUDT_app\projektUDT_test\bin\Debug\projektUDT_test.dll" adapterTypeName="Microsoft.VisualStudio.TestTools.TestTypes.Unit.UnitTestAdapter, Microsoft.VisualStudio.QualityTools.Tips.UnitTest.Adapter, Version=9.0.0.0, Culture=neutral, PublicKeyToken=b03f5f7f11d50a3a" className="projektUDT_test.DBKoloTest, projektUDT_test" name="TestDeleteKoloEmpty" />
    </UnitTest>
    <UnitTest name="TestInsertRownoleglobokSuccess" storage="c:\users\administrator\documents\visual studio 2008\projects\projectudt_app\projektudt_test\bin\debug\projektudt_test.dll" id="1df4791d-2dc1-4b60-2894-c68ce5ed544e">
      <Css projectStructure="" iteration="" />
      <Owners>
        <Owner name="" />
      </Owners>
      <Execution id="48a3826a-a488-409c-85b9-2e3f972a7fb8" />
      <TestMethod codeBase="C:\Users\Administrator\Documents\Visual Studio 2008\Projects\projectUDT_app\projektUDT_test\bin\Debug\projektUDT_test.dll" adapterTypeName="Microsoft.VisualStudio.TestTools.TestTypes.Unit.UnitTestAdapter, Microsoft.VisualStudio.QualityTools.Tips.UnitTest.Adapter, Version=9.0.0.0, Culture=neutral, PublicKeyToken=b03f5f7f11d50a3a" className="projektUDT_test.DBRownoleglobokTest, projektUDT_test" name="TestInsertRownoleglobokSuccess" />
    </UnitTest>
    <UnitTest name="TestSelectTrapezAreaCompute" storage="c:\users\administrator\documents\visual studio 2008\projects\projectudt_app\projektudt_test\bin\debug\projektudt_test.dll" id="faf64f4c-6717-0c72-22f6-b1812355dc11">
      <Css projectStructure="" iteration="" />
      <Owners>
        <Owner name="" />
      </Owners>
      <Execution id="8a7e386c-d133-40b9-b50e-05bc72d6aae2" />
      <TestMethod codeBase="C:\Users\Administrator\Documents\Visual Studio 2008\Projects\projectUDT_app\projektUDT_test\bin\Debug\projektUDT_test.dll" adapterTypeName="Microsoft.VisualStudio.TestTools.TestTypes.Unit.UnitTestAdapter, Microsoft.VisualStudio.QualityTools.Tips.UnitTest.Adapter, Version=9.0.0.0, Culture=neutral, PublicKeyToken=b03f5f7f11d50a3a" className="projektUDT_test.DBTrapezTest, projektUDT_test" name="TestSelectTrapezAreaCompute" />
    </UnitTest>
    <UnitTest name="TestKoloType" storage="c:\users\administrator\documents\visual studio 2008\projects\projectudt_app\projektudt_test\bin\debug\projektudt_test.dll" id="7a6e6c6f-a642-6f4a-77f3-ce22472da4df">
      <Css projectStructure="" iteration="" />
      <Owners>
        <Owner name="" />
      </Owners>
      <Execution id="6598544a-e2cc-47f1-975c-5d035e9e69a4" />
      <TestMethod codeBase="C:\Users\Administrator\Documents\Visual Studio 2008\Projects\projectUDT_app\projektUDT_test\bin\Debug\projektUDT_test.dll" adapterTypeName="Microsoft.VisualStudio.TestTools.TestTypes.Unit.UnitTestAdapter, Microsoft.VisualStudio.QualityTools.Tips.UnitTest.Adapter, Version=9.0.0.0, Culture=neutral, PublicKeyToken=b03f5f7f11d50a3a" className="projektUDT_test.FiguresTest, projektUDT_test" name="TestKoloType" />
    </UnitTest>
    <UnitTest name="TestSelectProstokatInfo" storage="c:\users\administrator\documents\visual studio 2008\projects\projectudt_app\projektudt_test\bin\debug\projektudt_test.dll" id="57aadacb-a3ac-11c0-4451-c0b5eaf9f8f3">
      <Css projectStructure="" iteration="" />
      <Owners>
        <Owner name="" />
      </Owners>
      <Execution id="ac5bef81-ed7d-4452-a7f8-695175cf0bf3" />
      <TestMethod codeBase="C:\Users\Administrator\Documents\Visual Studio 2008\Projects\projectUDT_app\projektUDT_test\bin\Debug\projektUDT_test.dll" adapterTypeName="Microsoft.VisualStudio.TestTools.TestTypes.Unit.UnitTestAdapter, Microsoft.VisualStudio.QualityTools.Tips.UnitTest.Adapter, Version=9.0.0.0, Culture=neutral, PublicKeyToken=b03f5f7f11d50a3a" className="projektUDT_test.DBProstokatTest, projektUDT_test" name="TestSelectProstokatInfo" />
    </UnitTest>
    <UnitTest name="TestInsertKoloFailWrongArgumentsNumber" storage="c:\users\administrator\documents\visual studio 2008\projects\projectudt_app\projektudt_test\bin\debug\projektudt_test.dll" id="fd97f871-078b-d14d-25cf-d01d4ec12977">
      <Css projectStructure="" iteration="" />
      <Owners>
        <Owner name="" />
      </Owners>
      <Execution id="b5aff494-8569-4bbe-86de-6319d677af1d" />
      <TestMethod codeBase="C:\Users\Administrator\Documents\Visual Studio 2008\Projects\projectUDT_app\projektUDT_test\bin\Debug\projektUDT_test.dll" adapterTypeName="Microsoft.VisualStudio.TestTools.TestTypes.Unit.UnitTestAdapter, Microsoft.VisualStudio.QualityTools.Tips.UnitTest.Adapter, Version=9.0.0.0, Culture=neutral, PublicKeyToken=b03f5f7f11d50a3a" className="projektUDT_test.DBKoloTest, projektUDT_test" name="TestInsertKoloFailWrongArgumentsNumber" />
    </UnitTest>
    <UnitTest name="TestSelectPunktInfo" storage="c:\users\administrator\documents\visual studio 2008\projects\projectudt_app\projektudt_test\bin\debug\projektudt_test.dll" id="536cd68c-c085-b510-7f5d-73dadd7a91a6">
      <Css projectStructure="" iteration="" />
      <Owners>
        <Owner name="" />
      </Owners>
      <Execution id="9781db84-75ce-4e6e-8be0-b26f6bdc9dfe" />
      <TestMethod codeBase="C:\Users\Administrator\Documents\Visual Studio 2008\Projects\projectUDT_app\projektUDT_test\bin\Debug\projektUDT_test.dll" adapterTypeName="Microsoft.VisualStudio.TestTools.TestTypes.Unit.UnitTestAdapter, Microsoft.VisualStudio.QualityTools.Tips.UnitTest.Adapter, Version=9.0.0.0, Culture=neutral, PublicKeyToken=b03f5f7f11d50a3a" className="projektUDT_test.DBPunktTest, projektUDT_test" name="TestSelectPunktInfo" />
    </UnitTest>
    <UnitTest name="TestInsertProstaFailWrongArgumentsNumber" storage="c:\users\administrator\documents\visual studio 2008\projects\projectudt_app\projektudt_test\bin\debug\projektudt_test.dll" id="15464a37-67d6-2057-a20c-6cffd2682675">
      <Css projectStructure="" iteration="" />
      <Owners>
        <Owner name="" />
      </Owners>
      <Execution id="f1bd6925-0842-46d2-97fb-57f553a4e289" />
      <TestMethod codeBase="C:\Users\Administrator\Documents\Visual Studio 2008\Projects\projectUDT_app\projektUDT_test\bin\Debug\projektUDT_test.dll" adapterTypeName="Microsoft.VisualStudio.TestTools.TestTypes.Unit.UnitTestAdapter, Microsoft.VisualStudio.QualityTools.Tips.UnitTest.Adapter, Version=9.0.0.0, Culture=neutral, PublicKeyToken=b03f5f7f11d50a3a" className="projektUDT_test.DBProstaTest, projektUDT_test" name="TestInsertProstaFailWrongArgumentsNumber" />
    </UnitTest>
    <UnitTest name="TestInsertRownoleglobokFailWrongData" storage="c:\users\administrator\documents\visual studio 2008\projects\projectudt_app\projektudt_test\bin\debug\projektudt_test.dll" id="5ec7b518-4fc2-5ad5-2ba6-59df81885483">
      <Css projectStructure="" iteration="" />
      <Owners>
        <Owner name="" />
      </Owners>
      <Execution id="1874abba-c9c2-4ef9-a188-139fd53b7bad" />
      <TestMethod codeBase="C:\Users\Administrator\Documents\Visual Studio 2008\Projects\projectUDT_app\projektUDT_test\bin\Debug\projektUDT_test.dll" adapterTypeName="Microsoft.VisualStudio.TestTools.TestTypes.Unit.UnitTestAdapter, Microsoft.VisualStudio.QualityTools.Tips.UnitTest.Adapter, Version=9.0.0.0, Culture=neutral, PublicKeyToken=b03f5f7f11d50a3a" className="projektUDT_test.DBRownoleglobokTest, projektUDT_test" name="TestInsertRownoleglobokFailWrongData" />
    </UnitTest>
    <UnitTest name="TestSelectRownoleglobokLengthCompute" storage="c:\users\administrator\documents\visual studio 2008\projects\projectudt_app\projektudt_test\bin\debug\projektudt_test.dll" id="999fd6fc-eb1a-a1f3-c87e-f9a5a05afffa">
      <Css projectStructure="" iteration="" />
      <Owners>
        <Owner name="" />
      </Owners>
      <Execution id="96dfa738-dcae-4e7c-a1f0-53a796963105" />
      <TestMethod codeBase="C:\Users\Administrator\Documents\Visual Studio 2008\Projects\projectUDT_app\projektUDT_test\bin\Debug\projektUDT_test.dll" adapterTypeName="Microsoft.VisualStudio.TestTools.TestTypes.Unit.UnitTestAdapter, Microsoft.VisualStudio.QualityTools.Tips.UnitTest.Adapter, Version=9.0.0.0, Culture=neutral, PublicKeyToken=b03f5f7f11d50a3a" className="projektUDT_test.DBRownoleglobokTest, projektUDT_test" name="TestSelectRownoleglobokLengthCompute" />
    </UnitTest>
    <UnitTest name="TestSelectProstokatLengthCompute" storage="c:\users\administrator\documents\visual studio 2008\projects\projectudt_app\projektudt_test\bin\debug\projektudt_test.dll" id="531770c7-1ed7-4ad9-fb2b-db49b19ba5d2">
      <Css projectStructure="" iteration="" />
      <Owners>
        <Owner name="" />
      </Owners>
      <Execution id="b9c325de-c994-40db-915b-28376a59e807" />
      <TestMethod codeBase="C:\Users\Administrator\Documents\Visual Studio 2008\Projects\projectUDT_app\projektUDT_test\bin\Debug\projektUDT_test.dll" adapterTypeName="Microsoft.VisualStudio.TestTools.TestTypes.Unit.UnitTestAdapter, Microsoft.VisualStudio.QualityTools.Tips.UnitTest.Adapter, Version=9.0.0.0, Culture=neutral, PublicKeyToken=b03f5f7f11d50a3a" className="projektUDT_test.DBProstokatTest, projektUDT_test" name="TestSelectProstokatLengthCompute" />
    </UnitTest>
    <UnitTest name="TestInsertTrojkatSuccess" storage="c:\users\administrator\documents\visual studio 2008\projects\projectudt_app\projektudt_test\bin\debug\projektudt_test.dll" id="797bfa1f-2a62-e77f-1110-154f0aef2d7f">
      <Css projectStructure="" iteration="" />
      <Owners>
        <Owner name="" />
      </Owners>
      <Execution id="46e188cc-d942-4915-a551-6fe239aa5a5e" />
      <TestMethod codeBase="C:\Users\Administrator\Documents\Visual Studio 2008\Projects\projectUDT_app\projektUDT_test\bin\Debug\projektUDT_test.dll" adapterTypeName="Microsoft.VisualStudio.TestTools.TestTypes.Unit.UnitTestAdapter, Microsoft.VisualStudio.QualityTools.Tips.UnitTest.Adapter, Version=9.0.0.0, Culture=neutral, PublicKeyToken=b03f5f7f11d50a3a" className="projektUDT_test.DBTrojkatTest, projektUDT_test" name="TestInsertTrojkatSuccess" />
    </UnitTest>
    <UnitTest name="TestTrojkatType" storage="c:\users\administrator\documents\visual studio 2008\projects\projectudt_app\projektudt_test\bin\debug\projektudt_test.dll" id="463943f8-dc58-8b95-a66b-9a434dde6ca7">
      <Css projectStructure="" iteration="" />
      <Owners>
        <Owner name="" />
      </Owners>
      <Execution id="2bbb9bb8-9e49-4d58-b05d-c399a69d8d49" />
      <TestMethod codeBase="C:\Users\Administrator\Documents\Visual Studio 2008\Projects\projectUDT_app\projektUDT_test\bin\Debug\projektUDT_test.dll" adapterTypeName="Microsoft.VisualStudio.TestTools.TestTypes.Unit.UnitTestAdapter, Microsoft.VisualStudio.QualityTools.Tips.UnitTest.Adapter, Version=9.0.0.0, Culture=neutral, PublicKeyToken=b03f5f7f11d50a3a" className="projektUDT_test.FiguresTest, projektUDT_test" name="TestTrojkatType" />
    </UnitTest>
    <UnitTest name="TestDeleteKoloSuccess" storage="c:\users\administrator\documents\visual studio 2008\projects\projectudt_app\projektudt_test\bin\debug\projektudt_test.dll" id="ccec32d2-0874-7f4a-3cc7-18948b5e194b">
      <Css projectStructure="" iteration="" />
      <Owners>
        <Owner name="" />
      </Owners>
      <Execution id="a779d732-9a41-4880-9372-8d8b7783d678" />
      <TestMethod codeBase="C:\Users\Administrator\Documents\Visual Studio 2008\Projects\projectUDT_app\projektUDT_test\bin\Debug\projektUDT_test.dll" adapterTypeName="Microsoft.VisualStudio.TestTools.TestTypes.Unit.UnitTestAdapter, Microsoft.VisualStudio.QualityTools.Tips.UnitTest.Adapter, Version=9.0.0.0, Culture=neutral, PublicKeyToken=b03f5f7f11d50a3a" className="projektUDT_test.DBKoloTest, projektUDT_test" name="TestDeleteKoloSuccess" />
    </UnitTest>
    <UnitTest name="TestSelectKwadratLengthCompute" storage="c:\users\administrator\documents\visual studio 2008\projects\projectudt_app\projektudt_test\bin\debug\projektudt_test.dll" id="1acbd862-75d6-e304-b107-a6a8c0809408">
      <Css projectStructure="" iteration="" />
      <Owners>
        <Owner name="" />
      </Owners>
      <Execution id="bb07006c-3bc3-4054-80ec-4a4ab3a621dd" />
      <TestMethod codeBase="C:\Users\Administrator\Documents\Visual Studio 2008\Projects\projectUDT_app\projektUDT_test\bin\Debug\projektUDT_test.dll" adapterTypeName="Microsoft.VisualStudio.TestTools.TestTypes.Unit.UnitTestAdapter, Microsoft.VisualStudio.QualityTools.Tips.UnitTest.Adapter, Version=9.0.0.0, Culture=neutral, PublicKeyToken=b03f5f7f11d50a3a" className="projektUDT_test.DBKwadratTest, projektUDT_test" name="TestSelectKwadratLengthCompute" />
    </UnitTest>
    <UnitTest name="TestInsertProstaFailValidator" storage="c:\users\administrator\documents\visual studio 2008\projects\projectudt_app\projektudt_test\bin\debug\projektudt_test.dll" id="cdb3c195-1d00-e73c-1d5d-41027c8f9000">
      <Css projectStructure="" iteration="" />
      <Owners>
        <Owner name="" />
      </Owners>
      <Execution id="9e85db5a-bd1c-446b-b4a4-64fd29085b4c" />
      <TestMethod codeBase="C:\Users\Administrator\Documents\Visual Studio 2008\Projects\projectUDT_app\projektUDT_test\bin\Debug\projektUDT_test.dll" adapterTypeName="Microsoft.VisualStudio.TestTools.TestTypes.Unit.UnitTestAdapter, Microsoft.VisualStudio.QualityTools.Tips.UnitTest.Adapter, Version=9.0.0.0, Culture=neutral, PublicKeyToken=b03f5f7f11d50a3a" className="projektUDT_test.DBProstaTest, projektUDT_test" name="TestInsertProstaFailValidator" />
    </UnitTest>
    <UnitTest name="TestExpection" storage="c:\users\administrator\documents\visual studio 2008\projects\projectudt_app\projektudt_test\bin\debug\projektudt_test.dll" id="0fab764c-75a8-407a-43ad-efea69145116">
      <Css projectStructure="" iteration="" />
      <Owners>
        <Owner name="" />
      </Owners>
      <Execution id="8155245a-8103-43ec-95ae-524d13be61ee" />
      <TestMethod codeBase="C:\Users\Administrator\Documents\Visual Studio 2008\Projects\projectUDT_app\projektUDT_test\bin\Debug\projektUDT_test.dll" adapterTypeName="Microsoft.VisualStudio.TestTools.TestTypes.Unit.UnitTestAdapter, Microsoft.VisualStudio.QualityTools.Tips.UnitTest.Adapter, Version=9.0.0.0, Culture=neutral, PublicKeyToken=b03f5f7f11d50a3a" className="projektUDT_test.StopAppExpectionTest, projektUDT_test" name="TestExpection" />
    </UnitTest>
    <UnitTest name="TestSelectTrapezLengthCompute" storage="c:\users\administrator\documents\visual studio 2008\projects\projectudt_app\projektudt_test\bin\debug\projektudt_test.dll" id="6164a6e3-8647-4c0b-1f76-462247d42f0b">
      <Css projectStructure="" iteration="" />
      <Owners>
        <Owner name="" />
      </Owners>
      <Execution id="72f940df-e6b7-4893-bc9e-eacb9b0a1c96" />
      <TestMethod codeBase="C:\Users\Administrator\Documents\Visual Studio 2008\Projects\projectUDT_app\projektUDT_test\bin\Debug\projektUDT_test.dll" adapterTypeName="Microsoft.VisualStudio.TestTools.TestTypes.Unit.UnitTestAdapter, Microsoft.VisualStudio.QualityTools.Tips.UnitTest.Adapter, Version=9.0.0.0, Culture=neutral, PublicKeyToken=b03f5f7f11d50a3a" className="projektUDT_test.DBTrapezTest, projektUDT_test" name="TestSelectTrapezLengthCompute" />
    </UnitTest>
    <UnitTest name="TestDeleteTrojkatEmpty" storage="c:\users\administrator\documents\visual studio 2008\projects\projectudt_app\projektudt_test\bin\debug\projektudt_test.dll" id="1aee9c95-504f-b8d9-431f-44fccaeeb976">
      <Css projectStructure="" iteration="" />
      <Owners>
        <Owner name="" />
      </Owners>
      <Execution id="221cf67f-da28-4e8e-88cc-6ce82a975b66" />
      <TestMethod codeBase="C:\Users\Administrator\Documents\Visual Studio 2008\Projects\projectUDT_app\projektUDT_test\bin\Debug\projektUDT_test.dll" adapterTypeName="Microsoft.VisualStudio.TestTools.TestTypes.Unit.UnitTestAdapter, Microsoft.VisualStudio.QualityTools.Tips.UnitTest.Adapter, Version=9.0.0.0, Culture=neutral, PublicKeyToken=b03f5f7f11d50a3a" className="projektUDT_test.DBTrojkatTest, projektUDT_test" name="TestDeleteTrojkatEmpty" />
    </UnitTest>
    <UnitTest name="TestInsertTrapezSuccess" storage="c:\users\administrator\documents\visual studio 2008\projects\projectudt_app\projektudt_test\bin\debug\projektudt_test.dll" id="56cf5c65-a0ae-b8dc-b2c0-d81d7c60f19e">
      <Css projectStructure="" iteration="" />
      <Owners>
        <Owner name="" />
      </Owners>
      <Execution id="94e8fb54-3476-4532-9812-adda56fd1100" />
      <TestMethod codeBase="C:\Users\Administrator\Documents\Visual Studio 2008\Projects\projectUDT_app\projektUDT_test\bin\Debug\projektUDT_test.dll" adapterTypeName="Microsoft.VisualStudio.TestTools.TestTypes.Unit.UnitTestAdapter, Microsoft.VisualStudio.QualityTools.Tips.UnitTest.Adapter, Version=9.0.0.0, Culture=neutral, PublicKeyToken=b03f5f7f11d50a3a" className="projektUDT_test.DBTrapezTest, projektUDT_test" name="TestInsertTrapezSuccess" />
    </UnitTest>
    <UnitTest name="TestInsertKwadratFailWrongData" storage="c:\users\administrator\documents\visual studio 2008\projects\projectudt_app\projektudt_test\bin\debug\projektudt_test.dll" id="6307ee8f-1847-c00e-f90f-c6f5c7fd658d">
      <Css projectStructure="" iteration="" />
      <Owners>
        <Owner name="" />
      </Owners>
      <Execution id="4b578c4e-4f5f-48b7-8de1-3ba25e04668a" />
      <TestMethod codeBase="C:\Users\Administrator\Documents\Visual Studio 2008\Projects\projectUDT_app\projektUDT_test\bin\Debug\projektUDT_test.dll" adapterTypeName="Microsoft.VisualStudio.TestTools.TestTypes.Unit.UnitTestAdapter, Microsoft.VisualStudio.QualityTools.Tips.UnitTest.Adapter, Version=9.0.0.0, Culture=neutral, PublicKeyToken=b03f5f7f11d50a3a" className="projektUDT_test.DBKwadratTest, projektUDT_test" name="TestInsertKwadratFailWrongData" />
    </UnitTest>
    <UnitTest name="TestInsertTrojkatFailWrongArgumentsNumber" storage="c:\users\administrator\documents\visual studio 2008\projects\projectudt_app\projektudt_test\bin\debug\projektudt_test.dll" id="653617b9-2e7b-8fd4-3ff4-8b622fb2e7c6">
      <Css projectStructure="" iteration="" />
      <Owners>
        <Owner name="" />
      </Owners>
      <Execution id="d228d7d4-7085-4b15-a68b-eabe18bbd82c" />
      <TestMethod codeBase="C:\Users\Administrator\Documents\Visual Studio 2008\Projects\projectUDT_app\projektUDT_test\bin\Debug\projektUDT_test.dll" adapterTypeName="Microsoft.VisualStudio.TestTools.TestTypes.Unit.UnitTestAdapter, Microsoft.VisualStudio.QualityTools.Tips.UnitTest.Adapter, Version=9.0.0.0, Culture=neutral, PublicKeyToken=b03f5f7f11d50a3a" className="projektUDT_test.DBTrojkatTest, projektUDT_test" name="TestInsertTrojkatFailWrongArgumentsNumber" />
    </UnitTest>
    <UnitTest name="TestDeleteKwadratSuccess" storage="c:\users\administrator\documents\visual studio 2008\projects\projectudt_app\projektudt_test\bin\debug\projektudt_test.dll" id="7dd3deed-26fa-f3ca-d063-7cb7c326c390">
      <Css projectStructure="" iteration="" />
      <Owners>
        <Owner name="" />
      </Owners>
      <Execution id="d069bab9-ed78-4ca9-b6b7-1fbf166ffefa" />
      <TestMethod codeBase="C:\Users\Administrator\Documents\Visual Studio 2008\Projects\projectUDT_app\projektUDT_test\bin\Debug\projektUDT_test.dll" adapterTypeName="Microsoft.VisualStudio.TestTools.TestTypes.Unit.UnitTestAdapter, Microsoft.VisualStudio.QualityTools.Tips.UnitTest.Adapter, Version=9.0.0.0, Culture=neutral, PublicKeyToken=b03f5f7f11d50a3a" className="projektUDT_test.DBKwadratTest, projektUDT_test" name="TestDeleteKwadratSuccess" />
    </UnitTest>
    <UnitTest name="TestInsertKoloFailWrongData" storage="c:\users\administrator\documents\visual studio 2008\projects\projectudt_app\projektudt_test\bin\debug\projektudt_test.dll" id="f24fdeb3-0fc4-838d-cc54-f15114e2cff4">
      <Css projectStructure="" iteration="" />
      <Owners>
        <Owner name="" />
      </Owners>
      <Execution id="212d5987-fe7d-4bdf-8a20-6f36ab64db7e" />
      <TestMethod codeBase="C:\Users\Administrator\Documents\Visual Studio 2008\Projects\projectUDT_app\projektUDT_test\bin\Debug\projektUDT_test.dll" adapterTypeName="Microsoft.VisualStudio.TestTools.TestTypes.Unit.UnitTestAdapter, Microsoft.VisualStudio.QualityTools.Tips.UnitTest.Adapter, Version=9.0.0.0, Culture=neutral, PublicKeyToken=b03f5f7f11d50a3a" className="projektUDT_test.DBKoloTest, projektUDT_test" name="TestInsertKoloFailWrongData" />
    </UnitTest>
    <UnitTest name="TestSelectProstokatAreaCompute" storage="c:\users\administrator\documents\visual studio 2008\projects\projectudt_app\projektudt_test\bin\debug\projektudt_test.dll" id="a5cd231c-626c-6cc9-649b-017680a28730">
      <Css projectStructure="" iteration="" />
      <Owners>
        <Owner name="" />
      </Owners>
      <Execution id="269d53fd-564e-421b-9750-6d6e2d510a86" />
      <TestMethod codeBase="C:\Users\Administrator\Documents\Visual Studio 2008\Projects\projectUDT_app\projektUDT_test\bin\Debug\projektUDT_test.dll" adapterTypeName="Microsoft.VisualStudio.TestTools.TestTypes.Unit.UnitTestAdapter, Microsoft.VisualStudio.QualityTools.Tips.UnitTest.Adapter, Version=9.0.0.0, Culture=neutral, PublicKeyToken=b03f5f7f11d50a3a" className="projektUDT_test.DBProstokatTest, projektUDT_test" name="TestSelectProstokatAreaCompute" />
    </UnitTest>
    <UnitTest name="TestSelectKoloInfo" storage="c:\users\administrator\documents\visual studio 2008\projects\projectudt_app\projektudt_test\bin\debug\projektudt_test.dll" id="7d748728-1f2e-f640-e5cf-6cd379d042ec">
      <Css projectStructure="" iteration="" />
      <Owners>
        <Owner name="" />
      </Owners>
      <Execution id="2a33527a-8707-43f9-94ff-0976a2592510" />
      <TestMethod codeBase="C:\Users\Administrator\Documents\Visual Studio 2008\Projects\projectUDT_app\projektUDT_test\bin\Debug\projektUDT_test.dll" adapterTypeName="Microsoft.VisualStudio.TestTools.TestTypes.Unit.UnitTestAdapter, Microsoft.VisualStudio.QualityTools.Tips.UnitTest.Adapter, Version=9.0.0.0, Culture=neutral, PublicKeyToken=b03f5f7f11d50a3a" className="projektUDT_test.DBKoloTest, projektUDT_test" name="TestSelectKoloInfo" />
    </UnitTest>
    <UnitTest name="TestInsertTrapezFailWrongData" storage="c:\users\administrator\documents\visual studio 2008\projects\projectudt_app\projektudt_test\bin\debug\projektudt_test.dll" id="a35798a2-aee6-5aba-8e42-078cbbd01558">
      <Css projectStructure="" iteration="" />
      <Owners>
        <Owner name="" />
      </Owners>
      <Execution id="fc8d27f4-19c7-45e0-8d59-af776a0c6ae1" />
      <TestMethod codeBase="C:\Users\Administrator\Documents\Visual Studio 2008\Projects\projectUDT_app\projektUDT_test\bin\Debug\projektUDT_test.dll" adapterTypeName="Microsoft.VisualStudio.TestTools.TestTypes.Unit.UnitTestAdapter, Microsoft.VisualStudio.QualityTools.Tips.UnitTest.Adapter, Version=9.0.0.0, Culture=neutral, PublicKeyToken=b03f5f7f11d50a3a" className="projektUDT_test.DBTrapezTest, projektUDT_test" name="TestInsertTrapezFailWrongData" />
    </UnitTest>
    <UnitTest name="TestInsertTrojkatFailWrongData" storage="c:\users\administrator\documents\visual studio 2008\projects\projectudt_app\projektudt_test\bin\debug\projektudt_test.dll" id="96e4cf1a-1cdd-c24d-7680-36dea9c9df89">
      <Css projectStructure="" iteration="" />
      <Owners>
        <Owner name="" />
      </Owners>
      <Execution id="1bd12fd5-4f50-48d1-acf3-14afc3141705" />
      <TestMethod codeBase="C:\Users\Administrator\Documents\Visual Studio 2008\Projects\projectUDT_app\projektUDT_test\bin\Debug\projektUDT_test.dll" adapterTypeName="Microsoft.VisualStudio.TestTools.TestTypes.Unit.UnitTestAdapter, Microsoft.VisualStudio.QualityTools.Tips.UnitTest.Adapter, Version=9.0.0.0, Culture=neutral, PublicKeyToken=b03f5f7f11d50a3a" className="projektUDT_test.DBTrojkatTest, projektUDT_test" name="TestInsertTrojkatFailWrongData" />
    </UnitTest>
    <UnitTest name="TestRownoleglobokType" storage="c:\users\administrator\documents\visual studio 2008\projects\projectudt_app\projektudt_test\bin\debug\projektudt_test.dll" id="6f251bb3-9fcf-31d0-6116-53b68f700ed1">
      <Css projectStructure="" iteration="" />
      <Owners>
        <Owner name="" />
      </Owners>
      <Execution id="19e65184-11e1-494c-b8a1-2dcb51e62470" />
      <TestMethod codeBase="C:\Users\Administrator\Documents\Visual Studio 2008\Projects\projectUDT_app\projektUDT_test\bin\Debug\projektUDT_test.dll" adapterTypeName="Microsoft.VisualStudio.TestTools.TestTypes.Unit.UnitTestAdapter, Microsoft.VisualStudio.QualityTools.Tips.UnitTest.Adapter, Version=9.0.0.0, Culture=neutral, PublicKeyToken=b03f5f7f11d50a3a" className="projektUDT_test.FiguresTest, projektUDT_test" name="TestRownoleglobokType" />
    </UnitTest>
    <UnitTest name="TestSelectTrojkatAreaCompute" storage="c:\users\administrator\documents\visual studio 2008\projects\projectudt_app\projektudt_test\bin\debug\projektudt_test.dll" id="4bd872e7-b72d-78d8-3d82-4785f819026b">
      <Css projectStructure="" iteration="" />
      <Owners>
        <Owner name="" />
      </Owners>
      <Execution id="d01be8f4-26a3-4295-9169-c042c0db6453" />
      <TestMethod codeBase="C:\Users\Administrator\Documents\Visual Studio 2008\Projects\projectUDT_app\projektUDT_test\bin\Debug\projektUDT_test.dll" adapterTypeName="Microsoft.VisualStudio.TestTools.TestTypes.Unit.UnitTestAdapter, Microsoft.VisualStudio.QualityTools.Tips.UnitTest.Adapter, Version=9.0.0.0, Culture=neutral, PublicKeyToken=b03f5f7f11d50a3a" className="projektUDT_test.DBTrojkatTest, projektUDT_test" name="TestSelectTrojkatAreaCompute" />
    </UnitTest>
    <UnitTest name="TestSelectTrojkatLengthCompute" storage="c:\users\administrator\documents\visual studio 2008\projects\projectudt_app\projektudt_test\bin\debug\projektudt_test.dll" id="46484df8-917e-4249-844a-b14cd5048541">
      <Css projectStructure="" iteration="" />
      <Owners>
        <Owner name="" />
      </Owners>
      <Execution id="aec2959b-9019-4b2e-9c6f-d3d767c9e960" />
      <TestMethod codeBase="C:\Users\Administrator\Documents\Visual Studio 2008\Projects\projectUDT_app\projektUDT_test\bin\Debug\projektUDT_test.dll" adapterTypeName="Microsoft.VisualStudio.TestTools.TestTypes.Unit.UnitTestAdapter, Microsoft.VisualStudio.QualityTools.Tips.UnitTest.Adapter, Version=9.0.0.0, Culture=neutral, PublicKeyToken=b03f5f7f11d50a3a" className="projektUDT_test.DBTrojkatTest, projektUDT_test" name="TestSelectTrojkatLengthCompute" />
    </UnitTest>
    <UnitTest name="TestInsertKoloFailValidator" storage="c:\users\administrator\documents\visual studio 2008\projects\projectudt_app\projektudt_test\bin\debug\projektudt_test.dll" id="f90e75f2-7719-8ed4-d1e2-b684bbc6ec2b">
      <Css projectStructure="" iteration="" />
      <Owners>
        <Owner name="" />
      </Owners>
      <Execution id="b89578ce-8bfd-4007-b2bd-952dce77bbb7" />
      <TestMethod codeBase="C:\Users\Administrator\Documents\Visual Studio 2008\Projects\projectUDT_app\projektUDT_test\bin\Debug\projektUDT_test.dll" adapterTypeName="Microsoft.VisualStudio.TestTools.TestTypes.Unit.UnitTestAdapter, Microsoft.VisualStudio.QualityTools.Tips.UnitTest.Adapter, Version=9.0.0.0, Culture=neutral, PublicKeyToken=b03f5f7f11d50a3a" className="projektUDT_test.DBKoloTest, projektUDT_test" name="TestInsertKoloFailValidator" />
    </UnitTest>
    <UnitTest name="TestDeleteTrapezSuccess" storage="c:\users\administrator\documents\visual studio 2008\projects\projectudt_app\projektudt_test\bin\debug\projektudt_test.dll" id="a31998fc-83ce-4acd-8027-0af56f66fff6">
      <Css projectStructure="" iteration="" />
      <Owners>
        <Owner name="" />
      </Owners>
      <Execution id="a5c5b9c5-a7d1-4ce4-a46b-24f177c1739b" />
      <TestMethod codeBase="C:\Users\Administrator\Documents\Visual Studio 2008\Projects\projectUDT_app\projektUDT_test\bin\Debug\projektUDT_test.dll" adapterTypeName="Microsoft.VisualStudio.TestTools.TestTypes.Unit.UnitTestAdapter, Microsoft.VisualStudio.QualityTools.Tips.UnitTest.Adapter, Version=9.0.0.0, Culture=neutral, PublicKeyToken=b03f5f7f11d50a3a" className="projektUDT_test.DBTrapezTest, projektUDT_test" name="TestDeleteTrapezSuccess" />
    </UnitTest>
    <UnitTest name="TestPunktType" storage="c:\users\administrator\documents\visual studio 2008\projects\projectudt_app\projektudt_test\bin\debug\projektudt_test.dll" id="7b67ecb2-1b85-69b7-8dcb-87e73336d2fe">
      <Css projectStructure="" iteration="" />
      <Owners>
        <Owner name="" />
      </Owners>
      <Execution id="53e3f4f3-b2f4-4d66-a2f7-e4534a59f325" />
      <TestMethod codeBase="C:\Users\Administrator\Documents\Visual Studio 2008\Projects\projectUDT_app\projektUDT_test\bin\Debug\projektUDT_test.dll" adapterTypeName="Microsoft.VisualStudio.TestTools.TestTypes.Unit.UnitTestAdapter, Microsoft.VisualStudio.QualityTools.Tips.UnitTest.Adapter, Version=9.0.0.0, Culture=neutral, PublicKeyToken=b03f5f7f11d50a3a" className="projektUDT_test.FiguresTest, projektUDT_test" name="TestPunktType" />
    </UnitTest>
    <UnitTest name="TestSelectRownoleglobokAreaCompute" storage="c:\users\administrator\documents\visual studio 2008\projects\projectudt_app\projektudt_test\bin\debug\projektudt_test.dll" id="47dfee26-177b-4b52-80d0-b1a2d92d3267">
      <Css projectStructure="" iteration="" />
      <Owners>
        <Owner name="" />
      </Owners>
      <Execution id="cfc1dc6a-31d4-4fbb-8b1c-694450a55c5a" />
      <TestMethod codeBase="C:\Users\Administrator\Documents\Visual Studio 2008\Projects\projectUDT_app\projektUDT_test\bin\Debug\projektUDT_test.dll" adapterTypeName="Microsoft.VisualStudio.TestTools.TestTypes.Unit.UnitTestAdapter, Microsoft.VisualStudio.QualityTools.Tips.UnitTest.Adapter, Version=9.0.0.0, Culture=neutral, PublicKeyToken=b03f5f7f11d50a3a" className="projektUDT_test.DBRownoleglobokTest, projektUDT_test" name="TestSelectRownoleglobokAreaCompute" />
    </UnitTest>
    <UnitTest name="TestSelectTrojkatInfo" storage="c:\users\administrator\documents\visual studio 2008\projects\projectudt_app\projektudt_test\bin\debug\projektudt_test.dll" id="b0da2658-3efb-d9fa-bc2a-b6723415d976">
      <Css projectStructure="" iteration="" />
      <Owners>
        <Owner name="" />
      </Owners>
      <Execution id="bbf2f087-3db9-43c6-bb40-f729f84c7f3c" />
      <TestMethod codeBase="C:\Users\Administrator\Documents\Visual Studio 2008\Projects\projectUDT_app\projektUDT_test\bin\Debug\projektUDT_test.dll" adapterTypeName="Microsoft.VisualStudio.TestTools.TestTypes.Unit.UnitTestAdapter, Microsoft.VisualStudio.QualityTools.Tips.UnitTest.Adapter, Version=9.0.0.0, Culture=neutral, PublicKeyToken=b03f5f7f11d50a3a" className="projektUDT_test.DBTrojkatTest, projektUDT_test" name="TestSelectTrojkatInfo" />
    </UnitTest>
    <UnitTest name="TestProstokatType" storage="c:\users\administrator\documents\visual studio 2008\projects\projectudt_app\projektudt_test\bin\debug\projektudt_test.dll" id="2469e82d-cd73-2139-bab4-3aafbd982337">
      <Css projectStructure="" iteration="" />
      <Owners>
        <Owner name="" />
      </Owners>
      <Execution id="4f6dc27f-2be1-4d5e-8405-22d59b3bc634" />
      <TestMethod codeBase="C:\Users\Administrator\Documents\Visual Studio 2008\Projects\projectUDT_app\projektUDT_test\bin\Debug\projektUDT_test.dll" adapterTypeName="Microsoft.VisualStudio.TestTools.TestTypes.Unit.UnitTestAdapter, Microsoft.VisualStudio.QualityTools.Tips.UnitTest.Adapter, Version=9.0.0.0, Culture=neutral, PublicKeyToken=b03f5f7f11d50a3a" className="projektUDT_test.FiguresTest, projektUDT_test" name="TestProstokatType" />
    </UnitTest>
    <UnitTest name="TestMethod1" storage="c:\users\administrator\documents\visual studio 2008\projects\projectudt_app\projektudt_test\bin\debug\projektudt_test.dll" id="50af788a-72df-dc92-24f8-40cf0bc04370">
      <Css projectStructure="" iteration="" />
      <Owners>
        <Owner name="" />
      </Owners>
      <Execution id="dc24ed29-e625-4a12-9973-311e7a851f4c" />
      <TestMethod codeBase="C:\Users\Administrator\Documents\Visual Studio 2008\Projects\projectUDT_app\projektUDT_test\bin\Debug\projektUDT_test.dll" adapterTypeName="Microsoft.VisualStudio.TestTools.TestTypes.Unit.UnitTestAdapter, Microsoft.VisualStudio.QualityTools.Tips.UnitTest.Adapter, Version=9.0.0.0, Culture=neutral, PublicKeyToken=b03f5f7f11d50a3a" className="projektUDT_test.ConsoleAppTest, projektUDT_test" name="TestMethod1" />
    </UnitTest>
    <UnitTest name="TestInsertKwadratSuccess" storage="c:\users\administrator\documents\visual studio 2008\projects\projectudt_app\projektudt_test\bin\debug\projektudt_test.dll" id="1e1a5f96-ef22-f23c-8b8d-0e21cb07bffe">
      <Css projectStructure="" iteration="" />
      <Owners>
        <Owner name="" />
      </Owners>
      <Execution id="96dc50ba-bc77-403f-bfac-1d6237f9c3fc" />
      <TestMethod codeBase="C:\Users\Administrator\Documents\Visual Studio 2008\Projects\projectUDT_app\projektUDT_test\bin\Debug\projektUDT_test.dll" adapterTypeName="Microsoft.VisualStudio.TestTools.TestTypes.Unit.UnitTestAdapter, Microsoft.VisualStudio.QualityTools.Tips.UnitTest.Adapter, Version=9.0.0.0, Culture=neutral, PublicKeyToken=b03f5f7f11d50a3a" className="projektUDT_test.DBKwadratTest, projektUDT_test" name="TestInsertKwadratSuccess" />
    </UnitTest>
  </TestDefinitions>
  <TestLists>
    <TestList name="Results Not in a List" id="8c84fa94-04c1-424b-9868-57a2d4851a1d" />
    <TestList name="All Loaded Results" id="19431567-8539-422a-85d7-44ee4e166bda" />
  </TestLists>
  <TestEntries>
    <TestEntry testId="0813a515-3ebd-f4bb-9bb9-62500a0149a1" executionId="684fa3a1-99ee-4c2a-bf91-c34ee2f91c79" testListId="8c84fa94-04c1-424b-9868-57a2d4851a1d" />
    <TestEntry testId="0fab764c-75a8-407a-43ad-efea69145116" executionId="8155245a-8103-43ec-95ae-524d13be61ee" testListId="8c84fa94-04c1-424b-9868-57a2d4851a1d" />
    <TestEntry testId="15464a37-67d6-2057-a20c-6cffd2682675" executionId="f1bd6925-0842-46d2-97fb-57f553a4e289" testListId="8c84fa94-04c1-424b-9868-57a2d4851a1d" />
    <TestEntry testId="156b1351-6c75-15cd-8c27-f501243014d9" executionId="3f42e12f-d4b7-44c3-b40c-de762b9a998a" testListId="8c84fa94-04c1-424b-9868-57a2d4851a1d" />
    <TestEntry testId="1969a1ec-11c6-383f-9b6e-99aab4ff6f03" executionId="bf224287-37c9-4009-a7d4-57fc672476f8" testListId="8c84fa94-04c1-424b-9868-57a2d4851a1d" />
    <TestEntry testId="1acbd862-75d6-e304-b107-a6a8c0809408" executionId="bb07006c-3bc3-4054-80ec-4a4ab3a621dd" testListId="8c84fa94-04c1-424b-9868-57a2d4851a1d" />
    <TestEntry testId="1aee9c95-504f-b8d9-431f-44fccaeeb976" executionId="221cf67f-da28-4e8e-88cc-6ce82a975b66" testListId="8c84fa94-04c1-424b-9868-57a2d4851a1d" />
    <TestEntry testId="1df4791d-2dc1-4b60-2894-c68ce5ed544e" executionId="48a3826a-a488-409c-85b9-2e3f972a7fb8" testListId="8c84fa94-04c1-424b-9868-57a2d4851a1d" />
    <TestEntry testId="1e1a5f96-ef22-f23c-8b8d-0e21cb07bffe" executionId="96dc50ba-bc77-403f-bfac-1d6237f9c3fc" testListId="8c84fa94-04c1-424b-9868-57a2d4851a1d" />
    <TestEntry testId="1ec2bc70-7a65-50c2-95ae-5b627f109b04" executionId="c9d2f6de-01cb-46c2-a76e-df8bb49b9e20" testListId="8c84fa94-04c1-424b-9868-57a2d4851a1d" />
    <TestEntry testId="20e5ce5e-412b-0412-3675-2c324a195017" executionId="de4e98b3-dabf-4a94-adea-025ce7fa9da2" testListId="8c84fa94-04c1-424b-9868-57a2d4851a1d" />
    <TestEntry testId="23f6dded-c830-4d0c-83a3-c25c4f3d19cf" executionId="8e80a8cb-e0ff-4d19-ac18-b1aee4613810" testListId="8c84fa94-04c1-424b-9868-57a2d4851a1d" />
    <TestEntry testId="2469e82d-cd73-2139-bab4-3aafbd982337" executionId="4f6dc27f-2be1-4d5e-8405-22d59b3bc634" testListId="8c84fa94-04c1-424b-9868-57a2d4851a1d" />
    <TestEntry testId="28ce0bcc-d96c-f59b-673c-d39894547743" executionId="12a8095b-29f4-42a7-be72-359bddc5ebab" testListId="8c84fa94-04c1-424b-9868-57a2d4851a1d" />
    <TestEntry testId="2c4f2f3a-9265-b698-dec9-c59ec0a35fda" executionId="f3d1bd22-2bed-41ee-84eb-b6e0fbc6962e" testListId="8c84fa94-04c1-424b-9868-57a2d4851a1d" />
    <TestEntry testId="333eb129-0b3d-9d37-de3e-de520fa29e3f" executionId="2d7e88f9-3fe7-4451-b92f-04cb1921e14b" testListId="8c84fa94-04c1-424b-9868-57a2d4851a1d" />
    <TestEntry testId="38ccb642-e60a-164c-2de4-855f34cb4f7d" executionId="8685137b-61bc-4f21-a09c-02394c49a354" testListId="8c84fa94-04c1-424b-9868-57a2d4851a1d" />
    <TestEntry testId="3b34309c-57d5-7452-250c-882a435e4730" executionId="14cb43c1-83cd-441d-99f0-7b2e2ee1abbb" testListId="8c84fa94-04c1-424b-9868-57a2d4851a1d" />
    <TestEntry testId="463943f8-dc58-8b95-a66b-9a434dde6ca7" executionId="2bbb9bb8-9e49-4d58-b05d-c399a69d8d49" testListId="8c84fa94-04c1-424b-9868-57a2d4851a1d" />
    <TestEntry testId="46484df8-917e-4249-844a-b14cd5048541" executionId="aec2959b-9019-4b2e-9c6f-d3d767c9e960" testListId="8c84fa94-04c1-424b-9868-57a2d4851a1d" />
    <TestEntry testId="47dfee26-177b-4b52-80d0-b1a2d92d3267" executionId="cfc1dc6a-31d4-4fbb-8b1c-694450a55c5a" testListId="8c84fa94-04c1-424b-9868-57a2d4851a1d" />
    <TestEntry testId="4bd872e7-b72d-78d8-3d82-4785f819026b" executionId="d01be8f4-26a3-4295-9169-c042c0db6453" testListId="8c84fa94-04c1-424b-9868-57a2d4851a1d" />
    <TestEntry testId="50af788a-72df-dc92-24f8-40cf0bc04370" executionId="dc24ed29-e625-4a12-9973-311e7a851f4c" testListId="8c84fa94-04c1-424b-9868-57a2d4851a1d" />
    <TestEntry testId="528a7332-e692-0518-53e3-12bc051966ba" executionId="78b77fcc-f14b-430d-8563-e0280f9f7a20" testListId="8c84fa94-04c1-424b-9868-57a2d4851a1d" />
    <TestEntry testId="531770c7-1ed7-4ad9-fb2b-db49b19ba5d2" executionId="b9c325de-c994-40db-915b-28376a59e807" testListId="8c84fa94-04c1-424b-9868-57a2d4851a1d" />
    <TestEntry testId="536cd68c-c085-b510-7f5d-73dadd7a91a6" executionId="9781db84-75ce-4e6e-8be0-b26f6bdc9dfe" testListId="8c84fa94-04c1-424b-9868-57a2d4851a1d" />
    <TestEntry testId="56cf5c65-a0ae-b8dc-b2c0-d81d7c60f19e" executionId="94e8fb54-3476-4532-9812-adda56fd1100" testListId="8c84fa94-04c1-424b-9868-57a2d4851a1d" />
    <TestEntry testId="571854a7-36fb-863d-84dc-39e1bc8b9210" executionId="73e6bdbd-c208-43f5-bad0-d642492eaabd" testListId="8c84fa94-04c1-424b-9868-57a2d4851a1d" />
    <TestEntry testId="57aadacb-a3ac-11c0-4451-c0b5eaf9f8f3" executionId="ac5bef81-ed7d-4452-a7f8-695175cf0bf3" testListId="8c84fa94-04c1-424b-9868-57a2d4851a1d" />
    <TestEntry testId="5bfa5d26-c774-d4de-7033-ad987e78bf1b" executionId="2e42176d-b337-4326-8e2b-70aa2c88de03" testListId="8c84fa94-04c1-424b-9868-57a2d4851a1d" />
    <TestEntry testId="5d05e37c-57df-a219-8b4d-4c6d5d01a8c1" executionId="51017a06-b64d-4635-9b44-d9326484e251" testListId="8c84fa94-04c1-424b-9868-57a2d4851a1d" />
    <TestEntry testId="5ec7b518-4fc2-5ad5-2ba6-59df81885483" executionId="1874abba-c9c2-4ef9-a188-139fd53b7bad" testListId="8c84fa94-04c1-424b-9868-57a2d4851a1d" />
    <TestEntry testId="6164a6e3-8647-4c0b-1f76-462247d42f0b" executionId="72f940df-e6b7-4893-bc9e-eacb9b0a1c96" testListId="8c84fa94-04c1-424b-9868-57a2d4851a1d" />
    <TestEntry testId="6307ee8f-1847-c00e-f90f-c6f5c7fd658d" executionId="4b578c4e-4f5f-48b7-8de1-3ba25e04668a" testListId="8c84fa94-04c1-424b-9868-57a2d4851a1d" />
    <TestEntry testId="653617b9-2e7b-8fd4-3ff4-8b622fb2e7c6" executionId="d228d7d4-7085-4b15-a68b-eabe18bbd82c" testListId="8c84fa94-04c1-424b-9868-57a2d4851a1d" />
    <TestEntry testId="670f68db-eba6-a5b9-e059-8fd35bb0910c" executionId="7bd35482-c7b7-4dad-a3e5-6713f47683de" testListId="8c84fa94-04c1-424b-9868-57a2d4851a1d" />
    <TestEntry testId="679a72f6-6f30-16cf-a81a-8bbb7e91987c" executionId="da68365f-8ca3-4bd1-8f08-cbe8e181e639" testListId="8c84fa94-04c1-424b-9868-57a2d4851a1d" />
    <TestEntry testId="6b52ce5f-b05d-2fb6-3a22-7f0d206c197f" executionId="a8558b04-d2eb-4d48-b4e7-d051ef35389f" testListId="8c84fa94-04c1-424b-9868-57a2d4851a1d" />
    <TestEntry testId="6f251bb3-9fcf-31d0-6116-53b68f700ed1" executionId="19e65184-11e1-494c-b8a1-2dcb51e62470" testListId="8c84fa94-04c1-424b-9868-57a2d4851a1d" />
    <TestEntry testId="78b788d1-f3e5-f543-582f-d7779a99251b" executionId="eb6232d6-b04e-44c4-b468-22d45b5939d2" testListId="8c84fa94-04c1-424b-9868-57a2d4851a1d" />
    <TestEntry testId="7952b3e5-c5be-8ed6-f131-a576d351d8cb" executionId="634e65b0-c785-43f4-8fd9-c1d093be6920" testListId="8c84fa94-04c1-424b-9868-57a2d4851a1d" />
    <TestEntry testId="797bfa1f-2a62-e77f-1110-154f0aef2d7f" executionId="46e188cc-d942-4915-a551-6fe239aa5a5e" testListId="8c84fa94-04c1-424b-9868-57a2d4851a1d" />
    <TestEntry testId="7a6e6c6f-a642-6f4a-77f3-ce22472da4df" executionId="6598544a-e2cc-47f1-975c-5d035e9e69a4" testListId="8c84fa94-04c1-424b-9868-57a2d4851a1d" />
    <TestEntry testId="7a73e62e-1009-e403-2336-e33c664a0c32" executionId="3b39401d-dd4a-4f1b-a957-0f8e0e4a578f" testListId="8c84fa94-04c1-424b-9868-57a2d4851a1d" />
    <TestEntry testId="7b67ecb2-1b85-69b7-8dcb-87e73336d2fe" executionId="53e3f4f3-b2f4-4d66-a2f7-e4534a59f325" testListId="8c84fa94-04c1-424b-9868-57a2d4851a1d" />
    <TestEntry testId="7d748728-1f2e-f640-e5cf-6cd379d042ec" executionId="2a33527a-8707-43f9-94ff-0976a2592510" testListId="8c84fa94-04c1-424b-9868-57a2d4851a1d" />
    <TestEntry testId="7dd3deed-26fa-f3ca-d063-7cb7c326c390" executionId="d069bab9-ed78-4ca9-b6b7-1fbf166ffefa" testListId="8c84fa94-04c1-424b-9868-57a2d4851a1d" />
    <TestEntry testId="7f29ea62-211d-14d5-9ea4-1a810eee40e0" executionId="0738ea14-6c51-447a-bb18-5de6f186b911" testListId="8c84fa94-04c1-424b-9868-57a2d4851a1d" />
    <TestEntry testId="89718daa-ced1-b364-0918-dff3cd0e239d" executionId="61668012-1ea3-413e-9d78-1860548979b7" testListId="8c84fa94-04c1-424b-9868-57a2d4851a1d" />
    <TestEntry testId="8fc690c1-c9c3-b073-e165-1b8fa5be9c16" executionId="e8d719d9-819a-4671-ad16-371c73da9432" testListId="8c84fa94-04c1-424b-9868-57a2d4851a1d" />
    <TestEntry testId="96e4cf1a-1cdd-c24d-7680-36dea9c9df89" executionId="1bd12fd5-4f50-48d1-acf3-14afc3141705" testListId="8c84fa94-04c1-424b-9868-57a2d4851a1d" />
    <TestEntry testId="999fd6fc-eb1a-a1f3-c87e-f9a5a05afffa" executionId="96dfa738-dcae-4e7c-a1f0-53a796963105" testListId="8c84fa94-04c1-424b-9868-57a2d4851a1d" />
    <TestEntry testId="9b23a4e0-0fd1-3992-387c-e4df1d33d5f0" executionId="224512c1-126a-4481-b187-cf4b8dd0d80f" testListId="8c84fa94-04c1-424b-9868-57a2d4851a1d" />
    <TestEntry testId="9d064bba-9227-7b5c-52bf-525d865b4abc" executionId="bf2f946b-06de-4237-a79f-f89016ec1cf3" testListId="8c84fa94-04c1-424b-9868-57a2d4851a1d" />
    <TestEntry testId="9df9e8d4-89e3-8693-5393-45d41b262b3c" executionId="9e642349-4db6-48c3-ae5a-2d670ee7c4b6" testListId="8c84fa94-04c1-424b-9868-57a2d4851a1d" />
    <TestEntry testId="a2fd893c-ac55-30ef-b198-332b82d0a0b2" executionId="b646c5b2-2c1c-4d52-99be-5ea36f76b9de" testListId="8c84fa94-04c1-424b-9868-57a2d4851a1d" />
    <TestEntry testId="a31998fc-83ce-4acd-8027-0af56f66fff6" executionId="a5c5b9c5-a7d1-4ce4-a46b-24f177c1739b" testListId="8c84fa94-04c1-424b-9868-57a2d4851a1d" />
    <TestEntry testId="a35798a2-aee6-5aba-8e42-078cbbd01558" executionId="fc8d27f4-19c7-45e0-8d59-af776a0c6ae1" testListId="8c84fa94-04c1-424b-9868-57a2d4851a1d" />
    <TestEntry testId="a5cd231c-626c-6cc9-649b-017680a28730" executionId="269d53fd-564e-421b-9750-6d6e2d510a86" testListId="8c84fa94-04c1-424b-9868-57a2d4851a1d" />
    <TestEntry testId="a93bf2b2-1d57-26ee-2580-ea3e179b5497" executionId="48cb8853-fa44-4379-8719-f33883d8ea63" testListId="8c84fa94-04c1-424b-9868-57a2d4851a1d" />
    <TestEntry testId="ac1a924e-387f-08b8-d449-f3776a0f90ae" executionId="1ce8f975-a89d-4298-a60a-8788475eb87a" testListId="8c84fa94-04c1-424b-9868-57a2d4851a1d" />
    <TestEntry testId="b0744a28-648c-fdb8-8f7b-fa72f10159d2" executionId="32db3352-8ac5-4759-bb02-a5a5da870ae0" testListId="8c84fa94-04c1-424b-9868-57a2d4851a1d" />
    <TestEntry testId="b0da2658-3efb-d9fa-bc2a-b6723415d976" executionId="bbf2f087-3db9-43c6-bb40-f729f84c7f3c" testListId="8c84fa94-04c1-424b-9868-57a2d4851a1d" />
    <TestEntry testId="b448142e-7c66-1f66-dd23-74a91becdf80" executionId="95d3da50-17bf-411d-a858-c93c08187beb" testListId="8c84fa94-04c1-424b-9868-57a2d4851a1d" />
    <TestEntry testId="c3e3608c-c792-eb29-17af-36203c86819e" executionId="a8006a1e-4347-4960-84f3-e69a4c9f71f4" testListId="8c84fa94-04c1-424b-9868-57a2d4851a1d" />
    <TestEntry testId="c3f0029e-c53c-a3a6-b9ae-3244ff789540" executionId="11a357ce-33f4-4b3d-a70d-238f8a2b8832" testListId="8c84fa94-04c1-424b-9868-57a2d4851a1d" />
    <TestEntry testId="c61b96ec-2b37-4537-2710-67c2ffc69fcf" executionId="4100fd7f-a56c-47a2-b8e2-c784ee4a6b94" testListId="8c84fa94-04c1-424b-9868-57a2d4851a1d" />
    <TestEntry testId="cb3175f3-62a4-3574-ebe2-6fd28912f98f" executionId="89be05a5-e8f1-4a9c-bb1d-0803a3be9ff6" testListId="8c84fa94-04c1-424b-9868-57a2d4851a1d" />
    <TestEntry testId="ccec32d2-0874-7f4a-3cc7-18948b5e194b" executionId="a779d732-9a41-4880-9372-8d8b7783d678" testListId="8c84fa94-04c1-424b-9868-57a2d4851a1d" />
    <TestEntry testId="cdb3c195-1d00-e73c-1d5d-41027c8f9000" executionId="9e85db5a-bd1c-446b-b4a4-64fd29085b4c" testListId="8c84fa94-04c1-424b-9868-57a2d4851a1d" />
    <TestEntry testId="d09bd673-7783-8887-9261-45dcf465d5bf" executionId="2001662a-ba25-4523-827d-a336029e4faa" testListId="8c84fa94-04c1-424b-9868-57a2d4851a1d" />
    <TestEntry testId="d4f1c64a-ccdd-07ce-2119-d3482135fa57" executionId="2001810c-4c36-466b-a6b2-19665bd81ec1" testListId="8c84fa94-04c1-424b-9868-57a2d4851a1d" />
    <TestEntry testId="e6a54caf-9c84-2a08-7678-a59519ffb271" executionId="d4979331-04fa-4b41-968c-2482cba20d06" testListId="8c84fa94-04c1-424b-9868-57a2d4851a1d" />
    <TestEntry testId="ec18d84e-ec3d-6351-012f-67d3cf3fd94f" executionId="790f969d-6064-4e7a-91e3-0bee2c9ee11e" testListId="8c84fa94-04c1-424b-9868-57a2d4851a1d" />
    <TestEntry testId="ed7aea92-fb78-7480-8f5e-ffc022a352dd" executionId="b183ab5b-f464-479a-bc4c-8402564382d4" testListId="8c84fa94-04c1-424b-9868-57a2d4851a1d" />
    <TestEntry testId="ef4b238d-6caf-7d9d-89ac-16da780fea6d" executionId="923c8632-3705-47a9-a907-4bfdb721dd89" testListId="8c84fa94-04c1-424b-9868-57a2d4851a1d" />
    <TestEntry testId="f24fdeb3-0fc4-838d-cc54-f15114e2cff4" executionId="212d5987-fe7d-4bdf-8a20-6f36ab64db7e" testListId="8c84fa94-04c1-424b-9868-57a2d4851a1d" />
    <TestEntry testId="f90e75f2-7719-8ed4-d1e2-b684bbc6ec2b" executionId="b89578ce-8bfd-4007-b2bd-952dce77bbb7" testListId="8c84fa94-04c1-424b-9868-57a2d4851a1d" />
    <TestEntry testId="faf64f4c-6717-0c72-22f6-b1812355dc11" executionId="8a7e386c-d133-40b9-b50e-05bc72d6aae2" testListId="8c84fa94-04c1-424b-9868-57a2d4851a1d" />
    <TestEntry testId="fd97f871-078b-d14d-25cf-d01d4ec12977" executionId="b5aff494-8569-4bbe-86de-6319d677af1d" testListId="8c84fa94-04c1-424b-9868-57a2d4851a1d" />
    <TestEntry testId="ff93bc8e-a4e9-04de-d083-c3d55f578ad9" executionId="a2e1a26b-5693-4506-a3c3-ecf2cd4f2cd4" testListId="8c84fa94-04c1-424b-9868-57a2d4851a1d" />
  </TestEntries>
  <Results>
    <UnitTestResult executionId="684fa3a1-99ee-4c2a-bf91-c34ee2f91c79" testId="0813a515-3ebd-f4bb-9bb9-62500a0149a1" testName="TestInsertRownoleglobokFailWrongArgumentsNumber" computerName="MSSQLSERVER42" duration="00:00:00.0508248" startTime="2021-06-04T20:16:06.9950000+02:00" endTime="2021-06-04T20:16:07.1940000+02:00" testType="13cdc9d9-ddb5-4fa4-a97d-d965ccfc6d4b" outcome="Passed" testListId="8c84fa94-04c1-424b-9868-57a2d4851a1d">
      <Output>
      </Output>
    </UnitTestResult>
    <UnitTestResult executionId="8155245a-8103-43ec-95ae-524d13be61ee" testId="0fab764c-75a8-407a-43ad-efea69145116" testName="TestExpection" computerName="MSSQLSERVER42" duration="00:00:00.0007435" startTime="2021-06-04T20:16:07.1980000+02:00" endTime="2021-06-04T20:16:07.2040000+02:00" testType="13cdc9d9-ddb5-4fa4-a97d-d965ccfc6d4b" outcome="Passed" testListId="8c84fa94-04c1-424b-9868-57a2d4851a1d">
      <Output>
      </Output>
    </UnitTestResult>
    <UnitTestResult executionId="f1bd6925-0842-46d2-97fb-57f553a4e289" testId="15464a37-67d6-2057-a20c-6cffd2682675" testName="TestInsertProstaFailWrongArgumentsNumber" computerName="MSSQLSERVER42" duration="00:00:00.0022435" startTime="2021-06-04T20:16:07.2050000+02:00" endTime="2021-06-04T20:16:07.2100000+02:00" testType="13cdc9d9-ddb5-4fa4-a97d-d965ccfc6d4b" outcome="Passed" testListId="8c84fa94-04c1-424b-9868-57a2d4851a1d">
      <Output>
      </Output>
    </UnitTestResult>
    <UnitTestResult executionId="3f42e12f-d4b7-44c3-b40c-de762b9a998a" testId="156b1351-6c75-15cd-8c27-f501243014d9" testName="TestInsertTrapezFailWrongArgumentsNumber" computerName="MSSQLSERVER42" duration="00:00:00.0018813" startTime="2021-06-04T20:16:07.2130000+02:00" endTime="2021-06-04T20:16:07.2180000+02:00" testType="13cdc9d9-ddb5-4fa4-a97d-d965ccfc6d4b" outcome="Passed" testListId="8c84fa94-04c1-424b-9868-57a2d4851a1d">
      <Output>
      </Output>
    </UnitTestResult>
    <UnitTestResult executionId="bf224287-37c9-4009-a7d4-57fc672476f8" testId="1969a1ec-11c6-383f-9b6e-99aab4ff6f03" testName="TestDeleteTrojkatSuccess" computerName="MSSQLSERVER42" duration="00:00:00.0046522" startTime="2021-06-04T20:16:07.2210000+02:00" endTime="2021-06-04T20:16:07.2280000+02:00" testType="13cdc9d9-ddb5-4fa4-a97d-d965ccfc6d4b" outcome="Passed" testListId="8c84fa94-04c1-424b-9868-57a2d4851a1d">
      <Output>
      </Output>
    </UnitTestResult>
    <UnitTestResult executionId="bb07006c-3bc3-4054-80ec-4a4ab3a621dd" testId="1acbd862-75d6-e304-b107-a6a8c0809408" testName="TestSelectKwadratLengthCompute" computerName="MSSQLSERVER42" duration="00:00:00.0037989" startTime="2021-06-04T20:16:07.2350000+02:00" endTime="2021-06-04T20:16:07.2420000+02:00" testType="13cdc9d9-ddb5-4fa4-a97d-d965ccfc6d4b" outcome="Passed" testListId="8c84fa94-04c1-424b-9868-57a2d4851a1d">
      <Output>
      </Output>
    </UnitTestResult>
    <UnitTestResult executionId="221cf67f-da28-4e8e-88cc-6ce82a975b66" testId="1aee9c95-504f-b8d9-431f-44fccaeeb976" testName="TestDeleteTrojkatEmpty" computerName="MSSQLSERVER42" duration="00:00:00.0013025" startTime="2021-06-04T20:16:07.2450000+02:00" endTime="2021-06-04T20:16:07.2490000+02:00" testType="13cdc9d9-ddb5-4fa4-a97d-d965ccfc6d4b" outcome="Passed" testListId="8c84fa94-04c1-424b-9868-57a2d4851a1d">
      <Output>
      </Output>
    </UnitTestResult>
    <UnitTestResult executionId="48a3826a-a488-409c-85b9-2e3f972a7fb8" testId="1df4791d-2dc1-4b60-2894-c68ce5ed544e" testName="TestInsertRownoleglobokSuccess" computerName="MSSQLSERVER42" duration="00:00:00.0015647" startTime="2021-06-04T20:16:07.2520000+02:00" endTime="2021-06-04T20:16:07.2560000+02:00" testType="13cdc9d9-ddb5-4fa4-a97d-d965ccfc6d4b" outcome="Passed" testListId="8c84fa94-04c1-424b-9868-57a2d4851a1d">
      <Output>
      </Output>
    </UnitTestResult>
    <UnitTestResult executionId="96dc50ba-bc77-403f-bfac-1d6237f9c3fc" testId="1e1a5f96-ef22-f23c-8b8d-0e21cb07bffe" testName="TestInsertKwadratSuccess" computerName="MSSQLSERVER42" duration="00:00:00.0016151" startTime="2021-06-04T20:16:07.2720000+02:00" endTime="2021-06-04T20:16:07.2760000+02:00" testType="13cdc9d9-ddb5-4fa4-a97d-d965ccfc6d4b" outcome="Passed" testListId="8c84fa94-04c1-424b-9868-57a2d4851a1d">
      <Output>
      </Output>
    </UnitTestResult>
    <UnitTestResult executionId="c9d2f6de-01cb-46c2-a76e-df8bb49b9e20" testId="1ec2bc70-7a65-50c2-95ae-5b627f109b04" testName="TestInsertKoloSuccess" computerName="MSSQLSERVER42" duration="00:00:00.0016553" startTime="2021-06-04T20:16:07.2790000+02:00" endTime="2021-06-04T20:16:07.2830000+02:00" testType="13cdc9d9-ddb5-4fa4-a97d-d965ccfc6d4b" outcome="Passed" testListId="8c84fa94-04c1-424b-9868-57a2d4851a1d">
      <Output>
      </Output>
    </UnitTestResult>
    <UnitTestResult executionId="de4e98b3-dabf-4a94-adea-025ce7fa9da2" testId="20e5ce5e-412b-0412-3675-2c324a195017" testName="TestDeleteRownoleglobokEmpty" computerName="MSSQLSERVER42" duration="00:00:00.0015983" startTime="2021-06-04T20:16:07.2860000+02:00" endTime="2021-06-04T20:16:07.2900000+02:00" testType="13cdc9d9-ddb5-4fa4-a97d-d965ccfc6d4b" outcome="Passed" testListId="8c84fa94-04c1-424b-9868-57a2d4851a1d">
      <Output>
      </Output>
    </UnitTestResult>
    <UnitTestResult executionId="8e80a8cb-e0ff-4d19-ac18-b1aee4613810" testId="23f6dded-c830-4d0c-83a3-c25c4f3d19cf" testName="TestDeleteProstaEmpty" computerName="MSSQLSERVER42" duration="00:00:00.0022550" startTime="2021-06-04T20:16:07.2930000+02:00" endTime="2021-06-04T20:16:07.3070000+02:00" testType="13cdc9d9-ddb5-4fa4-a97d-d965ccfc6d4b" outcome="Passed" testListId="8c84fa94-04c1-424b-9868-57a2d4851a1d">
      <Output>
      </Output>
    </UnitTestResult>
    <UnitTestResult executionId="4f6dc27f-2be1-4d5e-8405-22d59b3bc634" testId="2469e82d-cd73-2139-bab4-3aafbd982337" testName="TestProstokatType" computerName="MSSQLSERVER42" duration="00:00:00.0006616" startTime="2021-06-04T20:16:07.3110000+02:00" endTime="2021-06-04T20:16:07.3150000+02:00" testType="13cdc9d9-ddb5-4fa4-a97d-d965ccfc6d4b" outcome="Passed" testListId="8c84fa94-04c1-424b-9868-57a2d4851a1d">
      <Output>
      </Output>
    </UnitTestResult>
    <UnitTestResult executionId="12a8095b-29f4-42a7-be72-359bddc5ebab" testId="28ce0bcc-d96c-f59b-673c-d39894547743" testName="TestSelectKwadratInfo" computerName="MSSQLSERVER42" duration="00:00:00.0032087" startTime="2021-06-04T20:16:07.3170000+02:00" endTime="2021-06-04T20:16:07.3230000+02:00" testType="13cdc9d9-ddb5-4fa4-a97d-d965ccfc6d4b" outcome="Passed" testListId="8c84fa94-04c1-424b-9868-57a2d4851a1d">
      <Output>
      </Output>
    </UnitTestResult>
    <UnitTestResult executionId="f3d1bd22-2bed-41ee-84eb-b6e0fbc6962e" testId="2c4f2f3a-9265-b698-dec9-c59ec0a35fda" testName="TestInsertProstokatSuccess" computerName="MSSQLSERVER42" duration="00:00:00.0015990" startTime="2021-06-04T20:16:07.3260000+02:00" endTime="2021-06-04T20:16:07.3300000+02:00" testType="13cdc9d9-ddb5-4fa4-a97d-d965ccfc6d4b" outcome="Passed" testListId="8c84fa94-04c1-424b-9868-57a2d4851a1d">
      <Output>
      </Output>
    </UnitTestResult>
    <UnitTestResult executionId="2d7e88f9-3fe7-4451-b92f-04cb1921e14b" testId="333eb129-0b3d-9d37-de3e-de520fa29e3f" testName="TestInsertTrojkatFailValidator" computerName="MSSQLSERVER42" duration="00:00:00.0017654" startTime="2021-06-04T20:16:07.3330000+02:00" endTime="2021-06-04T20:16:07.3370000+02:00" testType="13cdc9d9-ddb5-4fa4-a97d-d965ccfc6d4b" outcome="Passed" testListId="8c84fa94-04c1-424b-9868-57a2d4851a1d">
      <Output>
      </Output>
    </UnitTestResult>
    <UnitTestResult executionId="8685137b-61bc-4f21-a09c-02394c49a354" testId="38ccb642-e60a-164c-2de4-855f34cb4f7d" testName="TestSelectProstaAreaCompute" computerName="MSSQLSERVER42" duration="00:00:00.0023017" startTime="2021-06-04T20:16:07.3400000+02:00" endTime="2021-06-04T20:16:07.3450000+02:00" testType="13cdc9d9-ddb5-4fa4-a97d-d965ccfc6d4b" outcome="Passed" testListId="8c84fa94-04c1-424b-9868-57a2d4851a1d">
      <Output>
      </Output>
    </UnitTestResult>
    <UnitTestResult executionId="14cb43c1-83cd-441d-99f0-7b2e2ee1abbb" testId="3b34309c-57d5-7452-250c-882a435e4730" testName="TestInsertRownoleglobokFailValidator" computerName="MSSQLSERVER42" duration="00:00:00.0017851" startTime="2021-06-04T20:16:07.3470000+02:00" endTime="2021-06-04T20:16:07.3520000+02:00" testType="13cdc9d9-ddb5-4fa4-a97d-d965ccfc6d4b" outcome="Passed" testListId="8c84fa94-04c1-424b-9868-57a2d4851a1d">
      <Output>
      </Output>
    </UnitTestResult>
    <UnitTestResult executionId="2bbb9bb8-9e49-4d58-b05d-c399a69d8d49" testId="463943f8-dc58-8b95-a66b-9a434dde6ca7" testName="TestTrojkatType" computerName="MSSQLSERVER42" duration="00:00:00.0002390" startTime="2021-06-04T20:16:07.3540000+02:00" endTime="2021-06-04T20:16:07.3590000+02:00" testType="13cdc9d9-ddb5-4fa4-a97d-d965ccfc6d4b" outcome="Passed" testListId="8c84fa94-04c1-424b-9868-57a2d4851a1d">
      <Output>
      </Output>
    </UnitTestResult>
    <UnitTestResult executionId="aec2959b-9019-4b2e-9c6f-d3d767c9e960" testId="46484df8-917e-4249-844a-b14cd5048541" testName="TestSelectTrojkatLengthCompute" computerName="MSSQLSERVER42" duration="00:00:00.0024426" startTime="2021-06-04T20:16:07.3600000+02:00" endTime="2021-06-04T20:16:07.3650000+02:00" testType="13cdc9d9-ddb5-4fa4-a97d-d965ccfc6d4b" outcome="Passed" testListId="8c84fa94-04c1-424b-9868-57a2d4851a1d">
      <Output>
      </Output>
    </UnitTestResult>
    <UnitTestResult executionId="cfc1dc6a-31d4-4fbb-8b1c-694450a55c5a" testId="47dfee26-177b-4b52-80d0-b1a2d92d3267" testName="TestSelectRownoleglobokAreaCompute" computerName="MSSQLSERVER42" duration="00:00:00.0023435" startTime="2021-06-04T20:16:07.3680000+02:00" endTime="2021-06-04T20:16:07.3730000+02:00" testType="13cdc9d9-ddb5-4fa4-a97d-d965ccfc6d4b" outcome="Passed" testListId="8c84fa94-04c1-424b-9868-57a2d4851a1d">
      <Output>
      </Output>
    </UnitTestResult>
    <UnitTestResult executionId="d01be8f4-26a3-4295-9169-c042c0db6453" testId="4bd872e7-b72d-78d8-3d82-4785f819026b" testName="TestSelectTrojkatAreaCompute" computerName="MSSQLSERVER42" duration="00:00:00.0021672" startTime="2021-06-04T20:16:07.3760000+02:00" endTime="2021-06-04T20:16:07.3800000+02:00" testType="13cdc9d9-ddb5-4fa4-a97d-d965ccfc6d4b" outcome="Passed" testListId="8c84fa94-04c1-424b-9868-57a2d4851a1d">
      <Output>
      </Output>
    </UnitTestResult>
    <UnitTestResult executionId="dc24ed29-e625-4a12-9973-311e7a851f4c" testId="50af788a-72df-dc92-24f8-40cf0bc04370" testName="TestMethod1" computerName="MSSQLSERVER42" duration="00:00:00.0005862" startTime="2021-06-04T20:16:07.3940000+02:00" endTime="2021-06-04T20:16:07.3990000+02:00" testType="13cdc9d9-ddb5-4fa4-a97d-d965ccfc6d4b" outcome="Passed" testListId="8c84fa94-04c1-424b-9868-57a2d4851a1d">
      <Output>
      </Output>
    </UnitTestResult>
    <UnitTestResult executionId="78b77fcc-f14b-430d-8563-e0280f9f7a20" testId="528a7332-e692-0518-53e3-12bc051966ba" testName="TestDeleteProstokatEmpty" computerName="MSSQLSERVER42" duration="00:00:00.0019535" startTime="2021-06-04T20:16:07.4010000+02:00" endTime="2021-06-04T20:16:07.4050000+02:00" testType="13cdc9d9-ddb5-4fa4-a97d-d965ccfc6d4b" outcome="Passed" testListId="8c84fa94-04c1-424b-9868-57a2d4851a1d">
      <Output>
      </Output>
    </UnitTestResult>
    <UnitTestResult executionId="b9c325de-c994-40db-915b-28376a59e807" testId="531770c7-1ed7-4ad9-fb2b-db49b19ba5d2" testName="TestSelectProstokatLengthCompute" computerName="MSSQLSERVER42" duration="00:00:00.0024156" startTime="2021-06-04T20:16:07.4080000+02:00" endTime="2021-06-04T20:16:07.4130000+02:00" testType="13cdc9d9-ddb5-4fa4-a97d-d965ccfc6d4b" outcome="Passed" testListId="8c84fa94-04c1-424b-9868-57a2d4851a1d">
      <Output>
      </Output>
    </UnitTestResult>
    <UnitTestResult executionId="9781db84-75ce-4e6e-8be0-b26f6bdc9dfe" testId="536cd68c-c085-b510-7f5d-73dadd7a91a6" testName="TestSelectPunktInfo" computerName="MSSQLSERVER42" duration="00:00:00.0028507" startTime="2021-06-04T20:16:07.4160000+02:00" endTime="2021-06-04T20:16:07.4210000+02:00" testType="13cdc9d9-ddb5-4fa4-a97d-d965ccfc6d4b" outcome="Passed" testListId="8c84fa94-04c1-424b-9868-57a2d4851a1d">
      <Output>
      </Output>
    </UnitTestResult>
    <UnitTestResult executionId="94e8fb54-3476-4532-9812-adda56fd1100" testId="56cf5c65-a0ae-b8dc-b2c0-d81d7c60f19e" testName="TestInsertTrapezSuccess" computerName="MSSQLSERVER42" duration="00:00:00.0013758" startTime="2021-06-04T20:16:07.4240000+02:00" endTime="2021-06-04T20:16:07.4280000+02:00" testType="13cdc9d9-ddb5-4fa4-a97d-d965ccfc6d4b" outcome="Passed" testListId="8c84fa94-04c1-424b-9868-57a2d4851a1d">
      <Output>
      </Output>
    </UnitTestResult>
    <UnitTestResult executionId="73e6bdbd-c208-43f5-bad0-d642492eaabd" testId="571854a7-36fb-863d-84dc-39e1bc8b9210" testName="TestTrapezType" computerName="MSSQLSERVER42" duration="00:00:00.0002587" startTime="2021-06-04T20:16:07.4310000+02:00" endTime="2021-06-04T20:16:07.4350000+02:00" testType="13cdc9d9-ddb5-4fa4-a97d-d965ccfc6d4b" outcome="Passed" testListId="8c84fa94-04c1-424b-9868-57a2d4851a1d">
      <Output>
      </Output>
    </UnitTestResult>
    <UnitTestResult executionId="ac5bef81-ed7d-4452-a7f8-695175cf0bf3" testId="57aadacb-a3ac-11c0-4451-c0b5eaf9f8f3" testName="TestSelectProstokatInfo" computerName="MSSQLSERVER42" duration="00:00:00.0028180" startTime="2021-06-04T20:16:07.4370000+02:00" endTime="2021-06-04T20:16:07.4420000+02:00" testType="13cdc9d9-ddb5-4fa4-a97d-d965ccfc6d4b" outcome="Passed" testListId="8c84fa94-04c1-424b-9868-57a2d4851a1d">
      <Output>
      </Output>
    </UnitTestResult>
    <UnitTestResult executionId="2e42176d-b337-4326-8e2b-70aa2c88de03" testId="5bfa5d26-c774-d4de-7033-ad987e78bf1b" testName="TestDeletePunktSuccess" computerName="MSSQLSERVER42" duration="00:00:00.0024101" startTime="2021-06-04T20:16:07.4450000+02:00" endTime="2021-06-04T20:16:07.4500000+02:00" testType="13cdc9d9-ddb5-4fa4-a97d-d965ccfc6d4b" outcome="Passed" testListId="8c84fa94-04c1-424b-9868-57a2d4851a1d">
      <Output>
      </Output>
    </UnitTestResult>
    <UnitTestResult executionId="51017a06-b64d-4635-9b44-d9326484e251" testId="5d05e37c-57df-a219-8b4d-4c6d5d01a8c1" testName="TestInsertPunktFailWrongArgumentsNumber" computerName="MSSQLSERVER42" duration="00:00:00.0017498" startTime="2021-06-04T20:16:07.4530000+02:00" endTime="2021-06-04T20:16:07.4570000+02:00" testType="13cdc9d9-ddb5-4fa4-a97d-d965ccfc6d4b" outcome="Passed" testListId="8c84fa94-04c1-424b-9868-57a2d4851a1d">
      <Output>
      </Output>
    </UnitTestResult>
    <UnitTestResult executionId="1874abba-c9c2-4ef9-a188-139fd53b7bad" testId="5ec7b518-4fc2-5ad5-2ba6-59df81885483" testName="TestInsertRownoleglobokFailWrongData" computerName="MSSQLSERVER42" duration="00:00:00.0018737" startTime="2021-06-04T20:16:07.4600000+02:00" endTime="2021-06-04T20:16:07.4640000+02:00" testType="13cdc9d9-ddb5-4fa4-a97d-d965ccfc6d4b" outcome="Passed" testListId="8c84fa94-04c1-424b-9868-57a2d4851a1d">
      <Output>
      </Output>
    </UnitTestResult>
    <UnitTestResult executionId="72f940df-e6b7-4893-bc9e-eacb9b0a1c96" testId="6164a6e3-8647-4c0b-1f76-462247d42f0b" testName="TestSelectTrapezLengthCompute" computerName="MSSQLSERVER42" duration="00:00:00.0023592" startTime="2021-06-04T20:16:07.4670000+02:00" endTime="2021-06-04T20:16:07.4720000+02:00" testType="13cdc9d9-ddb5-4fa4-a97d-d965ccfc6d4b" outcome="Passed" testListId="8c84fa94-04c1-424b-9868-57a2d4851a1d">
      <Output>
      </Output>
    </UnitTestResult>
    <UnitTestResult executionId="4b578c4e-4f5f-48b7-8de1-3ba25e04668a" testId="6307ee8f-1847-c00e-f90f-c6f5c7fd658d" testName="TestInsertKwadratFailWrongData" computerName="MSSQLSERVER42" duration="00:00:00.0017278" startTime="2021-06-04T20:16:07.4750000+02:00" endTime="2021-06-04T20:16:07.4790000+02:00" testType="13cdc9d9-ddb5-4fa4-a97d-d965ccfc6d4b" outcome="Passed" testListId="8c84fa94-04c1-424b-9868-57a2d4851a1d">
      <Output>
      </Output>
    </UnitTestResult>
    <UnitTestResult executionId="d228d7d4-7085-4b15-a68b-eabe18bbd82c" testId="653617b9-2e7b-8fd4-3ff4-8b622fb2e7c6" testName="TestInsertTrojkatFailWrongArgumentsNumber" computerName="MSSQLSERVER42" duration="00:00:00.0016613" startTime="2021-06-04T20:16:07.4820000+02:00" endTime="2021-06-04T20:16:07.4860000+02:00" testType="13cdc9d9-ddb5-4fa4-a97d-d965ccfc6d4b" outcome="Passed" testListId="8c84fa94-04c1-424b-9868-57a2d4851a1d">
      <Output>
      </Output>
    </UnitTestResult>
    <UnitTestResult executionId="7bd35482-c7b7-4dad-a3e5-6713f47683de" testId="670f68db-eba6-a5b9-e059-8fd35bb0910c" testName="TestSelectKoloAreaCompute" computerName="MSSQLSERVER42" duration="00:00:00.0023863" startTime="2021-06-04T20:16:07.4890000+02:00" endTime="2021-06-04T20:16:07.4940000+02:00" testType="13cdc9d9-ddb5-4fa4-a97d-d965ccfc6d4b" outcome="Passed" testListId="8c84fa94-04c1-424b-9868-57a2d4851a1d">
      <Output>
      </Output>
    </UnitTestResult>
    <UnitTestResult executionId="da68365f-8ca3-4bd1-8f08-cbe8e181e639" testId="679a72f6-6f30-16cf-a81a-8bbb7e91987c" testName="TestInsertProstaSuccess" computerName="MSSQLSERVER42" duration="00:00:00.0013161" startTime="2021-06-04T20:16:07.4970000+02:00" endTime="2021-06-04T20:16:07.5010000+02:00" testType="13cdc9d9-ddb5-4fa4-a97d-d965ccfc6d4b" outcome="Passed" testListId="8c84fa94-04c1-424b-9868-57a2d4851a1d">
      <Output>
      </Output>
    </UnitTestResult>
    <UnitTestResult executionId="a8558b04-d2eb-4d48-b4e7-d051ef35389f" testId="6b52ce5f-b05d-2fb6-3a22-7f0d206c197f" testName="TestDeleteKoloEmpty" computerName="MSSQLSERVER42" duration="00:00:00.0014471" startTime="2021-06-04T20:16:07.5040000+02:00" endTime="2021-06-04T20:16:07.5080000+02:00" testType="13cdc9d9-ddb5-4fa4-a97d-d965ccfc6d4b" outcome="Passed" testListId="8c84fa94-04c1-424b-9868-57a2d4851a1d">
      <Output>
      </Output>
    </UnitTestResult>
    <UnitTestResult executionId="19e65184-11e1-494c-b8a1-2dcb51e62470" testId="6f251bb3-9fcf-31d0-6116-53b68f700ed1" testName="TestRownoleglobokType" computerName="MSSQLSERVER42" duration="00:00:00.0002757" startTime="2021-06-04T20:16:07.5100000+02:00" endTime="2021-06-04T20:16:07.5260000+02:00" testType="13cdc9d9-ddb5-4fa4-a97d-d965ccfc6d4b" outcome="Passed" testListId="8c84fa94-04c1-424b-9868-57a2d4851a1d">
      <Output>
      </Output>
    </UnitTestResult>
    <UnitTestResult executionId="eb6232d6-b04e-44c4-b468-22d45b5939d2" testId="78b788d1-f3e5-f543-582f-d7779a99251b" testName="TestSelectProstaLengthCompute" computerName="MSSQLSERVER42" duration="00:00:00.0031172" startTime="2021-06-04T20:16:07.5280000+02:00" endTime="2021-06-04T20:16:07.5340000+02:00" testType="13cdc9d9-ddb5-4fa4-a97d-d965ccfc6d4b" outcome="Passed" testListId="8c84fa94-04c1-424b-9868-57a2d4851a1d">
      <Output>
      </Output>
    </UnitTestResult>
    <UnitTestResult executionId="634e65b0-c785-43f4-8fd9-c1d093be6920" testId="7952b3e5-c5be-8ed6-f131-a576d351d8cb" testName="TestInsertProstokatFailWrongData" computerName="MSSQLSERVER42" duration="00:00:00.0020709" startTime="2021-06-04T20:16:07.5360000+02:00" endTime="2021-06-04T20:16:07.5410000+02:00" testType="13cdc9d9-ddb5-4fa4-a97d-d965ccfc6d4b" outcome="Passed" testListId="8c84fa94-04c1-424b-9868-57a2d4851a1d">
      <Output>
      </Output>
    </UnitTestResult>
    <UnitTestResult executionId="46e188cc-d942-4915-a551-6fe239aa5a5e" testId="797bfa1f-2a62-e77f-1110-154f0aef2d7f" testName="TestInsertTrojkatSuccess" computerName="MSSQLSERVER42" duration="00:00:00.0013730" startTime="2021-06-04T20:16:07.5440000+02:00" endTime="2021-06-04T20:16:07.5480000+02:00" testType="13cdc9d9-ddb5-4fa4-a97d-d965ccfc6d4b" outcome="Passed" testListId="8c84fa94-04c1-424b-9868-57a2d4851a1d">
      <Output>
      </Output>
    </UnitTestResult>
    <UnitTestResult executionId="6598544a-e2cc-47f1-975c-5d035e9e69a4" testId="7a6e6c6f-a642-6f4a-77f3-ce22472da4df" testName="TestKoloType" computerName="MSSQLSERVER42" duration="00:00:00.0002906" startTime="2021-06-04T20:16:07.5500000+02:00" endTime="2021-06-04T20:16:07.5540000+02:00" testType="13cdc9d9-ddb5-4fa4-a97d-d965ccfc6d4b" outcome="Passed" testListId="8c84fa94-04c1-424b-9868-57a2d4851a1d">
      <Output>
      </Output>
    </UnitTestResult>
    <UnitTestResult executionId="3b39401d-dd4a-4f1b-a957-0f8e0e4a578f" testId="7a73e62e-1009-e403-2336-e33c664a0c32" testName="TestInsertPunktSuccess" computerName="MSSQLSERVER42" duration="00:00:00.0016214" startTime="2021-06-04T20:16:07.5560000+02:00" endTime="2021-06-04T20:16:07.5600000+02:00" testType="13cdc9d9-ddb5-4fa4-a97d-d965ccfc6d4b" outcome="Passed" testListId="8c84fa94-04c1-424b-9868-57a2d4851a1d">
      <Output>
      </Output>
    </UnitTestResult>
    <UnitTestResult executionId="53e3f4f3-b2f4-4d66-a2f7-e4534a59f325" testId="7b67ecb2-1b85-69b7-8dcb-87e73336d2fe" testName="TestPunktType" computerName="MSSQLSERVER42" duration="00:00:00.0002366" startTime="2021-06-04T20:16:07.5630000+02:00" endTime="2021-06-04T20:16:07.5670000+02:00" testType="13cdc9d9-ddb5-4fa4-a97d-d965ccfc6d4b" outcome="Passed" testListId="8c84fa94-04c1-424b-9868-57a2d4851a1d">
      <Output>
      </Output>
    </UnitTestResult>
    <UnitTestResult executionId="2a33527a-8707-43f9-94ff-0976a2592510" testId="7d748728-1f2e-f640-e5cf-6cd379d042ec" testName="TestSelectKoloInfo" computerName="MSSQLSERVER42" duration="00:00:00.0030106" startTime="2021-06-04T20:16:07.5680000+02:00" endTime="2021-06-04T20:16:07.5740000+02:00" testType="13cdc9d9-ddb5-4fa4-a97d-d965ccfc6d4b" outcome="Passed" testListId="8c84fa94-04c1-424b-9868-57a2d4851a1d">
      <Output>
      </Output>
    </UnitTestResult>
    <UnitTestResult executionId="d069bab9-ed78-4ca9-b6b7-1fbf166ffefa" testId="7dd3deed-26fa-f3ca-d063-7cb7c326c390" testName="TestDeleteKwadratSuccess" computerName="MSSQLSERVER42" duration="00:00:00.0026132" startTime="2021-06-04T20:16:07.5770000+02:00" endTime="2021-06-04T20:16:07.5820000+02:00" testType="13cdc9d9-ddb5-4fa4-a97d-d965ccfc6d4b" outcome="Passed" testListId="8c84fa94-04c1-424b-9868-57a2d4851a1d">
      <Output>
      </Output>
    </UnitTestResult>
    <UnitTestResult executionId="0738ea14-6c51-447a-bb18-5de6f186b911" testId="7f29ea62-211d-14d5-9ea4-1a810eee40e0" testName="TestSelectPunktLengthCompute" computerName="MSSQLSERVER42" duration="00:00:00.0022522" startTime="2021-06-04T20:16:07.5850000+02:00" endTime="2021-06-04T20:16:07.5900000+02:00" testType="13cdc9d9-ddb5-4fa4-a97d-d965ccfc6d4b" outcome="Passed" testListId="8c84fa94-04c1-424b-9868-57a2d4851a1d">
      <Output>
      </Output>
    </UnitTestResult>
    <UnitTestResult executionId="61668012-1ea3-413e-9d78-1860548979b7" testId="89718daa-ced1-b364-0918-dff3cd0e239d" testName="TestSelectKoloLengthCompute" computerName="MSSQLSERVER42" duration="00:00:00.0021485" startTime="2021-06-04T20:16:07.5930000+02:00" endTime="2021-06-04T20:16:07.5970000+02:00" testType="13cdc9d9-ddb5-4fa4-a97d-d965ccfc6d4b" outcome="Passed" testListId="8c84fa94-04c1-424b-9868-57a2d4851a1d">
      <Output>
      </Output>
    </UnitTestResult>
    <UnitTestResult executionId="e8d719d9-819a-4671-ad16-371c73da9432" testId="8fc690c1-c9c3-b073-e165-1b8fa5be9c16" testName="TestProstaType" computerName="MSSQLSERVER42" duration="00:00:00.0002350" startTime="2021-06-04T20:16:07.6000000+02:00" endTime="2021-06-04T20:16:07.6050000+02:00" testType="13cdc9d9-ddb5-4fa4-a97d-d965ccfc6d4b" outcome="Passed" testListId="8c84fa94-04c1-424b-9868-57a2d4851a1d">
      <Output>
      </Output>
    </UnitTestResult>
    <UnitTestResult executionId="1bd12fd5-4f50-48d1-acf3-14afc3141705" testId="96e4cf1a-1cdd-c24d-7680-36dea9c9df89" testName="TestInsertTrojkatFailWrongData" computerName="MSSQLSERVER42" duration="00:00:00.0019192" startTime="2021-06-04T20:16:07.6060000+02:00" endTime="2021-06-04T20:16:07.6110000+02:00" testType="13cdc9d9-ddb5-4fa4-a97d-d965ccfc6d4b" outcome="Passed" testListId="8c84fa94-04c1-424b-9868-57a2d4851a1d">
      <Output>
      </Output>
    </UnitTestResult>
    <UnitTestResult executionId="96dfa738-dcae-4e7c-a1f0-53a796963105" testId="999fd6fc-eb1a-a1f3-c87e-f9a5a05afffa" testName="TestSelectRownoleglobokLengthCompute" computerName="MSSQLSERVER42" duration="00:00:00.0036110" startTime="2021-06-04T20:16:07.6140000+02:00" endTime="2021-06-04T20:16:07.6210000+02:00" testType="13cdc9d9-ddb5-4fa4-a97d-d965ccfc6d4b" outcome="Passed" testListId="8c84fa94-04c1-424b-9868-57a2d4851a1d">
      <Output>
      </Output>
    </UnitTestResult>
    <UnitTestResult executionId="224512c1-126a-4481-b187-cf4b8dd0d80f" testId="9b23a4e0-0fd1-3992-387c-e4df1d33d5f0" testName="TestDeleteTrapezEmpty" computerName="MSSQLSERVER42" duration="00:00:00.0020038" startTime="2021-06-04T20:16:07.6250000+02:00" endTime="2021-06-04T20:16:07.6310000+02:00" testType="13cdc9d9-ddb5-4fa4-a97d-d965ccfc6d4b" outcome="Passed" testListId="8c84fa94-04c1-424b-9868-57a2d4851a1d">
      <Output>
      </Output>
    </UnitTestResult>
    <UnitTestResult executionId="bf2f946b-06de-4237-a79f-f89016ec1cf3" testId="9d064bba-9227-7b5c-52bf-525d865b4abc" testName="TestSelectKwadratAreaCompute" computerName="MSSQLSERVER42" duration="00:00:00.0036337" startTime="2021-06-04T20:16:07.6430000+02:00" endTime="2021-06-04T20:16:07.6510000+02:00" testType="13cdc9d9-ddb5-4fa4-a97d-d965ccfc6d4b" outcome="Passed" testListId="8c84fa94-04c1-424b-9868-57a2d4851a1d">
      <Output>
      </Output>
    </UnitTestResult>
    <UnitTestResult executionId="9e642349-4db6-48c3-ae5a-2d670ee7c4b6" testId="9df9e8d4-89e3-8693-5393-45d41b262b3c" testName="TestSelectPunktAreaCompute" computerName="MSSQLSERVER42" duration="00:00:00.0033326" startTime="2021-06-04T20:16:07.6560000+02:00" endTime="2021-06-04T20:16:07.6630000+02:00" testType="13cdc9d9-ddb5-4fa4-a97d-d965ccfc6d4b" outcome="Passed" testListId="8c84fa94-04c1-424b-9868-57a2d4851a1d">
      <Output>
      </Output>
    </UnitTestResult>
    <UnitTestResult executionId="b646c5b2-2c1c-4d52-99be-5ea36f76b9de" testId="a2fd893c-ac55-30ef-b198-332b82d0a0b2" testName="TestDeleteProstaSuccess" computerName="MSSQLSERVER42" duration="00:00:00.0034844" startTime="2021-06-04T20:16:07.6670000+02:00" endTime="2021-06-04T20:16:07.6750000+02:00" testType="13cdc9d9-ddb5-4fa4-a97d-d965ccfc6d4b" outcome="Passed" testListId="8c84fa94-04c1-424b-9868-57a2d4851a1d">
      <Output>
      </Output>
    </UnitTestResult>
    <UnitTestResult executionId="a5c5b9c5-a7d1-4ce4-a46b-24f177c1739b" testId="a31998fc-83ce-4acd-8027-0af56f66fff6" testName="TestDeleteTrapezSuccess" computerName="MSSQLSERVER42" duration="00:00:00.0030905" startTime="2021-06-04T20:16:07.6780000+02:00" endTime="2021-06-04T20:16:07.6860000+02:00" testType="13cdc9d9-ddb5-4fa4-a97d-d965ccfc6d4b" outcome="Passed" testListId="8c84fa94-04c1-424b-9868-57a2d4851a1d">
      <Output>
      </Output>
    </UnitTestResult>
    <UnitTestResult executionId="fc8d27f4-19c7-45e0-8d59-af776a0c6ae1" testId="a35798a2-aee6-5aba-8e42-078cbbd01558" testName="TestInsertTrapezFailWrongData" computerName="MSSQLSERVER42" duration="00:00:00.0026284" startTime="2021-06-04T20:16:07.6900000+02:00" endTime="2021-06-04T20:16:07.6960000+02:00" testType="13cdc9d9-ddb5-4fa4-a97d-d965ccfc6d4b" outcome="Passed" testListId="8c84fa94-04c1-424b-9868-57a2d4851a1d">
      <Output>
      </Output>
    </UnitTestResult>
    <UnitTestResult executionId="269d53fd-564e-421b-9750-6d6e2d510a86" testId="a5cd231c-626c-6cc9-649b-017680a28730" testName="TestSelectProstokatAreaCompute" computerName="MSSQLSERVER42" duration="00:00:00.0038623" startTime="2021-06-04T20:16:07.7010000+02:00" endTime="2021-06-04T20:16:07.7090000+02:00" testType="13cdc9d9-ddb5-4fa4-a97d-d965ccfc6d4b" outcome="Passed" testListId="8c84fa94-04c1-424b-9868-57a2d4851a1d">
      <Output>
      </Output>
    </UnitTestResult>
    <UnitTestResult executionId="48cb8853-fa44-4379-8719-f33883d8ea63" testId="a93bf2b2-1d57-26ee-2580-ea3e179b5497" testName="TestSelectTrapezInfo" computerName="MSSQLSERVER42" duration="00:00:00.0041206" startTime="2021-06-04T20:16:07.7130000+02:00" endTime="2021-06-04T20:16:07.7210000+02:00" testType="13cdc9d9-ddb5-4fa4-a97d-d965ccfc6d4b" outcome="Passed" testListId="8c84fa94-04c1-424b-9868-57a2d4851a1d">
      <Output>
      </Output>
    </UnitTestResult>
    <UnitTestResult executionId="1ce8f975-a89d-4298-a60a-8788475eb87a" testId="ac1a924e-387f-08b8-d449-f3776a0f90ae" testName="TestDeleteRownoleglobokSuccess" computerName="MSSQLSERVER42" duration="00:00:00.0032438" startTime="2021-06-04T20:16:07.7250000+02:00" endTime="2021-06-04T20:16:07.7320000+02:00" testType="13cdc9d9-ddb5-4fa4-a97d-d965ccfc6d4b" outcome="Passed" testListId="8c84fa94-04c1-424b-9868-57a2d4851a1d">
      <Output>
      </Output>
    </UnitTestResult>
    <UnitTestResult executionId="32db3352-8ac5-4759-bb02-a5a5da870ae0" testId="b0744a28-648c-fdb8-8f7b-fa72f10159d2" testName="TestSelectRownoleglobokInfo" computerName="MSSQLSERVER42" duration="00:00:00.0036272" startTime="2021-06-04T20:16:07.7360000+02:00" endTime="2021-06-04T20:16:07.7440000+02:00" testType="13cdc9d9-ddb5-4fa4-a97d-d965ccfc6d4b" outcome="Passed" testListId="8c84fa94-04c1-424b-9868-57a2d4851a1d">
      <Output>
      </Output>
    </UnitTestResult>
    <UnitTestResult executionId="bbf2f087-3db9-43c6-bb40-f729f84c7f3c" testId="b0da2658-3efb-d9fa-bc2a-b6723415d976" testName="TestSelectTrojkatInfo" computerName="MSSQLSERVER42" duration="00:00:00.0043578" startTime="2021-06-04T20:16:07.7480000+02:00" endTime="2021-06-04T20:16:07.7570000+02:00" testType="13cdc9d9-ddb5-4fa4-a97d-d965ccfc6d4b" outcome="Passed" testListId="8c84fa94-04c1-424b-9868-57a2d4851a1d">
      <Output>
      </Output>
    </UnitTestResult>
    <UnitTestResult executionId="95d3da50-17bf-411d-a858-c93c08187beb" testId="b448142e-7c66-1f66-dd23-74a91becdf80" testName="TestInsertTrapezFailValidator" computerName="MSSQLSERVER42" duration="00:00:00.0023938" startTime="2021-06-04T20:16:07.7610000+02:00" endTime="2021-06-04T20:16:07.7670000+02:00" testType="13cdc9d9-ddb5-4fa4-a97d-d965ccfc6d4b" outcome="Passed" testListId="8c84fa94-04c1-424b-9868-57a2d4851a1d">
      <Output>
      </Output>
    </UnitTestResult>
    <UnitTestResult executionId="a8006a1e-4347-4960-84f3-e69a4c9f71f4" testId="c3e3608c-c792-eb29-17af-36203c86819e" testName="TestSelectProstaInfo" computerName="MSSQLSERVER42" duration="00:00:00.0044194" startTime="2021-06-04T20:16:07.7710000+02:00" endTime="2021-06-04T20:16:07.7850000+02:00" testType="13cdc9d9-ddb5-4fa4-a97d-d965ccfc6d4b" outcome="Passed" testListId="8c84fa94-04c1-424b-9868-57a2d4851a1d">
      <Output>
      </Output>
    </UnitTestResult>
    <UnitTestResult executionId="11a357ce-33f4-4b3d-a70d-238f8a2b8832" testId="c3f0029e-c53c-a3a6-b9ae-3244ff789540" testName="TestDeleteProstokatSuccess" computerName="MSSQLSERVER42" duration="00:00:00.0026889" startTime="2021-06-04T20:16:07.7880000+02:00" endTime="2021-06-04T20:16:07.7930000+02:00" testType="13cdc9d9-ddb5-4fa4-a97d-d965ccfc6d4b" outcome="Passed" testListId="8c84fa94-04c1-424b-9868-57a2d4851a1d">
      <Output>
      </Output>
    </UnitTestResult>
    <UnitTestResult executionId="4100fd7f-a56c-47a2-b8e2-c784ee4a6b94" testId="c61b96ec-2b37-4537-2710-67c2ffc69fcf" testName="TestInsertKwadratFailWrongArgumentsNumber" computerName="MSSQLSERVER42" duration="00:00:00.0016745" startTime="2021-06-04T20:16:07.7960000+02:00" endTime="2021-06-04T20:16:07.8000000+02:00" testType="13cdc9d9-ddb5-4fa4-a97d-d965ccfc6d4b" outcome="Passed" testListId="8c84fa94-04c1-424b-9868-57a2d4851a1d">
      <Output>
      </Output>
    </UnitTestResult>
    <UnitTestResult executionId="89be05a5-e8f1-4a9c-bb1d-0803a3be9ff6" testId="cb3175f3-62a4-3574-ebe2-6fd28912f98f" testName="TestDeletePunktEmpty" computerName="MSSQLSERVER42" duration="00:00:00.0014580" startTime="2021-06-04T20:16:07.8030000+02:00" endTime="2021-06-04T20:16:07.8070000+02:00" testType="13cdc9d9-ddb5-4fa4-a97d-d965ccfc6d4b" outcome="Passed" testListId="8c84fa94-04c1-424b-9868-57a2d4851a1d">
      <Output>
      </Output>
    </UnitTestResult>
    <UnitTestResult executionId="a779d732-9a41-4880-9372-8d8b7783d678" testId="ccec32d2-0874-7f4a-3cc7-18948b5e194b" testName="TestDeleteKoloSuccess" computerName="MSSQLSERVER42" duration="00:00:00.0027593" startTime="2021-06-04T20:16:07.8090000+02:00" endTime="2021-06-04T20:16:07.8140000+02:00" testType="13cdc9d9-ddb5-4fa4-a97d-d965ccfc6d4b" outcome="Passed" testListId="8c84fa94-04c1-424b-9868-57a2d4851a1d">
      <Output>
      </Output>
    </UnitTestResult>
    <UnitTestResult executionId="9e85db5a-bd1c-446b-b4a4-64fd29085b4c" testId="cdb3c195-1d00-e73c-1d5d-41027c8f9000" testName="TestInsertProstaFailValidator" computerName="MSSQLSERVER42" duration="00:00:00.0016989" startTime="2021-06-04T20:16:07.8170000+02:00" endTime="2021-06-04T20:16:07.8210000+02:00" testType="13cdc9d9-ddb5-4fa4-a97d-d965ccfc6d4b" outcome="Passed" testListId="8c84fa94-04c1-424b-9868-57a2d4851a1d">
      <Output>
      </Output>
    </UnitTestResult>
    <UnitTestResult executionId="2001662a-ba25-4523-827d-a336029e4faa" testId="d09bd673-7783-8887-9261-45dcf465d5bf" testName="TestInsertProstokatFailWrongArgumentsNumber" computerName="MSSQLSERVER42" duration="00:00:00.0015035" startTime="2021-06-04T20:16:07.8240000+02:00" endTime="2021-06-04T20:16:07.8280000+02:00" testType="13cdc9d9-ddb5-4fa4-a97d-d965ccfc6d4b" outcome="Passed" testListId="8c84fa94-04c1-424b-9868-57a2d4851a1d">
      <Output>
      </Output>
    </UnitTestResult>
    <UnitTestResult executionId="2001810c-4c36-466b-a6b2-19665bd81ec1" testId="d4f1c64a-ccdd-07ce-2119-d3482135fa57" testName="TestInsertKwadratFailValidator" computerName="MSSQLSERVER42" duration="00:00:00.0016319" startTime="2021-06-04T20:16:07.8310000+02:00" endTime="2021-06-04T20:16:07.8350000+02:00" testType="13cdc9d9-ddb5-4fa4-a97d-d965ccfc6d4b" outcome="Passed" testListId="8c84fa94-04c1-424b-9868-57a2d4851a1d">
      <Output>
      </Output>
    </UnitTestResult>
    <UnitTestResult executionId="d4979331-04fa-4b41-968c-2482cba20d06" testId="e6a54caf-9c84-2a08-7678-a59519ffb271" testName="TestKwadratType" computerName="MSSQLSERVER42" duration="00:00:00.0002642" startTime="2021-06-04T20:16:07.8380000+02:00" endTime="2021-06-04T20:16:07.8420000+02:00" testType="13cdc9d9-ddb5-4fa4-a97d-d965ccfc6d4b" outcome="Passed" testListId="8c84fa94-04c1-424b-9868-57a2d4851a1d">
      <Output>
      </Output>
    </UnitTestResult>
    <UnitTestResult executionId="790f969d-6064-4e7a-91e3-0bee2c9ee11e" testId="ec18d84e-ec3d-6351-012f-67d3cf3fd94f" testName="TestDeleteKwadratEmpty" computerName="MSSQLSERVER42" duration="00:00:00.0015911" startTime="2021-06-04T20:16:07.8440000+02:00" endTime="2021-06-04T20:16:07.8480000+02:00" testType="13cdc9d9-ddb5-4fa4-a97d-d965ccfc6d4b" outcome="Passed" testListId="8c84fa94-04c1-424b-9868-57a2d4851a1d">
      <Output>
      </Output>
    </UnitTestResult>
    <UnitTestResult executionId="b183ab5b-f464-479a-bc4c-8402564382d4" testId="ed7aea92-fb78-7480-8f5e-ffc022a352dd" testName="TestInsertPunktFailWrongData" computerName="MSSQLSERVER42" duration="00:00:00.0018577" startTime="2021-06-04T20:16:07.8510000+02:00" endTime="2021-06-04T20:16:07.8550000+02:00" testType="13cdc9d9-ddb5-4fa4-a97d-d965ccfc6d4b" outcome="Passed" testListId="8c84fa94-04c1-424b-9868-57a2d4851a1d">
      <Output>
      </Output>
    </UnitTestResult>
    <UnitTestResult executionId="923c8632-3705-47a9-a907-4bfdb721dd89" testId="ef4b238d-6caf-7d9d-89ac-16da780fea6d" testName="TestInsertProstaFailWrongData" computerName="MSSQLSERVER42" duration="00:00:00.0020739" startTime="2021-06-04T20:16:07.8580000+02:00" endTime="2021-06-04T20:16:07.8630000+02:00" testType="13cdc9d9-ddb5-4fa4-a97d-d965ccfc6d4b" outcome="Passed" testListId="8c84fa94-04c1-424b-9868-57a2d4851a1d">
      <Output>
      </Output>
    </UnitTestResult>
    <UnitTestResult executionId="212d5987-fe7d-4bdf-8a20-6f36ab64db7e" testId="f24fdeb3-0fc4-838d-cc54-f15114e2cff4" testName="TestInsertKoloFailWrongData" computerName="MSSQLSERVER42" duration="00:00:00.0024299" startTime="2021-06-04T20:16:07.8670000+02:00" endTime="2021-06-04T20:16:07.8740000+02:00" testType="13cdc9d9-ddb5-4fa4-a97d-d965ccfc6d4b" outcome="Passed" testListId="8c84fa94-04c1-424b-9868-57a2d4851a1d">
      <Output>
      </Output>
    </UnitTestResult>
    <UnitTestResult executionId="b89578ce-8bfd-4007-b2bd-952dce77bbb7" testId="f90e75f2-7719-8ed4-d1e2-b684bbc6ec2b" testName="TestInsertKoloFailValidator" computerName="MSSQLSERVER42" duration="00:00:00.0022763" startTime="2021-06-04T20:16:07.8780000+02:00" endTime="2021-06-04T20:16:07.8840000+02:00" testType="13cdc9d9-ddb5-4fa4-a97d-d965ccfc6d4b" outcome="Passed" testListId="8c84fa94-04c1-424b-9868-57a2d4851a1d">
      <Output>
      </Output>
    </UnitTestResult>
    <UnitTestResult executionId="8a7e386c-d133-40b9-b50e-05bc72d6aae2" testId="faf64f4c-6717-0c72-22f6-b1812355dc11" testName="TestSelectTrapezAreaCompute" computerName="MSSQLSERVER42" duration="00:00:00.0034094" startTime="2021-06-04T20:16:07.8880000+02:00" endTime="2021-06-04T20:16:07.8960000+02:00" testType="13cdc9d9-ddb5-4fa4-a97d-d965ccfc6d4b" outcome="Passed" testListId="8c84fa94-04c1-424b-9868-57a2d4851a1d">
      <Output>
      </Output>
    </UnitTestResult>
    <UnitTestResult executionId="b5aff494-8569-4bbe-86de-6319d677af1d" testId="fd97f871-078b-d14d-25cf-d01d4ec12977" testName="TestInsertKoloFailWrongArgumentsNumber" computerName="MSSQLSERVER42" duration="00:00:00.0024628" startTime="2021-06-04T20:16:07.9000000+02:00" endTime="2021-06-04T20:16:07.9060000+02:00" testType="13cdc9d9-ddb5-4fa4-a97d-d965ccfc6d4b" outcome="Passed" testListId="8c84fa94-04c1-424b-9868-57a2d4851a1d">
      <Output>
      </Output>
    </UnitTestResult>
    <UnitTestResult executionId="a2e1a26b-5693-4506-a3c3-ecf2cd4f2cd4" testId="ff93bc8e-a4e9-04de-d083-c3d55f578ad9" testName="TestInsertProstokatFailValidator" computerName="MSSQLSERVER42" duration="00:00:00.0025777" startTime="2021-06-04T20:16:07.9110000+02:00" endTime="2021-06-04T20:16:07.9170000+02:00" testType="13cdc9d9-ddb5-4fa4-a97d-d965ccfc6d4b" outcome="Passed" testListId="8c84fa94-04c1-424b-9868-57a2d4851a1d">
      <Output>
      </Output>
    </UnitTestResult>
  </Results>
</TestRun>