<?xml version="1.0" encoding="UTF-8"?>
<TestRun id="119869b9-92bb-4976-80b1-f0176bb80095" name="Administrator@MSSQLSERVER42 2021-06-04 19:47:28" runUser="MSSQLSERVER42\Administrator" xmlns="http://microsoft.com/schemas/VisualStudio/TeamTest/2006">
  <TestRunConfiguration name="Local Test Run" id="bfca1e92-730a-4b5e-9ae2-5bdd31b89376">
    <Description>This is a default test run configuration for a local test run.</Description>
    <Deployment runDeploymentRoot="C:\Users\Administrator\Documents\Visual Studio 2008\Projects\projectUDT_app\TestResults\Administrator_MSSQLSERVER42 2021-06-04 19_47_28">
      <DeploymentItem filename="C:\Users\Administrator\Documents\Visual Studio 2008\Projects\projectUDT_app\projectUDT_app\bin\Debug\projectUDT_app.exe" />
    </Deployment>
    <TestTypeSpecific />
  </TestRunConfiguration>
  <ResultSummary outcome="Failed">
    <Counters total="1" executed="1" error="0" failed="1" timeout="0" aborted="0" inconclusive="0" passedButRunAborted="0" notRunnable="0" notExecuted="0" disconnected="0" warning="0" passed="0" completed="0" inProgress="0" pending="0" />
  </ResultSummary>
  <Times creation="2021-06-04T19:47:28.7210000+02:00" queuing="2021-06-04T19:47:29.2070000+02:00" start="2021-06-04T19:47:29.4220000+02:00" finish="2021-06-04T19:47:30.3300000+02:00" />
  <TestDefinitions>
    <UnitTest name="TestInsertRownoleglobokFailValidator" storage="c:\users\administrator\documents\visual studio 2008\projects\projectudt_app\projektudt_test\bin\debug\projektudt_test.dll" id="3b34309c-57d5-7452-250c-882a435e4730">
      <Css projectStructure="" iteration="" />
      <Owners>
        <Owner name="" />
      </Owners>
      <Execution id="6b9a8e15-38a7-4a0d-b93c-74054a8633b8" />
      <TestMethod codeBase="C:\Users\Administrator\Documents\Visual Studio 2008\Projects\projectUDT_app\projektUDT_test\bin\Debug\projektUDT_test.dll" adapterTypeName="Microsoft.VisualStudio.TestTools.TestTypes.Unit.UnitTestAdapter, Microsoft.VisualStudio.QualityTools.Tips.UnitTest.Adapter, Version=9.0.0.0, Culture=neutral, PublicKeyToken=b03f5f7f11d50a3a" className="projektUDT_test.DBRownoleglobokTest, projektUDT_test" name="TestInsertRownoleglobokFailValidator" />
    </UnitTest>
  </TestDefinitions>
  <TestLists>
    <TestList name="Results Not in a List" id="8c84fa94-04c1-424b-9868-57a2d4851a1d" />
    <TestList name="All Loaded Results" id="19431567-8539-422a-85d7-44ee4e166bda" />
  </TestLists>
  <TestEntries>
    <TestEntry testId="3b34309c-57d5-7452-250c-882a435e4730" executionId="6b9a8e15-38a7-4a0d-b93c-74054a8633b8" testListId="8c84fa94-04c1-424b-9868-57a2d4851a1d" />
  </TestEntries>
  <Results>
    <UnitTestResult executionId="6b9a8e15-38a7-4a0d-b93c-74054a8633b8" testId="3b34309c-57d5-7452-250c-882a435e4730" testName="TestInsertRownoleglobokFailValidator" computerName="MSSQLSERVER42" duration="00:00:00.2740964" startTime="2021-06-04T19:47:29.5670000+02:00" endTime="2021-06-04T19:47:30.1190000+02:00" testType="13cdc9d9-ddb5-4fa4-a97d-d965ccfc6d4b" outcome="Failed" testListId="8c84fa94-04c1-424b-9868-57a2d4851a1d">
      <Output>
        <ErrorInfo>
          <Message>Assert.AreEqual failed. Expected:&lt;Nie da sie utworzyc rownolegloboku z podanych punktow!&gt;. Actual:&lt;Pomyslnie wprowadzono nowe dane!&gt;. </Message>
          <StackTrace>   w projektUDT_test.DBRownoleglobokTest.TestInsertRownoleglobokFailValidator() w C:\Users\Administrator\Documents\Visual Studio 2008\Projects\projectUDT_app\projektUDT_test\DBRownoleglobokTest.cs:wiersz 131
</StackTrace>
        </ErrorInfo>
      </Output>
    </UnitTestResult>
  </Results>
</TestRun>